<?xml version="1.0" encoding="UTF-8"?>
<testsuite xmlns:xsi="http://www.w3.org/2001/XMLSchema-instance" xsi:noNamespaceSchemaLocation="https://maven.apache.org/surefire/maven-surefire-plugin/xsd/surefire-test-report-3.0.xsd" version="3.0" name="br.com.aval.testes.product.ProductTest" time="6.809" tests="10" errors="0" skipped="0" failures="5">
  <properties>
    <property name="java.specification.version" value="23"/>
    <property name="sun.cpu.isalist" value="amd64"/>
    <property name="sun.jnu.encoding" value="Cp1252"/>
    <property name="java.class.path" value="C:\Users\ander\workspace\outsera-test-qa\automation-backend\target\test-classes;C:\Users\ander\workspace\outsera-test-qa\automation-backend\target\classes;C:\Users\ander\.m2\repository\com\github\javafaker\javafaker\1.0.2\javafaker-1.0.2.jar;C:\Users\ander\.m2\repository\org\apache\commons\commons-lang3\3.5\commons-lang3-3.5.jar;C:\Users\ander\.m2\repository\org\yaml\snakeyaml\1.23\snakeyaml-1.23-android.jar;C:\Users\ander\.m2\repository\com\github\mifmif\generex\1.0.2\generex-1.0.2.jar;C:\Users\ander\.m2\repository\dk\brics\automaton\automaton\1.11-8\automaton-1.11-8.jar;C:\Users\ander\.m2\repository\io\rest-assured\rest-assured\5.4.0\rest-assured-5.4.0.jar;C:\Users\ander\.m2\repository\org\apache\groovy\groovy\4.0.16\groovy-4.0.16.jar;C:\Users\ander\.m2\repository\org\apache\groovy\groovy-xml\4.0.16\groovy-xml-4.0.16.jar;C:\Users\ander\.m2\repository\org\apache\httpcomponents\httpclient\4.5.13\httpclient-4.5.13.jar;C:\Users\ander\.m2\repository\org\apache\httpcomponents\httpcore\4.4.13\httpcore-4.4.13.jar;C:\Users\ander\.m2\repository\commons-logging\commons-logging\1.2\commons-logging-1.2.jar;C:\Users\ander\.m2\repository\commons-codec\commons-codec\1.11\commons-codec-1.11.jar;C:\Users\ander\.m2\repository\org\apache\httpcomponents\httpmime\4.5.13\httpmime-4.5.13.jar;C:\Users\ander\.m2\repository\org\hamcrest\hamcrest\2.2\hamcrest-2.2.jar;C:\Users\ander\.m2\repository\org\ccil\cowan\tagsoup\tagsoup\1.2.1\tagsoup-1.2.1.jar;C:\Users\ander\.m2\repository\io\rest-assured\json-path\5.4.0\json-path-5.4.0.jar;C:\Users\ander\.m2\repository\org\apache\groovy\groovy-json\4.0.16\groovy-json-4.0.16.jar;C:\Users\ander\.m2\repository\io\rest-assured\rest-assured-common\5.4.0\rest-assured-common-5.4.0.jar;C:\Users\ander\.m2\repository\io\rest-assured\xml-path\5.4.0\xml-path-5.4.0.jar;C:\Users\ander\.m2\repository\org\junit\jupiter\junit-jupiter\5.10.2\junit-jupiter-5.10.2.jar;C:\Users\ander\.m2\repository\org\junit\jupiter\junit-jupiter-api\5.10.2\junit-jupiter-api-5.10.2.jar;C:\Users\ander\.m2\repository\org\opentest4j\opentest4j\1.3.0\opentest4j-1.3.0.jar;C:\Users\ander\.m2\repository\org\junit\platform\junit-platform-commons\1.10.2\junit-platform-commons-1.10.2.jar;C:\Users\ander\.m2\repository\org\apiguardian\apiguardian-api\1.1.2\apiguardian-api-1.1.2.jar;C:\Users\ander\.m2\repository\org\junit\jupiter\junit-jupiter-params\5.10.2\junit-jupiter-params-5.10.2.jar;C:\Users\ander\.m2\repository\org\junit\jupiter\junit-jupiter-engine\5.10.2\junit-jupiter-engine-5.10.2.jar;C:\Users\ander\.m2\repository\org\junit\platform\junit-platform-engine\1.10.2\junit-platform-engine-1.10.2.jar;C:\Users\ander\.m2\repository\io\rest-assured\json-schema-validator\5.4.0\json-schema-validator-5.4.0.jar;C:\Users\ander\.m2\repository\com\github\java-json-tools\json-schema-validator\2.2.14\json-schema-validator-2.2.14.jar;C:\Users\ander\.m2\repository\com\github\java-json-tools\jackson-coreutils-equivalence\1.0\jackson-coreutils-equivalence-1.0.jar;C:\Users\ander\.m2\repository\com\fasterxml\jackson\core\jackson-databind\2.11.0\jackson-databind-2.11.0.jar;C:\Users\ander\.m2\repository\com\fasterxml\jackson\core\jackson-annotations\2.11.0\jackson-annotations-2.11.0.jar;C:\Users\ander\.m2\repository\com\fasterxml\jackson\core\jackson-core\2.11.0\jackson-core-2.11.0.jar;C:\Users\ander\.m2\repository\com\github\java-json-tools\jackson-coreutils\2.0\jackson-coreutils-2.0.jar;C:\Users\ander\.m2\repository\com\github\java-json-tools\msg-simple\1.2\msg-simple-1.2.jar;C:\Users\ander\.m2\repository\com\github\java-json-tools\btf\1.3\btf-1.3.jar;C:\Users\ander\.m2\repository\com\github\java-json-tools\json-schema-core\1.2.14\json-schema-core-1.2.14.jar;C:\Users\ander\.m2\repository\com\github\java-json-tools\uri-template\0.10\uri-template-0.10.jar;C:\Users\ander\.m2\repository\org\mozilla\rhino\1.7.7.2\rhino-1.7.7.2.jar;C:\Users\ander\.m2\repository\com\sun\mail\mailapi\1.6.2\mailapi-1.6.2.jar;C:\Users\ander\.m2\repository\joda-time\joda-time\2.10.5\joda-time-2.10.5.jar;C:\Users\ander\.m2\repository\com\googlecode\libphonenumber\libphonenumber\8.11.1\libphonenumber-8.11.1.jar;C:\Users\ander\.m2\repository\com\google\code\findbugs\jsr305\3.0.2\jsr305-3.0.2.jar;C:\Users\ander\.m2\repository\net\sf\jopt-simple\jopt-simple\5.0.4\jopt-simple-5.0.4.jar;C:\Users\ander\.m2\repository\com\google\guava\guava\32.0.1-jre\guava-32.0.1-jre.jar;C:\Users\ander\.m2\repository\com\google\guava\failureaccess\1.0.1\failureaccess-1.0.1.jar;C:\Users\ander\.m2\repository\com\google\guava\listenablefuture\9999.0-empty-to-avoid-conflict-with-guava\listenablefuture-9999.0-empty-to-avoid-conflict-with-guava.jar;C:\Users\ander\.m2\repository\org\checkerframework\checker-qual\3.33.0\checker-qual-3.33.0.jar;C:\Users\ander\.m2\repository\com\google\errorprone\error_prone_annotations\2.18.0\error_prone_annotations-2.18.0.jar;C:\Users\ander\.m2\repository\com\google\j2objc\j2objc-annotations\2.8\j2objc-annotations-2.8.jar;C:\Users\ander\.m2\repository\io\qameta\allure\allure-junit5\2.24.0\allure-junit5-2.24.0.jar;C:\Users\ander\.m2\repository\io\qameta\allure\allure-junit-platform\2.24.0\allure-junit-platform-2.24.0.jar;C:\Users\ander\.m2\repository\io\qameta\allure\allure-java-commons\2.24.0\allure-java-commons-2.24.0.jar;C:\Users\ander\.m2\repository\org\slf4j\slf4j-api\1.7.36\slf4j-api-1.7.36.jar;C:\Users\ander\.m2\repository\io\qameta\allure\allure-model\2.24.0\allure-model-2.24.0.jar;C:\Users\ander\.m2\repository\io\qameta\allure\allure-test-filter\2.24.0\allure-test-filter-2.24.0.jar;C:\Users\ander\.m2\repository\org\junit\platform\junit-platform-launcher\1.9.2\junit-platform-launcher-1.9.2.jar;"/>
    <property name="java.vm.vendor" value="Oracle Corporation"/>
    <property name="sun.arch.data.model" value="64"/>
    <property name="user.variant" value=""/>
    <property name="java.vendor.url" value="https://java.oracle.com/"/>
    <property name="user.timezone" value="America/Sao_Paulo"/>
    <property name="os.name" value="Windows 11"/>
    <property name="java.vm.specification.version" value="23"/>
    <property name="sun.java.launcher" value="SUN_STANDARD"/>
    <property name="user.country" value="BR"/>
    <property name="sun.boot.library.path" value="C:\Program Files\Java\jdk-23\bin"/>
    <property name="sun.java.command" value="C:\Users\ander\AppData\Local\Temp\surefire16238669063927401371\surefirebooter-20250516103007753_3.jar C:\Users\ander\AppData\Local\Temp\surefire16238669063927401371 2025-05-16T10-30-07_658-jvmRun1 surefire-20250516103007753_1tmp surefire_0-20250516103007753_2tmp"/>
    <property name="jdk.debug" value="release"/>
    <property name="surefire.test.class.path" value="C:\Users\ander\workspace\outsera-test-qa\automation-backend\target\test-classes;C:\Users\ander\workspace\outsera-test-qa\automation-backend\target\classes;C:\Users\ander\.m2\repository\com\github\javafaker\javafaker\1.0.2\javafaker-1.0.2.jar;C:\Users\ander\.m2\repository\org\apache\commons\commons-lang3\3.5\commons-lang3-3.5.jar;C:\Users\ander\.m2\repository\org\yaml\snakeyaml\1.23\snakeyaml-1.23-android.jar;C:\Users\ander\.m2\repository\com\github\mifmif\generex\1.0.2\generex-1.0.2.jar;C:\Users\ander\.m2\repository\dk\brics\automaton\automaton\1.11-8\automaton-1.11-8.jar;C:\Users\ander\.m2\repository\io\rest-assured\rest-assured\5.4.0\rest-assured-5.4.0.jar;C:\Users\ander\.m2\repository\org\apache\groovy\groovy\4.0.16\groovy-4.0.16.jar;C:\Users\ander\.m2\repository\org\apache\groovy\groovy-xml\4.0.16\groovy-xml-4.0.16.jar;C:\Users\ander\.m2\repository\org\apache\httpcomponents\httpclient\4.5.13\httpclient-4.5.13.jar;C:\Users\ander\.m2\repository\org\apache\httpcomponents\httpcore\4.4.13\httpcore-4.4.13.jar;C:\Users\ander\.m2\repository\commons-logging\commons-logging\1.2\commons-logging-1.2.jar;C:\Users\ander\.m2\repository\commons-codec\commons-codec\1.11\commons-codec-1.11.jar;C:\Users\ander\.m2\repository\org\apache\httpcomponents\httpmime\4.5.13\httpmime-4.5.13.jar;C:\Users\ander\.m2\repository\org\hamcrest\hamcrest\2.2\hamcrest-2.2.jar;C:\Users\ander\.m2\repository\org\ccil\cowan\tagsoup\tagsoup\1.2.1\tagsoup-1.2.1.jar;C:\Users\ander\.m2\repository\io\rest-assured\json-path\5.4.0\json-path-5.4.0.jar;C:\Users\ander\.m2\repository\org\apache\groovy\groovy-json\4.0.16\groovy-json-4.0.16.jar;C:\Users\ander\.m2\repository\io\rest-assured\rest-assured-common\5.4.0\rest-assured-common-5.4.0.jar;C:\Users\ander\.m2\repository\io\rest-assured\xml-path\5.4.0\xml-path-5.4.0.jar;C:\Users\ander\.m2\repository\org\junit\jupiter\junit-jupiter\5.10.2\junit-jupiter-5.10.2.jar;C:\Users\ander\.m2\repository\org\junit\jupiter\junit-jupiter-api\5.10.2\junit-jupiter-api-5.10.2.jar;C:\Users\ander\.m2\repository\org\opentest4j\opentest4j\1.3.0\opentest4j-1.3.0.jar;C:\Users\ander\.m2\repository\org\junit\platform\junit-platform-commons\1.10.2\junit-platform-commons-1.10.2.jar;C:\Users\ander\.m2\repository\org\apiguardian\apiguardian-api\1.1.2\apiguardian-api-1.1.2.jar;C:\Users\ander\.m2\repository\org\junit\jupiter\junit-jupiter-params\5.10.2\junit-jupiter-params-5.10.2.jar;C:\Users\ander\.m2\repository\org\junit\jupiter\junit-jupiter-engine\5.10.2\junit-jupiter-engine-5.10.2.jar;C:\Users\ander\.m2\repository\org\junit\platform\junit-platform-engine\1.10.2\junit-platform-engine-1.10.2.jar;C:\Users\ander\.m2\repository\io\rest-assured\json-schema-validator\5.4.0\json-schema-validator-5.4.0.jar;C:\Users\ander\.m2\repository\com\github\java-json-tools\json-schema-validator\2.2.14\json-schema-validator-2.2.14.jar;C:\Users\ander\.m2\repository\com\github\java-json-tools\jackson-coreutils-equivalence\1.0\jackson-coreutils-equivalence-1.0.jar;C:\Users\ander\.m2\repository\com\fasterxml\jackson\core\jackson-databind\2.11.0\jackson-databind-2.11.0.jar;C:\Users\ander\.m2\repository\com\fasterxml\jackson\core\jackson-annotations\2.11.0\jackson-annotations-2.11.0.jar;C:\Users\ander\.m2\repository\com\fasterxml\jackson\core\jackson-core\2.11.0\jackson-core-2.11.0.jar;C:\Users\ander\.m2\repository\com\github\java-json-tools\jackson-coreutils\2.0\jackson-coreutils-2.0.jar;C:\Users\ander\.m2\repository\com\github\java-json-tools\msg-simple\1.2\msg-simple-1.2.jar;C:\Users\ander\.m2\repository\com\github\java-json-tools\btf\1.3\btf-1.3.jar;C:\Users\ander\.m2\repository\com\github\java-json-tools\json-schema-core\1.2.14\json-schema-core-1.2.14.jar;C:\Users\ander\.m2\repository\com\github\java-json-tools\uri-template\0.10\uri-template-0.10.jar;C:\Users\ander\.m2\repository\org\mozilla\rhino\1.7.7.2\rhino-1.7.7.2.jar;C:\Users\ander\.m2\repository\com\sun\mail\mailapi\1.6.2\mailapi-1.6.2.jar;C:\Users\ander\.m2\repository\joda-time\joda-time\2.10.5\joda-time-2.10.5.jar;C:\Users\ander\.m2\repository\com\googlecode\libphonenumber\libphonenumber\8.11.1\libphonenumber-8.11.1.jar;C:\Users\ander\.m2\repository\com\google\code\findbugs\jsr305\3.0.2\jsr305-3.0.2.jar;C:\Users\ander\.m2\repository\net\sf\jopt-simple\jopt-simple\5.0.4\jopt-simple-5.0.4.jar;C:\Users\ander\.m2\repository\com\google\guava\guava\32.0.1-jre\guava-32.0.1-jre.jar;C:\Users\ander\.m2\repository\com\google\guava\failureaccess\1.0.1\failureaccess-1.0.1.jar;C:\Users\ander\.m2\repository\com\google\guava\listenablefuture\9999.0-empty-to-avoid-conflict-with-guava\listenablefuture-9999.0-empty-to-avoid-conflict-with-guava.jar;C:\Users\ander\.m2\repository\org\checkerframework\checker-qual\3.33.0\checker-qual-3.33.0.jar;C:\Users\ander\.m2\repository\com\google\errorprone\error_prone_annotations\2.18.0\error_prone_annotations-2.18.0.jar;C:\Users\ander\.m2\repository\com\google\j2objc\j2objc-annotations\2.8\j2objc-annotations-2.8.jar;C:\Users\ander\.m2\repository\io\qameta\allure\allure-junit5\2.24.0\allure-junit5-2.24.0.jar;C:\Users\ander\.m2\repository\io\qameta\allure\allure-junit-platform\2.24.0\allure-junit-platform-2.24.0.jar;C:\Users\ander\.m2\repository\io\qameta\allure\allure-java-commons\2.24.0\allure-java-commons-2.24.0.jar;C:\Users\ander\.m2\repository\org\slf4j\slf4j-api\1.7.36\slf4j-api-1.7.36.jar;C:\Users\ander\.m2\repository\io\qameta\allure\allure-model\2.24.0\allure-model-2.24.0.jar;C:\Users\ander\.m2\repository\io\qameta\allure\allure-test-filter\2.24.0\allure-test-filter-2.24.0.jar;C:\Users\ander\.m2\repository\org\junit\platform\junit-platform-launcher\1.9.2\junit-platform-launcher-1.9.2.jar;"/>
    <property name="sun.cpu.endian" value="little"/>
    <property name="user.home" value="C:\Users\ander"/>
    <property name="user.language" value="pt"/>
    <property name="java.specification.vendor" value="Oracle Corporation"/>
    <property name="java.version.date" value="2024-10-15"/>
    <property name="java.home" value="C:\Program Files\Java\jdk-23"/>
    <property name="file.separator" value="\"/>
    <property name="basedir" value="C:\Users\ander\workspace\outsera-test-qa\automation-backend"/>
    <property name="java.vm.compressedOopsMode" value="Zero based"/>
    <property name="line.separator" value="&#10;"/>
    <property name="java.vm.specification.vendor" value="Oracle Corporation"/>
    <property name="java.specification.name" value="Java Platform API Specification"/>
    <property name="surefire.real.class.path" value="C:\Users\ander\AppData\Local\Temp\surefire16238669063927401371\surefirebooter-20250516103007753_3.jar"/>
    <property name="user.script" value=""/>
    <property name="sun.management.compiler" value="HotSpot 64-Bit Tiered Compilers"/>
    <property name="java.runtime.version" value="23.0.1+11-39"/>
    <property name="user.name" value="ander"/>
    <property name="stdout.encoding" value="Cp1252"/>
    <property name="path.separator" value=";"/>
    <property name="os.version" value="10.0"/>
    <property name="java.runtime.name" value="Java(TM) SE Runtime Environment"/>
    <property name="file.encoding" value="UTF-8"/>
    <property name="java.vm.name" value="Java HotSpot(TM) 64-Bit Server VM"/>
    <property name="localRepository" value="C:\Users\ander\.m2\repository"/>
    <property name="java.vendor.url.bug" value="https://bugreport.java.com/bugreport/"/>
    <property name="java.io.tmpdir" value="C:\Users\ander\AppData\Local\Temp\"/>
    <property name="java.version" value="23.0.1"/>
    <property name="user.dir" value="C:\Users\ander\workspace\outsera-test-qa\automation-backend"/>
    <property name="os.arch" value="amd64"/>
    <property name="java.vm.specification.name" value="Java Virtual Machine Specification"/>
    <property name="sun.os.patch.level" value=""/>
    <property name="native.encoding" value="Cp1252"/>
    <property name="java.library.path" value="C:\Program Files\Java\jdk-23\bin;C:\WINDOWS\Sun\Java\bin;C:\WINDOWS\system32;C:\WINDOWS;C:\Program Files\Common Files\Oracle\Java\javapath;C:\WINDOWS\system32;C:\WINDOWS;C:\WINDOWS\System32\Wbem;C:\WINDOWS\System32\WindowsPowerShell\v1.0\;C:\WINDOWS\System32\OpenSSH\;C:\Program Files (x86)\NVIDIA Corporation\PhysX\Common;C:\Program Files\NVIDIA Corporation\NVIDIA app\NvDLISR;C:\Program Files\Java\jdk-23\bin;C:\Program Files\apache-maven-3.9.9\bin;C:\Program Files\kotlinc\bin;C:\Program Files\Git\cmd;C:\Program Files\Docker\Docker\resources\bin;C:\ProgramData\chocolatey\bin;C:\Users\ander\AppData\Local\nvm;C:\nvm4w\nodejs;C:\Program Files\nodejs\;C:\Users\ander\AppData\Local\Programs\Python\Python313\Scripts\;C:\Users\ander\AppData\Local\Programs\Python\Python313\;C:\Users\ander\AppData\Local\Microsoft\WindowsApps;C:\Users\ander\AppData\Local\Programs\Microsoft VS Code\bin;C:\Users\ander\AppData\Local\Microsoft\WindowsApps;C:\Users\ander\AppData\Local\JetBrains\Toolbox\scripts;C:\Users\ander\AppData\Local\nvm;C:\nvm4w\nodejs;C:\Users\ander\AppData\Roaming\npm;."/>
    <property name="java.vm.info" value="mixed mode, sharing"/>
    <property name="stderr.encoding" value="Cp1252"/>
    <property name="java.vendor" value="Oracle Corporation"/>
    <property name="java.vm.version" value="23.0.1+11-39"/>
    <property name="sun.io.unicode.encoding" value="UnicodeLittle"/>
    <property name="java.class.version" value="67.0"/>
  </properties>
  <testcase name="getProductById" classname="br.com.aval.testes.product.ProductTest" time="0.428">
    <system-out><![CDATA[Request method:	GET
Request URI:	https://dummyjson.com/products/1
Proxy:			<none>
Request params:	<none>
Query params:	<none>
Form params:	<none>
Path params:	<none>
Headers:		Accept=*/*
				Content-Type=application/json
Cookies:		<none>
Multiparts:		<none>
Body:			<none>
]]></system-out>
  </testcase>
  <testcase name="validateProductsSchema" classname="br.com.aval.testes.product.ProductTest" time="0.817">
    <failure message="1 expectation failed.&#10;Response body doesn&apos;t match expectation.&#10;Expected: The content to match the given JSON schema.&#10;error: object has missing required properties ([&quot;brand&quot;])&#10;    level: &quot;error&quot;&#10;    schema: {&quot;loadingURI&quot;:&quot;file:/C:/Users/ander/workspace/outsera-test-qa/automation-backend/target/test-classes/schemas/products-schema.json#&quot;,&quot;pointer&quot;:&quot;/properties/products/items&quot;}&#10;    instance: {&quot;pointer&quot;:&quot;/products/15&quot;}&#10;    domain: &quot;validation&quot;&#10;    keyword: &quot;required&quot;&#10;    required: [&quot;brand&quot;,&quot;id&quot;,&quot;price&quot;,&quot;stock&quot;,&quot;title&quot;]&#10;    missing: [&quot;brand&quot;]&#10;error: object has missing required properties ([&quot;brand&quot;])&#10;    level: &quot;error&quot;&#10;    schema: {&quot;loadingURI&quot;:&quot;file:/C:/Users/ander/workspace/outsera-test-qa/automation-backend/target/test-classes/schemas/products-schema.json#&quot;,&quot;pointer&quot;:&quot;/properties/products/items&quot;}&#10;    instance: {&quot;pointer&quot;:&quot;/products/16&quot;}&#10;    domain: &quot;validation&quot;&#10;    keyword: &quot;required&quot;&#10;    required: [&quot;brand&quot;,&quot;id&quot;,&quot;price&quot;,&quot;stock&quot;,&quot;title&quot;]&#10;    missing: [&quot;brand&quot;]&#10;error: object has missing required properties ([&quot;brand&quot;])&#10;    level: &quot;error&quot;&#10;    schema: {&quot;loadingURI&quot;:&quot;file:/C:/Users/ander/workspace/outsera-test-qa/automation-backend/target/test-classes/schemas/products-schema.json#&quot;,&quot;pointer&quot;:&quot;/properties/products/items&quot;}&#10;    instance: {&quot;pointer&quot;:&quot;/products/17&quot;}&#10;    domain: &quot;validation&quot;&#10;    keyword: &quot;required&quot;&#10;    required: [&quot;brand&quot;,&quot;id&quot;,&quot;price&quot;,&quot;stock&quot;,&quot;title&quot;]&#10;    missing: [&quot;brand&quot;]&#10;error: object has missing required properties ([&quot;brand&quot;])&#10;    level: &quot;error&quot;&#10;    schema: {&quot;loadingURI&quot;:&quot;file:/C:/Users/ander/workspace/outsera-test-qa/automation-backend/target/test-classes/schemas/products-schema.json#&quot;,&quot;pointer&quot;:&quot;/properties/products/items&quot;}&#10;    instance: {&quot;pointer&quot;:&quot;/products/18&quot;}&#10;    domain: &quot;validation&quot;&#10;    keyword: &quot;required&quot;&#10;    required: [&quot;brand&quot;,&quot;id&quot;,&quot;price&quot;,&quot;stock&quot;,&quot;title&quot;]&#10;    missing: [&quot;brand&quot;]&#10;error: object has missing required properties ([&quot;brand&quot;])&#10;    level: &quot;error&quot;&#10;    schema: {&quot;loadingURI&quot;:&quot;file:/C:/Users/ander/workspace/outsera-test-qa/automation-backend/target/test-classes/schemas/products-schema.json#&quot;,&quot;pointer&quot;:&quot;/properties/products/items&quot;}&#10;    instance: {&quot;pointer&quot;:&quot;/products/19&quot;}&#10;    domain: &quot;validation&quot;&#10;    keyword: &quot;required&quot;&#10;    required: [&quot;brand&quot;,&quot;id&quot;,&quot;price&quot;,&quot;stock&quot;,&quot;title&quot;]&#10;    missing: [&quot;brand&quot;]&#10;error: object has missing required properties ([&quot;brand&quot;])&#10;    level: &quot;error&quot;&#10;    schema: {&quot;loadingURI&quot;:&quot;file:/C:/Users/ander/workspace/outsera-test-qa/automation-backend/target/test-classes/schemas/products-schema.json#&quot;,&quot;pointer&quot;:&quot;/properties/products/items&quot;}&#10;    instance: {&quot;pointer&quot;:&quot;/products/20&quot;}&#10;    domain: &quot;validation&quot;&#10;    keyword: &quot;required&quot;&#10;    required: [&quot;brand&quot;,&quot;id&quot;,&quot;price&quot;,&quot;stock&quot;,&quot;title&quot;]&#10;    missing: [&quot;brand&quot;]&#10;error: object has missing required properties ([&quot;brand&quot;])&#10;    level: &quot;error&quot;&#10;    schema: {&quot;loadingURI&quot;:&quot;file:/C:/Users/ander/workspace/outsera-test-qa/automation-backend/target/test-classes/schemas/products-schema.json#&quot;,&quot;pointer&quot;:&quot;/properties/products/items&quot;}&#10;    instance: {&quot;pointer&quot;:&quot;/products/21&quot;}&#10;    domain: &quot;validation&quot;&#10;    keyword: &quot;required&quot;&#10;    required: [&quot;brand&quot;,&quot;id&quot;,&quot;price&quot;,&quot;stock&quot;,&quot;title&quot;]&#10;    missing: [&quot;brand&quot;]&#10;error: object has missing required properties ([&quot;brand&quot;])&#10;    level: &quot;error&quot;&#10;    schema: {&quot;loadingURI&quot;:&quot;file:/C:/Users/ander/workspace/outsera-test-qa/automation-backend/target/test-classes/schemas/products-schema.json#&quot;,&quot;pointer&quot;:&quot;/properties/products/items&quot;}&#10;    instance: {&quot;pointer&quot;:&quot;/products/22&quot;}&#10;    domain: &quot;validation&quot;&#10;    keyword: &quot;required&quot;&#10;    required: [&quot;brand&quot;,&quot;id&quot;,&quot;price&quot;,&quot;stock&quot;,&quot;title&quot;]&#10;    missing: [&quot;brand&quot;]&#10;error: object has missing required properties ([&quot;brand&quot;])&#10;    level: &quot;error&quot;&#10;    schema: {&quot;loadingURI&quot;:&quot;file:/C:/Users/ander/workspace/outsera-test-qa/automation-backend/target/test-classes/schemas/products-schema.json#&quot;,&quot;pointer&quot;:&quot;/properties/products/items&quot;}&#10;    instance: {&quot;pointer&quot;:&quot;/products/23&quot;}&#10;    domain: &quot;validation&quot;&#10;    keyword: &quot;required&quot;&#10;    required: [&quot;brand&quot;,&quot;id&quot;,&quot;price&quot;,&quot;stock&quot;,&quot;title&quot;]&#10;    missing: [&quot;brand&quot;]&#10;error: object has missing required properties ([&quot;brand&quot;])&#10;    level: &quot;error&quot;&#10;    schema: {&quot;loadingURI&quot;:&quot;file:/C:/Users/ander/workspace/outsera-test-qa/automation-backend/target/test-classes/schemas/products-schema.json#&quot;,&quot;pointer&quot;:&quot;/properties/products/items&quot;}&#10;    instance: {&quot;pointer&quot;:&quot;/products/24&quot;}&#10;    domain: &quot;validation&quot;&#10;    keyword: &quot;required&quot;&#10;    required: [&quot;brand&quot;,&quot;id&quot;,&quot;price&quot;,&quot;stock&quot;,&quot;title&quot;]&#10;    missing: [&quot;brand&quot;]&#10;error: object has missing required properties ([&quot;brand&quot;])&#10;    level: &quot;error&quot;&#10;    schema: {&quot;loadingURI&quot;:&quot;file:/C:/Users/ander/workspace/outsera-test-qa/automation-backend/target/test-classes/schemas/products-schema.json#&quot;,&quot;pointer&quot;:&quot;/properties/products/items&quot;}&#10;    instance: {&quot;pointer&quot;:&quot;/products/25&quot;}&#10;    domain: &quot;validation&quot;&#10;    keyword: &quot;required&quot;&#10;    required: [&quot;brand&quot;,&quot;id&quot;,&quot;price&quot;,&quot;stock&quot;,&quot;title&quot;]&#10;    missing: [&quot;brand&quot;]&#10;error: object has missing required properties ([&quot;brand&quot;])&#10;    level: &quot;error&quot;&#10;    schema: {&quot;loadingURI&quot;:&quot;file:/C:/Users/ander/workspace/outsera-test-qa/automation-backend/target/test-classes/schemas/products-schema.json#&quot;,&quot;pointer&quot;:&quot;/properties/products/items&quot;}&#10;    instance: {&quot;pointer&quot;:&quot;/products/26&quot;}&#10;    domain: &quot;validation&quot;&#10;    keyword: &quot;required&quot;&#10;    required: [&quot;brand&quot;,&quot;id&quot;,&quot;price&quot;,&quot;stock&quot;,&quot;title&quot;]&#10;    missing: [&quot;brand&quot;]&#10;error: object has missing required properties ([&quot;brand&quot;])&#10;    level: &quot;error&quot;&#10;    schema: {&quot;loadingURI&quot;:&quot;file:/C:/Users/ander/workspace/outsera-test-qa/automation-backend/target/test-classes/schemas/products-schema.json#&quot;,&quot;pointer&quot;:&quot;/properties/products/items&quot;}&#10;    instance: {&quot;pointer&quot;:&quot;/products/27&quot;}&#10;    domain: &quot;validation&quot;&#10;    keyword: &quot;required&quot;&#10;    required: [&quot;brand&quot;,&quot;id&quot;,&quot;price&quot;,&quot;stock&quot;,&quot;title&quot;]&#10;    missing: [&quot;brand&quot;]&#10;error: object has missing required properties ([&quot;brand&quot;])&#10;    level: &quot;error&quot;&#10;    schema: {&quot;loadingURI&quot;:&quot;file:/C:/Users/ander/workspace/outsera-test-qa/automation-backend/target/test-classes/schemas/products-schema.json#&quot;,&quot;pointer&quot;:&quot;/properties/products/items&quot;}&#10;    instance: {&quot;pointer&quot;:&quot;/products/28&quot;}&#10;    domain: &quot;validation&quot;&#10;    keyword: &quot;required&quot;&#10;    required: [&quot;brand&quot;,&quot;id&quot;,&quot;price&quot;,&quot;stock&quot;,&quot;title&quot;]&#10;    missing: [&quot;brand&quot;]&#10;error: object has missing required properties ([&quot;brand&quot;])&#10;    level: &quot;error&quot;&#10;    schema: {&quot;loadingURI&quot;:&quot;file:/C:/Users/ander/workspace/outsera-test-qa/automation-backend/target/test-classes/schemas/products-schema.json#&quot;,&quot;pointer&quot;:&quot;/properties/products/items&quot;}&#10;    instance: {&quot;pointer&quot;:&quot;/products/29&quot;}&#10;    domain: &quot;validation&quot;&#10;    keyword: &quot;required&quot;&#10;    required: [&quot;brand&quot;,&quot;id&quot;,&quot;price&quot;,&quot;stock&quot;,&quot;title&quot;]&#10;    missing: [&quot;brand&quot;]&#10;&#10;  Actual: {&quot;products&quot;:[{&quot;id&quot;:1,&quot;title&quot;:&quot;Essence Mascara Lash Princess&quot;,&quot;description&quot;:&quot;The Essence Mascara Lash Princess is a popular mascara known for its volumizing and lengthening effects. Achieve dramatic lashes with this long-lasting and cruelty-free formula.&quot;,&quot;category&quot;:&quot;beauty&quot;,&quot;price&quot;:9.99,&quot;discountPercentage&quot;:10.48,&quot;rating&quot;:2.56,&quot;stock&quot;:99,&quot;tags&quot;:[&quot;beauty&quot;,&quot;mascara&quot;],&quot;brand&quot;:&quot;Essence&quot;,&quot;sku&quot;:&quot;BEA-ESS-ESS-001&quot;,&quot;weight&quot;:4,&quot;dimensions&quot;:{&quot;width&quot;:15.14,&quot;height&quot;:13.08,&quot;depth&quot;:22.99},&quot;warrantyInformation&quot;:&quot;1 week warranty&quot;,&quot;shippingInformation&quot;:&quot;Ships in 3-5 business days&quot;,&quot;availabilityStatus&quot;:&quot;In Stock&quot;,&quot;reviews&quot;:[{&quot;rating&quot;:3,&quot;comment&quot;:&quot;Would not recommend!&quot;,&quot;date&quot;:&quot;2025-04-30T09:41:02.053Z&quot;,&quot;reviewerName&quot;:&quot;Eleanor Collins&quot;,&quot;reviewerEmail&quot;:&quot;eleanor.collins@x.dummyjson.com&quot;},{&quot;rating&quot;:4,&quot;comment&quot;:&quot;Very satisfied!&quot;,&quot;date&quot;:&quot;2025-04-30T09:41:02.053Z&quot;,&quot;reviewerName&quot;:&quot;Lucas Gordon&quot;,&quot;reviewerEmail&quot;:&quot;lucas.gordon@x.dummyjson.com&quot;},{&quot;rating&quot;:5,&quot;comment&quot;:&quot;Highly impressed!&quot;,&quot;date&quot;:&quot;2025-04-30T09:41:02.053Z&quot;,&quot;reviewerName&quot;:&quot;Eleanor Collins&quot;,&quot;reviewerEmail&quot;:&quot;eleanor.collins@x.dummyjson.com&quot;}],&quot;returnPolicy&quot;:&quot;No return policy&quot;,&quot;minimumOrderQuantity&quot;:48,&quot;meta&quot;:{&quot;createdAt&quot;:&quot;2025-04-30T09:41:02.053Z&quot;,&quot;updatedAt&quot;:&quot;2025-04-30T09:41:02.053Z&quot;,&quot;barcode&quot;:&quot;5784719087687&quot;,&quot;qrCode&quot;:&quot;https://cdn.dummyjson.com/public/qr-code.png&quot;},&quot;images&quot;:[&quot;https://cdn.dummyjson.com/product-images/beauty/essence-mascara-lash-princess/1.webp&quot;],&quot;thumbnail&quot;:&quot;https://cdn.dummyjson.com/product-images/beauty/essence-mascara-lash-princess/thumbnail.webp&quot;},{&quot;id&quot;:2,&quot;title&quot;:&quot;Eyeshadow Palette with Mirror&quot;,&quot;description&quot;:&quot;The Eyeshadow Palette with Mirror offers a versatile range of eyeshadow shades for creating stunning eye looks. With a built-in mirror, it&apos;s convenient for on-the-go makeup application.&quot;,&quot;category&quot;:&quot;beauty&quot;,&quot;price&quot;:19.99,&quot;discountPercentage&quot;:18.19,&quot;rating&quot;:2.86,&quot;stock&quot;:34,&quot;tags&quot;:[&quot;beauty&quot;,&quot;eyeshadow&quot;],&quot;brand&quot;:&quot;Glamour Beauty&quot;,&quot;sku&quot;:&quot;BEA-GLA-EYE-002&quot;,&quot;weight&quot;:9,&quot;dimensions&quot;:{&quot;width&quot;:9.26,&quot;height&quot;:22.47,&quot;depth&quot;:27.67},&quot;warrantyInformation&quot;:&quot;1 year warranty&quot;,&quot;shippingInformation&quot;:&quot;Ships in 2 weeks&quot;,&quot;availabilityStatus&quot;:&quot;In Stock&quot;,&quot;reviews&quot;:[{&quot;rating&quot;:5,&quot;comment&quot;:&quot;Great product!&quot;,&quot;date&quot;:&quot;2025-04-30T09:41:02.053Z&quot;,&quot;reviewerName&quot;:&quot;Savannah Gomez&quot;,&quot;reviewerEmail&quot;:&quot;savannah.gomez@x.dummyjson.com&quot;},{&quot;rating&quot;:4,&quot;comment&quot;:&quot;Awesome product!&quot;,&quot;date&quot;:&quot;2025-04-30T09:41:02.053Z&quot;,&quot;reviewerName&quot;:&quot;Christian Perez&quot;,&quot;reviewerEmail&quot;:&quot;christian.perez@x.dummyjson.com&quot;},{&quot;rating&quot;:1,&quot;comment&quot;:&quot;Poor quality!&quot;,&quot;date&quot;:&quot;2025-04-30T09:41:02.053Z&quot;,&quot;reviewerName&quot;:&quot;Nicholas Bailey&quot;,&quot;reviewerEmail&quot;:&quot;nicholas.bailey@x.dummyjson.com&quot;}],&quot;returnPolicy&quot;:&quot;7 days return policy&quot;,&quot;minimumOrderQuantity&quot;:20,&quot;meta&quot;:{&quot;createdAt&quot;:&quot;2025-04-30T09:41:02.053Z&quot;,&quot;updatedAt&quot;:&quot;2025-04-30T09:41:02.053Z&quot;,&quot;barcode&quot;:&quot;9170275171413&quot;,&quot;qrCode&quot;:&quot;https://cdn.dummyjson.com/public/qr-code.png&quot;},&quot;images&quot;:[&quot;https://cdn.dummyjson.com/product-images/beauty/eyeshadow-palette-with-mirror/1.webp&quot;],&quot;thumbnail&quot;:&quot;https://cdn.dummyjson.com/product-images/beauty/eyeshadow-palette-with-mirror/thumbnail.webp&quot;},{&quot;id&quot;:3,&quot;title&quot;:&quot;Powder Canister&quot;,&quot;description&quot;:&quot;The Powder Canister is a finely milled setting powder designed to set makeup and control shine. With a lightweight and translucent formula, it provides a smooth and matte finish.&quot;,&quot;category&quot;:&quot;beauty&quot;,&quot;price&quot;:14.99,&quot;discountPercentage&quot;:9.84,&quot;rating&quot;:4.64,&quot;stock&quot;:89,&quot;tags&quot;:[&quot;beauty&quot;,&quot;face powder&quot;],&quot;brand&quot;:&quot;Velvet Touch&quot;,&quot;sku&quot;:&quot;BEA-VEL-POW-003&quot;,&quot;weight&quot;:8,&quot;dimensions&quot;:{&quot;width&quot;:29.27,&quot;height&quot;:27.93,&quot;depth&quot;:20.59},&quot;warrantyInformation&quot;:&quot;3 months warranty&quot;,&quot;shippingInformation&quot;:&quot;Ships in 1-2 business days&quot;,&quot;availabilityStatus&quot;:&quot;In Stock&quot;,&quot;reviews&quot;:[{&quot;rating&quot;:4,&quot;comment&quot;:&quot;Would buy again!&quot;,&quot;date&quot;:&quot;2025-04-30T09:41:02.053Z&quot;,&quot;reviewerName&quot;:&quot;Alexander Jones&quot;,&quot;reviewerEmail&quot;:&quot;alexander.jones@x.dummyjson.com&quot;},{&quot;rating&quot;:5,&quot;comment&quot;:&quot;Highly impressed!&quot;,&quot;date&quot;:&quot;2025-04-30T09:41:02.053Z&quot;,&quot;reviewerName&quot;:&quot;Elijah Cruz&quot;,&quot;reviewerEmail&quot;:&quot;elijah.cruz@x.dummyjson.com&quot;},{&quot;rating&quot;:1,&quot;comment&quot;:&quot;Very dissatisfied!&quot;,&quot;date&quot;:&quot;2025-04-30T09:41:02.053Z&quot;,&quot;reviewerName&quot;:&quot;Avery Perez&quot;,&quot;reviewerEmail&quot;:&quot;avery.perez@x.dummyjson.com&quot;}],&quot;returnPolicy&quot;:&quot;No return policy&quot;,&quot;minimumOrderQuantity&quot;:22,&quot;meta&quot;:{&quot;createdAt&quot;:&quot;2025-04-30T09:41:02.053Z&quot;,&quot;updatedAt&quot;:&quot;2025-04-30T09:41:02.053Z&quot;,&quot;barcode&quot;:&quot;8418883906837&quot;,&quot;qrCode&quot;:&quot;https://cdn.dummyjson.com/public/qr-code.png&quot;},&quot;images&quot;:[&quot;https://cdn.dummyjson.com/product-images/beauty/powder-canister/1.webp&quot;],&quot;thumbnail&quot;:&quot;https://cdn.dummyjson.com/product-images/beauty/powder-canister/thumbnail.webp&quot;},{&quot;id&quot;:4,&quot;title&quot;:&quot;Red Lipstick&quot;,&quot;description&quot;:&quot;The Red Lipstick is a classic and bold choice for adding a pop of color to your lips. With a creamy and pigmented formula, it provides a vibrant and long-lasting finish.&quot;,&quot;category&quot;:&quot;beauty&quot;,&quot;price&quot;:12.99,&quot;discountPercentage&quot;:12.16,&quot;rating&quot;:4.36,&quot;stock&quot;:91,&quot;tags&quot;:[&quot;beauty&quot;,&quot;lipstick&quot;],&quot;brand&quot;:&quot;Chic Cosmetics&quot;,&quot;sku&quot;:&quot;BEA-CHI-LIP-004&quot;,&quot;weight&quot;:1,&quot;dimensions&quot;:{&quot;width&quot;:18.11,&quot;height&quot;:28.38,&quot;depth&quot;:22.17},&quot;warrantyInformation&quot;:&quot;3 year warranty&quot;,&quot;shippingInformation&quot;:&quot;Ships in 1 week&quot;,&quot;availabilityStatus&quot;:&quot;In Stock&quot;,&quot;reviews&quot;:[{&quot;rating&quot;:4,&quot;comment&quot;:&quot;Great product!&quot;,&quot;date&quot;:&quot;2025-04-30T09:41:02.053Z&quot;,&quot;reviewerName&quot;:&quot;Liam Garcia&quot;,&quot;reviewerEmail&quot;:&quot;liam.garcia@x.dummyjson.com&quot;},{&quot;rating&quot;:5,&quot;comment&quot;:&quot;Great product!&quot;,&quot;date&quot;:&quot;2025-04-30T09:41:02.053Z&quot;,&quot;reviewerName&quot;:&quot;Ruby Andrews&quot;,&quot;reviewerEmail&quot;:&quot;ruby.andrews@x.dummyjson.com&quot;},{&quot;rating&quot;:5,&quot;comment&quot;:&quot;Would buy again!&quot;,&quot;date&quot;:&quot;2025-04-30T09:41:02.053Z&quot;,&quot;reviewerName&quot;:&quot;Clara Berry&quot;,&quot;reviewerEmail&quot;:&quot;clara.berry@x.dummyjson.com&quot;}],&quot;returnPolicy&quot;:&quot;7 days return policy&quot;,&quot;minimumOrderQuantity&quot;:40,&quot;meta&quot;:{&quot;createdAt&quot;:&quot;2025-04-30T09:41:02.053Z&quot;,&quot;updatedAt&quot;:&quot;2025-04-30T09:41:02.053Z&quot;,&quot;barcode&quot;:&quot;9467746727219&quot;,&quot;qrCode&quot;:&quot;https://cdn.dummyjson.com/public/qr-code.png&quot;},&quot;images&quot;:[&quot;https://cdn.dummyjson.com/product-images/beauty/red-lipstick/1.webp&quot;],&quot;thumbnail&quot;:&quot;https://cdn.dummyjson.com/product-images/beauty/red-lipstick/thumbnail.webp&quot;},{&quot;id&quot;:5,&quot;title&quot;:&quot;Red Nail Polish&quot;,&quot;description&quot;:&quot;The Red Nail Polish offers a rich and glossy red hue for vibrant and polished nails. With a quick-drying formula, it provides a salon-quality finish at home.&quot;,&quot;category&quot;:&quot;beauty&quot;,&quot;price&quot;:8.99,&quot;discountPercentage&quot;:11.44,&quot;rating&quot;:4.32,&quot;stock&quot;:79,&quot;tags&quot;:[&quot;beauty&quot;,&quot;nail polish&quot;],&quot;brand&quot;:&quot;Nail Couture&quot;,&quot;sku&quot;:&quot;BEA-NAI-NAI-005&quot;,&quot;weight&quot;:8,&quot;dimensions&quot;:{&quot;width&quot;:21.63,&quot;height&quot;:16.48,&quot;depth&quot;:29.84},&quot;warrantyInformation&quot;:&quot;1 month warranty&quot;,&quot;shippingInformation&quot;:&quot;Ships overnight&quot;,&quot;availabilityStatus&quot;:&quot;In Stock&quot;,&quot;reviews&quot;:[{&quot;rating&quot;:2,&quot;comment&quot;:&quot;Poor quality!&quot;,&quot;date&quot;:&quot;2025-04-30T09:41:02.053Z&quot;,&quot;reviewerName&quot;:&quot;Benjamin Wilson&quot;,&quot;reviewerEmail&quot;:&quot;benjamin.wilson@x.dummyjson.com&quot;},{&quot;rating&quot;:5,&quot;comment&quot;:&quot;Great product!&quot;,&quot;date&quot;:&quot;2025-04-30T09:41:02.053Z&quot;,&quot;reviewerName&quot;:&quot;Liam Smith&quot;,&quot;reviewerEmail&quot;:&quot;liam.smith@x.dummyjson.com&quot;},{&quot;rating&quot;:1,&quot;comment&quot;:&quot;Very unhappy with my purchase!&quot;,&quot;date&quot;:&quot;2025-04-30T09:41:02.053Z&quot;,&quot;reviewerName&quot;:&quot;Clara Berry&quot;,&quot;reviewerEmail&quot;:&quot;clara.berry@x.dummyjson.com&quot;}],&quot;returnPolicy&quot;:&quot;No return policy&quot;,&quot;minimumOrderQuantity&quot;:22,&quot;meta&quot;:{&quot;createdAt&quot;:&quot;2025-04-30T09:41:02.053Z&quot;,&quot;updatedAt&quot;:&quot;2025-04-30T09:41:02.053Z&quot;,&quot;barcode&quot;:&quot;4063010628104&quot;,&quot;qrCode&quot;:&quot;https://cdn.dummyjson.com/public/qr-code.png&quot;},&quot;images&quot;:[&quot;https://cdn.dummyjson.com/product-images/beauty/red-nail-polish/1.webp&quot;],&quot;thumbnail&quot;:&quot;https://cdn.dummyjson.com/product-images/beauty/red-nail-polish/thumbnail.webp&quot;},{&quot;id&quot;:6,&quot;title&quot;:&quot;Calvin Klein CK One&quot;,&quot;description&quot;:&quot;CK One by Calvin Klein is a classic unisex fragrance, known for its fresh and clean scent. It&apos;s a versatile fragrance suitable for everyday wear.&quot;,&quot;category&quot;:&quot;fragrances&quot;,&quot;price&quot;:49.99,&quot;discountPercentage&quot;:1.89,&quot;rating&quot;:4.37,&quot;stock&quot;:29,&quot;tags&quot;:[&quot;fragrances&quot;,&quot;perfumes&quot;],&quot;brand&quot;:&quot;Calvin Klein&quot;,&quot;sku&quot;:&quot;FRA-CAL-CAL-006&quot;,&quot;weight&quot;:7,&quot;dimensions&quot;:{&quot;width&quot;:29.36,&quot;height&quot;:27.76,&quot;depth&quot;:20.72},&quot;warrantyInformation&quot;:&quot;1 week warranty&quot;,&quot;shippingInformation&quot;:&quot;Ships overnight&quot;,&quot;availabilityStatus&quot;:&quot;In Stock&quot;,&quot;reviews&quot;:[{&quot;rating&quot;:2,&quot;comment&quot;:&quot;Very disappointed!&quot;,&quot;date&quot;:&quot;2025-04-30T09:41:02.053Z&quot;,&quot;reviewerName&quot;:&quot;Layla Young&quot;,&quot;reviewerEmail&quot;:&quot;layla.young@x.dummyjson.com&quot;},{&quot;rating&quot;:4,&quot;comment&quot;:&quot;Fast shipping!&quot;,&quot;date&quot;:&quot;2025-04-30T09:41:02.053Z&quot;,&quot;reviewerName&quot;:&quot;Daniel Cook&quot;,&quot;reviewerEmail&quot;:&quot;daniel.cook@x.dummyjson.com&quot;},{&quot;rating&quot;:3,&quot;comment&quot;:&quot;Not as described!&quot;,&quot;date&quot;:&quot;2025-04-30T09:41:02.053Z&quot;,&quot;reviewerName&quot;:&quot;Jacob Cooper&quot;,&quot;reviewerEmail&quot;:&quot;jacob.cooper@x.dummyjson.com&quot;}],&quot;returnPolicy&quot;:&quot;90 days return policy&quot;,&quot;minimumOrderQuantity&quot;:9,&quot;meta&quot;:{&quot;createdAt&quot;:&quot;2025-04-30T09:41:02.053Z&quot;,&quot;updatedAt&quot;:&quot;2025-04-30T09:41:02.053Z&quot;,&quot;barcode&quot;:&quot;2451534060749&quot;,&quot;qrCode&quot;:&quot;https://cdn.dummyjson.com/public/qr-code.png&quot;},&quot;images&quot;:[&quot;https://cdn.dummyjson.com/product-images/fragrances/calvin-klein-ck-one/1.webp&quot;,&quot;https://cdn.dummyjson.com/product-images/fragrances/calvin-klein-ck-one/2.webp&quot;,&quot;https://cdn.dummyjson.com/product-images/fragrances/calvin-klein-ck-one/3.webp&quot;],&quot;thumbnail&quot;:&quot;https://cdn.dummyjson.com/product-images/fragrances/calvin-klein-ck-one/thumbnail.webp&quot;},{&quot;id&quot;:7,&quot;title&quot;:&quot;Chanel Coco Noir Eau De&quot;,&quot;description&quot;:&quot;Coco Noir by Chanel is an elegant and mysterious fragrance, featuring notes of grapefruit, rose, and sandalwood. Perfect for evening occasions.&quot;,&quot;category&quot;:&quot;fragrances&quot;,&quot;price&quot;:129.99,&quot;discountPercentage&quot;:16.51,&quot;rating&quot;:4.26,&quot;stock&quot;:58,&quot;tags&quot;:[&quot;fragrances&quot;,&quot;perfumes&quot;],&quot;brand&quot;:&quot;Chanel&quot;,&quot;sku&quot;:&quot;FRA-CHA-CHA-007&quot;,&quot;weight&quot;:7,&quot;dimensions&quot;:{&quot;width&quot;:24.5,&quot;height&quot;:25.7,&quot;depth&quot;:25.98},&quot;warrantyInformation&quot;:&quot;3 year warranty&quot;,&quot;shippingInformation&quot;:&quot;Ships overnight&quot;,&quot;availabilityStatus&quot;:&quot;In Stock&quot;,&quot;reviews&quot;:[{&quot;rating&quot;:4,&quot;comment&quot;:&quot;Highly impressed!&quot;,&quot;date&quot;:&quot;2025-04-30T09:41:02.053Z&quot;,&quot;reviewerName&quot;:&quot;Ruby Andrews&quot;,&quot;reviewerEmail&quot;:&quot;ruby.andrews@x.dummyjson.com&quot;},{&quot;rating&quot;:5,&quot;comment&quot;:&quot;Awesome product!&quot;,&quot;date&quot;:&quot;2025-04-30T09:41:02.053Z&quot;,&quot;reviewerName&quot;:&quot;Leah Henderson&quot;,&quot;reviewerEmail&quot;:&quot;leah.henderson@x.dummyjson.com&quot;},{&quot;rating&quot;:5,&quot;comment&quot;:&quot;Very happy with my purchase!&quot;,&quot;date&quot;:&quot;2025-04-30T09:41:02.053Z&quot;,&quot;reviewerName&quot;:&quot;Xavier Wright&quot;,&quot;reviewerEmail&quot;:&quot;xavier.wright@x.dummyjson.com&quot;}],&quot;returnPolicy&quot;:&quot;No return policy&quot;,&quot;minimumOrderQuantity&quot;:1,&quot;meta&quot;:{&quot;createdAt&quot;:&quot;2025-04-30T09:41:02.053Z&quot;,&quot;updatedAt&quot;:&quot;2025-04-30T09:41:02.053Z&quot;,&quot;barcode&quot;:&quot;4091737746820&quot;,&quot;qrCode&quot;:&quot;https://cdn.dummyjson.com/public/qr-code.png&quot;},&quot;images&quot;:[&quot;https://cdn.dummyjson.com/product-images/fragrances/chanel-coco-noir-eau-de/1.webp&quot;,&quot;https://cdn.dummyjson.com/product-images/fragrances/chanel-coco-noir-eau-de/2.webp&quot;,&quot;https://cdn.dummyjson.com/product-images/fragrances/chanel-coco-noir-eau-de/3.webp&quot;],&quot;thumbnail&quot;:&quot;https://cdn.dummyjson.com/product-images/fragrances/chanel-coco-noir-eau-de/thumbnail.webp&quot;},{&quot;id&quot;:8,&quot;title&quot;:&quot;Dior J&apos;adore&quot;,&quot;description&quot;:&quot;J&apos;adore by Dior is a luxurious and floral fragrance, known for its blend of ylang-ylang, rose, and jasmine. It embodies femininity and sophistication.&quot;,&quot;category&quot;:&quot;fragrances&quot;,&quot;price&quot;:89.99,&quot;discountPercentage&quot;:14.72,&quot;rating&quot;:3.8,&quot;stock&quot;:98,&quot;tags&quot;:[&quot;fragrances&quot;,&quot;perfumes&quot;],&quot;brand&quot;:&quot;Dior&quot;,&quot;sku&quot;:&quot;FRA-DIO-DIO-008&quot;,&quot;weight&quot;:4,&quot;dimensions&quot;:{&quot;width&quot;:27.67,&quot;height&quot;:28.28,&quot;depth&quot;:11.83},&quot;warrantyInformation&quot;:&quot;1 week warranty&quot;,&quot;shippingInformation&quot;:&quot;Ships in 2 weeks&quot;,&quot;availabilityStatus&quot;:&quot;In Stock&quot;,&quot;reviews&quot;:[{&quot;rating&quot;:5,&quot;comment&quot;:&quot;Great value for money!&quot;,&quot;date&quot;:&quot;2025-04-30T09:41:02.053Z&quot;,&quot;reviewerName&quot;:&quot;Nicholas Bailey&quot;,&quot;reviewerEmail&quot;:&quot;nicholas.bailey@x.dummyjson.com&quot;},{&quot;rating&quot;:4,&quot;comment&quot;:&quot;Great value for money!&quot;,&quot;date&quot;:&quot;2025-04-30T09:41:02.053Z&quot;,&quot;reviewerName&quot;:&quot;Penelope Harper&quot;,&quot;reviewerEmail&quot;:&quot;penelope.harper@x.dummyjson.com&quot;},{&quot;rating&quot;:4,&quot;comment&quot;:&quot;Great product!&quot;,&quot;date&quot;:&quot;2025-04-30T09:41:02.053Z&quot;,&quot;reviewerName&quot;:&quot;Emma Miller&quot;,&quot;reviewerEmail&quot;:&quot;emma.miller@x.dummyjson.com&quot;}],&quot;returnPolicy&quot;:&quot;7 days return policy&quot;,&quot;minimumOrderQuantity&quot;:10,&quot;meta&quot;:{&quot;createdAt&quot;:&quot;2025-04-30T09:41:02.053Z&quot;,&quot;updatedAt&quot;:&quot;2025-04-30T09:41:02.053Z&quot;,&quot;barcode&quot;:&quot;1445086097250&quot;,&quot;qrCode&quot;:&quot;https://cdn.dummyjson.com/public/qr-code.png&quot;},&quot;images&quot;:[&quot;https://cdn.dummyjson.com/product-images/fragrances/dior-j&apos;adore/1.webp&quot;,&quot;https://cdn.dummyjson.com/product-images/fragrances/dior-j&apos;adore/2.webp&quot;,&quot;https://cdn.dummyjson.com/product-images/fragrances/dior-j&apos;adore/3.webp&quot;],&quot;thumbnail&quot;:&quot;https://cdn.dummyjson.com/product-images/fragrances/dior-j&apos;adore/thumbnail.webp&quot;},{&quot;id&quot;:9,&quot;title&quot;:&quot;Dolce Shine Eau de&quot;,&quot;description&quot;:&quot;Dolce Shine by Dolce &amp; Gabbana is a vibrant and fruity fragrance, featuring notes of mango, jasmine, and blonde woods. It&apos;s a joyful and youthful scent.&quot;,&quot;category&quot;:&quot;fragrances&quot;,&quot;price&quot;:69.99,&quot;discountPercentage&quot;:0.62,&quot;rating&quot;:3.96,&quot;stock&quot;:4,&quot;tags&quot;:[&quot;fragrances&quot;,&quot;perfumes&quot;],&quot;brand&quot;:&quot;Dolce &amp; Gabbana&quot;,&quot;sku&quot;:&quot;FRA-DOL-DOL-009&quot;,&quot;weight&quot;:6,&quot;dimensions&quot;:{&quot;width&quot;:27.28,&quot;height&quot;:29.88,&quot;depth&quot;:18.3},&quot;warrantyInformation&quot;:&quot;3 year warranty&quot;,&quot;shippingInformation&quot;:&quot;Ships in 1 month&quot;,&quot;availabilityStatus&quot;:&quot;Low Stock&quot;,&quot;reviews&quot;:[{&quot;rating&quot;:4,&quot;comment&quot;:&quot;Would buy again!&quot;,&quot;date&quot;:&quot;2025-04-30T09:41:02.053Z&quot;,&quot;reviewerName&quot;:&quot;Mateo Bennett&quot;,&quot;reviewerEmail&quot;:&quot;mateo.bennett@x.dummyjson.com&quot;},{&quot;rating&quot;:4,&quot;comment&quot;:&quot;Highly recommended!&quot;,&quot;date&quot;:&quot;2025-04-30T09:41:02.053Z&quot;,&quot;reviewerName&quot;:&quot;Nolan Gonzalez&quot;,&quot;reviewerEmail&quot;:&quot;nolan.gonzalez@x.dummyjson.com&quot;},{&quot;rating&quot;:5,&quot;comment&quot;:&quot;Very happy with my purchase!&quot;,&quot;date&quot;:&quot;2025-04-30T09:41:02.053Z&quot;,&quot;reviewerName&quot;:&quot;Aurora Lawson&quot;,&quot;reviewerEmail&quot;:&quot;aurora.lawson@x.dummyjson.com&quot;}],&quot;returnPolicy&quot;:&quot;7 days return policy&quot;,&quot;minimumOrderQuantity&quot;:2,&quot;meta&quot;:{&quot;createdAt&quot;:&quot;2025-04-30T09:41:02.053Z&quot;,&quot;updatedAt&quot;:&quot;2025-04-30T09:41:02.053Z&quot;,&quot;barcode&quot;:&quot;3023868210708&quot;,&quot;qrCode&quot;:&quot;https://cdn.dummyjson.com/public/qr-code.png&quot;},&quot;images&quot;:[&quot;https://cdn.dummyjson.com/product-images/fragrances/dolce-shine-eau-de/1.webp&quot;,&quot;https://cdn.dummyjson.com/product-images/fragrances/dolce-shine-eau-de/2.webp&quot;,&quot;https://cdn.dummyjson.com/product-images/fragrances/dolce-shine-eau-de/3.webp&quot;],&quot;thumbnail&quot;:&quot;https://cdn.dummyjson.com/product-images/fragrances/dolce-shine-eau-de/thumbnail.webp&quot;},{&quot;id&quot;:10,&quot;title&quot;:&quot;Gucci Bloom Eau de&quot;,&quot;description&quot;:&quot;Gucci Bloom by Gucci is a floral and captivating fragrance, with notes of tuberose, jasmine, and Rangoon creeper. It&apos;s a modern and romantic scent.&quot;,&quot;category&quot;:&quot;fragrances&quot;,&quot;price&quot;:79.99,&quot;discountPercentage&quot;:14.39,&quot;rating&quot;:2.74,&quot;stock&quot;:91,&quot;tags&quot;:[&quot;fragrances&quot;,&quot;perfumes&quot;],&quot;brand&quot;:&quot;Gucci&quot;,&quot;sku&quot;:&quot;FRA-GUC-GUC-010&quot;,&quot;weight&quot;:7,&quot;dimensions&quot;:{&quot;width&quot;:20.92,&quot;height&quot;:21.68,&quot;depth&quot;:11.2},&quot;warrantyInformation&quot;:&quot;6 months warranty&quot;,&quot;shippingInformation&quot;:&quot;Ships overnight&quot;,&quot;availabilityStatus&quot;:&quot;In Stock&quot;,&quot;reviews&quot;:[{&quot;rating&quot;:1,&quot;comment&quot;:&quot;Very dissatisfied!&quot;,&quot;date&quot;:&quot;2025-04-30T09:41:02.053Z&quot;,&quot;reviewerName&quot;:&quot;Cameron Perez&quot;,&quot;reviewerEmail&quot;:&quot;cameron.perez@x.dummyjson.com&quot;},{&quot;rating&quot;:5,&quot;comment&quot;:&quot;Very happy with my purchase!&quot;,&quot;date&quot;:&quot;2025-04-30T09:41:02.053Z&quot;,&quot;reviewerName&quot;:&quot;Daniel Cook&quot;,&quot;reviewerEmail&quot;:&quot;daniel.cook@x.dummyjson.com&quot;},{&quot;rating&quot;:4,&quot;comment&quot;:&quot;Highly impressed!&quot;,&quot;date&quot;:&quot;2025-04-30T09:41:02.053Z&quot;,&quot;reviewerName&quot;:&quot;Addison Wright&quot;,&quot;reviewerEmail&quot;:&quot;addison.wright@x.dummyjson.com&quot;}],&quot;returnPolicy&quot;:&quot;No return policy&quot;,&quot;minimumOrderQuantity&quot;:2,&quot;meta&quot;:{&quot;createdAt&quot;:&quot;2025-04-30T09:41:02.053Z&quot;,&quot;updatedAt&quot;:&quot;2025-04-30T09:41:02.053Z&quot;,&quot;barcode&quot;:&quot;3170832177880&quot;,&quot;qrCode&quot;:&quot;https://cdn.dummyjson.com/public/qr-code.png&quot;},&quot;images&quot;:[&quot;https://cdn.dummyjson.com/product-images/fragrances/gucci-bloom-eau-de/1.webp&quot;,&quot;https://cdn.dummyjson.com/product-images/fragrances/gucci-bloom-eau-de/2.webp&quot;,&quot;https://cdn.dummyjson.com/product-images/fragrances/gucci-bloom-eau-de/3.webp&quot;],&quot;thumbnail&quot;:&quot;https://cdn.dummyjson.com/product-images/fragrances/gucci-bloom-eau-de/thumbnail.webp&quot;},{&quot;id&quot;:11,&quot;title&quot;:&quot;Annibale Colombo Bed&quot;,&quot;description&quot;:&quot;The Annibale Colombo Bed is a luxurious and elegant bed frame, crafted with high-quality materials for a comfortable and stylish bedroom.&quot;,&quot;category&quot;:&quot;furniture&quot;,&quot;price&quot;:1899.99,&quot;discountPercentage&quot;:8.57,&quot;rating&quot;:4.77,&quot;stock&quot;:88,&quot;tags&quot;:[&quot;furniture&quot;,&quot;beds&quot;],&quot;brand&quot;:&quot;Annibale Colombo&quot;,&quot;sku&quot;:&quot;FUR-ANN-ANN-011&quot;,&quot;weight&quot;:10,&quot;dimensions&quot;:{&quot;width&quot;:28.16,&quot;height&quot;:25.36,&quot;depth&quot;:17.28},&quot;warrantyInformation&quot;:&quot;1 year warranty&quot;,&quot;shippingInformation&quot;:&quot;Ships in 1 month&quot;,&quot;availabilityStatus&quot;:&quot;In Stock&quot;,&quot;reviews&quot;:[{&quot;rating&quot;:2,&quot;comment&quot;:&quot;Would not recommend!&quot;,&quot;date&quot;:&quot;2025-04-30T09:41:02.053Z&quot;,&quot;reviewerName&quot;:&quot;Christopher West&quot;,&quot;reviewerEmail&quot;:&quot;christopher.west@x.dummyjson.com&quot;},{&quot;rating&quot;:4,&quot;comment&quot;:&quot;Highly impressed!&quot;,&quot;date&quot;:&quot;2025-04-30T09:41:02.053Z&quot;,&quot;reviewerName&quot;:&quot;Vivian Carter&quot;,&quot;reviewerEmail&quot;:&quot;vivian.carter@x.dummyjson.com&quot;},{&quot;rating&quot;:1,&quot;comment&quot;:&quot;Poor quality!&quot;,&quot;date&quot;:&quot;2025-04-30T09:41:02.053Z&quot;,&quot;reviewerName&quot;:&quot;Mason Wright&quot;,&quot;reviewerEmail&quot;:&quot;mason.wright@x.dummyjson.com&quot;}],&quot;returnPolicy&quot;:&quot;No return policy&quot;,&quot;minimumOrderQuantity&quot;:1,&quot;meta&quot;:{&quot;createdAt&quot;:&quot;2025-04-30T09:41:02.053Z&quot;,&quot;updatedAt&quot;:&quot;2025-04-30T09:41:02.053Z&quot;,&quot;barcode&quot;:&quot;3610757456581&quot;,&quot;qrCode&quot;:&quot;https://cdn.dummyjson.com/public/qr-code.png&quot;},&quot;images&quot;:[&quot;https://cdn.dummyjson.com/product-images/furniture/annibale-colombo-bed/1.webp&quot;,&quot;https://cdn.dummyjson.com/product-images/furniture/annibale-colombo-bed/2.webp&quot;,&quot;https://cdn.dummyjson.com/product-images/furniture/annibale-colombo-bed/3.webp&quot;],&quot;thumbnail&quot;:&quot;https://cdn.dummyjson.com/product-images/furniture/annibale-colombo-bed/thumbnail.webp&quot;},{&quot;id&quot;:12,&quot;title&quot;:&quot;Annibale Colombo Sofa&quot;,&quot;description&quot;:&quot;The Annibale Colombo Sofa is a sophisticated and comfortable seating option, featuring exquisite design and premium upholstery for your living room.&quot;,&quot;category&quot;:&quot;furniture&quot;,&quot;price&quot;:2499.99,&quot;discountPercentage&quot;:14.4,&quot;rating&quot;:3.92,&quot;stock&quot;:60,&quot;tags&quot;:[&quot;furniture&quot;,&quot;sofas&quot;],&quot;brand&quot;:&quot;Annibale Colombo&quot;,&quot;sku&quot;:&quot;FUR-ANN-ANN-012&quot;,&quot;weight&quot;:6,&quot;dimensions&quot;:{&quot;width&quot;:12.75,&quot;height&quot;:20.55,&quot;depth&quot;:19.06},&quot;warrantyInformation&quot;:&quot;Lifetime warranty&quot;,&quot;shippingInformation&quot;:&quot;Ships in 1 week&quot;,&quot;availabilityStatus&quot;:&quot;In Stock&quot;,&quot;reviews&quot;:[{&quot;rating&quot;:3,&quot;comment&quot;:&quot;Very unhappy with my purchase!&quot;,&quot;date&quot;:&quot;2025-04-30T09:41:02.053Z&quot;,&quot;reviewerName&quot;:&quot;Christian Perez&quot;,&quot;reviewerEmail&quot;:&quot;christian.perez@x.dummyjson.com&quot;},{&quot;rating&quot;:5,&quot;comment&quot;:&quot;Fast shipping!&quot;,&quot;date&quot;:&quot;2025-04-30T09:41:02.053Z&quot;,&quot;reviewerName&quot;:&quot;Lillian Bishop&quot;,&quot;reviewerEmail&quot;:&quot;lillian.bishop@x.dummyjson.com&quot;},{&quot;rating&quot;:1,&quot;comment&quot;:&quot;Poor quality!&quot;,&quot;date&quot;:&quot;2025-04-30T09:41:02.053Z&quot;,&quot;reviewerName&quot;:&quot;Lillian Simmons&quot;,&quot;reviewerEmail&quot;:&quot;lillian.simmons@x.dummyjson.com&quot;}],&quot;returnPolicy&quot;:&quot;7 days return policy&quot;,&quot;minimumOrderQuantity&quot;:1,&quot;meta&quot;:{&quot;createdAt&quot;:&quot;2025-04-30T09:41:02.053Z&quot;,&quot;updatedAt&quot;:&quot;2025-04-30T09:41:02.053Z&quot;,&quot;barcode&quot;:&quot;1777662847736&quot;,&quot;qrCode&quot;:&quot;https://cdn.dummyjson.com/public/qr-code.png&quot;},&quot;images&quot;:[&quot;https://cdn.dummyjson.com/product-images/furniture/annibale-colombo-sofa/1.webp&quot;,&quot;https://cdn.dummyjson.com/product-images/furniture/annibale-colombo-sofa/2.webp&quot;,&quot;https://cdn.dummyjson.com/product-images/furniture/annibale-colombo-sofa/3.webp&quot;],&quot;thumbnail&quot;:&quot;https://cdn.dummyjson.com/product-images/furniture/annibale-colombo-sofa/thumbnail.webp&quot;},{&quot;id&quot;:13,&quot;title&quot;:&quot;Bedside Table African Cherry&quot;,&quot;description&quot;:&quot;The Bedside Table in African Cherry is a stylish and functional addition to your bedroom, providing convenient storage space and a touch of elegance.&quot;,&quot;category&quot;:&quot;furniture&quot;,&quot;price&quot;:299.99,&quot;discountPercentage&quot;:19.09,&quot;rating&quot;:2.87,&quot;stock&quot;:64,&quot;tags&quot;:[&quot;furniture&quot;,&quot;bedside tables&quot;],&quot;brand&quot;:&quot;Furniture Co.&quot;,&quot;sku&quot;:&quot;FUR-FUR-BED-013&quot;,&quot;weight&quot;:2,&quot;dimensions&quot;:{&quot;width&quot;:13.47,&quot;height&quot;:24.99,&quot;depth&quot;:27.35},&quot;warrantyInformation&quot;:&quot;5 year warranty&quot;,&quot;shippingInformation&quot;:&quot;Ships overnight&quot;,&quot;availabilityStatus&quot;:&quot;In Stock&quot;,&quot;reviews&quot;:[{&quot;rating&quot;:4,&quot;comment&quot;:&quot;Excellent quality!&quot;,&quot;date&quot;:&quot;2025-04-30T09:41:02.053Z&quot;,&quot;reviewerName&quot;:&quot;Aaliyah Hanson&quot;,&quot;reviewerEmail&quot;:&quot;aaliyah.hanson@x.dummyjson.com&quot;},{&quot;rating&quot;:4,&quot;comment&quot;:&quot;Excellent quality!&quot;,&quot;date&quot;:&quot;2025-04-30T09:41:02.053Z&quot;,&quot;reviewerName&quot;:&quot;Liam Smith&quot;,&quot;reviewerEmail&quot;:&quot;liam.smith@x.dummyjson.com&quot;},{&quot;rating&quot;:4,&quot;comment&quot;:&quot;Highly recommended!&quot;,&quot;date&quot;:&quot;2025-04-30T09:41:02.053Z&quot;,&quot;reviewerName&quot;:&quot;Avery Barnes&quot;,&quot;reviewerEmail&quot;:&quot;avery.barnes@x.dummyjson.com&quot;}],&quot;returnPolicy&quot;:&quot;7 days return policy&quot;,&quot;minimumOrderQuantity&quot;:3,&quot;meta&quot;:{&quot;createdAt&quot;:&quot;2025-04-30T09:41:02.053Z&quot;,&quot;updatedAt&quot;:&quot;2025-04-30T09:41:02.053Z&quot;,&quot;barcode&quot;:&quot;6441287925979&quot;,&quot;qrCode&quot;:&quot;https://cdn.dummyjson.com/public/qr-code.png&quot;},&quot;images&quot;:[&quot;https://cdn.dummyjson.com/product-images/furniture/bedside-table-african-cherry/1.webp&quot;,&quot;https://cdn.dummyjson.com/product-images/furniture/bedside-table-african-cherry/2.webp&quot;,&quot;https://cdn.dummyjson.com/product-images/furniture/bedside-table-african-cherry/3.webp&quot;],&quot;thumbnail&quot;:&quot;https://cdn.dummyjson.com/product-images/furniture/bedside-table-african-cherry/thumbnail.webp&quot;},{&quot;id&quot;:14,&quot;title&quot;:&quot;Knoll Saarinen Executive Conference Chair&quot;,&quot;description&quot;:&quot;The Knoll Saarinen Executive Conference Chair is a modern and ergonomic chair, perfect for your office or conference room with its timeless design.&quot;,&quot;category&quot;:&quot;furniture&quot;,&quot;price&quot;:499.99,&quot;discountPercentage&quot;:2.01,&quot;rating&quot;:4.88,&quot;stock&quot;:26,&quot;tags&quot;:[&quot;furniture&quot;,&quot;office chairs&quot;],&quot;brand&quot;:&quot;Knoll&quot;,&quot;sku&quot;:&quot;FUR-KNO-KNO-014&quot;,&quot;weight&quot;:10,&quot;dimensions&quot;:{&quot;width&quot;:13.81,&quot;height&quot;:7.5,&quot;depth&quot;:5.62},&quot;warrantyInformation&quot;:&quot;2 year warranty&quot;,&quot;shippingInformation&quot;:&quot;Ships overnight&quot;,&quot;availabilityStatus&quot;:&quot;In Stock&quot;,&quot;reviews&quot;:[{&quot;rating&quot;:2,&quot;comment&quot;:&quot;Waste of money!&quot;,&quot;date&quot;:&quot;2025-04-30T09:41:02.053Z&quot;,&quot;reviewerName&quot;:&quot;Ella Cook&quot;,&quot;reviewerEmail&quot;:&quot;ella.cook@x.dummyjson.com&quot;},{&quot;rating&quot;:2,&quot;comment&quot;:&quot;Very dissatisfied!&quot;,&quot;date&quot;:&quot;2025-04-30T09:41:02.053Z&quot;,&quot;reviewerName&quot;:&quot;Clara Berry&quot;,&quot;reviewerEmail&quot;:&quot;clara.berry@x.dummyjson.com&quot;},{&quot;rating&quot;:5,&quot;comment&quot;:&quot;Would buy again!&quot;,&quot;date&quot;:&quot;2025-04-30T09:41:02.053Z&quot;,&quot;reviewerName&quot;:&quot;Elena Long&quot;,&quot;reviewerEmail&quot;:&quot;elena.long@x.dummyjson.com&quot;}],&quot;returnPolicy&quot;:&quot;60 days return policy&quot;,&quot;minimumOrderQuantity&quot;:5,&quot;meta&quot;:{&quot;createdAt&quot;:&quot;2025-04-30T09:41:02.053Z&quot;,&quot;updatedAt&quot;:&quot;2025-04-30T09:41:02.053Z&quot;,&quot;barcode&quot;:&quot;8919386859966&quot;,&quot;qrCode&quot;:&quot;https://cdn.dummyjson.com/public/qr-code.png&quot;},&quot;images&quot;:[&quot;https://cdn.dummyjson.com/product-images/furniture/knoll-saarinen-executive-conference-chair/1.webp&quot;,&quot;https://cdn.dummyjson.com/product-images/furniture/knoll-saarinen-executive-conference-chair/2.webp&quot;,&quot;https://cdn.dummyjson.com/product-images/furniture/knoll-saarinen-executive-conference-chair/3.webp&quot;],&quot;thumbnail&quot;:&quot;https://cdn.dummyjson.com/product-images/furniture/knoll-saarinen-executive-conference-chair/thumbnail.webp&quot;},{&quot;id&quot;:15,&quot;title&quot;:&quot;Wooden Bathroom Sink With Mirror&quot;,&quot;description&quot;:&quot;The Wooden Bathroom Sink with Mirror is a unique and stylish addition to your bathroom, featuring a wooden sink countertop and a matching mirror.&quot;,&quot;category&quot;:&quot;furniture&quot;,&quot;price&quot;:799.99,&quot;discountPercentage&quot;:8.8,&quot;rating&quot;:3.59,&quot;stock&quot;:7,&quot;tags&quot;:[&quot;furniture&quot;,&quot;bathroom&quot;],&quot;brand&quot;:&quot;Bath Trends&quot;,&quot;sku&quot;:&quot;FUR-BAT-WOO-015&quot;,&quot;weight&quot;:10,&quot;dimensions&quot;:{&quot;width&quot;:7.98,&quot;height&quot;:8.88,&quot;depth&quot;:28.46},&quot;warrantyInformation&quot;:&quot;3 year warranty&quot;,&quot;shippingInformation&quot;:&quot;Ships in 3-5 business days&quot;,&quot;availabilityStatus&quot;:&quot;Low Stock&quot;,&quot;reviews&quot;:[{&quot;rating&quot;:4,&quot;comment&quot;:&quot;Fast shipping!&quot;,&quot;date&quot;:&quot;2025-04-30T09:41:02.053Z&quot;,&quot;reviewerName&quot;:&quot;Logan Torres&quot;,&quot;reviewerEmail&quot;:&quot;logan.torres@x.dummyjson.com&quot;},{&quot;rating&quot;:5,&quot;comment&quot;:&quot;Very pleased!&quot;,&quot;date&quot;:&quot;2025-04-30T09:41:02.053Z&quot;,&quot;reviewerName&quot;:&quot;Aria Parker&quot;,&quot;reviewerEmail&quot;:&quot;aria.parker@x.dummyjson.com&quot;},{&quot;rating&quot;:3,&quot;comment&quot;:&quot;Poor quality!&quot;,&quot;date&quot;:&quot;2025-04-30T09:41:02.053Z&quot;,&quot;reviewerName&quot;:&quot;Dylan Wells&quot;,&quot;reviewerEmail&quot;:&quot;dylan.wells@x.dummyjson.com&quot;}],&quot;returnPolicy&quot;:&quot;60 days return policy&quot;,&quot;minimumOrderQuantity&quot;:2,&quot;meta&quot;:{&quot;createdAt&quot;:&quot;2025-04-30T09:41:02.053Z&quot;,&quot;updatedAt&quot;:&quot;2025-04-30T09:41:02.053Z&quot;,&quot;barcode&quot;:&quot;1958104402873&quot;,&quot;qrCode&quot;:&quot;https://cdn.dummyjson.com/public/qr-code.png&quot;},&quot;images&quot;:[&quot;https://cdn.dummyjson.com/product-images/furniture/wooden-bathroom-sink-with-mirror/1.webp&quot;,&quot;https://cdn.dummyjson.com/product-images/furniture/wooden-bathroom-sink-with-mirror/2.webp&quot;,&quot;https://cdn.dummyjson.com/product-images/furniture/wooden-bathroom-sink-with-mirror/3.webp&quot;],&quot;thumbnail&quot;:&quot;https://cdn.dummyjson.com/product-images/furniture/wooden-bathroom-sink-with-mirror/thumbnail.webp&quot;},{&quot;id&quot;:16,&quot;title&quot;:&quot;Apple&quot;,&quot;description&quot;:&quot;Fresh and crisp apples, perfect for snacking or incorporating into various recipes.&quot;,&quot;category&quot;:&quot;groceries&quot;,&quot;price&quot;:1.99,&quot;discountPercentage&quot;:12.62,&quot;rating&quot;:4.19,&quot;stock&quot;:8,&quot;tags&quot;:[&quot;fruits&quot;],&quot;sku&quot;:&quot;GRO-BRD-APP-016&quot;,&quot;weight&quot;:9,&quot;dimensions&quot;:{&quot;width&quot;:13.66,&quot;height&quot;:11.01,&quot;depth&quot;:9.73},&quot;warrantyInformation&quot;:&quot;3 year warranty&quot;,&quot;shippingInformation&quot;:&quot;Ships in 2 weeks&quot;,&quot;availabilityStatus&quot;:&quot;In Stock&quot;,&quot;reviews&quot;:[{&quot;rating&quot;:5,&quot;comment&quot;:&quot;Very satisfied!&quot;,&quot;date&quot;:&quot;2025-04-30T09:41:02.053Z&quot;,&quot;reviewerName&quot;:&quot;Sophia Brown&quot;,&quot;reviewerEmail&quot;:&quot;sophia.brown@x.dummyjson.com&quot;},{&quot;rating&quot;:1,&quot;comment&quot;:&quot;Very dissatisfied!&quot;,&quot;date&quot;:&quot;2025-04-30T09:41:02.053Z&quot;,&quot;reviewerName&quot;:&quot;Scarlett Bowman&quot;,&quot;reviewerEmail&quot;:&quot;scarlett.bowman@x.dummyjson.com&quot;},{&quot;rating&quot;:3,&quot;comment&quot;:&quot;Very unhappy with my purchase!&quot;,&quot;date&quot;:&quot;2025-04-30T09:41:02.053Z&quot;,&quot;reviewerName&quot;:&quot;William Gonzalez&quot;,&quot;reviewerEmail&quot;:&quot;william.gonzalez@x.dummyjson.com&quot;}],&quot;returnPolicy&quot;:&quot;90 days return policy&quot;,&quot;minimumOrderQuantity&quot;:7,&quot;meta&quot;:{&quot;createdAt&quot;:&quot;2025-04-30T09:41:02.053Z&quot;,&quot;updatedAt&quot;:&quot;2025-04-30T09:41:02.053Z&quot;,&quot;barcode&quot;:&quot;7962803553314&quot;,&quot;qrCode&quot;:&quot;https://cdn.dummyjson.com/public/qr-code.png&quot;},&quot;images&quot;:[&quot;https://cdn.dummyjson.com/product-images/groceries/apple/1.webp&quot;],&quot;thumbnail&quot;:&quot;https://cdn.dummyjson.com/product-images/groceries/apple/thumbnail.webp&quot;},{&quot;id&quot;:17,&quot;title&quot;:&quot;Beef Steak&quot;,&quot;description&quot;:&quot;High-quality beef steak, great for grilling or cooking to your preferred level of doneness.&quot;,&quot;category&quot;:&quot;groceries&quot;,&quot;price&quot;:12.99,&quot;discountPercentage&quot;:9.61,&quot;rating&quot;:4.47,&quot;stock&quot;:86,&quot;tags&quot;:[&quot;meat&quot;],&quot;sku&quot;:&quot;GRO-BRD-BEE-017&quot;,&quot;weight&quot;:10,&quot;dimensions&quot;:{&quot;width&quot;:18.9,&quot;height&quot;:5.77,&quot;depth&quot;:18.57},&quot;warrantyInformation&quot;:&quot;3 year warranty&quot;,&quot;shippingInformation&quot;:&quot;Ships overnight&quot;,&quot;availabilityStatus&quot;:&quot;In Stock&quot;,&quot;reviews&quot;:[{&quot;rating&quot;:3,&quot;comment&quot;:&quot;Would not recommend!&quot;,&quot;date&quot;:&quot;2025-04-30T09:41:02.053Z&quot;,&quot;reviewerName&quot;:&quot;Eleanor Tyler&quot;,&quot;reviewerEmail&quot;:&quot;eleanor.tyler@x.dummyjson.com&quot;},{&quot;rating&quot;:4,&quot;comment&quot;:&quot;Fast shipping!&quot;,&quot;date&quot;:&quot;2025-04-30T09:41:02.053Z&quot;,&quot;reviewerName&quot;:&quot;Alexander Jones&quot;,&quot;reviewerEmail&quot;:&quot;alexander.jones@x.dummyjson.com&quot;},{&quot;rating&quot;:5,&quot;comment&quot;:&quot;Great value for money!&quot;,&quot;date&quot;:&quot;2025-04-30T09:41:02.053Z&quot;,&quot;reviewerName&quot;:&quot;Natalie Harris&quot;,&quot;reviewerEmail&quot;:&quot;natalie.harris@x.dummyjson.com&quot;}],&quot;returnPolicy&quot;:&quot;60 days return policy&quot;,&quot;minimumOrderQuantity&quot;:43,&quot;meta&quot;:{&quot;createdAt&quot;:&quot;2025-04-30T09:41:02.053Z&quot;,&quot;updatedAt&quot;:&quot;2025-04-30T09:41:02.053Z&quot;,&quot;barcode&quot;:&quot;5640063409695&quot;,&quot;qrCode&quot;:&quot;https://cdn.dummyjson.com/public/qr-code.png&quot;},&quot;images&quot;:[&quot;https://cdn.dummyjson.com/product-images/groceries/beef-steak/1.webp&quot;],&quot;thumbnail&quot;:&quot;https://cdn.dummyjson.com/product-images/groceries/beef-steak/thumbnail.webp&quot;},{&quot;id&quot;:18,&quot;title&quot;:&quot;Cat Food&quot;,&quot;description&quot;:&quot;Nutritious cat food formulated to meet the dietary needs of your feline friend.&quot;,&quot;category&quot;:&quot;groceries&quot;,&quot;price&quot;:8.99,&quot;discountPercentage&quot;:9.58,&quot;rating&quot;:3.13,&quot;stock&quot;:46,&quot;tags&quot;:[&quot;pet supplies&quot;,&quot;cat food&quot;],&quot;sku&quot;:&quot;GRO-BRD-FOO-018&quot;,&quot;weight&quot;:10,&quot;dimensions&quot;:{&quot;width&quot;:18.08,&quot;height&quot;:9.26,&quot;depth&quot;:21.86},&quot;warrantyInformation&quot;:&quot;1 year warranty&quot;,&quot;shippingInformation&quot;:&quot;Ships overnight&quot;,&quot;availabilityStatus&quot;:&quot;In Stock&quot;,&quot;reviews&quot;:[{&quot;rating&quot;:3,&quot;comment&quot;:&quot;Would not recommend!&quot;,&quot;date&quot;:&quot;2025-04-30T09:41:02.053Z&quot;,&quot;reviewerName&quot;:&quot;Noah Lewis&quot;,&quot;reviewerEmail&quot;:&quot;noah.lewis@x.dummyjson.com&quot;},{&quot;rating&quot;:3,&quot;comment&quot;:&quot;Very unhappy with my purchase!&quot;,&quot;date&quot;:&quot;2025-04-30T09:41:02.053Z&quot;,&quot;reviewerName&quot;:&quot;Ruby Andrews&quot;,&quot;reviewerEmail&quot;:&quot;ruby.andrews@x.dummyjson.com&quot;},{&quot;rating&quot;:2,&quot;comment&quot;:&quot;Very disappointed!&quot;,&quot;date&quot;:&quot;2025-04-30T09:41:02.053Z&quot;,&quot;reviewerName&quot;:&quot;Ethan Thompson&quot;,&quot;reviewerEmail&quot;:&quot;ethan.thompson@x.dummyjson.com&quot;}],&quot;returnPolicy&quot;:&quot;No return policy&quot;,&quot;minimumOrderQuantity&quot;:18,&quot;meta&quot;:{&quot;createdAt&quot;:&quot;2025-04-30T09:41:02.053Z&quot;,&quot;updatedAt&quot;:&quot;2025-04-30T09:41:02.053Z&quot;,&quot;barcode&quot;:&quot;1483991328610&quot;,&quot;qrCode&quot;:&quot;https://cdn.dummyjson.com/public/qr-code.png&quot;},&quot;images&quot;:[&quot;https://cdn.dummyjson.com/product-images/groceries/cat-food/1.webp&quot;],&quot;thumbnail&quot;:&quot;https://cdn.dummyjson.com/product-images/groceries/cat-food/thumbnail.webp&quot;},{&quot;id&quot;:19,&quot;title&quot;:&quot;Chicken Meat&quot;,&quot;description&quot;:&quot;Fresh and tender chicken meat, suitable for various culinary preparations.&quot;,&quot;category&quot;:&quot;groceries&quot;,&quot;price&quot;:9.99,&quot;discountPercentage&quot;:13.7,&quot;rating&quot;:3.19,&quot;stock&quot;:97,&quot;tags&quot;:[&quot;meat&quot;],&quot;sku&quot;:&quot;GRO-BRD-CHI-019&quot;,&quot;weight&quot;:1,&quot;dimensions&quot;:{&quot;width&quot;:11.03,&quot;height&quot;:22.11,&quot;depth&quot;:16.01},&quot;warrantyInformation&quot;:&quot;1 year warranty&quot;,&quot;shippingInformation&quot;:&quot;Ships in 1 month&quot;,&quot;availabilityStatus&quot;:&quot;In Stock&quot;,&quot;reviews&quot;:[{&quot;rating&quot;:5,&quot;comment&quot;:&quot;Great product!&quot;,&quot;date&quot;:&quot;2025-04-30T09:41:02.053Z&quot;,&quot;reviewerName&quot;:&quot;Mateo Bennett&quot;,&quot;reviewerEmail&quot;:&quot;mateo.bennett@x.dummyjson.com&quot;},{&quot;rating&quot;:4,&quot;comment&quot;:&quot;Highly recommended!&quot;,&quot;date&quot;:&quot;2025-04-30T09:41:02.053Z&quot;,&quot;reviewerName&quot;:&quot;Jackson Evans&quot;,&quot;reviewerEmail&quot;:&quot;jackson.evans@x.dummyjson.com&quot;},{&quot;rating&quot;:3,&quot;comment&quot;:&quot;Not worth the price!&quot;,&quot;date&quot;:&quot;2025-04-30T09:41:02.053Z&quot;,&quot;reviewerName&quot;:&quot;Sadie Morales&quot;,&quot;reviewerEmail&quot;:&quot;sadie.morales@x.dummyjson.com&quot;}],&quot;returnPolicy&quot;:&quot;7 days return policy&quot;,&quot;minimumOrderQuantity&quot;:22,&quot;meta&quot;:{&quot;createdAt&quot;:&quot;2025-04-30T09:41:02.053Z&quot;,&quot;updatedAt&quot;:&quot;2025-04-30T09:41:02.053Z&quot;,&quot;barcode&quot;:&quot;8829514594521&quot;,&quot;qrCode&quot;:&quot;https://cdn.dummyjson.com/public/qr-code.png&quot;},&quot;images&quot;:[&quot;https://cdn.dummyjson.com/product-images/groceries/chicken-meat/1.webp&quot;,&quot;https://cdn.dummyjson.com/product-images/groceries/chicken-meat/2.webp&quot;],&quot;thumbnail&quot;:&quot;https://cdn.dummyjson.com/product-images/groceries/chicken-meat/thumbnail.webp&quot;},{&quot;id&quot;:20,&quot;title&quot;:&quot;Cooking Oil&quot;,&quot;description&quot;:&quot;Versatile cooking oil suitable for frying, sautéing, and various culinary applications.&quot;,&quot;category&quot;:&quot;groceries&quot;,&quot;price&quot;:4.99,&quot;discountPercentage&quot;:9.33,&quot;rating&quot;:4.8,&quot;stock&quot;:10,&quot;tags&quot;:[&quot;cooking essentials&quot;],&quot;sku&quot;:&quot;GRO-BRD-COO-020&quot;,&quot;weight&quot;:5,&quot;dimensions&quot;:{&quot;width&quot;:19.95,&quot;height&quot;:27.54,&quot;depth&quot;:24.86},&quot;warrantyInformation&quot;:&quot;Lifetime warranty&quot;,&quot;shippingInformation&quot;:&quot;Ships in 1-2 business days&quot;,&quot;availabilityStatus&quot;:&quot;In Stock&quot;,&quot;reviews&quot;:[{&quot;rating&quot;:5,&quot;comment&quot;:&quot;Very happy with my purchase!&quot;,&quot;date&quot;:&quot;2025-04-30T09:41:02.053Z&quot;,&quot;reviewerName&quot;:&quot;Victoria McDonald&quot;,&quot;reviewerEmail&quot;:&quot;victoria.mcdonald@x.dummyjson.com&quot;},{&quot;rating&quot;:2,&quot;comment&quot;:&quot;Would not recommend!&quot;,&quot;date&quot;:&quot;2025-04-30T09:41:02.053Z&quot;,&quot;reviewerName&quot;:&quot;Hazel Evans&quot;,&quot;reviewerEmail&quot;:&quot;hazel.evans@x.dummyjson.com&quot;},{&quot;rating&quot;:5,&quot;comment&quot;:&quot;Would buy again!&quot;,&quot;date&quot;:&quot;2025-04-30T09:41:02.053Z&quot;,&quot;reviewerName&quot;:&quot;Zoe Bennett&quot;,&quot;reviewerEmail&quot;:&quot;zoe.bennett@x.dummyjson.com&quot;}],&quot;returnPolicy&quot;:&quot;30 days return policy&quot;,&quot;minimumOrderQuantity&quot;:46,&quot;meta&quot;:{&quot;createdAt&quot;:&quot;2025-04-30T09:41:02.053Z&quot;,&quot;updatedAt&quot;:&quot;2025-04-30T09:41:02.053Z&quot;,&quot;barcode&quot;:&quot;4874727824518&quot;,&quot;qrCode&quot;:&quot;https://cdn.dummyjson.com/public/qr-code.png&quot;},&quot;images&quot;:[&quot;https://cdn.dummyjson.com/product-images/groceries/cooking-oil/1.webp&quot;],&quot;thumbnail&quot;:&quot;https://cdn.dummyjson.com/product-images/groceries/cooking-oil/thumbnail.webp&quot;},{&quot;id&quot;:21,&quot;title&quot;:&quot;Cucumber&quot;,&quot;description&quot;:&quot;Crisp and hydrating cucumbers, ideal for salads, snacks, or as a refreshing side.&quot;,&quot;category&quot;:&quot;groceries&quot;,&quot;price&quot;:1.49,&quot;discountPercentage&quot;:0.16,&quot;rating&quot;:4.07,&quot;stock&quot;:84,&quot;tags&quot;:[&quot;vegetables&quot;],&quot;sku&quot;:&quot;GRO-BRD-CUC-021&quot;,&quot;weight&quot;:4,&quot;dimensions&quot;:{&quot;width&quot;:12.8,&quot;height&quot;:28.38,&quot;depth&quot;:21.34},&quot;warrantyInformation&quot;:&quot;2 year warranty&quot;,&quot;shippingInformation&quot;:&quot;Ships in 1-2 business days&quot;,&quot;availabilityStatus&quot;:&quot;In Stock&quot;,&quot;reviews&quot;:[{&quot;rating&quot;:4,&quot;comment&quot;:&quot;Great product!&quot;,&quot;date&quot;:&quot;2025-04-30T09:41:02.053Z&quot;,&quot;reviewerName&quot;:&quot;Lincoln Kelly&quot;,&quot;reviewerEmail&quot;:&quot;lincoln.kelly@x.dummyjson.com&quot;},{&quot;rating&quot;:4,&quot;comment&quot;:&quot;Great value for money!&quot;,&quot;date&quot;:&quot;2025-04-30T09:41:02.053Z&quot;,&quot;reviewerName&quot;:&quot;Savannah Gomez&quot;,&quot;reviewerEmail&quot;:&quot;savannah.gomez@x.dummyjson.com&quot;},{&quot;rating&quot;:2,&quot;comment&quot;:&quot;Poor quality!&quot;,&quot;date&quot;:&quot;2025-04-30T09:41:02.053Z&quot;,&quot;reviewerName&quot;:&quot;James Davis&quot;,&quot;reviewerEmail&quot;:&quot;james.davis@x.dummyjson.com&quot;}],&quot;returnPolicy&quot;:&quot;7 days return policy&quot;,&quot;minimumOrderQuantity&quot;:2,&quot;meta&quot;:{&quot;createdAt&quot;:&quot;2025-04-30T09:41:02.053Z&quot;,&quot;updatedAt&quot;:&quot;2025-04-30T09:41:02.053Z&quot;,&quot;barcode&quot;:&quot;5300066378225&quot;,&quot;qrCode&quot;:&quot;https://cdn.dummyjson.com/public/qr-code.png&quot;},&quot;images&quot;:[&quot;https://cdn.dummyjson.com/product-images/groceries/cucumber/1.webp&quot;],&quot;thumbnail&quot;:&quot;https://cdn.dummyjson.com/product-images/groceries/cucumber/thumbnail.webp&quot;},{&quot;id&quot;:22,&quot;title&quot;:&quot;Dog Food&quot;,&quot;description&quot;:&quot;Specially formulated dog food designed to provide essential nutrients for your canine companion.&quot;,&quot;category&quot;:&quot;groceries&quot;,&quot;price&quot;:10.99,&quot;discountPercentage&quot;:10.27,&quot;rating&quot;:4.55,&quot;stock&quot;:71,&quot;tags&quot;:[&quot;pet supplies&quot;,&quot;dog food&quot;],&quot;sku&quot;:&quot;GRO-BRD-FOO-022&quot;,&quot;weight&quot;:10,&quot;dimensions&quot;:{&quot;width&quot;:16.93,&quot;height&quot;:27.15,&quot;depth&quot;:9.29},&quot;warrantyInformation&quot;:&quot;No warranty&quot;,&quot;shippingInformation&quot;:&quot;Ships in 1-2 business days&quot;,&quot;availabilityStatus&quot;:&quot;In Stock&quot;,&quot;reviews&quot;:[{&quot;rating&quot;:5,&quot;comment&quot;:&quot;Excellent quality!&quot;,&quot;date&quot;:&quot;2025-04-30T09:41:02.053Z&quot;,&quot;reviewerName&quot;:&quot;Nicholas Edwards&quot;,&quot;reviewerEmail&quot;:&quot;nicholas.edwards@x.dummyjson.com&quot;},{&quot;rating&quot;:5,&quot;comment&quot;:&quot;Awesome product!&quot;,&quot;date&quot;:&quot;2025-04-30T09:41:02.053Z&quot;,&quot;reviewerName&quot;:&quot;Zachary Lee&quot;,&quot;reviewerEmail&quot;:&quot;zachary.lee@x.dummyjson.com&quot;},{&quot;rating&quot;:4,&quot;comment&quot;:&quot;Great product!&quot;,&quot;date&quot;:&quot;2025-04-30T09:41:02.053Z&quot;,&quot;reviewerName&quot;:&quot;Nova Cooper&quot;,&quot;reviewerEmail&quot;:&quot;nova.cooper@x.dummyjson.com&quot;}],&quot;returnPolicy&quot;:&quot;60 days return policy&quot;,&quot;minimumOrderQuantity&quot;:43,&quot;meta&quot;:{&quot;createdAt&quot;:&quot;2025-04-30T09:41:02.053Z&quot;,&quot;updatedAt&quot;:&quot;2025-04-30T09:41:02.053Z&quot;,&quot;barcode&quot;:&quot;5906686116469&quot;,&quot;qrCode&quot;:&quot;https://cdn.dummyjson.com/public/qr-code.png&quot;},&quot;images&quot;:[&quot;https://cdn.dummyjson.com/product-images/groceries/dog-food/1.webp&quot;],&quot;thumbnail&quot;:&quot;https://cdn.dummyjson.com/product-images/groceries/dog-food/thumbnail.webp&quot;},{&quot;id&quot;:23,&quot;title&quot;:&quot;Eggs&quot;,&quot;description&quot;:&quot;Fresh eggs, a versatile ingredient for baking, cooking, or breakfast.&quot;,&quot;category&quot;:&quot;groceries&quot;,&quot;price&quot;:2.99,&quot;discountPercentage&quot;:11.05,&quot;rating&quot;:2.53,&quot;stock&quot;:9,&quot;tags&quot;:[&quot;dairy&quot;],&quot;sku&quot;:&quot;GRO-BRD-EGG-023&quot;,&quot;weight&quot;:2,&quot;dimensions&quot;:{&quot;width&quot;:11.42,&quot;height&quot;:7.44,&quot;depth&quot;:16.95},&quot;warrantyInformation&quot;:&quot;1 week warranty&quot;,&quot;shippingInformation&quot;:&quot;Ships in 1 week&quot;,&quot;availabilityStatus&quot;:&quot;In Stock&quot;,&quot;reviews&quot;:[{&quot;rating&quot;:3,&quot;comment&quot;:&quot;Disappointing product!&quot;,&quot;date&quot;:&quot;2025-04-30T09:41:02.053Z&quot;,&quot;reviewerName&quot;:&quot;Penelope King&quot;,&quot;reviewerEmail&quot;:&quot;penelope.king@x.dummyjson.com&quot;},{&quot;rating&quot;:3,&quot;comment&quot;:&quot;Poor quality!&quot;,&quot;date&quot;:&quot;2025-04-30T09:41:02.053Z&quot;,&quot;reviewerName&quot;:&quot;Eleanor Tyler&quot;,&quot;reviewerEmail&quot;:&quot;eleanor.tyler@x.dummyjson.com&quot;},{&quot;rating&quot;:4,&quot;comment&quot;:&quot;Very pleased!&quot;,&quot;date&quot;:&quot;2025-04-30T09:41:02.053Z&quot;,&quot;reviewerName&quot;:&quot;Benjamin Foster&quot;,&quot;reviewerEmail&quot;:&quot;benjamin.foster@x.dummyjson.com&quot;}],&quot;returnPolicy&quot;:&quot;No return policy&quot;,&quot;minimumOrderQuantity&quot;:32,&quot;meta&quot;:{&quot;createdAt&quot;:&quot;2025-04-30T09:41:02.053Z&quot;,&quot;updatedAt&quot;:&quot;2025-04-30T09:41:02.053Z&quot;,&quot;barcode&quot;:&quot;3478638588469&quot;,&quot;qrCode&quot;:&quot;https://cdn.dummyjson.com/public/qr-code.png&quot;},&quot;images&quot;:[&quot;https://cdn.dummyjson.com/product-images/groceries/eggs/1.webp&quot;],&quot;thumbnail&quot;:&quot;https://cdn.dummyjson.com/product-images/groceries/eggs/thumbnail.webp&quot;},{&quot;id&quot;:24,&quot;title&quot;:&quot;Fish Steak&quot;,&quot;description&quot;:&quot;Quality fish steak, suitable for grilling, baking, or pan-searing.&quot;,&quot;category&quot;:&quot;groceries&quot;,&quot;price&quot;:14.99,&quot;discountPercentage&quot;:4.23,&quot;rating&quot;:3.78,&quot;stock&quot;:74,&quot;tags&quot;:[&quot;seafood&quot;],&quot;sku&quot;:&quot;GRO-BRD-FIS-024&quot;,&quot;weight&quot;:6,&quot;dimensions&quot;:{&quot;width&quot;:14.95,&quot;height&quot;:26.31,&quot;depth&quot;:11.27},&quot;warrantyInformation&quot;:&quot;1 month warranty&quot;,&quot;shippingInformation&quot;:&quot;Ships in 3-5 business days&quot;,&quot;availabilityStatus&quot;:&quot;In Stock&quot;,&quot;reviews&quot;:[{&quot;rating&quot;:2,&quot;comment&quot;:&quot;Would not buy again!&quot;,&quot;date&quot;:&quot;2025-04-30T09:41:02.053Z&quot;,&quot;reviewerName&quot;:&quot;Caleb Perkins&quot;,&quot;reviewerEmail&quot;:&quot;caleb.perkins@x.dummyjson.com&quot;},{&quot;rating&quot;:5,&quot;comment&quot;:&quot;Excellent quality!&quot;,&quot;date&quot;:&quot;2025-04-30T09:41:02.053Z&quot;,&quot;reviewerName&quot;:&quot;Isabella Jackson&quot;,&quot;reviewerEmail&quot;:&quot;isabella.jackson@x.dummyjson.com&quot;},{&quot;rating&quot;:4,&quot;comment&quot;:&quot;Great value for money!&quot;,&quot;date&quot;:&quot;2025-04-30T09:41:02.053Z&quot;,&quot;reviewerName&quot;:&quot;Nathan Dixon&quot;,&quot;reviewerEmail&quot;:&quot;nathan.dixon@x.dummyjson.com&quot;}],&quot;returnPolicy&quot;:&quot;60 days return policy&quot;,&quot;minimumOrderQuantity&quot;:50,&quot;meta&quot;:{&quot;createdAt&quot;:&quot;2025-04-30T09:41:02.053Z&quot;,&quot;updatedAt&quot;:&quot;2025-04-30T09:41:02.053Z&quot;,&quot;barcode&quot;:&quot;9595036192098&quot;,&quot;qrCode&quot;:&quot;https://cdn.dummyjson.com/public/qr-code.png&quot;},&quot;images&quot;:[&quot;https://cdn.dummyjson.com/product-images/groceries/fish-steak/1.webp&quot;],&quot;thumbnail&quot;:&quot;https://cdn.dummyjson.com/product-images/groceries/fish-steak/thumbnail.webp&quot;},{&quot;id&quot;:25,&quot;title&quot;:&quot;Green Bell Pepper&quot;,&quot;description&quot;:&quot;Fresh and vibrant green bell pepper, perfect for adding color and flavor to your dishes.&quot;,&quot;category&quot;:&quot;groceries&quot;,&quot;price&quot;:1.29,&quot;discountPercentage&quot;:0.16,&quot;rating&quot;:3.25,&quot;stock&quot;:33,&quot;tags&quot;:[&quot;vegetables&quot;],&quot;sku&quot;:&quot;GRO-BRD-GRE-025&quot;,&quot;weight&quot;:2,&quot;dimensions&quot;:{&quot;width&quot;:15.33,&quot;height&quot;:26.65,&quot;depth&quot;:14.44},&quot;warrantyInformation&quot;:&quot;1 month warranty&quot;,&quot;shippingInformation&quot;:&quot;Ships in 1 week&quot;,&quot;availabilityStatus&quot;:&quot;In Stock&quot;,&quot;reviews&quot;:[{&quot;rating&quot;:4,&quot;comment&quot;:&quot;Highly recommended!&quot;,&quot;date&quot;:&quot;2025-04-30T09:41:02.053Z&quot;,&quot;reviewerName&quot;:&quot;Avery Carter&quot;,&quot;reviewerEmail&quot;:&quot;avery.carter@x.dummyjson.com&quot;},{&quot;rating&quot;:3,&quot;comment&quot;:&quot;Would not recommend!&quot;,&quot;date&quot;:&quot;2025-04-30T09:41:02.053Z&quot;,&quot;reviewerName&quot;:&quot;Henry Hill&quot;,&quot;reviewerEmail&quot;:&quot;henry.hill@x.dummyjson.com&quot;},{&quot;rating&quot;:5,&quot;comment&quot;:&quot;Excellent quality!&quot;,&quot;date&quot;:&quot;2025-04-30T09:41:02.053Z&quot;,&quot;reviewerName&quot;:&quot;Addison Wright&quot;,&quot;reviewerEmail&quot;:&quot;addison.wright@x.dummyjson.com&quot;}],&quot;returnPolicy&quot;:&quot;30 days return policy&quot;,&quot;minimumOrderQuantity&quot;:12,&quot;meta&quot;:{&quot;createdAt&quot;:&quot;2025-04-30T09:41:02.053Z&quot;,&quot;updatedAt&quot;:&quot;2025-04-30T09:41:02.053Z&quot;,&quot;barcode&quot;:&quot;2365227493323&quot;,&quot;qrCode&quot;:&quot;https://cdn.dummyjson.com/public/qr-code.png&quot;},&quot;images&quot;:[&quot;https://cdn.dummyjson.com/product-images/groceries/green-bell-pepper/1.webp&quot;],&quot;thumbnail&quot;:&quot;https://cdn.dummyjson.com/product-images/groceries/green-bell-pepper/thumbnail.webp&quot;},{&quot;id&quot;:26,&quot;title&quot;:&quot;Green Chili Pepper&quot;,&quot;description&quot;:&quot;Spicy green chili pepper, ideal for adding heat to your favorite recipes.&quot;,&quot;category&quot;:&quot;groceries&quot;,&quot;price&quot;:0.99,&quot;discountPercentage&quot;:1,&quot;rating&quot;:3.66,&quot;stock&quot;:3,&quot;tags&quot;:[&quot;vegetables&quot;],&quot;sku&quot;:&quot;GRO-BRD-GRE-026&quot;,&quot;weight&quot;:7,&quot;dimensions&quot;:{&quot;width&quot;:15.38,&quot;height&quot;:18.12,&quot;depth&quot;:19.92},&quot;warrantyInformation&quot;:&quot;2 year warranty&quot;,&quot;shippingInformation&quot;:&quot;Ships in 1 week&quot;,&quot;availabilityStatus&quot;:&quot;Low Stock&quot;,&quot;reviews&quot;:[{&quot;rating&quot;:4,&quot;comment&quot;:&quot;Great product!&quot;,&quot;date&quot;:&quot;2025-04-30T09:41:02.053Z&quot;,&quot;reviewerName&quot;:&quot;Luna Russell&quot;,&quot;reviewerEmail&quot;:&quot;luna.russell@x.dummyjson.com&quot;},{&quot;rating&quot;:1,&quot;comment&quot;:&quot;Waste of money!&quot;,&quot;date&quot;:&quot;2025-04-30T09:41:02.053Z&quot;,&quot;reviewerName&quot;:&quot;Noah Lewis&quot;,&quot;reviewerEmail&quot;:&quot;noah.lewis@x.dummyjson.com&quot;},{&quot;rating&quot;:3,&quot;comment&quot;:&quot;Very disappointed!&quot;,&quot;date&quot;:&quot;2025-04-30T09:41:02.053Z&quot;,&quot;reviewerName&quot;:&quot;Clara Berry&quot;,&quot;reviewerEmail&quot;:&quot;clara.berry@x.dummyjson.com&quot;}],&quot;returnPolicy&quot;:&quot;30 days return policy&quot;,&quot;minimumOrderQuantity&quot;:39,&quot;meta&quot;:{&quot;createdAt&quot;:&quot;2025-04-30T09:41:02.053Z&quot;,&quot;updatedAt&quot;:&quot;2025-04-30T09:41:02.053Z&quot;,&quot;barcode&quot;:&quot;9335000538563&quot;,&quot;qrCode&quot;:&quot;https://cdn.dummyjson.com/public/qr-code.png&quot;},&quot;images&quot;:[&quot;https://cdn.dummyjson.com/product-images/groceries/green-chili-pepper/1.webp&quot;],&quot;thumbnail&quot;:&quot;https://cdn.dummyjson.com/product-images/groceries/green-chili-pepper/thumbnail.webp&quot;},{&quot;id&quot;:27,&quot;title&quot;:&quot;Honey Jar&quot;,&quot;description&quot;:&quot;Pure and natural honey in a convenient jar, perfect for sweetening beverages or drizzling over food.&quot;,&quot;category&quot;:&quot;groceries&quot;,&quot;price&quot;:6.99,&quot;discountPercentage&quot;:14.4,&quot;rating&quot;:3.97,&quot;stock&quot;:34,&quot;tags&quot;:[&quot;condiments&quot;],&quot;sku&quot;:&quot;GRO-BRD-HON-027&quot;,&quot;weight&quot;:2,&quot;dimensions&quot;:{&quot;width&quot;:9.28,&quot;height&quot;:21.72,&quot;depth&quot;:17.74},&quot;warrantyInformation&quot;:&quot;1 month warranty&quot;,&quot;shippingInformation&quot;:&quot;Ships in 1-2 business days&quot;,&quot;availabilityStatus&quot;:&quot;In Stock&quot;,&quot;reviews&quot;:[{&quot;rating&quot;:1,&quot;comment&quot;:&quot;Very disappointed!&quot;,&quot;date&quot;:&quot;2025-04-30T09:41:02.053Z&quot;,&quot;reviewerName&quot;:&quot;Autumn Gomez&quot;,&quot;reviewerEmail&quot;:&quot;autumn.gomez@x.dummyjson.com&quot;},{&quot;rating&quot;:4,&quot;comment&quot;:&quot;Highly impressed!&quot;,&quot;date&quot;:&quot;2025-04-30T09:41:02.053Z&quot;,&quot;reviewerName&quot;:&quot;Benjamin Wilson&quot;,&quot;reviewerEmail&quot;:&quot;benjamin.wilson@x.dummyjson.com&quot;},{&quot;rating&quot;:2,&quot;comment&quot;:&quot;Very disappointed!&quot;,&quot;date&quot;:&quot;2025-04-30T09:41:02.053Z&quot;,&quot;reviewerName&quot;:&quot;Nicholas Edwards&quot;,&quot;reviewerEmail&quot;:&quot;nicholas.edwards@x.dummyjson.com&quot;}],&quot;returnPolicy&quot;:&quot;90 days return policy&quot;,&quot;minimumOrderQuantity&quot;:47,&quot;meta&quot;:{&quot;createdAt&quot;:&quot;2025-04-30T09:41:02.053Z&quot;,&quot;updatedAt&quot;:&quot;2025-04-30T09:41:02.053Z&quot;,&quot;barcode&quot;:&quot;6354306346329&quot;,&quot;qrCode&quot;:&quot;https://cdn.dummyjson.com/public/qr-code.png&quot;},&quot;images&quot;:[&quot;https://cdn.dummyjson.com/product-images/groceries/honey-jar/1.webp&quot;],&quot;thumbnail&quot;:&quot;https://cdn.dummyjson.com/product-images/groceries/honey-jar/thumbnail.webp&quot;},{&quot;id&quot;:28,&quot;title&quot;:&quot;Ice Cream&quot;,&quot;description&quot;:&quot;Creamy and delicious ice cream, available in various flavors for a delightful treat.&quot;,&quot;category&quot;:&quot;groceries&quot;,&quot;price&quot;:5.49,&quot;discountPercentage&quot;:8.69,&quot;rating&quot;:3.39,&quot;stock&quot;:27,&quot;tags&quot;:[&quot;desserts&quot;],&quot;sku&quot;:&quot;GRO-BRD-CRE-028&quot;,&quot;weight&quot;:1,&quot;dimensions&quot;:{&quot;width&quot;:14.83,&quot;height&quot;:15.07,&quot;depth&quot;:24.2},&quot;warrantyInformation&quot;:&quot;1 month warranty&quot;,&quot;shippingInformation&quot;:&quot;Ships in 2 weeks&quot;,&quot;availabilityStatus&quot;:&quot;In Stock&quot;,&quot;reviews&quot;:[{&quot;rating&quot;:5,&quot;comment&quot;:&quot;Very pleased!&quot;,&quot;date&quot;:&quot;2025-04-30T09:41:02.053Z&quot;,&quot;reviewerName&quot;:&quot;Elijah Cruz&quot;,&quot;reviewerEmail&quot;:&quot;elijah.cruz@x.dummyjson.com&quot;},{&quot;rating&quot;:4,&quot;comment&quot;:&quot;Excellent quality!&quot;,&quot;date&quot;:&quot;2025-04-30T09:41:02.053Z&quot;,&quot;reviewerName&quot;:&quot;Jace Smith&quot;,&quot;reviewerEmail&quot;:&quot;jace.smith@x.dummyjson.com&quot;},{&quot;rating&quot;:5,&quot;comment&quot;:&quot;Highly impressed!&quot;,&quot;date&quot;:&quot;2025-04-30T09:41:02.053Z&quot;,&quot;reviewerName&quot;:&quot;Sadie Morales&quot;,&quot;reviewerEmail&quot;:&quot;sadie.morales@x.dummyjson.com&quot;}],&quot;returnPolicy&quot;:&quot;No return policy&quot;,&quot;minimumOrderQuantity&quot;:42,&quot;meta&quot;:{&quot;createdAt&quot;:&quot;2025-04-30T09:41:02.053Z&quot;,&quot;updatedAt&quot;:&quot;2025-04-30T09:41:02.053Z&quot;,&quot;barcode&quot;:&quot;0788954559076&quot;,&quot;qrCode&quot;:&quot;https://cdn.dummyjson.com/public/qr-code.png&quot;},&quot;images&quot;:[&quot;https://cdn.dummyjson.com/product-images/groceries/ice-cream/1.webp&quot;,&quot;https://cdn.dummyjson.com/product-images/groceries/ice-cream/2.webp&quot;,&quot;https://cdn.dummyjson.com/product-images/groceries/ice-cream/3.webp&quot;,&quot;https://cdn.dummyjson.com/product-images/groceries/ice-cream/4.webp&quot;],&quot;thumbnail&quot;:&quot;https://cdn.dummyjson.com/product-images/groceries/ice-cream/thumbnail.webp&quot;},{&quot;id&quot;:29,&quot;title&quot;:&quot;Juice&quot;,&quot;description&quot;:&quot;Refreshing fruit juice, packed with vitamins and great for staying hydrated.&quot;,&quot;category&quot;:&quot;groceries&quot;,&quot;price&quot;:3.99,&quot;discountPercentage&quot;:12.06,&quot;rating&quot;:3.94,&quot;stock&quot;:50,&quot;tags&quot;:[&quot;beverages&quot;],&quot;sku&quot;:&quot;GRO-BRD-JUI-029&quot;,&quot;weight&quot;:1,&quot;dimensions&quot;:{&quot;width&quot;:18.56,&quot;height&quot;:21.46,&quot;depth&quot;:28.02},&quot;warrantyInformation&quot;:&quot;6 months warranty&quot;,&quot;shippingInformation&quot;:&quot;Ships in 1 week&quot;,&quot;availabilityStatus&quot;:&quot;In Stock&quot;,&quot;reviews&quot;:[{&quot;rating&quot;:5,&quot;comment&quot;:&quot;Excellent quality!&quot;,&quot;date&quot;:&quot;2025-04-30T09:41:02.053Z&quot;,&quot;reviewerName&quot;:&quot;Nolan Gonzalez&quot;,&quot;reviewerEmail&quot;:&quot;nolan.gonzalez@x.dummyjson.com&quot;},{&quot;rating&quot;:4,&quot;comment&quot;:&quot;Would buy again!&quot;,&quot;date&quot;:&quot;2025-04-30T09:41:02.053Z&quot;,&quot;reviewerName&quot;:&quot;Bella Grant&quot;,&quot;reviewerEmail&quot;:&quot;bella.grant@x.dummyjson.com&quot;},{&quot;rating&quot;:5,&quot;comment&quot;:&quot;Awesome product!&quot;,&quot;date&quot;:&quot;2025-04-30T09:41:02.053Z&quot;,&quot;reviewerName&quot;:&quot;Aria Flores&quot;,&quot;reviewerEmail&quot;:&quot;aria.flores@x.dummyjson.com&quot;}],&quot;returnPolicy&quot;:&quot;No return policy&quot;,&quot;minimumOrderQuantity&quot;:25,&quot;meta&quot;:{&quot;createdAt&quot;:&quot;2025-04-30T09:41:02.053Z&quot;,&quot;updatedAt&quot;:&quot;2025-04-30T09:41:02.053Z&quot;,&quot;barcode&quot;:&quot;6936112580956&quot;,&quot;qrCode&quot;:&quot;https://cdn.dummyjson.com/public/qr-code.png&quot;},&quot;images&quot;:[&quot;https://cdn.dummyjson.com/product-images/groceries/juice/1.webp&quot;],&quot;thumbnail&quot;:&quot;https://cdn.dummyjson.com/product-images/groceries/juice/thumbnail.webp&quot;},{&quot;id&quot;:30,&quot;title&quot;:&quot;Kiwi&quot;,&quot;description&quot;:&quot;Nutrient-rich kiwi, perfect for snacking or adding a tropical twist to your dishes.&quot;,&quot;category&quot;:&quot;groceries&quot;,&quot;price&quot;:2.49,&quot;discountPercentage&quot;:15.22,&quot;rating&quot;:4.93,&quot;stock&quot;:99,&quot;tags&quot;:[&quot;fruits&quot;],&quot;sku&quot;:&quot;GRO-BRD-KIW-030&quot;,&quot;weight&quot;:5,&quot;dimensions&quot;:{&quot;width&quot;:19.4,&quot;height&quot;:18.67,&quot;depth&quot;:17.13},&quot;warrantyInformation&quot;:&quot;6 months warranty&quot;,&quot;shippingInformation&quot;:&quot;Ships overnight&quot;,&quot;availabilityStatus&quot;:&quot;In Stock&quot;,&quot;reviews&quot;:[{&quot;rating&quot;:4,&quot;comment&quot;:&quot;Highly recommended!&quot;,&quot;date&quot;:&quot;2025-04-30T09:41:02.053Z&quot;,&quot;reviewerName&quot;:&quot;Emily Brown&quot;,&quot;reviewerEmail&quot;:&quot;emily.brown@x.dummyjson.com&quot;},{&quot;rating&quot;:2,&quot;comment&quot;:&quot;Would not buy again!&quot;,&quot;date&quot;:&quot;2025-04-30T09:41:02.053Z&quot;,&quot;reviewerName&quot;:&quot;Jackson Morales&quot;,&quot;reviewerEmail&quot;:&quot;jackson.morales@x.dummyjson.com&quot;},{&quot;rating&quot;:4,&quot;comment&quot;:&quot;Fast shipping!&quot;,&quot;date&quot;:&quot;2025-04-30T09:41:02.053Z&quot;,&quot;reviewerName&quot;:&quot;Nora Russell&quot;,&quot;reviewerEmail&quot;:&quot;nora.russell@x.dummyjson.com&quot;}],&quot;returnPolicy&quot;:&quot;7 days return policy&quot;,&quot;minimumOrderQuantity&quot;:30,&quot;meta&quot;:{&quot;createdAt&quot;:&quot;2025-04-30T09:41:02.053Z&quot;,&quot;updatedAt&quot;:&quot;2025-04-30T09:41:02.053Z&quot;,&quot;barcode&quot;:&quot;2530169917252&quot;,&quot;qrCode&quot;:&quot;https://cdn.dummyjson.com/public/qr-code.png&quot;},&quot;images&quot;:[&quot;https://cdn.dummyjson.com/product-images/groceries/kiwi/1.webp&quot;],&quot;thumbnail&quot;:&quot;https://cdn.dummyjson.com/product-images/groceries/kiwi/thumbnail.webp&quot;}],&quot;total&quot;:194,&quot;skip&quot;:0,&quot;limit&quot;:30}&#10;" type="java.lang.AssertionError"><![CDATA[java.lang.AssertionError: 
1 expectation failed.
Response body doesn't match expectation.
Expected: The content to match the given JSON schema.
error: object has missing required properties (["brand"])
    level: "error"
    schema: {"loadingURI":"file:/C:/Users/ander/workspace/outsera-test-qa/automation-backend/target/test-classes/schemas/products-schema.json#","pointer":"/properties/products/items"}
    instance: {"pointer":"/products/15"}
    domain: "validation"
    keyword: "required"
    required: ["brand","id","price","stock","title"]
    missing: ["brand"]
error: object has missing required properties (["brand"])
    level: "error"
    schema: {"loadingURI":"file:/C:/Users/ander/workspace/outsera-test-qa/automation-backend/target/test-classes/schemas/products-schema.json#","pointer":"/properties/products/items"}
    instance: {"pointer":"/products/16"}
    domain: "validation"
    keyword: "required"
    required: ["brand","id","price","stock","title"]
    missing: ["brand"]
error: object has missing required properties (["brand"])
    level: "error"
    schema: {"loadingURI":"file:/C:/Users/ander/workspace/outsera-test-qa/automation-backend/target/test-classes/schemas/products-schema.json#","pointer":"/properties/products/items"}
    instance: {"pointer":"/products/17"}
    domain: "validation"
    keyword: "required"
    required: ["brand","id","price","stock","title"]
    missing: ["brand"]
error: object has missing required properties (["brand"])
    level: "error"
    schema: {"loadingURI":"file:/C:/Users/ander/workspace/outsera-test-qa/automation-backend/target/test-classes/schemas/products-schema.json#","pointer":"/properties/products/items"}
    instance: {"pointer":"/products/18"}
    domain: "validation"
    keyword: "required"
    required: ["brand","id","price","stock","title"]
    missing: ["brand"]
error: object has missing required properties (["brand"])
    level: "error"
    schema: {"loadingURI":"file:/C:/Users/ander/workspace/outsera-test-qa/automation-backend/target/test-classes/schemas/products-schema.json#","pointer":"/properties/products/items"}
    instance: {"pointer":"/products/19"}
    domain: "validation"
    keyword: "required"
    required: ["brand","id","price","stock","title"]
    missing: ["brand"]
error: object has missing required properties (["brand"])
    level: "error"
    schema: {"loadingURI":"file:/C:/Users/ander/workspace/outsera-test-qa/automation-backend/target/test-classes/schemas/products-schema.json#","pointer":"/properties/products/items"}
    instance: {"pointer":"/products/20"}
    domain: "validation"
    keyword: "required"
    required: ["brand","id","price","stock","title"]
    missing: ["brand"]
error: object has missing required properties (["brand"])
    level: "error"
    schema: {"loadingURI":"file:/C:/Users/ander/workspace/outsera-test-qa/automation-backend/target/test-classes/schemas/products-schema.json#","pointer":"/properties/products/items"}
    instance: {"pointer":"/products/21"}
    domain: "validation"
    keyword: "required"
    required: ["brand","id","price","stock","title"]
    missing: ["brand"]
error: object has missing required properties (["brand"])
    level: "error"
    schema: {"loadingURI":"file:/C:/Users/ander/workspace/outsera-test-qa/automation-backend/target/test-classes/schemas/products-schema.json#","pointer":"/properties/products/items"}
    instance: {"pointer":"/products/22"}
    domain: "validation"
    keyword: "required"
    required: ["brand","id","price","stock","title"]
    missing: ["brand"]
error: object has missing required properties (["brand"])
    level: "error"
    schema: {"loadingURI":"file:/C:/Users/ander/workspace/outsera-test-qa/automation-backend/target/test-classes/schemas/products-schema.json#","pointer":"/properties/products/items"}
    instance: {"pointer":"/products/23"}
    domain: "validation"
    keyword: "required"
    required: ["brand","id","price","stock","title"]
    missing: ["brand"]
error: object has missing required properties (["brand"])
    level: "error"
    schema: {"loadingURI":"file:/C:/Users/ander/workspace/outsera-test-qa/automation-backend/target/test-classes/schemas/products-schema.json#","pointer":"/properties/products/items"}
    instance: {"pointer":"/products/24"}
    domain: "validation"
    keyword: "required"
    required: ["brand","id","price","stock","title"]
    missing: ["brand"]
error: object has missing required properties (["brand"])
    level: "error"
    schema: {"loadingURI":"file:/C:/Users/ander/workspace/outsera-test-qa/automation-backend/target/test-classes/schemas/products-schema.json#","pointer":"/properties/products/items"}
    instance: {"pointer":"/products/25"}
    domain: "validation"
    keyword: "required"
    required: ["brand","id","price","stock","title"]
    missing: ["brand"]
error: object has missing required properties (["brand"])
    level: "error"
    schema: {"loadingURI":"file:/C:/Users/ander/workspace/outsera-test-qa/automation-backend/target/test-classes/schemas/products-schema.json#","pointer":"/properties/products/items"}
    instance: {"pointer":"/products/26"}
    domain: "validation"
    keyword: "required"
    required: ["brand","id","price","stock","title"]
    missing: ["brand"]
error: object has missing required properties (["brand"])
    level: "error"
    schema: {"loadingURI":"file:/C:/Users/ander/workspace/outsera-test-qa/automation-backend/target/test-classes/schemas/products-schema.json#","pointer":"/properties/products/items"}
    instance: {"pointer":"/products/27"}
    domain: "validation"
    keyword: "required"
    required: ["brand","id","price","stock","title"]
    missing: ["brand"]
error: object has missing required properties (["brand"])
    level: "error"
    schema: {"loadingURI":"file:/C:/Users/ander/workspace/outsera-test-qa/automation-backend/target/test-classes/schemas/products-schema.json#","pointer":"/properties/products/items"}
    instance: {"pointer":"/products/28"}
    domain: "validation"
    keyword: "required"
    required: ["brand","id","price","stock","title"]
    missing: ["brand"]
error: object has missing required properties (["brand"])
    level: "error"
    schema: {"loadingURI":"file:/C:/Users/ander/workspace/outsera-test-qa/automation-backend/target/test-classes/schemas/products-schema.json#","pointer":"/properties/products/items"}
    instance: {"pointer":"/products/29"}
    domain: "validation"
    keyword: "required"
    required: ["brand","id","price","stock","title"]
    missing: ["brand"]

  Actual: {"products":[{"id":1,"title":"Essence Mascara Lash Princess","description":"The Essence Mascara Lash Princess is a popular mascara known for its volumizing and lengthening effects. Achieve dramatic lashes with this long-lasting and cruelty-free formula.","category":"beauty","price":9.99,"discountPercentage":10.48,"rating":2.56,"stock":99,"tags":["beauty","mascara"],"brand":"Essence","sku":"BEA-ESS-ESS-001","weight":4,"dimensions":{"width":15.14,"height":13.08,"depth":22.99},"warrantyInformation":"1 week warranty","shippingInformation":"Ships in 3-5 business days","availabilityStatus":"In Stock","reviews":[{"rating":3,"comment":"Would not recommend!","date":"2025-04-30T09:41:02.053Z","reviewerName":"Eleanor Collins","reviewerEmail":"eleanor.collins@x.dummyjson.com"},{"rating":4,"comment":"Very satisfied!","date":"2025-04-30T09:41:02.053Z","reviewerName":"Lucas Gordon","reviewerEmail":"lucas.gordon@x.dummyjson.com"},{"rating":5,"comment":"Highly impressed!","date":"2025-04-30T09:41:02.053Z","reviewerName":"Eleanor Collins","reviewerEmail":"eleanor.collins@x.dummyjson.com"}],"returnPolicy":"No return policy","minimumOrderQuantity":48,"meta":{"createdAt":"2025-04-30T09:41:02.053Z","updatedAt":"2025-04-30T09:41:02.053Z","barcode":"5784719087687","qrCode":"https://cdn.dummyjson.com/public/qr-code.png"},"images":["https://cdn.dummyjson.com/product-images/beauty/essence-mascara-lash-princess/1.webp"],"thumbnail":"https://cdn.dummyjson.com/product-images/beauty/essence-mascara-lash-princess/thumbnail.webp"},{"id":2,"title":"Eyeshadow Palette with Mirror","description":"The Eyeshadow Palette with Mirror offers a versatile range of eyeshadow shades for creating stunning eye looks. With a built-in mirror, it's convenient for on-the-go makeup application.","category":"beauty","price":19.99,"discountPercentage":18.19,"rating":2.86,"stock":34,"tags":["beauty","eyeshadow"],"brand":"Glamour Beauty","sku":"BEA-GLA-EYE-002","weight":9,"dimensions":{"width":9.26,"height":22.47,"depth":27.67},"warrantyInformation":"1 year warranty","shippingInformation":"Ships in 2 weeks","availabilityStatus":"In Stock","reviews":[{"rating":5,"comment":"Great product!","date":"2025-04-30T09:41:02.053Z","reviewerName":"Savannah Gomez","reviewerEmail":"savannah.gomez@x.dummyjson.com"},{"rating":4,"comment":"Awesome product!","date":"2025-04-30T09:41:02.053Z","reviewerName":"Christian Perez","reviewerEmail":"christian.perez@x.dummyjson.com"},{"rating":1,"comment":"Poor quality!","date":"2025-04-30T09:41:02.053Z","reviewerName":"Nicholas Bailey","reviewerEmail":"nicholas.bailey@x.dummyjson.com"}],"returnPolicy":"7 days return policy","minimumOrderQuantity":20,"meta":{"createdAt":"2025-04-30T09:41:02.053Z","updatedAt":"2025-04-30T09:41:02.053Z","barcode":"9170275171413","qrCode":"https://cdn.dummyjson.com/public/qr-code.png"},"images":["https://cdn.dummyjson.com/product-images/beauty/eyeshadow-palette-with-mirror/1.webp"],"thumbnail":"https://cdn.dummyjson.com/product-images/beauty/eyeshadow-palette-with-mirror/thumbnail.webp"},{"id":3,"title":"Powder Canister","description":"The Powder Canister is a finely milled setting powder designed to set makeup and control shine. With a lightweight and translucent formula, it provides a smooth and matte finish.","category":"beauty","price":14.99,"discountPercentage":9.84,"rating":4.64,"stock":89,"tags":["beauty","face powder"],"brand":"Velvet Touch","sku":"BEA-VEL-POW-003","weight":8,"dimensions":{"width":29.27,"height":27.93,"depth":20.59},"warrantyInformation":"3 months warranty","shippingInformation":"Ships in 1-2 business days","availabilityStatus":"In Stock","reviews":[{"rating":4,"comment":"Would buy again!","date":"2025-04-30T09:41:02.053Z","reviewerName":"Alexander Jones","reviewerEmail":"alexander.jones@x.dummyjson.com"},{"rating":5,"comment":"Highly impressed!","date":"2025-04-30T09:41:02.053Z","reviewerName":"Elijah Cruz","reviewerEmail":"elijah.cruz@x.dummyjson.com"},{"rating":1,"comment":"Very dissatisfied!","date":"2025-04-30T09:41:02.053Z","reviewerName":"Avery Perez","reviewerEmail":"avery.perez@x.dummyjson.com"}],"returnPolicy":"No return policy","minimumOrderQuantity":22,"meta":{"createdAt":"2025-04-30T09:41:02.053Z","updatedAt":"2025-04-30T09:41:02.053Z","barcode":"8418883906837","qrCode":"https://cdn.dummyjson.com/public/qr-code.png"},"images":["https://cdn.dummyjson.com/product-images/beauty/powder-canister/1.webp"],"thumbnail":"https://cdn.dummyjson.com/product-images/beauty/powder-canister/thumbnail.webp"},{"id":4,"title":"Red Lipstick","description":"The Red Lipstick is a classic and bold choice for adding a pop of color to your lips. With a creamy and pigmented formula, it provides a vibrant and long-lasting finish.","category":"beauty","price":12.99,"discountPercentage":12.16,"rating":4.36,"stock":91,"tags":["beauty","lipstick"],"brand":"Chic Cosmetics","sku":"BEA-CHI-LIP-004","weight":1,"dimensions":{"width":18.11,"height":28.38,"depth":22.17},"warrantyInformation":"3 year warranty","shippingInformation":"Ships in 1 week","availabilityStatus":"In Stock","reviews":[{"rating":4,"comment":"Great product!","date":"2025-04-30T09:41:02.053Z","reviewerName":"Liam Garcia","reviewerEmail":"liam.garcia@x.dummyjson.com"},{"rating":5,"comment":"Great product!","date":"2025-04-30T09:41:02.053Z","reviewerName":"Ruby Andrews","reviewerEmail":"ruby.andrews@x.dummyjson.com"},{"rating":5,"comment":"Would buy again!","date":"2025-04-30T09:41:02.053Z","reviewerName":"Clara Berry","reviewerEmail":"clara.berry@x.dummyjson.com"}],"returnPolicy":"7 days return policy","minimumOrderQuantity":40,"meta":{"createdAt":"2025-04-30T09:41:02.053Z","updatedAt":"2025-04-30T09:41:02.053Z","barcode":"9467746727219","qrCode":"https://cdn.dummyjson.com/public/qr-code.png"},"images":["https://cdn.dummyjson.com/product-images/beauty/red-lipstick/1.webp"],"thumbnail":"https://cdn.dummyjson.com/product-images/beauty/red-lipstick/thumbnail.webp"},{"id":5,"title":"Red Nail Polish","description":"The Red Nail Polish offers a rich and glossy red hue for vibrant and polished nails. With a quick-drying formula, it provides a salon-quality finish at home.","category":"beauty","price":8.99,"discountPercentage":11.44,"rating":4.32,"stock":79,"tags":["beauty","nail polish"],"brand":"Nail Couture","sku":"BEA-NAI-NAI-005","weight":8,"dimensions":{"width":21.63,"height":16.48,"depth":29.84},"warrantyInformation":"1 month warranty","shippingInformation":"Ships overnight","availabilityStatus":"In Stock","reviews":[{"rating":2,"comment":"Poor quality!","date":"2025-04-30T09:41:02.053Z","reviewerName":"Benjamin Wilson","reviewerEmail":"benjamin.wilson@x.dummyjson.com"},{"rating":5,"comment":"Great product!","date":"2025-04-30T09:41:02.053Z","reviewerName":"Liam Smith","reviewerEmail":"liam.smith@x.dummyjson.com"},{"rating":1,"comment":"Very unhappy with my purchase!","date":"2025-04-30T09:41:02.053Z","reviewerName":"Clara Berry","reviewerEmail":"clara.berry@x.dummyjson.com"}],"returnPolicy":"No return policy","minimumOrderQuantity":22,"meta":{"createdAt":"2025-04-30T09:41:02.053Z","updatedAt":"2025-04-30T09:41:02.053Z","barcode":"4063010628104","qrCode":"https://cdn.dummyjson.com/public/qr-code.png"},"images":["https://cdn.dummyjson.com/product-images/beauty/red-nail-polish/1.webp"],"thumbnail":"https://cdn.dummyjson.com/product-images/beauty/red-nail-polish/thumbnail.webp"},{"id":6,"title":"Calvin Klein CK One","description":"CK One by Calvin Klein is a classic unisex fragrance, known for its fresh and clean scent. It's a versatile fragrance suitable for everyday wear.","category":"fragrances","price":49.99,"discountPercentage":1.89,"rating":4.37,"stock":29,"tags":["fragrances","perfumes"],"brand":"Calvin Klein","sku":"FRA-CAL-CAL-006","weight":7,"dimensions":{"width":29.36,"height":27.76,"depth":20.72},"warrantyInformation":"1 week warranty","shippingInformation":"Ships overnight","availabilityStatus":"In Stock","reviews":[{"rating":2,"comment":"Very disappointed!","date":"2025-04-30T09:41:02.053Z","reviewerName":"Layla Young","reviewerEmail":"layla.young@x.dummyjson.com"},{"rating":4,"comment":"Fast shipping!","date":"2025-04-30T09:41:02.053Z","reviewerName":"Daniel Cook","reviewerEmail":"daniel.cook@x.dummyjson.com"},{"rating":3,"comment":"Not as described!","date":"2025-04-30T09:41:02.053Z","reviewerName":"Jacob Cooper","reviewerEmail":"jacob.cooper@x.dummyjson.com"}],"returnPolicy":"90 days return policy","minimumOrderQuantity":9,"meta":{"createdAt":"2025-04-30T09:41:02.053Z","updatedAt":"2025-04-30T09:41:02.053Z","barcode":"2451534060749","qrCode":"https://cdn.dummyjson.com/public/qr-code.png"},"images":["https://cdn.dummyjson.com/product-images/fragrances/calvin-klein-ck-one/1.webp","https://cdn.dummyjson.com/product-images/fragrances/calvin-klein-ck-one/2.webp","https://cdn.dummyjson.com/product-images/fragrances/calvin-klein-ck-one/3.webp"],"thumbnail":"https://cdn.dummyjson.com/product-images/fragrances/calvin-klein-ck-one/thumbnail.webp"},{"id":7,"title":"Chanel Coco Noir Eau De","description":"Coco Noir by Chanel is an elegant and mysterious fragrance, featuring notes of grapefruit, rose, and sandalwood. Perfect for evening occasions.","category":"fragrances","price":129.99,"discountPercentage":16.51,"rating":4.26,"stock":58,"tags":["fragrances","perfumes"],"brand":"Chanel","sku":"FRA-CHA-CHA-007","weight":7,"dimensions":{"width":24.5,"height":25.7,"depth":25.98},"warrantyInformation":"3 year warranty","shippingInformation":"Ships overnight","availabilityStatus":"In Stock","reviews":[{"rating":4,"comment":"Highly impressed!","date":"2025-04-30T09:41:02.053Z","reviewerName":"Ruby Andrews","reviewerEmail":"ruby.andrews@x.dummyjson.com"},{"rating":5,"comment":"Awesome product!","date":"2025-04-30T09:41:02.053Z","reviewerName":"Leah Henderson","reviewerEmail":"leah.henderson@x.dummyjson.com"},{"rating":5,"comment":"Very happy with my purchase!","date":"2025-04-30T09:41:02.053Z","reviewerName":"Xavier Wright","reviewerEmail":"xavier.wright@x.dummyjson.com"}],"returnPolicy":"No return policy","minimumOrderQuantity":1,"meta":{"createdAt":"2025-04-30T09:41:02.053Z","updatedAt":"2025-04-30T09:41:02.053Z","barcode":"4091737746820","qrCode":"https://cdn.dummyjson.com/public/qr-code.png"},"images":["https://cdn.dummyjson.com/product-images/fragrances/chanel-coco-noir-eau-de/1.webp","https://cdn.dummyjson.com/product-images/fragrances/chanel-coco-noir-eau-de/2.webp","https://cdn.dummyjson.com/product-images/fragrances/chanel-coco-noir-eau-de/3.webp"],"thumbnail":"https://cdn.dummyjson.com/product-images/fragrances/chanel-coco-noir-eau-de/thumbnail.webp"},{"id":8,"title":"Dior J'adore","description":"J'adore by Dior is a luxurious and floral fragrance, known for its blend of ylang-ylang, rose, and jasmine. It embodies femininity and sophistication.","category":"fragrances","price":89.99,"discountPercentage":14.72,"rating":3.8,"stock":98,"tags":["fragrances","perfumes"],"brand":"Dior","sku":"FRA-DIO-DIO-008","weight":4,"dimensions":{"width":27.67,"height":28.28,"depth":11.83},"warrantyInformation":"1 week warranty","shippingInformation":"Ships in 2 weeks","availabilityStatus":"In Stock","reviews":[{"rating":5,"comment":"Great value for money!","date":"2025-04-30T09:41:02.053Z","reviewerName":"Nicholas Bailey","reviewerEmail":"nicholas.bailey@x.dummyjson.com"},{"rating":4,"comment":"Great value for money!","date":"2025-04-30T09:41:02.053Z","reviewerName":"Penelope Harper","reviewerEmail":"penelope.harper@x.dummyjson.com"},{"rating":4,"comment":"Great product!","date":"2025-04-30T09:41:02.053Z","reviewerName":"Emma Miller","reviewerEmail":"emma.miller@x.dummyjson.com"}],"returnPolicy":"7 days return policy","minimumOrderQuantity":10,"meta":{"createdAt":"2025-04-30T09:41:02.053Z","updatedAt":"2025-04-30T09:41:02.053Z","barcode":"1445086097250","qrCode":"https://cdn.dummyjson.com/public/qr-code.png"},"images":["https://cdn.dummyjson.com/product-images/fragrances/dior-j'adore/1.webp","https://cdn.dummyjson.com/product-images/fragrances/dior-j'adore/2.webp","https://cdn.dummyjson.com/product-images/fragrances/dior-j'adore/3.webp"],"thumbnail":"https://cdn.dummyjson.com/product-images/fragrances/dior-j'adore/thumbnail.webp"},{"id":9,"title":"Dolce Shine Eau de","description":"Dolce Shine by Dolce & Gabbana is a vibrant and fruity fragrance, featuring notes of mango, jasmine, and blonde woods. It's a joyful and youthful scent.","category":"fragrances","price":69.99,"discountPercentage":0.62,"rating":3.96,"stock":4,"tags":["fragrances","perfumes"],"brand":"Dolce & Gabbana","sku":"FRA-DOL-DOL-009","weight":6,"dimensions":{"width":27.28,"height":29.88,"depth":18.3},"warrantyInformation":"3 year warranty","shippingInformation":"Ships in 1 month","availabilityStatus":"Low Stock","reviews":[{"rating":4,"comment":"Would buy again!","date":"2025-04-30T09:41:02.053Z","reviewerName":"Mateo Bennett","reviewerEmail":"mateo.bennett@x.dummyjson.com"},{"rating":4,"comment":"Highly recommended!","date":"2025-04-30T09:41:02.053Z","reviewerName":"Nolan Gonzalez","reviewerEmail":"nolan.gonzalez@x.dummyjson.com"},{"rating":5,"comment":"Very happy with my purchase!","date":"2025-04-30T09:41:02.053Z","reviewerName":"Aurora Lawson","reviewerEmail":"aurora.lawson@x.dummyjson.com"}],"returnPolicy":"7 days return policy","minimumOrderQuantity":2,"meta":{"createdAt":"2025-04-30T09:41:02.053Z","updatedAt":"2025-04-30T09:41:02.053Z","barcode":"3023868210708","qrCode":"https://cdn.dummyjson.com/public/qr-code.png"},"images":["https://cdn.dummyjson.com/product-images/fragrances/dolce-shine-eau-de/1.webp","https://cdn.dummyjson.com/product-images/fragrances/dolce-shine-eau-de/2.webp","https://cdn.dummyjson.com/product-images/fragrances/dolce-shine-eau-de/3.webp"],"thumbnail":"https://cdn.dummyjson.com/product-images/fragrances/dolce-shine-eau-de/thumbnail.webp"},{"id":10,"title":"Gucci Bloom Eau de","description":"Gucci Bloom by Gucci is a floral and captivating fragrance, with notes of tuberose, jasmine, and Rangoon creeper. It's a modern and romantic scent.","category":"fragrances","price":79.99,"discountPercentage":14.39,"rating":2.74,"stock":91,"tags":["fragrances","perfumes"],"brand":"Gucci","sku":"FRA-GUC-GUC-010","weight":7,"dimensions":{"width":20.92,"height":21.68,"depth":11.2},"warrantyInformation":"6 months warranty","shippingInformation":"Ships overnight","availabilityStatus":"In Stock","reviews":[{"rating":1,"comment":"Very dissatisfied!","date":"2025-04-30T09:41:02.053Z","reviewerName":"Cameron Perez","reviewerEmail":"cameron.perez@x.dummyjson.com"},{"rating":5,"comment":"Very happy with my purchase!","date":"2025-04-30T09:41:02.053Z","reviewerName":"Daniel Cook","reviewerEmail":"daniel.cook@x.dummyjson.com"},{"rating":4,"comment":"Highly impressed!","date":"2025-04-30T09:41:02.053Z","reviewerName":"Addison Wright","reviewerEmail":"addison.wright@x.dummyjson.com"}],"returnPolicy":"No return policy","minimumOrderQuantity":2,"meta":{"createdAt":"2025-04-30T09:41:02.053Z","updatedAt":"2025-04-30T09:41:02.053Z","barcode":"3170832177880","qrCode":"https://cdn.dummyjson.com/public/qr-code.png"},"images":["https://cdn.dummyjson.com/product-images/fragrances/gucci-bloom-eau-de/1.webp","https://cdn.dummyjson.com/product-images/fragrances/gucci-bloom-eau-de/2.webp","https://cdn.dummyjson.com/product-images/fragrances/gucci-bloom-eau-de/3.webp"],"thumbnail":"https://cdn.dummyjson.com/product-images/fragrances/gucci-bloom-eau-de/thumbnail.webp"},{"id":11,"title":"Annibale Colombo Bed","description":"The Annibale Colombo Bed is a luxurious and elegant bed frame, crafted with high-quality materials for a comfortable and stylish bedroom.","category":"furniture","price":1899.99,"discountPercentage":8.57,"rating":4.77,"stock":88,"tags":["furniture","beds"],"brand":"Annibale Colombo","sku":"FUR-ANN-ANN-011","weight":10,"dimensions":{"width":28.16,"height":25.36,"depth":17.28},"warrantyInformation":"1 year warranty","shippingInformation":"Ships in 1 month","availabilityStatus":"In Stock","reviews":[{"rating":2,"comment":"Would not recommend!","date":"2025-04-30T09:41:02.053Z","reviewerName":"Christopher West","reviewerEmail":"christopher.west@x.dummyjson.com"},{"rating":4,"comment":"Highly impressed!","date":"2025-04-30T09:41:02.053Z","reviewerName":"Vivian Carter","reviewerEmail":"vivian.carter@x.dummyjson.com"},{"rating":1,"comment":"Poor quality!","date":"2025-04-30T09:41:02.053Z","reviewerName":"Mason Wright","reviewerEmail":"mason.wright@x.dummyjson.com"}],"returnPolicy":"No return policy","minimumOrderQuantity":1,"meta":{"createdAt":"2025-04-30T09:41:02.053Z","updatedAt":"2025-04-30T09:41:02.053Z","barcode":"3610757456581","qrCode":"https://cdn.dummyjson.com/public/qr-code.png"},"images":["https://cdn.dummyjson.com/product-images/furniture/annibale-colombo-bed/1.webp","https://cdn.dummyjson.com/product-images/furniture/annibale-colombo-bed/2.webp","https://cdn.dummyjson.com/product-images/furniture/annibale-colombo-bed/3.webp"],"thumbnail":"https://cdn.dummyjson.com/product-images/furniture/annibale-colombo-bed/thumbnail.webp"},{"id":12,"title":"Annibale Colombo Sofa","description":"The Annibale Colombo Sofa is a sophisticated and comfortable seating option, featuring exquisite design and premium upholstery for your living room.","category":"furniture","price":2499.99,"discountPercentage":14.4,"rating":3.92,"stock":60,"tags":["furniture","sofas"],"brand":"Annibale Colombo","sku":"FUR-ANN-ANN-012","weight":6,"dimensions":{"width":12.75,"height":20.55,"depth":19.06},"warrantyInformation":"Lifetime warranty","shippingInformation":"Ships in 1 week","availabilityStatus":"In Stock","reviews":[{"rating":3,"comment":"Very unhappy with my purchase!","date":"2025-04-30T09:41:02.053Z","reviewerName":"Christian Perez","reviewerEmail":"christian.perez@x.dummyjson.com"},{"rating":5,"comment":"Fast shipping!","date":"2025-04-30T09:41:02.053Z","reviewerName":"Lillian Bishop","reviewerEmail":"lillian.bishop@x.dummyjson.com"},{"rating":1,"comment":"Poor quality!","date":"2025-04-30T09:41:02.053Z","reviewerName":"Lillian Simmons","reviewerEmail":"lillian.simmons@x.dummyjson.com"}],"returnPolicy":"7 days return policy","minimumOrderQuantity":1,"meta":{"createdAt":"2025-04-30T09:41:02.053Z","updatedAt":"2025-04-30T09:41:02.053Z","barcode":"1777662847736","qrCode":"https://cdn.dummyjson.com/public/qr-code.png"},"images":["https://cdn.dummyjson.com/product-images/furniture/annibale-colombo-sofa/1.webp","https://cdn.dummyjson.com/product-images/furniture/annibale-colombo-sofa/2.webp","https://cdn.dummyjson.com/product-images/furniture/annibale-colombo-sofa/3.webp"],"thumbnail":"https://cdn.dummyjson.com/product-images/furniture/annibale-colombo-sofa/thumbnail.webp"},{"id":13,"title":"Bedside Table African Cherry","description":"The Bedside Table in African Cherry is a stylish and functional addition to your bedroom, providing convenient storage space and a touch of elegance.","category":"furniture","price":299.99,"discountPercentage":19.09,"rating":2.87,"stock":64,"tags":["furniture","bedside tables"],"brand":"Furniture Co.","sku":"FUR-FUR-BED-013","weight":2,"dimensions":{"width":13.47,"height":24.99,"depth":27.35},"warrantyInformation":"5 year warranty","shippingInformation":"Ships overnight","availabilityStatus":"In Stock","reviews":[{"rating":4,"comment":"Excellent quality!","date":"2025-04-30T09:41:02.053Z","reviewerName":"Aaliyah Hanson","reviewerEmail":"aaliyah.hanson@x.dummyjson.com"},{"rating":4,"comment":"Excellent quality!","date":"2025-04-30T09:41:02.053Z","reviewerName":"Liam Smith","reviewerEmail":"liam.smith@x.dummyjson.com"},{"rating":4,"comment":"Highly recommended!","date":"2025-04-30T09:41:02.053Z","reviewerName":"Avery Barnes","reviewerEmail":"avery.barnes@x.dummyjson.com"}],"returnPolicy":"7 days return policy","minimumOrderQuantity":3,"meta":{"createdAt":"2025-04-30T09:41:02.053Z","updatedAt":"2025-04-30T09:41:02.053Z","barcode":"6441287925979","qrCode":"https://cdn.dummyjson.com/public/qr-code.png"},"images":["https://cdn.dummyjson.com/product-images/furniture/bedside-table-african-cherry/1.webp","https://cdn.dummyjson.com/product-images/furniture/bedside-table-african-cherry/2.webp","https://cdn.dummyjson.com/product-images/furniture/bedside-table-african-cherry/3.webp"],"thumbnail":"https://cdn.dummyjson.com/product-images/furniture/bedside-table-african-cherry/thumbnail.webp"},{"id":14,"title":"Knoll Saarinen Executive Conference Chair","description":"The Knoll Saarinen Executive Conference Chair is a modern and ergonomic chair, perfect for your office or conference room with its timeless design.","category":"furniture","price":499.99,"discountPercentage":2.01,"rating":4.88,"stock":26,"tags":["furniture","office chairs"],"brand":"Knoll","sku":"FUR-KNO-KNO-014","weight":10,"dimensions":{"width":13.81,"height":7.5,"depth":5.62},"warrantyInformation":"2 year warranty","shippingInformation":"Ships overnight","availabilityStatus":"In Stock","reviews":[{"rating":2,"comment":"Waste of money!","date":"2025-04-30T09:41:02.053Z","reviewerName":"Ella Cook","reviewerEmail":"ella.cook@x.dummyjson.com"},{"rating":2,"comment":"Very dissatisfied!","date":"2025-04-30T09:41:02.053Z","reviewerName":"Clara Berry","reviewerEmail":"clara.berry@x.dummyjson.com"},{"rating":5,"comment":"Would buy again!","date":"2025-04-30T09:41:02.053Z","reviewerName":"Elena Long","reviewerEmail":"elena.long@x.dummyjson.com"}],"returnPolicy":"60 days return policy","minimumOrderQuantity":5,"meta":{"createdAt":"2025-04-30T09:41:02.053Z","updatedAt":"2025-04-30T09:41:02.053Z","barcode":"8919386859966","qrCode":"https://cdn.dummyjson.com/public/qr-code.png"},"images":["https://cdn.dummyjson.com/product-images/furniture/knoll-saarinen-executive-conference-chair/1.webp","https://cdn.dummyjson.com/product-images/furniture/knoll-saarinen-executive-conference-chair/2.webp","https://cdn.dummyjson.com/product-images/furniture/knoll-saarinen-executive-conference-chair/3.webp"],"thumbnail":"https://cdn.dummyjson.com/product-images/furniture/knoll-saarinen-executive-conference-chair/thumbnail.webp"},{"id":15,"title":"Wooden Bathroom Sink With Mirror","description":"The Wooden Bathroom Sink with Mirror is a unique and stylish addition to your bathroom, featuring a wooden sink countertop and a matching mirror.","category":"furniture","price":799.99,"discountPercentage":8.8,"rating":3.59,"stock":7,"tags":["furniture","bathroom"],"brand":"Bath Trends","sku":"FUR-BAT-WOO-015","weight":10,"dimensions":{"width":7.98,"height":8.88,"depth":28.46},"warrantyInformation":"3 year warranty","shippingInformation":"Ships in 3-5 business days","availabilityStatus":"Low Stock","reviews":[{"rating":4,"comment":"Fast shipping!","date":"2025-04-30T09:41:02.053Z","reviewerName":"Logan Torres","reviewerEmail":"logan.torres@x.dummyjson.com"},{"rating":5,"comment":"Very pleased!","date":"2025-04-30T09:41:02.053Z","reviewerName":"Aria Parker","reviewerEmail":"aria.parker@x.dummyjson.com"},{"rating":3,"comment":"Poor quality!","date":"2025-04-30T09:41:02.053Z","reviewerName":"Dylan Wells","reviewerEmail":"dylan.wells@x.dummyjson.com"}],"returnPolicy":"60 days return policy","minimumOrderQuantity":2,"meta":{"createdAt":"2025-04-30T09:41:02.053Z","updatedAt":"2025-04-30T09:41:02.053Z","barcode":"1958104402873","qrCode":"https://cdn.dummyjson.com/public/qr-code.png"},"images":["https://cdn.dummyjson.com/product-images/furniture/wooden-bathroom-sink-with-mirror/1.webp","https://cdn.dummyjson.com/product-images/furniture/wooden-bathroom-sink-with-mirror/2.webp","https://cdn.dummyjson.com/product-images/furniture/wooden-bathroom-sink-with-mirror/3.webp"],"thumbnail":"https://cdn.dummyjson.com/product-images/furniture/wooden-bathroom-sink-with-mirror/thumbnail.webp"},{"id":16,"title":"Apple","description":"Fresh and crisp apples, perfect for snacking or incorporating into various recipes.","category":"groceries","price":1.99,"discountPercentage":12.62,"rating":4.19,"stock":8,"tags":["fruits"],"sku":"GRO-BRD-APP-016","weight":9,"dimensions":{"width":13.66,"height":11.01,"depth":9.73},"warrantyInformation":"3 year warranty","shippingInformation":"Ships in 2 weeks","availabilityStatus":"In Stock","reviews":[{"rating":5,"comment":"Very satisfied!","date":"2025-04-30T09:41:02.053Z","reviewerName":"Sophia Brown","reviewerEmail":"sophia.brown@x.dummyjson.com"},{"rating":1,"comment":"Very dissatisfied!","date":"2025-04-30T09:41:02.053Z","reviewerName":"Scarlett Bowman","reviewerEmail":"scarlett.bowman@x.dummyjson.com"},{"rating":3,"comment":"Very unhappy with my purchase!","date":"2025-04-30T09:41:02.053Z","reviewerName":"William Gonzalez","reviewerEmail":"william.gonzalez@x.dummyjson.com"}],"returnPolicy":"90 days return policy","minimumOrderQuantity":7,"meta":{"createdAt":"2025-04-30T09:41:02.053Z","updatedAt":"2025-04-30T09:41:02.053Z","barcode":"7962803553314","qrCode":"https://cdn.dummyjson.com/public/qr-code.png"},"images":["https://cdn.dummyjson.com/product-images/groceries/apple/1.webp"],"thumbnail":"https://cdn.dummyjson.com/product-images/groceries/apple/thumbnail.webp"},{"id":17,"title":"Beef Steak","description":"High-quality beef steak, great for grilling or cooking to your preferred level of doneness.","category":"groceries","price":12.99,"discountPercentage":9.61,"rating":4.47,"stock":86,"tags":["meat"],"sku":"GRO-BRD-BEE-017","weight":10,"dimensions":{"width":18.9,"height":5.77,"depth":18.57},"warrantyInformation":"3 year warranty","shippingInformation":"Ships overnight","availabilityStatus":"In Stock","reviews":[{"rating":3,"comment":"Would not recommend!","date":"2025-04-30T09:41:02.053Z","reviewerName":"Eleanor Tyler","reviewerEmail":"eleanor.tyler@x.dummyjson.com"},{"rating":4,"comment":"Fast shipping!","date":"2025-04-30T09:41:02.053Z","reviewerName":"Alexander Jones","reviewerEmail":"alexander.jones@x.dummyjson.com"},{"rating":5,"comment":"Great value for money!","date":"2025-04-30T09:41:02.053Z","reviewerName":"Natalie Harris","reviewerEmail":"natalie.harris@x.dummyjson.com"}],"returnPolicy":"60 days return policy","minimumOrderQuantity":43,"meta":{"createdAt":"2025-04-30T09:41:02.053Z","updatedAt":"2025-04-30T09:41:02.053Z","barcode":"5640063409695","qrCode":"https://cdn.dummyjson.com/public/qr-code.png"},"images":["https://cdn.dummyjson.com/product-images/groceries/beef-steak/1.webp"],"thumbnail":"https://cdn.dummyjson.com/product-images/groceries/beef-steak/thumbnail.webp"},{"id":18,"title":"Cat Food","description":"Nutritious cat food formulated to meet the dietary needs of your feline friend.","category":"groceries","price":8.99,"discountPercentage":9.58,"rating":3.13,"stock":46,"tags":["pet supplies","cat food"],"sku":"GRO-BRD-FOO-018","weight":10,"dimensions":{"width":18.08,"height":9.26,"depth":21.86},"warrantyInformation":"1 year warranty","shippingInformation":"Ships overnight","availabilityStatus":"In Stock","reviews":[{"rating":3,"comment":"Would not recommend!","date":"2025-04-30T09:41:02.053Z","reviewerName":"Noah Lewis","reviewerEmail":"noah.lewis@x.dummyjson.com"},{"rating":3,"comment":"Very unhappy with my purchase!","date":"2025-04-30T09:41:02.053Z","reviewerName":"Ruby Andrews","reviewerEmail":"ruby.andrews@x.dummyjson.com"},{"rating":2,"comment":"Very disappointed!","date":"2025-04-30T09:41:02.053Z","reviewerName":"Ethan Thompson","reviewerEmail":"ethan.thompson@x.dummyjson.com"}],"returnPolicy":"No return policy","minimumOrderQuantity":18,"meta":{"createdAt":"2025-04-30T09:41:02.053Z","updatedAt":"2025-04-30T09:41:02.053Z","barcode":"1483991328610","qrCode":"https://cdn.dummyjson.com/public/qr-code.png"},"images":["https://cdn.dummyjson.com/product-images/groceries/cat-food/1.webp"],"thumbnail":"https://cdn.dummyjson.com/product-images/groceries/cat-food/thumbnail.webp"},{"id":19,"title":"Chicken Meat","description":"Fresh and tender chicken meat, suitable for various culinary preparations.","category":"groceries","price":9.99,"discountPercentage":13.7,"rating":3.19,"stock":97,"tags":["meat"],"sku":"GRO-BRD-CHI-019","weight":1,"dimensions":{"width":11.03,"height":22.11,"depth":16.01},"warrantyInformation":"1 year warranty","shippingInformation":"Ships in 1 month","availabilityStatus":"In Stock","reviews":[{"rating":5,"comment":"Great product!","date":"2025-04-30T09:41:02.053Z","reviewerName":"Mateo Bennett","reviewerEmail":"mateo.bennett@x.dummyjson.com"},{"rating":4,"comment":"Highly recommended!","date":"2025-04-30T09:41:02.053Z","reviewerName":"Jackson Evans","reviewerEmail":"jackson.evans@x.dummyjson.com"},{"rating":3,"comment":"Not worth the price!","date":"2025-04-30T09:41:02.053Z","reviewerName":"Sadie Morales","reviewerEmail":"sadie.morales@x.dummyjson.com"}],"returnPolicy":"7 days return policy","minimumOrderQuantity":22,"meta":{"createdAt":"2025-04-30T09:41:02.053Z","updatedAt":"2025-04-30T09:41:02.053Z","barcode":"8829514594521","qrCode":"https://cdn.dummyjson.com/public/qr-code.png"},"images":["https://cdn.dummyjson.com/product-images/groceries/chicken-meat/1.webp","https://cdn.dummyjson.com/product-images/groceries/chicken-meat/2.webp"],"thumbnail":"https://cdn.dummyjson.com/product-images/groceries/chicken-meat/thumbnail.webp"},{"id":20,"title":"Cooking Oil","description":"Versatile cooking oil suitable for frying, sautéing, and various culinary applications.","category":"groceries","price":4.99,"discountPercentage":9.33,"rating":4.8,"stock":10,"tags":["cooking essentials"],"sku":"GRO-BRD-COO-020","weight":5,"dimensions":{"width":19.95,"height":27.54,"depth":24.86},"warrantyInformation":"Lifetime warranty","shippingInformation":"Ships in 1-2 business days","availabilityStatus":"In Stock","reviews":[{"rating":5,"comment":"Very happy with my purchase!","date":"2025-04-30T09:41:02.053Z","reviewerName":"Victoria McDonald","reviewerEmail":"victoria.mcdonald@x.dummyjson.com"},{"rating":2,"comment":"Would not recommend!","date":"2025-04-30T09:41:02.053Z","reviewerName":"Hazel Evans","reviewerEmail":"hazel.evans@x.dummyjson.com"},{"rating":5,"comment":"Would buy again!","date":"2025-04-30T09:41:02.053Z","reviewerName":"Zoe Bennett","reviewerEmail":"zoe.bennett@x.dummyjson.com"}],"returnPolicy":"30 days return policy","minimumOrderQuantity":46,"meta":{"createdAt":"2025-04-30T09:41:02.053Z","updatedAt":"2025-04-30T09:41:02.053Z","barcode":"4874727824518","qrCode":"https://cdn.dummyjson.com/public/qr-code.png"},"images":["https://cdn.dummyjson.com/product-images/groceries/cooking-oil/1.webp"],"thumbnail":"https://cdn.dummyjson.com/product-images/groceries/cooking-oil/thumbnail.webp"},{"id":21,"title":"Cucumber","description":"Crisp and hydrating cucumbers, ideal for salads, snacks, or as a refreshing side.","category":"groceries","price":1.49,"discountPercentage":0.16,"rating":4.07,"stock":84,"tags":["vegetables"],"sku":"GRO-BRD-CUC-021","weight":4,"dimensions":{"width":12.8,"height":28.38,"depth":21.34},"warrantyInformation":"2 year warranty","shippingInformation":"Ships in 1-2 business days","availabilityStatus":"In Stock","reviews":[{"rating":4,"comment":"Great product!","date":"2025-04-30T09:41:02.053Z","reviewerName":"Lincoln Kelly","reviewerEmail":"lincoln.kelly@x.dummyjson.com"},{"rating":4,"comment":"Great value for money!","date":"2025-04-30T09:41:02.053Z","reviewerName":"Savannah Gomez","reviewerEmail":"savannah.gomez@x.dummyjson.com"},{"rating":2,"comment":"Poor quality!","date":"2025-04-30T09:41:02.053Z","reviewerName":"James Davis","reviewerEmail":"james.davis@x.dummyjson.com"}],"returnPolicy":"7 days return policy","minimumOrderQuantity":2,"meta":{"createdAt":"2025-04-30T09:41:02.053Z","updatedAt":"2025-04-30T09:41:02.053Z","barcode":"5300066378225","qrCode":"https://cdn.dummyjson.com/public/qr-code.png"},"images":["https://cdn.dummyjson.com/product-images/groceries/cucumber/1.webp"],"thumbnail":"https://cdn.dummyjson.com/product-images/groceries/cucumber/thumbnail.webp"},{"id":22,"title":"Dog Food","description":"Specially formulated dog food designed to provide essential nutrients for your canine companion.","category":"groceries","price":10.99,"discountPercentage":10.27,"rating":4.55,"stock":71,"tags":["pet supplies","dog food"],"sku":"GRO-BRD-FOO-022","weight":10,"dimensions":{"width":16.93,"height":27.15,"depth":9.29},"warrantyInformation":"No warranty","shippingInformation":"Ships in 1-2 business days","availabilityStatus":"In Stock","reviews":[{"rating":5,"comment":"Excellent quality!","date":"2025-04-30T09:41:02.053Z","reviewerName":"Nicholas Edwards","reviewerEmail":"nicholas.edwards@x.dummyjson.com"},{"rating":5,"comment":"Awesome product!","date":"2025-04-30T09:41:02.053Z","reviewerName":"Zachary Lee","reviewerEmail":"zachary.lee@x.dummyjson.com"},{"rating":4,"comment":"Great product!","date":"2025-04-30T09:41:02.053Z","reviewerName":"Nova Cooper","reviewerEmail":"nova.cooper@x.dummyjson.com"}],"returnPolicy":"60 days return policy","minimumOrderQuantity":43,"meta":{"createdAt":"2025-04-30T09:41:02.053Z","updatedAt":"2025-04-30T09:41:02.053Z","barcode":"5906686116469","qrCode":"https://cdn.dummyjson.com/public/qr-code.png"},"images":["https://cdn.dummyjson.com/product-images/groceries/dog-food/1.webp"],"thumbnail":"https://cdn.dummyjson.com/product-images/groceries/dog-food/thumbnail.webp"},{"id":23,"title":"Eggs","description":"Fresh eggs, a versatile ingredient for baking, cooking, or breakfast.","category":"groceries","price":2.99,"discountPercentage":11.05,"rating":2.53,"stock":9,"tags":["dairy"],"sku":"GRO-BRD-EGG-023","weight":2,"dimensions":{"width":11.42,"height":7.44,"depth":16.95},"warrantyInformation":"1 week warranty","shippingInformation":"Ships in 1 week","availabilityStatus":"In Stock","reviews":[{"rating":3,"comment":"Disappointing product!","date":"2025-04-30T09:41:02.053Z","reviewerName":"Penelope King","reviewerEmail":"penelope.king@x.dummyjson.com"},{"rating":3,"comment":"Poor quality!","date":"2025-04-30T09:41:02.053Z","reviewerName":"Eleanor Tyler","reviewerEmail":"eleanor.tyler@x.dummyjson.com"},{"rating":4,"comment":"Very pleased!","date":"2025-04-30T09:41:02.053Z","reviewerName":"Benjamin Foster","reviewerEmail":"benjamin.foster@x.dummyjson.com"}],"returnPolicy":"No return policy","minimumOrderQuantity":32,"meta":{"createdAt":"2025-04-30T09:41:02.053Z","updatedAt":"2025-04-30T09:41:02.053Z","barcode":"3478638588469","qrCode":"https://cdn.dummyjson.com/public/qr-code.png"},"images":["https://cdn.dummyjson.com/product-images/groceries/eggs/1.webp"],"thumbnail":"https://cdn.dummyjson.com/product-images/groceries/eggs/thumbnail.webp"},{"id":24,"title":"Fish Steak","description":"Quality fish steak, suitable for grilling, baking, or pan-searing.","category":"groceries","price":14.99,"discountPercentage":4.23,"rating":3.78,"stock":74,"tags":["seafood"],"sku":"GRO-BRD-FIS-024","weight":6,"dimensions":{"width":14.95,"height":26.31,"depth":11.27},"warrantyInformation":"1 month warranty","shippingInformation":"Ships in 3-5 business days","availabilityStatus":"In Stock","reviews":[{"rating":2,"comment":"Would not buy again!","date":"2025-04-30T09:41:02.053Z","reviewerName":"Caleb Perkins","reviewerEmail":"caleb.perkins@x.dummyjson.com"},{"rating":5,"comment":"Excellent quality!","date":"2025-04-30T09:41:02.053Z","reviewerName":"Isabella Jackson","reviewerEmail":"isabella.jackson@x.dummyjson.com"},{"rating":4,"comment":"Great value for money!","date":"2025-04-30T09:41:02.053Z","reviewerName":"Nathan Dixon","reviewerEmail":"nathan.dixon@x.dummyjson.com"}],"returnPolicy":"60 days return policy","minimumOrderQuantity":50,"meta":{"createdAt":"2025-04-30T09:41:02.053Z","updatedAt":"2025-04-30T09:41:02.053Z","barcode":"9595036192098","qrCode":"https://cdn.dummyjson.com/public/qr-code.png"},"images":["https://cdn.dummyjson.com/product-images/groceries/fish-steak/1.webp"],"thumbnail":"https://cdn.dummyjson.com/product-images/groceries/fish-steak/thumbnail.webp"},{"id":25,"title":"Green Bell Pepper","description":"Fresh and vibrant green bell pepper, perfect for adding color and flavor to your dishes.","category":"groceries","price":1.29,"discountPercentage":0.16,"rating":3.25,"stock":33,"tags":["vegetables"],"sku":"GRO-BRD-GRE-025","weight":2,"dimensions":{"width":15.33,"height":26.65,"depth":14.44},"warrantyInformation":"1 month warranty","shippingInformation":"Ships in 1 week","availabilityStatus":"In Stock","reviews":[{"rating":4,"comment":"Highly recommended!","date":"2025-04-30T09:41:02.053Z","reviewerName":"Avery Carter","reviewerEmail":"avery.carter@x.dummyjson.com"},{"rating":3,"comment":"Would not recommend!","date":"2025-04-30T09:41:02.053Z","reviewerName":"Henry Hill","reviewerEmail":"henry.hill@x.dummyjson.com"},{"rating":5,"comment":"Excellent quality!","date":"2025-04-30T09:41:02.053Z","reviewerName":"Addison Wright","reviewerEmail":"addison.wright@x.dummyjson.com"}],"returnPolicy":"30 days return policy","minimumOrderQuantity":12,"meta":{"createdAt":"2025-04-30T09:41:02.053Z","updatedAt":"2025-04-30T09:41:02.053Z","barcode":"2365227493323","qrCode":"https://cdn.dummyjson.com/public/qr-code.png"},"images":["https://cdn.dummyjson.com/product-images/groceries/green-bell-pepper/1.webp"],"thumbnail":"https://cdn.dummyjson.com/product-images/groceries/green-bell-pepper/thumbnail.webp"},{"id":26,"title":"Green Chili Pepper","description":"Spicy green chili pepper, ideal for adding heat to your favorite recipes.","category":"groceries","price":0.99,"discountPercentage":1,"rating":3.66,"stock":3,"tags":["vegetables"],"sku":"GRO-BRD-GRE-026","weight":7,"dimensions":{"width":15.38,"height":18.12,"depth":19.92},"warrantyInformation":"2 year warranty","shippingInformation":"Ships in 1 week","availabilityStatus":"Low Stock","reviews":[{"rating":4,"comment":"Great product!","date":"2025-04-30T09:41:02.053Z","reviewerName":"Luna Russell","reviewerEmail":"luna.russell@x.dummyjson.com"},{"rating":1,"comment":"Waste of money!","date":"2025-04-30T09:41:02.053Z","reviewerName":"Noah Lewis","reviewerEmail":"noah.lewis@x.dummyjson.com"},{"rating":3,"comment":"Very disappointed!","date":"2025-04-30T09:41:02.053Z","reviewerName":"Clara Berry","reviewerEmail":"clara.berry@x.dummyjson.com"}],"returnPolicy":"30 days return policy","minimumOrderQuantity":39,"meta":{"createdAt":"2025-04-30T09:41:02.053Z","updatedAt":"2025-04-30T09:41:02.053Z","barcode":"9335000538563","qrCode":"https://cdn.dummyjson.com/public/qr-code.png"},"images":["https://cdn.dummyjson.com/product-images/groceries/green-chili-pepper/1.webp"],"thumbnail":"https://cdn.dummyjson.com/product-images/groceries/green-chili-pepper/thumbnail.webp"},{"id":27,"title":"Honey Jar","description":"Pure and natural honey in a convenient jar, perfect for sweetening beverages or drizzling over food.","category":"groceries","price":6.99,"discountPercentage":14.4,"rating":3.97,"stock":34,"tags":["condiments"],"sku":"GRO-BRD-HON-027","weight":2,"dimensions":{"width":9.28,"height":21.72,"depth":17.74},"warrantyInformation":"1 month warranty","shippingInformation":"Ships in 1-2 business days","availabilityStatus":"In Stock","reviews":[{"rating":1,"comment":"Very disappointed!","date":"2025-04-30T09:41:02.053Z","reviewerName":"Autumn Gomez","reviewerEmail":"autumn.gomez@x.dummyjson.com"},{"rating":4,"comment":"Highly impressed!","date":"2025-04-30T09:41:02.053Z","reviewerName":"Benjamin Wilson","reviewerEmail":"benjamin.wilson@x.dummyjson.com"},{"rating":2,"comment":"Very disappointed!","date":"2025-04-30T09:41:02.053Z","reviewerName":"Nicholas Edwards","reviewerEmail":"nicholas.edwards@x.dummyjson.com"}],"returnPolicy":"90 days return policy","minimumOrderQuantity":47,"meta":{"createdAt":"2025-04-30T09:41:02.053Z","updatedAt":"2025-04-30T09:41:02.053Z","barcode":"6354306346329","qrCode":"https://cdn.dummyjson.com/public/qr-code.png"},"images":["https://cdn.dummyjson.com/product-images/groceries/honey-jar/1.webp"],"thumbnail":"https://cdn.dummyjson.com/product-images/groceries/honey-jar/thumbnail.webp"},{"id":28,"title":"Ice Cream","description":"Creamy and delicious ice cream, available in various flavors for a delightful treat.","category":"groceries","price":5.49,"discountPercentage":8.69,"rating":3.39,"stock":27,"tags":["desserts"],"sku":"GRO-BRD-CRE-028","weight":1,"dimensions":{"width":14.83,"height":15.07,"depth":24.2},"warrantyInformation":"1 month warranty","shippingInformation":"Ships in 2 weeks","availabilityStatus":"In Stock","reviews":[{"rating":5,"comment":"Very pleased!","date":"2025-04-30T09:41:02.053Z","reviewerName":"Elijah Cruz","reviewerEmail":"elijah.cruz@x.dummyjson.com"},{"rating":4,"comment":"Excellent quality!","date":"2025-04-30T09:41:02.053Z","reviewerName":"Jace Smith","reviewerEmail":"jace.smith@x.dummyjson.com"},{"rating":5,"comment":"Highly impressed!","date":"2025-04-30T09:41:02.053Z","reviewerName":"Sadie Morales","reviewerEmail":"sadie.morales@x.dummyjson.com"}],"returnPolicy":"No return policy","minimumOrderQuantity":42,"meta":{"createdAt":"2025-04-30T09:41:02.053Z","updatedAt":"2025-04-30T09:41:02.053Z","barcode":"0788954559076","qrCode":"https://cdn.dummyjson.com/public/qr-code.png"},"images":["https://cdn.dummyjson.com/product-images/groceries/ice-cream/1.webp","https://cdn.dummyjson.com/product-images/groceries/ice-cream/2.webp","https://cdn.dummyjson.com/product-images/groceries/ice-cream/3.webp","https://cdn.dummyjson.com/product-images/groceries/ice-cream/4.webp"],"thumbnail":"https://cdn.dummyjson.com/product-images/groceries/ice-cream/thumbnail.webp"},{"id":29,"title":"Juice","description":"Refreshing fruit juice, packed with vitamins and great for staying hydrated.","category":"groceries","price":3.99,"discountPercentage":12.06,"rating":3.94,"stock":50,"tags":["beverages"],"sku":"GRO-BRD-JUI-029","weight":1,"dimensions":{"width":18.56,"height":21.46,"depth":28.02},"warrantyInformation":"6 months warranty","shippingInformation":"Ships in 1 week","availabilityStatus":"In Stock","reviews":[{"rating":5,"comment":"Excellent quality!","date":"2025-04-30T09:41:02.053Z","reviewerName":"Nolan Gonzalez","reviewerEmail":"nolan.gonzalez@x.dummyjson.com"},{"rating":4,"comment":"Would buy again!","date":"2025-04-30T09:41:02.053Z","reviewerName":"Bella Grant","reviewerEmail":"bella.grant@x.dummyjson.com"},{"rating":5,"comment":"Awesome product!","date":"2025-04-30T09:41:02.053Z","reviewerName":"Aria Flores","reviewerEmail":"aria.flores@x.dummyjson.com"}],"returnPolicy":"No return policy","minimumOrderQuantity":25,"meta":{"createdAt":"2025-04-30T09:41:02.053Z","updatedAt":"2025-04-30T09:41:02.053Z","barcode":"6936112580956","qrCode":"https://cdn.dummyjson.com/public/qr-code.png"},"images":["https://cdn.dummyjson.com/product-images/groceries/juice/1.webp"],"thumbnail":"https://cdn.dummyjson.com/product-images/groceries/juice/thumbnail.webp"},{"id":30,"title":"Kiwi","description":"Nutrient-rich kiwi, perfect for snacking or adding a tropical twist to your dishes.","category":"groceries","price":2.49,"discountPercentage":15.22,"rating":4.93,"stock":99,"tags":["fruits"],"sku":"GRO-BRD-KIW-030","weight":5,"dimensions":{"width":19.4,"height":18.67,"depth":17.13},"warrantyInformation":"6 months warranty","shippingInformation":"Ships overnight","availabilityStatus":"In Stock","reviews":[{"rating":4,"comment":"Highly recommended!","date":"2025-04-30T09:41:02.053Z","reviewerName":"Emily Brown","reviewerEmail":"emily.brown@x.dummyjson.com"},{"rating":2,"comment":"Would not buy again!","date":"2025-04-30T09:41:02.053Z","reviewerName":"Jackson Morales","reviewerEmail":"jackson.morales@x.dummyjson.com"},{"rating":4,"comment":"Fast shipping!","date":"2025-04-30T09:41:02.053Z","reviewerName":"Nora Russell","reviewerEmail":"nora.russell@x.dummyjson.com"}],"returnPolicy":"7 days return policy","minimumOrderQuantity":30,"meta":{"createdAt":"2025-04-30T09:41:02.053Z","updatedAt":"2025-04-30T09:41:02.053Z","barcode":"2530169917252","qrCode":"https://cdn.dummyjson.com/public/qr-code.png"},"images":["https://cdn.dummyjson.com/product-images/groceries/kiwi/1.webp"],"thumbnail":"https://cdn.dummyjson.com/product-images/groceries/kiwi/thumbnail.webp"}],"total":194,"skip":0,"limit":30}

	at java.base/jdk.internal.reflect.DirectConstructorHandleAccessor.newInstance(DirectConstructorHandleAccessor.java:62)
	at java.base/java.lang.reflect.Constructor.newInstanceWithCaller(Constructor.java:501)
	at java.base/java.lang.reflect.Constructor.newInstance(Constructor.java:485)
	at org.codehaus.groovy.reflection.CachedConstructor.invoke(CachedConstructor.java:73)
	at org.codehaus.groovy.runtime.callsite.ConstructorSite$ConstructorSiteNoUnwrapNoCoerce.callConstructor(ConstructorSite.java:108)
	at org.codehaus.groovy.runtime.callsite.CallSiteArray.defaultCallConstructor(CallSiteArray.java:57)
	at org.codehaus.groovy.runtime.callsite.AbstractCallSite.callConstructor(AbstractCallSite.java:263)
	at org.codehaus.groovy.runtime.callsite.AbstractCallSite.callConstructor(AbstractCallSite.java:277)
	at io.restassured.internal.ResponseSpecificationImpl$HamcrestAssertionClosure.validate(ResponseSpecificationImpl.groovy:512)
	at io.restassured.internal.ResponseSpecificationImpl$HamcrestAssertionClosure$validate$1.call(Unknown Source)
	at io.restassured.internal.ResponseSpecificationImpl.validateResponseIfRequired(ResponseSpecificationImpl.groovy:696)
	at io.restassured.internal.ResponseSpecificationImpl.this$2$validateResponseIfRequired(ResponseSpecificationImpl.groovy)
	at java.base/jdk.internal.reflect.DirectMethodHandleAccessor.invoke(DirectMethodHandleAccessor.java:103)
	at java.base/java.lang.reflect.Method.invoke(Method.java:580)
	at org.codehaus.groovy.runtime.callsite.PlainObjectMetaMethodSite.doInvoke(PlainObjectMetaMethodSite.java:43)
	at org.codehaus.groovy.runtime.callsite.PogoMetaMethodSite$PogoCachedMethodSiteNoUnwrapNoCoerce.invoke(PogoMetaMethodSite.java:198)
	at org.codehaus.groovy.runtime.callsite.PogoMetaMethodSite.callCurrent(PogoMetaMethodSite.java:62)
	at org.codehaus.groovy.runtime.callsite.AbstractCallSite.callCurrent(AbstractCallSite.java:185)
	at io.restassured.internal.ResponseSpecificationImpl.body(ResponseSpecificationImpl.groovy:107)
	at io.restassured.internal.ValidatableResponseOptionsImpl.body(ValidatableResponseOptionsImpl.java:238)
	at br.com.aval.testes.product.ProductTest.validateProductsSchema(ProductTest.java:35)
	at java.base/jdk.internal.reflect.DirectMethodHandleAccessor.invoke(DirectMethodHandleAccessor.java:103)
	at java.base/java.lang.reflect.Method.invoke(Method.java:580)
	at org.junit.platform.commons.util.ReflectionUtils.invokeMethod(ReflectionUtils.java:728)
	at org.junit.jupiter.engine.execution.MethodInvocation.proceed(MethodInvocation.java:60)
	at org.junit.jupiter.engine.execution.InvocationInterceptorChain$ValidatingInvocation.proceed(InvocationInterceptorChain.java:131)
	at org.junit.jupiter.engine.extension.TimeoutExtension.intercept(TimeoutExtension.java:156)
	at org.junit.jupiter.engine.extension.TimeoutExtension.interceptTestableMethod(TimeoutExtension.java:147)
	at org.junit.jupiter.engine.extension.TimeoutExtension.interceptTestMethod(TimeoutExtension.java:86)
	at org.junit.jupiter.engine.execution.InterceptingExecutableInvoker$ReflectiveInterceptorCall.lambda$ofVoidMethod$0(InterceptingExecutableInvoker.java:103)
	at org.junit.jupiter.engine.execution.InterceptingExecutableInvoker.lambda$invoke$0(InterceptingExecutableInvoker.java:93)
	at org.junit.jupiter.engine.execution.InvocationInterceptorChain$InterceptedInvocation.proceed(InvocationInterceptorChain.java:106)
	at org.junit.jupiter.engine.execution.InvocationInterceptorChain.proceed(InvocationInterceptorChain.java:64)
	at org.junit.jupiter.engine.execution.InvocationInterceptorChain.chainAndInvoke(InvocationInterceptorChain.java:45)
	at org.junit.jupiter.engine.execution.InvocationInterceptorChain.invoke(InvocationInterceptorChain.java:37)
	at org.junit.jupiter.engine.execution.InterceptingExecutableInvoker.invoke(InterceptingExecutableInvoker.java:92)
	at org.junit.jupiter.engine.execution.InterceptingExecutableInvoker.invoke(InterceptingExecutableInvoker.java:86)
	at org.junit.jupiter.engine.descriptor.TestMethodTestDescriptor.lambda$invokeTestMethod$7(TestMethodTestDescriptor.java:218)
	at org.junit.platform.engine.support.hierarchical.ThrowableCollector.execute(ThrowableCollector.java:73)
	at org.junit.jupiter.engine.descriptor.TestMethodTestDescriptor.invokeTestMethod(TestMethodTestDescriptor.java:214)
	at org.junit.jupiter.engine.descriptor.TestMethodTestDescriptor.execute(TestMethodTestDescriptor.java:139)
	at org.junit.jupiter.engine.descriptor.TestMethodTestDescriptor.execute(TestMethodTestDescriptor.java:69)
	at org.junit.platform.engine.support.hierarchical.NodeTestTask.lambda$executeRecursively$6(NodeTestTask.java:151)
	at org.junit.platform.engine.support.hierarchical.ThrowableCollector.execute(ThrowableCollector.java:73)
	at org.junit.platform.engine.support.hierarchical.NodeTestTask.lambda$executeRecursively$8(NodeTestTask.java:141)
	at org.junit.platform.engine.support.hierarchical.Node.around(Node.java:137)
	at org.junit.platform.engine.support.hierarchical.NodeTestTask.lambda$executeRecursively$9(NodeTestTask.java:139)
	at org.junit.platform.engine.support.hierarchical.ThrowableCollector.execute(ThrowableCollector.java:73)
	at org.junit.platform.engine.support.hierarchical.NodeTestTask.executeRecursively(NodeTestTask.java:138)
	at org.junit.platform.engine.support.hierarchical.NodeTestTask.execute(NodeTestTask.java:95)
	at java.base/java.util.ArrayList.forEach(ArrayList.java:1597)
	at org.junit.platform.engine.support.hierarchical.SameThreadHierarchicalTestExecutorService.invokeAll(SameThreadHierarchicalTestExecutorService.java:41)
	at org.junit.platform.engine.support.hierarchical.NodeTestTask.lambda$executeRecursively$6(NodeTestTask.java:155)
	at org.junit.platform.engine.support.hierarchical.ThrowableCollector.execute(ThrowableCollector.java:73)
	at org.junit.platform.engine.support.hierarchical.NodeTestTask.lambda$executeRecursively$8(NodeTestTask.java:141)
	at org.junit.platform.engine.support.hierarchical.Node.around(Node.java:137)
	at org.junit.platform.engine.support.hierarchical.NodeTestTask.lambda$executeRecursively$9(NodeTestTask.java:139)
	at org.junit.platform.engine.support.hierarchical.ThrowableCollector.execute(ThrowableCollector.java:73)
	at org.junit.platform.engine.support.hierarchical.NodeTestTask.executeRecursively(NodeTestTask.java:138)
	at org.junit.platform.engine.support.hierarchical.NodeTestTask.execute(NodeTestTask.java:95)
	at java.base/java.util.ArrayList.forEach(ArrayList.java:1597)
	at org.junit.platform.engine.support.hierarchical.SameThreadHierarchicalTestExecutorService.invokeAll(SameThreadHierarchicalTestExecutorService.java:41)
	at org.junit.platform.engine.support.hierarchical.NodeTestTask.lambda$executeRecursively$6(NodeTestTask.java:155)
	at org.junit.platform.engine.support.hierarchical.ThrowableCollector.execute(ThrowableCollector.java:73)
	at org.junit.platform.engine.support.hierarchical.NodeTestTask.lambda$executeRecursively$8(NodeTestTask.java:141)
	at org.junit.platform.engine.support.hierarchical.Node.around(Node.java:137)
	at org.junit.platform.engine.support.hierarchical.NodeTestTask.lambda$executeRecursively$9(NodeTestTask.java:139)
	at org.junit.platform.engine.support.hierarchical.ThrowableCollector.execute(ThrowableCollector.java:73)
	at org.junit.platform.engine.support.hierarchical.NodeTestTask.executeRecursively(NodeTestTask.java:138)
	at org.junit.platform.engine.support.hierarchical.NodeTestTask.execute(NodeTestTask.java:95)
	at org.junit.platform.engine.support.hierarchical.SameThreadHierarchicalTestExecutorService.submit(SameThreadHierarchicalTestExecutorService.java:35)
	at org.junit.platform.engine.support.hierarchical.HierarchicalTestExecutor.execute(HierarchicalTestExecutor.java:57)
	at org.junit.platform.engine.support.hierarchical.HierarchicalTestEngine.execute(HierarchicalTestEngine.java:54)
	at org.junit.platform.launcher.core.EngineExecutionOrchestrator.execute(EngineExecutionOrchestrator.java:147)
	at org.junit.platform.launcher.core.EngineExecutionOrchestrator.execute(EngineExecutionOrchestrator.java:127)
	at org.junit.platform.launcher.core.EngineExecutionOrchestrator.execute(EngineExecutionOrchestrator.java:90)
	at org.junit.platform.launcher.core.EngineExecutionOrchestrator.lambda$execute$0(EngineExecutionOrchestrator.java:55)
	at org.junit.platform.launcher.core.EngineExecutionOrchestrator.withInterceptedStreams(EngineExecutionOrchestrator.java:102)
	at org.junit.platform.launcher.core.EngineExecutionOrchestrator.execute(EngineExecutionOrchestrator.java:54)
	at org.junit.platform.launcher.core.DefaultLauncher.execute(DefaultLauncher.java:114)
	at org.junit.platform.launcher.core.DefaultLauncher.execute(DefaultLauncher.java:86)
	at org.junit.platform.launcher.core.DefaultLauncherSession$DelegatingLauncher.execute(DefaultLauncherSession.java:86)
	at org.apache.maven.surefire.junitplatform.LazyLauncher.execute(LazyLauncher.java:56)
	at org.apache.maven.surefire.junitplatform.JUnitPlatformProvider.execute(JUnitPlatformProvider.java:184)
	at org.apache.maven.surefire.junitplatform.JUnitPlatformProvider.invokeAllTests(JUnitPlatformProvider.java:148)
	at org.apache.maven.surefire.junitplatform.JUnitPlatformProvider.invoke(JUnitPlatformProvider.java:122)
	at org.apache.maven.surefire.booter.ForkedBooter.runSuitesInProcess(ForkedBooter.java:385)
	at org.apache.maven.surefire.booter.ForkedBooter.execute(ForkedBooter.java:162)
	at org.apache.maven.surefire.booter.ForkedBooter.run(ForkedBooter.java:507)
	at org.apache.maven.surefire.booter.ForkedBooter.main(ForkedBooter.java:495)
]]></failure>
    <system-out><![CDATA[Request method:	GET
Request URI:	https://dummyjson.com/auth/products
Proxy:			<none>
Request params:	<none>
Query params:	<none>
Form params:	<none>
Path params:	<none>
Headers:		Authorization=Bearer eyJhbGciOiJIUzI1NiIsInR5cCI6IkpXVCJ9.eyJpZCI6MSwidXNlcm5hbWUiOiJlbWlseXMiLCJlbWFpbCI6ImVtaWx5LmpvaG5zb25AeC5kdW1teWpzb24uY29tIiwiZmlyc3ROYW1lIjoiRW1pbHkiLCJsYXN0TmFtZSI6IkpvaG5zb24iLCJnZW5kZXIiOiJmZW1hbGUiLCJpbWFnZSI6Imh0dHBzOi8vZHVtbXlqc29uLmNvbS9pY29uL2VtaWx5cy8xMjgiLCJpYXQiOjE3NDc0MDIyMTIsImV4cCI6MTc0NzQwNTgxMn0.RXiCXmfgsmQcYHhv58owIboV7Uj1ueCYED4SJy-Nsgg
				Accept=*/*
				Content-Type=application/json
Cookies:		<none>
Multiparts:		<none>
Body:			<none>
]]></system-out>
  </testcase>
  <testcase name="getProductByInvalidId" classname="br.com.aval.testes.product.ProductTest" time="0.394">
    <system-out><![CDATA[Request method:	GET
Request URI:	https://dummyjson.com/products/324321212
Proxy:			<none>
Request params:	<none>
Query params:	<none>
Form params:	<none>
Path params:	<none>
Headers:		Accept=*/*
				Content-Type=application/json
Cookies:		<none>
Multiparts:		<none>
Body:			<none>
]]></system-out>
  </testcase>
  <testcase name="deleteProductFromList" classname="br.com.aval.testes.product.ProductTest" time="1.234">
    <failure message="1 expectation failed.&#10;Expected status code &lt;404&gt; but was &lt;200&gt;.&#10;" type="java.lang.AssertionError"><![CDATA[java.lang.AssertionError: 
1 expectation failed.
Expected status code <404> but was <200>.

	at java.base/jdk.internal.reflect.DirectConstructorHandleAccessor.newInstance(DirectConstructorHandleAccessor.java:62)
	at java.base/java.lang.reflect.Constructor.newInstanceWithCaller(Constructor.java:501)
	at java.base/java.lang.reflect.Constructor.newInstance(Constructor.java:485)
	at org.codehaus.groovy.reflection.CachedConstructor.invoke(CachedConstructor.java:73)
	at org.codehaus.groovy.runtime.callsite.ConstructorSite$ConstructorSiteNoUnwrapNoCoerce.callConstructor(ConstructorSite.java:108)
	at org.codehaus.groovy.runtime.callsite.AbstractCallSite.callConstructor(AbstractCallSite.java:277)
	at io.restassured.internal.ResponseSpecificationImpl$HamcrestAssertionClosure.validate(ResponseSpecificationImpl.groovy:512)
	at io.restassured.internal.ResponseSpecificationImpl$HamcrestAssertionClosure$validate$1.call(Unknown Source)
	at io.restassured.internal.ResponseSpecificationImpl.validateResponseIfRequired(ResponseSpecificationImpl.groovy:696)
	at io.restassured.internal.ResponseSpecificationImpl.this$2$validateResponseIfRequired(ResponseSpecificationImpl.groovy)
	at java.base/jdk.internal.reflect.DirectMethodHandleAccessor.invoke(DirectMethodHandleAccessor.java:103)
	at java.base/java.lang.reflect.Method.invoke(Method.java:580)
	at org.codehaus.groovy.runtime.callsite.PlainObjectMetaMethodSite.doInvoke(PlainObjectMetaMethodSite.java:43)
	at org.codehaus.groovy.runtime.callsite.PogoMetaMethodSite$PogoCachedMethodSiteNoUnwrapNoCoerce.invoke(PogoMetaMethodSite.java:198)
	at org.codehaus.groovy.runtime.callsite.PogoMetaMethodSite.callCurrent(PogoMetaMethodSite.java:62)
	at org.codehaus.groovy.runtime.callsite.AbstractCallSite.callCurrent(AbstractCallSite.java:185)
	at io.restassured.internal.ResponseSpecificationImpl.statusCode(ResponseSpecificationImpl.groovy:135)
	at io.restassured.specification.ResponseSpecification$statusCode$0.callCurrent(Unknown Source)
	at io.restassured.internal.ResponseSpecificationImpl.statusCode(ResponseSpecificationImpl.groovy:143)
	at io.restassured.internal.ValidatableResponseOptionsImpl.statusCode(ValidatableResponseOptionsImpl.java:89)
	at br.com.aval.testes.product.ProductTest.deleteProductFromList(ProductTest.java:170)
	at java.base/jdk.internal.reflect.DirectMethodHandleAccessor.invoke(DirectMethodHandleAccessor.java:103)
	at java.base/java.lang.reflect.Method.invoke(Method.java:580)
	at org.junit.platform.commons.util.ReflectionUtils.invokeMethod(ReflectionUtils.java:728)
	at org.junit.jupiter.engine.execution.MethodInvocation.proceed(MethodInvocation.java:60)
	at org.junit.jupiter.engine.execution.InvocationInterceptorChain$ValidatingInvocation.proceed(InvocationInterceptorChain.java:131)
	at org.junit.jupiter.engine.extension.TimeoutExtension.intercept(TimeoutExtension.java:156)
	at org.junit.jupiter.engine.extension.TimeoutExtension.interceptTestableMethod(TimeoutExtension.java:147)
	at org.junit.jupiter.engine.extension.TimeoutExtension.interceptTestMethod(TimeoutExtension.java:86)
	at org.junit.jupiter.engine.execution.InterceptingExecutableInvoker$ReflectiveInterceptorCall.lambda$ofVoidMethod$0(InterceptingExecutableInvoker.java:103)
	at org.junit.jupiter.engine.execution.InterceptingExecutableInvoker.lambda$invoke$0(InterceptingExecutableInvoker.java:93)
	at org.junit.jupiter.engine.execution.InvocationInterceptorChain$InterceptedInvocation.proceed(InvocationInterceptorChain.java:106)
	at org.junit.jupiter.engine.execution.InvocationInterceptorChain.proceed(InvocationInterceptorChain.java:64)
	at org.junit.jupiter.engine.execution.InvocationInterceptorChain.chainAndInvoke(InvocationInterceptorChain.java:45)
	at org.junit.jupiter.engine.execution.InvocationInterceptorChain.invoke(InvocationInterceptorChain.java:37)
	at org.junit.jupiter.engine.execution.InterceptingExecutableInvoker.invoke(InterceptingExecutableInvoker.java:92)
	at org.junit.jupiter.engine.execution.InterceptingExecutableInvoker.invoke(InterceptingExecutableInvoker.java:86)
	at org.junit.jupiter.engine.descriptor.TestMethodTestDescriptor.lambda$invokeTestMethod$7(TestMethodTestDescriptor.java:218)
	at org.junit.platform.engine.support.hierarchical.ThrowableCollector.execute(ThrowableCollector.java:73)
	at org.junit.jupiter.engine.descriptor.TestMethodTestDescriptor.invokeTestMethod(TestMethodTestDescriptor.java:214)
	at org.junit.jupiter.engine.descriptor.TestMethodTestDescriptor.execute(TestMethodTestDescriptor.java:139)
	at org.junit.jupiter.engine.descriptor.TestMethodTestDescriptor.execute(TestMethodTestDescriptor.java:69)
	at org.junit.platform.engine.support.hierarchical.NodeTestTask.lambda$executeRecursively$6(NodeTestTask.java:151)
	at org.junit.platform.engine.support.hierarchical.ThrowableCollector.execute(ThrowableCollector.java:73)
	at org.junit.platform.engine.support.hierarchical.NodeTestTask.lambda$executeRecursively$8(NodeTestTask.java:141)
	at org.junit.platform.engine.support.hierarchical.Node.around(Node.java:137)
	at org.junit.platform.engine.support.hierarchical.NodeTestTask.lambda$executeRecursively$9(NodeTestTask.java:139)
	at org.junit.platform.engine.support.hierarchical.ThrowableCollector.execute(ThrowableCollector.java:73)
	at org.junit.platform.engine.support.hierarchical.NodeTestTask.executeRecursively(NodeTestTask.java:138)
	at org.junit.platform.engine.support.hierarchical.NodeTestTask.execute(NodeTestTask.java:95)
	at java.base/java.util.ArrayList.forEach(ArrayList.java:1597)
	at org.junit.platform.engine.support.hierarchical.SameThreadHierarchicalTestExecutorService.invokeAll(SameThreadHierarchicalTestExecutorService.java:41)
	at org.junit.platform.engine.support.hierarchical.NodeTestTask.lambda$executeRecursively$6(NodeTestTask.java:155)
	at org.junit.platform.engine.support.hierarchical.ThrowableCollector.execute(ThrowableCollector.java:73)
	at org.junit.platform.engine.support.hierarchical.NodeTestTask.lambda$executeRecursively$8(NodeTestTask.java:141)
	at org.junit.platform.engine.support.hierarchical.Node.around(Node.java:137)
	at org.junit.platform.engine.support.hierarchical.NodeTestTask.lambda$executeRecursively$9(NodeTestTask.java:139)
	at org.junit.platform.engine.support.hierarchical.ThrowableCollector.execute(ThrowableCollector.java:73)
	at org.junit.platform.engine.support.hierarchical.NodeTestTask.executeRecursively(NodeTestTask.java:138)
	at org.junit.platform.engine.support.hierarchical.NodeTestTask.execute(NodeTestTask.java:95)
	at java.base/java.util.ArrayList.forEach(ArrayList.java:1597)
	at org.junit.platform.engine.support.hierarchical.SameThreadHierarchicalTestExecutorService.invokeAll(SameThreadHierarchicalTestExecutorService.java:41)
	at org.junit.platform.engine.support.hierarchical.NodeTestTask.lambda$executeRecursively$6(NodeTestTask.java:155)
	at org.junit.platform.engine.support.hierarchical.ThrowableCollector.execute(ThrowableCollector.java:73)
	at org.junit.platform.engine.support.hierarchical.NodeTestTask.lambda$executeRecursively$8(NodeTestTask.java:141)
	at org.junit.platform.engine.support.hierarchical.Node.around(Node.java:137)
	at org.junit.platform.engine.support.hierarchical.NodeTestTask.lambda$executeRecursively$9(NodeTestTask.java:139)
	at org.junit.platform.engine.support.hierarchical.ThrowableCollector.execute(ThrowableCollector.java:73)
	at org.junit.platform.engine.support.hierarchical.NodeTestTask.executeRecursively(NodeTestTask.java:138)
	at org.junit.platform.engine.support.hierarchical.NodeTestTask.execute(NodeTestTask.java:95)
	at org.junit.platform.engine.support.hierarchical.SameThreadHierarchicalTestExecutorService.submit(SameThreadHierarchicalTestExecutorService.java:35)
	at org.junit.platform.engine.support.hierarchical.HierarchicalTestExecutor.execute(HierarchicalTestExecutor.java:57)
	at org.junit.platform.engine.support.hierarchical.HierarchicalTestEngine.execute(HierarchicalTestEngine.java:54)
	at org.junit.platform.launcher.core.EngineExecutionOrchestrator.execute(EngineExecutionOrchestrator.java:147)
	at org.junit.platform.launcher.core.EngineExecutionOrchestrator.execute(EngineExecutionOrchestrator.java:127)
	at org.junit.platform.launcher.core.EngineExecutionOrchestrator.execute(EngineExecutionOrchestrator.java:90)
	at org.junit.platform.launcher.core.EngineExecutionOrchestrator.lambda$execute$0(EngineExecutionOrchestrator.java:55)
	at org.junit.platform.launcher.core.EngineExecutionOrchestrator.withInterceptedStreams(EngineExecutionOrchestrator.java:102)
	at org.junit.platform.launcher.core.EngineExecutionOrchestrator.execute(EngineExecutionOrchestrator.java:54)
	at org.junit.platform.launcher.core.DefaultLauncher.execute(DefaultLauncher.java:114)
	at org.junit.platform.launcher.core.DefaultLauncher.execute(DefaultLauncher.java:86)
	at org.junit.platform.launcher.core.DefaultLauncherSession$DelegatingLauncher.execute(DefaultLauncherSession.java:86)
	at org.apache.maven.surefire.junitplatform.LazyLauncher.execute(LazyLauncher.java:56)
	at org.apache.maven.surefire.junitplatform.JUnitPlatformProvider.execute(JUnitPlatformProvider.java:184)
	at org.apache.maven.surefire.junitplatform.JUnitPlatformProvider.invokeAllTests(JUnitPlatformProvider.java:148)
	at org.apache.maven.surefire.junitplatform.JUnitPlatformProvider.invoke(JUnitPlatformProvider.java:122)
	at org.apache.maven.surefire.booter.ForkedBooter.runSuitesInProcess(ForkedBooter.java:385)
	at org.apache.maven.surefire.booter.ForkedBooter.execute(ForkedBooter.java:162)
	at org.apache.maven.surefire.booter.ForkedBooter.run(ForkedBooter.java:507)
	at org.apache.maven.surefire.booter.ForkedBooter.main(ForkedBooter.java:495)
]]></failure>
    <system-out><![CDATA[Request method:	GET
Request URI:	https://dummyjson.com/products
Proxy:			<none>
Request params:	<none>
Query params:	<none>
Form params:	<none>
Path params:	<none>
Headers:		Accept=*/*
				Content-Type=application/json
Cookies:		<none>
Multiparts:		<none>
Body:			<none>
ID selecionado para deletar: 1
Request method:	DELETE
Request URI:	https://dummyjson.com/products/1
Proxy:			<none>
Request params:	<none>
Query params:	<none>
Form params:	<none>
Path params:	<none>
Headers:		Accept=*/*
				Content-Type=application/json
Cookies:		<none>
Multiparts:		<none>
Body:			<none>
Request method:	GET
Request URI:	https://dummyjson.com/products/1
Proxy:			<none>
Request params:	<none>
Query params:	<none>
Form params:	<none>
Path params:	<none>
Headers:		Accept=*/*
				Content-Type=application/json
Cookies:		<none>
Multiparts:		<none>
Body:			<none>
]]></system-out>
  </testcase>
  <testcase name="getProductListNoToken" classname="br.com.aval.testes.product.ProductTest" time="0.399">
    <failure message="1 expectation failed.&#10;Response body doesn&apos;t match expectation.&#10;Expected: The content to match the given JSON schema.&#10;error: object has missing required properties ([&quot;brand&quot;])&#10;    level: &quot;error&quot;&#10;    schema: {&quot;loadingURI&quot;:&quot;file:/C:/Users/ander/workspace/outsera-test-qa/automation-backend/target/test-classes/schemas/products-schema.json#&quot;,&quot;pointer&quot;:&quot;/properties/products/items&quot;}&#10;    instance: {&quot;pointer&quot;:&quot;/products/15&quot;}&#10;    domain: &quot;validation&quot;&#10;    keyword: &quot;required&quot;&#10;    required: [&quot;brand&quot;,&quot;id&quot;,&quot;price&quot;,&quot;stock&quot;,&quot;title&quot;]&#10;    missing: [&quot;brand&quot;]&#10;error: object has missing required properties ([&quot;brand&quot;])&#10;    level: &quot;error&quot;&#10;    schema: {&quot;loadingURI&quot;:&quot;file:/C:/Users/ander/workspace/outsera-test-qa/automation-backend/target/test-classes/schemas/products-schema.json#&quot;,&quot;pointer&quot;:&quot;/properties/products/items&quot;}&#10;    instance: {&quot;pointer&quot;:&quot;/products/16&quot;}&#10;    domain: &quot;validation&quot;&#10;    keyword: &quot;required&quot;&#10;    required: [&quot;brand&quot;,&quot;id&quot;,&quot;price&quot;,&quot;stock&quot;,&quot;title&quot;]&#10;    missing: [&quot;brand&quot;]&#10;error: object has missing required properties ([&quot;brand&quot;])&#10;    level: &quot;error&quot;&#10;    schema: {&quot;loadingURI&quot;:&quot;file:/C:/Users/ander/workspace/outsera-test-qa/automation-backend/target/test-classes/schemas/products-schema.json#&quot;,&quot;pointer&quot;:&quot;/properties/products/items&quot;}&#10;    instance: {&quot;pointer&quot;:&quot;/products/17&quot;}&#10;    domain: &quot;validation&quot;&#10;    keyword: &quot;required&quot;&#10;    required: [&quot;brand&quot;,&quot;id&quot;,&quot;price&quot;,&quot;stock&quot;,&quot;title&quot;]&#10;    missing: [&quot;brand&quot;]&#10;error: object has missing required properties ([&quot;brand&quot;])&#10;    level: &quot;error&quot;&#10;    schema: {&quot;loadingURI&quot;:&quot;file:/C:/Users/ander/workspace/outsera-test-qa/automation-backend/target/test-classes/schemas/products-schema.json#&quot;,&quot;pointer&quot;:&quot;/properties/products/items&quot;}&#10;    instance: {&quot;pointer&quot;:&quot;/products/18&quot;}&#10;    domain: &quot;validation&quot;&#10;    keyword: &quot;required&quot;&#10;    required: [&quot;brand&quot;,&quot;id&quot;,&quot;price&quot;,&quot;stock&quot;,&quot;title&quot;]&#10;    missing: [&quot;brand&quot;]&#10;error: object has missing required properties ([&quot;brand&quot;])&#10;    level: &quot;error&quot;&#10;    schema: {&quot;loadingURI&quot;:&quot;file:/C:/Users/ander/workspace/outsera-test-qa/automation-backend/target/test-classes/schemas/products-schema.json#&quot;,&quot;pointer&quot;:&quot;/properties/products/items&quot;}&#10;    instance: {&quot;pointer&quot;:&quot;/products/19&quot;}&#10;    domain: &quot;validation&quot;&#10;    keyword: &quot;required&quot;&#10;    required: [&quot;brand&quot;,&quot;id&quot;,&quot;price&quot;,&quot;stock&quot;,&quot;title&quot;]&#10;    missing: [&quot;brand&quot;]&#10;error: object has missing required properties ([&quot;brand&quot;])&#10;    level: &quot;error&quot;&#10;    schema: {&quot;loadingURI&quot;:&quot;file:/C:/Users/ander/workspace/outsera-test-qa/automation-backend/target/test-classes/schemas/products-schema.json#&quot;,&quot;pointer&quot;:&quot;/properties/products/items&quot;}&#10;    instance: {&quot;pointer&quot;:&quot;/products/20&quot;}&#10;    domain: &quot;validation&quot;&#10;    keyword: &quot;required&quot;&#10;    required: [&quot;brand&quot;,&quot;id&quot;,&quot;price&quot;,&quot;stock&quot;,&quot;title&quot;]&#10;    missing: [&quot;brand&quot;]&#10;error: object has missing required properties ([&quot;brand&quot;])&#10;    level: &quot;error&quot;&#10;    schema: {&quot;loadingURI&quot;:&quot;file:/C:/Users/ander/workspace/outsera-test-qa/automation-backend/target/test-classes/schemas/products-schema.json#&quot;,&quot;pointer&quot;:&quot;/properties/products/items&quot;}&#10;    instance: {&quot;pointer&quot;:&quot;/products/21&quot;}&#10;    domain: &quot;validation&quot;&#10;    keyword: &quot;required&quot;&#10;    required: [&quot;brand&quot;,&quot;id&quot;,&quot;price&quot;,&quot;stock&quot;,&quot;title&quot;]&#10;    missing: [&quot;brand&quot;]&#10;error: object has missing required properties ([&quot;brand&quot;])&#10;    level: &quot;error&quot;&#10;    schema: {&quot;loadingURI&quot;:&quot;file:/C:/Users/ander/workspace/outsera-test-qa/automation-backend/target/test-classes/schemas/products-schema.json#&quot;,&quot;pointer&quot;:&quot;/properties/products/items&quot;}&#10;    instance: {&quot;pointer&quot;:&quot;/products/22&quot;}&#10;    domain: &quot;validation&quot;&#10;    keyword: &quot;required&quot;&#10;    required: [&quot;brand&quot;,&quot;id&quot;,&quot;price&quot;,&quot;stock&quot;,&quot;title&quot;]&#10;    missing: [&quot;brand&quot;]&#10;error: object has missing required properties ([&quot;brand&quot;])&#10;    level: &quot;error&quot;&#10;    schema: {&quot;loadingURI&quot;:&quot;file:/C:/Users/ander/workspace/outsera-test-qa/automation-backend/target/test-classes/schemas/products-schema.json#&quot;,&quot;pointer&quot;:&quot;/properties/products/items&quot;}&#10;    instance: {&quot;pointer&quot;:&quot;/products/23&quot;}&#10;    domain: &quot;validation&quot;&#10;    keyword: &quot;required&quot;&#10;    required: [&quot;brand&quot;,&quot;id&quot;,&quot;price&quot;,&quot;stock&quot;,&quot;title&quot;]&#10;    missing: [&quot;brand&quot;]&#10;error: object has missing required properties ([&quot;brand&quot;])&#10;    level: &quot;error&quot;&#10;    schema: {&quot;loadingURI&quot;:&quot;file:/C:/Users/ander/workspace/outsera-test-qa/automation-backend/target/test-classes/schemas/products-schema.json#&quot;,&quot;pointer&quot;:&quot;/properties/products/items&quot;}&#10;    instance: {&quot;pointer&quot;:&quot;/products/24&quot;}&#10;    domain: &quot;validation&quot;&#10;    keyword: &quot;required&quot;&#10;    required: [&quot;brand&quot;,&quot;id&quot;,&quot;price&quot;,&quot;stock&quot;,&quot;title&quot;]&#10;    missing: [&quot;brand&quot;]&#10;error: object has missing required properties ([&quot;brand&quot;])&#10;    level: &quot;error&quot;&#10;    schema: {&quot;loadingURI&quot;:&quot;file:/C:/Users/ander/workspace/outsera-test-qa/automation-backend/target/test-classes/schemas/products-schema.json#&quot;,&quot;pointer&quot;:&quot;/properties/products/items&quot;}&#10;    instance: {&quot;pointer&quot;:&quot;/products/25&quot;}&#10;    domain: &quot;validation&quot;&#10;    keyword: &quot;required&quot;&#10;    required: [&quot;brand&quot;,&quot;id&quot;,&quot;price&quot;,&quot;stock&quot;,&quot;title&quot;]&#10;    missing: [&quot;brand&quot;]&#10;error: object has missing required properties ([&quot;brand&quot;])&#10;    level: &quot;error&quot;&#10;    schema: {&quot;loadingURI&quot;:&quot;file:/C:/Users/ander/workspace/outsera-test-qa/automation-backend/target/test-classes/schemas/products-schema.json#&quot;,&quot;pointer&quot;:&quot;/properties/products/items&quot;}&#10;    instance: {&quot;pointer&quot;:&quot;/products/26&quot;}&#10;    domain: &quot;validation&quot;&#10;    keyword: &quot;required&quot;&#10;    required: [&quot;brand&quot;,&quot;id&quot;,&quot;price&quot;,&quot;stock&quot;,&quot;title&quot;]&#10;    missing: [&quot;brand&quot;]&#10;error: object has missing required properties ([&quot;brand&quot;])&#10;    level: &quot;error&quot;&#10;    schema: {&quot;loadingURI&quot;:&quot;file:/C:/Users/ander/workspace/outsera-test-qa/automation-backend/target/test-classes/schemas/products-schema.json#&quot;,&quot;pointer&quot;:&quot;/properties/products/items&quot;}&#10;    instance: {&quot;pointer&quot;:&quot;/products/27&quot;}&#10;    domain: &quot;validation&quot;&#10;    keyword: &quot;required&quot;&#10;    required: [&quot;brand&quot;,&quot;id&quot;,&quot;price&quot;,&quot;stock&quot;,&quot;title&quot;]&#10;    missing: [&quot;brand&quot;]&#10;error: object has missing required properties ([&quot;brand&quot;])&#10;    level: &quot;error&quot;&#10;    schema: {&quot;loadingURI&quot;:&quot;file:/C:/Users/ander/workspace/outsera-test-qa/automation-backend/target/test-classes/schemas/products-schema.json#&quot;,&quot;pointer&quot;:&quot;/properties/products/items&quot;}&#10;    instance: {&quot;pointer&quot;:&quot;/products/28&quot;}&#10;    domain: &quot;validation&quot;&#10;    keyword: &quot;required&quot;&#10;    required: [&quot;brand&quot;,&quot;id&quot;,&quot;price&quot;,&quot;stock&quot;,&quot;title&quot;]&#10;    missing: [&quot;brand&quot;]&#10;error: object has missing required properties ([&quot;brand&quot;])&#10;    level: &quot;error&quot;&#10;    schema: {&quot;loadingURI&quot;:&quot;file:/C:/Users/ander/workspace/outsera-test-qa/automation-backend/target/test-classes/schemas/products-schema.json#&quot;,&quot;pointer&quot;:&quot;/properties/products/items&quot;}&#10;    instance: {&quot;pointer&quot;:&quot;/products/29&quot;}&#10;    domain: &quot;validation&quot;&#10;    keyword: &quot;required&quot;&#10;    required: [&quot;brand&quot;,&quot;id&quot;,&quot;price&quot;,&quot;stock&quot;,&quot;title&quot;]&#10;    missing: [&quot;brand&quot;]&#10;&#10;  Actual: {&quot;products&quot;:[{&quot;id&quot;:1,&quot;title&quot;:&quot;Essence Mascara Lash Princess&quot;,&quot;description&quot;:&quot;The Essence Mascara Lash Princess is a popular mascara known for its volumizing and lengthening effects. Achieve dramatic lashes with this long-lasting and cruelty-free formula.&quot;,&quot;category&quot;:&quot;beauty&quot;,&quot;price&quot;:9.99,&quot;discountPercentage&quot;:10.48,&quot;rating&quot;:2.56,&quot;stock&quot;:99,&quot;tags&quot;:[&quot;beauty&quot;,&quot;mascara&quot;],&quot;brand&quot;:&quot;Essence&quot;,&quot;sku&quot;:&quot;BEA-ESS-ESS-001&quot;,&quot;weight&quot;:4,&quot;dimensions&quot;:{&quot;width&quot;:15.14,&quot;height&quot;:13.08,&quot;depth&quot;:22.99},&quot;warrantyInformation&quot;:&quot;1 week warranty&quot;,&quot;shippingInformation&quot;:&quot;Ships in 3-5 business days&quot;,&quot;availabilityStatus&quot;:&quot;In Stock&quot;,&quot;reviews&quot;:[{&quot;rating&quot;:3,&quot;comment&quot;:&quot;Would not recommend!&quot;,&quot;date&quot;:&quot;2025-04-30T09:41:02.053Z&quot;,&quot;reviewerName&quot;:&quot;Eleanor Collins&quot;,&quot;reviewerEmail&quot;:&quot;eleanor.collins@x.dummyjson.com&quot;},{&quot;rating&quot;:4,&quot;comment&quot;:&quot;Very satisfied!&quot;,&quot;date&quot;:&quot;2025-04-30T09:41:02.053Z&quot;,&quot;reviewerName&quot;:&quot;Lucas Gordon&quot;,&quot;reviewerEmail&quot;:&quot;lucas.gordon@x.dummyjson.com&quot;},{&quot;rating&quot;:5,&quot;comment&quot;:&quot;Highly impressed!&quot;,&quot;date&quot;:&quot;2025-04-30T09:41:02.053Z&quot;,&quot;reviewerName&quot;:&quot;Eleanor Collins&quot;,&quot;reviewerEmail&quot;:&quot;eleanor.collins@x.dummyjson.com&quot;}],&quot;returnPolicy&quot;:&quot;No return policy&quot;,&quot;minimumOrderQuantity&quot;:48,&quot;meta&quot;:{&quot;createdAt&quot;:&quot;2025-04-30T09:41:02.053Z&quot;,&quot;updatedAt&quot;:&quot;2025-04-30T09:41:02.053Z&quot;,&quot;barcode&quot;:&quot;5784719087687&quot;,&quot;qrCode&quot;:&quot;https://cdn.dummyjson.com/public/qr-code.png&quot;},&quot;images&quot;:[&quot;https://cdn.dummyjson.com/product-images/beauty/essence-mascara-lash-princess/1.webp&quot;],&quot;thumbnail&quot;:&quot;https://cdn.dummyjson.com/product-images/beauty/essence-mascara-lash-princess/thumbnail.webp&quot;},{&quot;id&quot;:2,&quot;title&quot;:&quot;Eyeshadow Palette with Mirror&quot;,&quot;description&quot;:&quot;The Eyeshadow Palette with Mirror offers a versatile range of eyeshadow shades for creating stunning eye looks. With a built-in mirror, it&apos;s convenient for on-the-go makeup application.&quot;,&quot;category&quot;:&quot;beauty&quot;,&quot;price&quot;:19.99,&quot;discountPercentage&quot;:18.19,&quot;rating&quot;:2.86,&quot;stock&quot;:34,&quot;tags&quot;:[&quot;beauty&quot;,&quot;eyeshadow&quot;],&quot;brand&quot;:&quot;Glamour Beauty&quot;,&quot;sku&quot;:&quot;BEA-GLA-EYE-002&quot;,&quot;weight&quot;:9,&quot;dimensions&quot;:{&quot;width&quot;:9.26,&quot;height&quot;:22.47,&quot;depth&quot;:27.67},&quot;warrantyInformation&quot;:&quot;1 year warranty&quot;,&quot;shippingInformation&quot;:&quot;Ships in 2 weeks&quot;,&quot;availabilityStatus&quot;:&quot;In Stock&quot;,&quot;reviews&quot;:[{&quot;rating&quot;:5,&quot;comment&quot;:&quot;Great product!&quot;,&quot;date&quot;:&quot;2025-04-30T09:41:02.053Z&quot;,&quot;reviewerName&quot;:&quot;Savannah Gomez&quot;,&quot;reviewerEmail&quot;:&quot;savannah.gomez@x.dummyjson.com&quot;},{&quot;rating&quot;:4,&quot;comment&quot;:&quot;Awesome product!&quot;,&quot;date&quot;:&quot;2025-04-30T09:41:02.053Z&quot;,&quot;reviewerName&quot;:&quot;Christian Perez&quot;,&quot;reviewerEmail&quot;:&quot;christian.perez@x.dummyjson.com&quot;},{&quot;rating&quot;:1,&quot;comment&quot;:&quot;Poor quality!&quot;,&quot;date&quot;:&quot;2025-04-30T09:41:02.053Z&quot;,&quot;reviewerName&quot;:&quot;Nicholas Bailey&quot;,&quot;reviewerEmail&quot;:&quot;nicholas.bailey@x.dummyjson.com&quot;}],&quot;returnPolicy&quot;:&quot;7 days return policy&quot;,&quot;minimumOrderQuantity&quot;:20,&quot;meta&quot;:{&quot;createdAt&quot;:&quot;2025-04-30T09:41:02.053Z&quot;,&quot;updatedAt&quot;:&quot;2025-04-30T09:41:02.053Z&quot;,&quot;barcode&quot;:&quot;9170275171413&quot;,&quot;qrCode&quot;:&quot;https://cdn.dummyjson.com/public/qr-code.png&quot;},&quot;images&quot;:[&quot;https://cdn.dummyjson.com/product-images/beauty/eyeshadow-palette-with-mirror/1.webp&quot;],&quot;thumbnail&quot;:&quot;https://cdn.dummyjson.com/product-images/beauty/eyeshadow-palette-with-mirror/thumbnail.webp&quot;},{&quot;id&quot;:3,&quot;title&quot;:&quot;Powder Canister&quot;,&quot;description&quot;:&quot;The Powder Canister is a finely milled setting powder designed to set makeup and control shine. With a lightweight and translucent formula, it provides a smooth and matte finish.&quot;,&quot;category&quot;:&quot;beauty&quot;,&quot;price&quot;:14.99,&quot;discountPercentage&quot;:9.84,&quot;rating&quot;:4.64,&quot;stock&quot;:89,&quot;tags&quot;:[&quot;beauty&quot;,&quot;face powder&quot;],&quot;brand&quot;:&quot;Velvet Touch&quot;,&quot;sku&quot;:&quot;BEA-VEL-POW-003&quot;,&quot;weight&quot;:8,&quot;dimensions&quot;:{&quot;width&quot;:29.27,&quot;height&quot;:27.93,&quot;depth&quot;:20.59},&quot;warrantyInformation&quot;:&quot;3 months warranty&quot;,&quot;shippingInformation&quot;:&quot;Ships in 1-2 business days&quot;,&quot;availabilityStatus&quot;:&quot;In Stock&quot;,&quot;reviews&quot;:[{&quot;rating&quot;:4,&quot;comment&quot;:&quot;Would buy again!&quot;,&quot;date&quot;:&quot;2025-04-30T09:41:02.053Z&quot;,&quot;reviewerName&quot;:&quot;Alexander Jones&quot;,&quot;reviewerEmail&quot;:&quot;alexander.jones@x.dummyjson.com&quot;},{&quot;rating&quot;:5,&quot;comment&quot;:&quot;Highly impressed!&quot;,&quot;date&quot;:&quot;2025-04-30T09:41:02.053Z&quot;,&quot;reviewerName&quot;:&quot;Elijah Cruz&quot;,&quot;reviewerEmail&quot;:&quot;elijah.cruz@x.dummyjson.com&quot;},{&quot;rating&quot;:1,&quot;comment&quot;:&quot;Very dissatisfied!&quot;,&quot;date&quot;:&quot;2025-04-30T09:41:02.053Z&quot;,&quot;reviewerName&quot;:&quot;Avery Perez&quot;,&quot;reviewerEmail&quot;:&quot;avery.perez@x.dummyjson.com&quot;}],&quot;returnPolicy&quot;:&quot;No return policy&quot;,&quot;minimumOrderQuantity&quot;:22,&quot;meta&quot;:{&quot;createdAt&quot;:&quot;2025-04-30T09:41:02.053Z&quot;,&quot;updatedAt&quot;:&quot;2025-04-30T09:41:02.053Z&quot;,&quot;barcode&quot;:&quot;8418883906837&quot;,&quot;qrCode&quot;:&quot;https://cdn.dummyjson.com/public/qr-code.png&quot;},&quot;images&quot;:[&quot;https://cdn.dummyjson.com/product-images/beauty/powder-canister/1.webp&quot;],&quot;thumbnail&quot;:&quot;https://cdn.dummyjson.com/product-images/beauty/powder-canister/thumbnail.webp&quot;},{&quot;id&quot;:4,&quot;title&quot;:&quot;Red Lipstick&quot;,&quot;description&quot;:&quot;The Red Lipstick is a classic and bold choice for adding a pop of color to your lips. With a creamy and pigmented formula, it provides a vibrant and long-lasting finish.&quot;,&quot;category&quot;:&quot;beauty&quot;,&quot;price&quot;:12.99,&quot;discountPercentage&quot;:12.16,&quot;rating&quot;:4.36,&quot;stock&quot;:91,&quot;tags&quot;:[&quot;beauty&quot;,&quot;lipstick&quot;],&quot;brand&quot;:&quot;Chic Cosmetics&quot;,&quot;sku&quot;:&quot;BEA-CHI-LIP-004&quot;,&quot;weight&quot;:1,&quot;dimensions&quot;:{&quot;width&quot;:18.11,&quot;height&quot;:28.38,&quot;depth&quot;:22.17},&quot;warrantyInformation&quot;:&quot;3 year warranty&quot;,&quot;shippingInformation&quot;:&quot;Ships in 1 week&quot;,&quot;availabilityStatus&quot;:&quot;In Stock&quot;,&quot;reviews&quot;:[{&quot;rating&quot;:4,&quot;comment&quot;:&quot;Great product!&quot;,&quot;date&quot;:&quot;2025-04-30T09:41:02.053Z&quot;,&quot;reviewerName&quot;:&quot;Liam Garcia&quot;,&quot;reviewerEmail&quot;:&quot;liam.garcia@x.dummyjson.com&quot;},{&quot;rating&quot;:5,&quot;comment&quot;:&quot;Great product!&quot;,&quot;date&quot;:&quot;2025-04-30T09:41:02.053Z&quot;,&quot;reviewerName&quot;:&quot;Ruby Andrews&quot;,&quot;reviewerEmail&quot;:&quot;ruby.andrews@x.dummyjson.com&quot;},{&quot;rating&quot;:5,&quot;comment&quot;:&quot;Would buy again!&quot;,&quot;date&quot;:&quot;2025-04-30T09:41:02.053Z&quot;,&quot;reviewerName&quot;:&quot;Clara Berry&quot;,&quot;reviewerEmail&quot;:&quot;clara.berry@x.dummyjson.com&quot;}],&quot;returnPolicy&quot;:&quot;7 days return policy&quot;,&quot;minimumOrderQuantity&quot;:40,&quot;meta&quot;:{&quot;createdAt&quot;:&quot;2025-04-30T09:41:02.053Z&quot;,&quot;updatedAt&quot;:&quot;2025-04-30T09:41:02.053Z&quot;,&quot;barcode&quot;:&quot;9467746727219&quot;,&quot;qrCode&quot;:&quot;https://cdn.dummyjson.com/public/qr-code.png&quot;},&quot;images&quot;:[&quot;https://cdn.dummyjson.com/product-images/beauty/red-lipstick/1.webp&quot;],&quot;thumbnail&quot;:&quot;https://cdn.dummyjson.com/product-images/beauty/red-lipstick/thumbnail.webp&quot;},{&quot;id&quot;:5,&quot;title&quot;:&quot;Red Nail Polish&quot;,&quot;description&quot;:&quot;The Red Nail Polish offers a rich and glossy red hue for vibrant and polished nails. With a quick-drying formula, it provides a salon-quality finish at home.&quot;,&quot;category&quot;:&quot;beauty&quot;,&quot;price&quot;:8.99,&quot;discountPercentage&quot;:11.44,&quot;rating&quot;:4.32,&quot;stock&quot;:79,&quot;tags&quot;:[&quot;beauty&quot;,&quot;nail polish&quot;],&quot;brand&quot;:&quot;Nail Couture&quot;,&quot;sku&quot;:&quot;BEA-NAI-NAI-005&quot;,&quot;weight&quot;:8,&quot;dimensions&quot;:{&quot;width&quot;:21.63,&quot;height&quot;:16.48,&quot;depth&quot;:29.84},&quot;warrantyInformation&quot;:&quot;1 month warranty&quot;,&quot;shippingInformation&quot;:&quot;Ships overnight&quot;,&quot;availabilityStatus&quot;:&quot;In Stock&quot;,&quot;reviews&quot;:[{&quot;rating&quot;:2,&quot;comment&quot;:&quot;Poor quality!&quot;,&quot;date&quot;:&quot;2025-04-30T09:41:02.053Z&quot;,&quot;reviewerName&quot;:&quot;Benjamin Wilson&quot;,&quot;reviewerEmail&quot;:&quot;benjamin.wilson@x.dummyjson.com&quot;},{&quot;rating&quot;:5,&quot;comment&quot;:&quot;Great product!&quot;,&quot;date&quot;:&quot;2025-04-30T09:41:02.053Z&quot;,&quot;reviewerName&quot;:&quot;Liam Smith&quot;,&quot;reviewerEmail&quot;:&quot;liam.smith@x.dummyjson.com&quot;},{&quot;rating&quot;:1,&quot;comment&quot;:&quot;Very unhappy with my purchase!&quot;,&quot;date&quot;:&quot;2025-04-30T09:41:02.053Z&quot;,&quot;reviewerName&quot;:&quot;Clara Berry&quot;,&quot;reviewerEmail&quot;:&quot;clara.berry@x.dummyjson.com&quot;}],&quot;returnPolicy&quot;:&quot;No return policy&quot;,&quot;minimumOrderQuantity&quot;:22,&quot;meta&quot;:{&quot;createdAt&quot;:&quot;2025-04-30T09:41:02.053Z&quot;,&quot;updatedAt&quot;:&quot;2025-04-30T09:41:02.053Z&quot;,&quot;barcode&quot;:&quot;4063010628104&quot;,&quot;qrCode&quot;:&quot;https://cdn.dummyjson.com/public/qr-code.png&quot;},&quot;images&quot;:[&quot;https://cdn.dummyjson.com/product-images/beauty/red-nail-polish/1.webp&quot;],&quot;thumbnail&quot;:&quot;https://cdn.dummyjson.com/product-images/beauty/red-nail-polish/thumbnail.webp&quot;},{&quot;id&quot;:6,&quot;title&quot;:&quot;Calvin Klein CK One&quot;,&quot;description&quot;:&quot;CK One by Calvin Klein is a classic unisex fragrance, known for its fresh and clean scent. It&apos;s a versatile fragrance suitable for everyday wear.&quot;,&quot;category&quot;:&quot;fragrances&quot;,&quot;price&quot;:49.99,&quot;discountPercentage&quot;:1.89,&quot;rating&quot;:4.37,&quot;stock&quot;:29,&quot;tags&quot;:[&quot;fragrances&quot;,&quot;perfumes&quot;],&quot;brand&quot;:&quot;Calvin Klein&quot;,&quot;sku&quot;:&quot;FRA-CAL-CAL-006&quot;,&quot;weight&quot;:7,&quot;dimensions&quot;:{&quot;width&quot;:29.36,&quot;height&quot;:27.76,&quot;depth&quot;:20.72},&quot;warrantyInformation&quot;:&quot;1 week warranty&quot;,&quot;shippingInformation&quot;:&quot;Ships overnight&quot;,&quot;availabilityStatus&quot;:&quot;In Stock&quot;,&quot;reviews&quot;:[{&quot;rating&quot;:2,&quot;comment&quot;:&quot;Very disappointed!&quot;,&quot;date&quot;:&quot;2025-04-30T09:41:02.053Z&quot;,&quot;reviewerName&quot;:&quot;Layla Young&quot;,&quot;reviewerEmail&quot;:&quot;layla.young@x.dummyjson.com&quot;},{&quot;rating&quot;:4,&quot;comment&quot;:&quot;Fast shipping!&quot;,&quot;date&quot;:&quot;2025-04-30T09:41:02.053Z&quot;,&quot;reviewerName&quot;:&quot;Daniel Cook&quot;,&quot;reviewerEmail&quot;:&quot;daniel.cook@x.dummyjson.com&quot;},{&quot;rating&quot;:3,&quot;comment&quot;:&quot;Not as described!&quot;,&quot;date&quot;:&quot;2025-04-30T09:41:02.053Z&quot;,&quot;reviewerName&quot;:&quot;Jacob Cooper&quot;,&quot;reviewerEmail&quot;:&quot;jacob.cooper@x.dummyjson.com&quot;}],&quot;returnPolicy&quot;:&quot;90 days return policy&quot;,&quot;minimumOrderQuantity&quot;:9,&quot;meta&quot;:{&quot;createdAt&quot;:&quot;2025-04-30T09:41:02.053Z&quot;,&quot;updatedAt&quot;:&quot;2025-04-30T09:41:02.053Z&quot;,&quot;barcode&quot;:&quot;2451534060749&quot;,&quot;qrCode&quot;:&quot;https://cdn.dummyjson.com/public/qr-code.png&quot;},&quot;images&quot;:[&quot;https://cdn.dummyjson.com/product-images/fragrances/calvin-klein-ck-one/1.webp&quot;,&quot;https://cdn.dummyjson.com/product-images/fragrances/calvin-klein-ck-one/2.webp&quot;,&quot;https://cdn.dummyjson.com/product-images/fragrances/calvin-klein-ck-one/3.webp&quot;],&quot;thumbnail&quot;:&quot;https://cdn.dummyjson.com/product-images/fragrances/calvin-klein-ck-one/thumbnail.webp&quot;},{&quot;id&quot;:7,&quot;title&quot;:&quot;Chanel Coco Noir Eau De&quot;,&quot;description&quot;:&quot;Coco Noir by Chanel is an elegant and mysterious fragrance, featuring notes of grapefruit, rose, and sandalwood. Perfect for evening occasions.&quot;,&quot;category&quot;:&quot;fragrances&quot;,&quot;price&quot;:129.99,&quot;discountPercentage&quot;:16.51,&quot;rating&quot;:4.26,&quot;stock&quot;:58,&quot;tags&quot;:[&quot;fragrances&quot;,&quot;perfumes&quot;],&quot;brand&quot;:&quot;Chanel&quot;,&quot;sku&quot;:&quot;FRA-CHA-CHA-007&quot;,&quot;weight&quot;:7,&quot;dimensions&quot;:{&quot;width&quot;:24.5,&quot;height&quot;:25.7,&quot;depth&quot;:25.98},&quot;warrantyInformation&quot;:&quot;3 year warranty&quot;,&quot;shippingInformation&quot;:&quot;Ships overnight&quot;,&quot;availabilityStatus&quot;:&quot;In Stock&quot;,&quot;reviews&quot;:[{&quot;rating&quot;:4,&quot;comment&quot;:&quot;Highly impressed!&quot;,&quot;date&quot;:&quot;2025-04-30T09:41:02.053Z&quot;,&quot;reviewerName&quot;:&quot;Ruby Andrews&quot;,&quot;reviewerEmail&quot;:&quot;ruby.andrews@x.dummyjson.com&quot;},{&quot;rating&quot;:5,&quot;comment&quot;:&quot;Awesome product!&quot;,&quot;date&quot;:&quot;2025-04-30T09:41:02.053Z&quot;,&quot;reviewerName&quot;:&quot;Leah Henderson&quot;,&quot;reviewerEmail&quot;:&quot;leah.henderson@x.dummyjson.com&quot;},{&quot;rating&quot;:5,&quot;comment&quot;:&quot;Very happy with my purchase!&quot;,&quot;date&quot;:&quot;2025-04-30T09:41:02.053Z&quot;,&quot;reviewerName&quot;:&quot;Xavier Wright&quot;,&quot;reviewerEmail&quot;:&quot;xavier.wright@x.dummyjson.com&quot;}],&quot;returnPolicy&quot;:&quot;No return policy&quot;,&quot;minimumOrderQuantity&quot;:1,&quot;meta&quot;:{&quot;createdAt&quot;:&quot;2025-04-30T09:41:02.053Z&quot;,&quot;updatedAt&quot;:&quot;2025-04-30T09:41:02.053Z&quot;,&quot;barcode&quot;:&quot;4091737746820&quot;,&quot;qrCode&quot;:&quot;https://cdn.dummyjson.com/public/qr-code.png&quot;},&quot;images&quot;:[&quot;https://cdn.dummyjson.com/product-images/fragrances/chanel-coco-noir-eau-de/1.webp&quot;,&quot;https://cdn.dummyjson.com/product-images/fragrances/chanel-coco-noir-eau-de/2.webp&quot;,&quot;https://cdn.dummyjson.com/product-images/fragrances/chanel-coco-noir-eau-de/3.webp&quot;],&quot;thumbnail&quot;:&quot;https://cdn.dummyjson.com/product-images/fragrances/chanel-coco-noir-eau-de/thumbnail.webp&quot;},{&quot;id&quot;:8,&quot;title&quot;:&quot;Dior J&apos;adore&quot;,&quot;description&quot;:&quot;J&apos;adore by Dior is a luxurious and floral fragrance, known for its blend of ylang-ylang, rose, and jasmine. It embodies femininity and sophistication.&quot;,&quot;category&quot;:&quot;fragrances&quot;,&quot;price&quot;:89.99,&quot;discountPercentage&quot;:14.72,&quot;rating&quot;:3.8,&quot;stock&quot;:98,&quot;tags&quot;:[&quot;fragrances&quot;,&quot;perfumes&quot;],&quot;brand&quot;:&quot;Dior&quot;,&quot;sku&quot;:&quot;FRA-DIO-DIO-008&quot;,&quot;weight&quot;:4,&quot;dimensions&quot;:{&quot;width&quot;:27.67,&quot;height&quot;:28.28,&quot;depth&quot;:11.83},&quot;warrantyInformation&quot;:&quot;1 week warranty&quot;,&quot;shippingInformation&quot;:&quot;Ships in 2 weeks&quot;,&quot;availabilityStatus&quot;:&quot;In Stock&quot;,&quot;reviews&quot;:[{&quot;rating&quot;:5,&quot;comment&quot;:&quot;Great value for money!&quot;,&quot;date&quot;:&quot;2025-04-30T09:41:02.053Z&quot;,&quot;reviewerName&quot;:&quot;Nicholas Bailey&quot;,&quot;reviewerEmail&quot;:&quot;nicholas.bailey@x.dummyjson.com&quot;},{&quot;rating&quot;:4,&quot;comment&quot;:&quot;Great value for money!&quot;,&quot;date&quot;:&quot;2025-04-30T09:41:02.053Z&quot;,&quot;reviewerName&quot;:&quot;Penelope Harper&quot;,&quot;reviewerEmail&quot;:&quot;penelope.harper@x.dummyjson.com&quot;},{&quot;rating&quot;:4,&quot;comment&quot;:&quot;Great product!&quot;,&quot;date&quot;:&quot;2025-04-30T09:41:02.053Z&quot;,&quot;reviewerName&quot;:&quot;Emma Miller&quot;,&quot;reviewerEmail&quot;:&quot;emma.miller@x.dummyjson.com&quot;}],&quot;returnPolicy&quot;:&quot;7 days return policy&quot;,&quot;minimumOrderQuantity&quot;:10,&quot;meta&quot;:{&quot;createdAt&quot;:&quot;2025-04-30T09:41:02.053Z&quot;,&quot;updatedAt&quot;:&quot;2025-04-30T09:41:02.053Z&quot;,&quot;barcode&quot;:&quot;1445086097250&quot;,&quot;qrCode&quot;:&quot;https://cdn.dummyjson.com/public/qr-code.png&quot;},&quot;images&quot;:[&quot;https://cdn.dummyjson.com/product-images/fragrances/dior-j&apos;adore/1.webp&quot;,&quot;https://cdn.dummyjson.com/product-images/fragrances/dior-j&apos;adore/2.webp&quot;,&quot;https://cdn.dummyjson.com/product-images/fragrances/dior-j&apos;adore/3.webp&quot;],&quot;thumbnail&quot;:&quot;https://cdn.dummyjson.com/product-images/fragrances/dior-j&apos;adore/thumbnail.webp&quot;},{&quot;id&quot;:9,&quot;title&quot;:&quot;Dolce Shine Eau de&quot;,&quot;description&quot;:&quot;Dolce Shine by Dolce &amp; Gabbana is a vibrant and fruity fragrance, featuring notes of mango, jasmine, and blonde woods. It&apos;s a joyful and youthful scent.&quot;,&quot;category&quot;:&quot;fragrances&quot;,&quot;price&quot;:69.99,&quot;discountPercentage&quot;:0.62,&quot;rating&quot;:3.96,&quot;stock&quot;:4,&quot;tags&quot;:[&quot;fragrances&quot;,&quot;perfumes&quot;],&quot;brand&quot;:&quot;Dolce &amp; Gabbana&quot;,&quot;sku&quot;:&quot;FRA-DOL-DOL-009&quot;,&quot;weight&quot;:6,&quot;dimensions&quot;:{&quot;width&quot;:27.28,&quot;height&quot;:29.88,&quot;depth&quot;:18.3},&quot;warrantyInformation&quot;:&quot;3 year warranty&quot;,&quot;shippingInformation&quot;:&quot;Ships in 1 month&quot;,&quot;availabilityStatus&quot;:&quot;Low Stock&quot;,&quot;reviews&quot;:[{&quot;rating&quot;:4,&quot;comment&quot;:&quot;Would buy again!&quot;,&quot;date&quot;:&quot;2025-04-30T09:41:02.053Z&quot;,&quot;reviewerName&quot;:&quot;Mateo Bennett&quot;,&quot;reviewerEmail&quot;:&quot;mateo.bennett@x.dummyjson.com&quot;},{&quot;rating&quot;:4,&quot;comment&quot;:&quot;Highly recommended!&quot;,&quot;date&quot;:&quot;2025-04-30T09:41:02.053Z&quot;,&quot;reviewerName&quot;:&quot;Nolan Gonzalez&quot;,&quot;reviewerEmail&quot;:&quot;nolan.gonzalez@x.dummyjson.com&quot;},{&quot;rating&quot;:5,&quot;comment&quot;:&quot;Very happy with my purchase!&quot;,&quot;date&quot;:&quot;2025-04-30T09:41:02.053Z&quot;,&quot;reviewerName&quot;:&quot;Aurora Lawson&quot;,&quot;reviewerEmail&quot;:&quot;aurora.lawson@x.dummyjson.com&quot;}],&quot;returnPolicy&quot;:&quot;7 days return policy&quot;,&quot;minimumOrderQuantity&quot;:2,&quot;meta&quot;:{&quot;createdAt&quot;:&quot;2025-04-30T09:41:02.053Z&quot;,&quot;updatedAt&quot;:&quot;2025-04-30T09:41:02.053Z&quot;,&quot;barcode&quot;:&quot;3023868210708&quot;,&quot;qrCode&quot;:&quot;https://cdn.dummyjson.com/public/qr-code.png&quot;},&quot;images&quot;:[&quot;https://cdn.dummyjson.com/product-images/fragrances/dolce-shine-eau-de/1.webp&quot;,&quot;https://cdn.dummyjson.com/product-images/fragrances/dolce-shine-eau-de/2.webp&quot;,&quot;https://cdn.dummyjson.com/product-images/fragrances/dolce-shine-eau-de/3.webp&quot;],&quot;thumbnail&quot;:&quot;https://cdn.dummyjson.com/product-images/fragrances/dolce-shine-eau-de/thumbnail.webp&quot;},{&quot;id&quot;:10,&quot;title&quot;:&quot;Gucci Bloom Eau de&quot;,&quot;description&quot;:&quot;Gucci Bloom by Gucci is a floral and captivating fragrance, with notes of tuberose, jasmine, and Rangoon creeper. It&apos;s a modern and romantic scent.&quot;,&quot;category&quot;:&quot;fragrances&quot;,&quot;price&quot;:79.99,&quot;discountPercentage&quot;:14.39,&quot;rating&quot;:2.74,&quot;stock&quot;:91,&quot;tags&quot;:[&quot;fragrances&quot;,&quot;perfumes&quot;],&quot;brand&quot;:&quot;Gucci&quot;,&quot;sku&quot;:&quot;FRA-GUC-GUC-010&quot;,&quot;weight&quot;:7,&quot;dimensions&quot;:{&quot;width&quot;:20.92,&quot;height&quot;:21.68,&quot;depth&quot;:11.2},&quot;warrantyInformation&quot;:&quot;6 months warranty&quot;,&quot;shippingInformation&quot;:&quot;Ships overnight&quot;,&quot;availabilityStatus&quot;:&quot;In Stock&quot;,&quot;reviews&quot;:[{&quot;rating&quot;:1,&quot;comment&quot;:&quot;Very dissatisfied!&quot;,&quot;date&quot;:&quot;2025-04-30T09:41:02.053Z&quot;,&quot;reviewerName&quot;:&quot;Cameron Perez&quot;,&quot;reviewerEmail&quot;:&quot;cameron.perez@x.dummyjson.com&quot;},{&quot;rating&quot;:5,&quot;comment&quot;:&quot;Very happy with my purchase!&quot;,&quot;date&quot;:&quot;2025-04-30T09:41:02.053Z&quot;,&quot;reviewerName&quot;:&quot;Daniel Cook&quot;,&quot;reviewerEmail&quot;:&quot;daniel.cook@x.dummyjson.com&quot;},{&quot;rating&quot;:4,&quot;comment&quot;:&quot;Highly impressed!&quot;,&quot;date&quot;:&quot;2025-04-30T09:41:02.053Z&quot;,&quot;reviewerName&quot;:&quot;Addison Wright&quot;,&quot;reviewerEmail&quot;:&quot;addison.wright@x.dummyjson.com&quot;}],&quot;returnPolicy&quot;:&quot;No return policy&quot;,&quot;minimumOrderQuantity&quot;:2,&quot;meta&quot;:{&quot;createdAt&quot;:&quot;2025-04-30T09:41:02.053Z&quot;,&quot;updatedAt&quot;:&quot;2025-04-30T09:41:02.053Z&quot;,&quot;barcode&quot;:&quot;3170832177880&quot;,&quot;qrCode&quot;:&quot;https://cdn.dummyjson.com/public/qr-code.png&quot;},&quot;images&quot;:[&quot;https://cdn.dummyjson.com/product-images/fragrances/gucci-bloom-eau-de/1.webp&quot;,&quot;https://cdn.dummyjson.com/product-images/fragrances/gucci-bloom-eau-de/2.webp&quot;,&quot;https://cdn.dummyjson.com/product-images/fragrances/gucci-bloom-eau-de/3.webp&quot;],&quot;thumbnail&quot;:&quot;https://cdn.dummyjson.com/product-images/fragrances/gucci-bloom-eau-de/thumbnail.webp&quot;},{&quot;id&quot;:11,&quot;title&quot;:&quot;Annibale Colombo Bed&quot;,&quot;description&quot;:&quot;The Annibale Colombo Bed is a luxurious and elegant bed frame, crafted with high-quality materials for a comfortable and stylish bedroom.&quot;,&quot;category&quot;:&quot;furniture&quot;,&quot;price&quot;:1899.99,&quot;discountPercentage&quot;:8.57,&quot;rating&quot;:4.77,&quot;stock&quot;:88,&quot;tags&quot;:[&quot;furniture&quot;,&quot;beds&quot;],&quot;brand&quot;:&quot;Annibale Colombo&quot;,&quot;sku&quot;:&quot;FUR-ANN-ANN-011&quot;,&quot;weight&quot;:10,&quot;dimensions&quot;:{&quot;width&quot;:28.16,&quot;height&quot;:25.36,&quot;depth&quot;:17.28},&quot;warrantyInformation&quot;:&quot;1 year warranty&quot;,&quot;shippingInformation&quot;:&quot;Ships in 1 month&quot;,&quot;availabilityStatus&quot;:&quot;In Stock&quot;,&quot;reviews&quot;:[{&quot;rating&quot;:2,&quot;comment&quot;:&quot;Would not recommend!&quot;,&quot;date&quot;:&quot;2025-04-30T09:41:02.053Z&quot;,&quot;reviewerName&quot;:&quot;Christopher West&quot;,&quot;reviewerEmail&quot;:&quot;christopher.west@x.dummyjson.com&quot;},{&quot;rating&quot;:4,&quot;comment&quot;:&quot;Highly impressed!&quot;,&quot;date&quot;:&quot;2025-04-30T09:41:02.053Z&quot;,&quot;reviewerName&quot;:&quot;Vivian Carter&quot;,&quot;reviewerEmail&quot;:&quot;vivian.carter@x.dummyjson.com&quot;},{&quot;rating&quot;:1,&quot;comment&quot;:&quot;Poor quality!&quot;,&quot;date&quot;:&quot;2025-04-30T09:41:02.053Z&quot;,&quot;reviewerName&quot;:&quot;Mason Wright&quot;,&quot;reviewerEmail&quot;:&quot;mason.wright@x.dummyjson.com&quot;}],&quot;returnPolicy&quot;:&quot;No return policy&quot;,&quot;minimumOrderQuantity&quot;:1,&quot;meta&quot;:{&quot;createdAt&quot;:&quot;2025-04-30T09:41:02.053Z&quot;,&quot;updatedAt&quot;:&quot;2025-04-30T09:41:02.053Z&quot;,&quot;barcode&quot;:&quot;3610757456581&quot;,&quot;qrCode&quot;:&quot;https://cdn.dummyjson.com/public/qr-code.png&quot;},&quot;images&quot;:[&quot;https://cdn.dummyjson.com/product-images/furniture/annibale-colombo-bed/1.webp&quot;,&quot;https://cdn.dummyjson.com/product-images/furniture/annibale-colombo-bed/2.webp&quot;,&quot;https://cdn.dummyjson.com/product-images/furniture/annibale-colombo-bed/3.webp&quot;],&quot;thumbnail&quot;:&quot;https://cdn.dummyjson.com/product-images/furniture/annibale-colombo-bed/thumbnail.webp&quot;},{&quot;id&quot;:12,&quot;title&quot;:&quot;Annibale Colombo Sofa&quot;,&quot;description&quot;:&quot;The Annibale Colombo Sofa is a sophisticated and comfortable seating option, featuring exquisite design and premium upholstery for your living room.&quot;,&quot;category&quot;:&quot;furniture&quot;,&quot;price&quot;:2499.99,&quot;discountPercentage&quot;:14.4,&quot;rating&quot;:3.92,&quot;stock&quot;:60,&quot;tags&quot;:[&quot;furniture&quot;,&quot;sofas&quot;],&quot;brand&quot;:&quot;Annibale Colombo&quot;,&quot;sku&quot;:&quot;FUR-ANN-ANN-012&quot;,&quot;weight&quot;:6,&quot;dimensions&quot;:{&quot;width&quot;:12.75,&quot;height&quot;:20.55,&quot;depth&quot;:19.06},&quot;warrantyInformation&quot;:&quot;Lifetime warranty&quot;,&quot;shippingInformation&quot;:&quot;Ships in 1 week&quot;,&quot;availabilityStatus&quot;:&quot;In Stock&quot;,&quot;reviews&quot;:[{&quot;rating&quot;:3,&quot;comment&quot;:&quot;Very unhappy with my purchase!&quot;,&quot;date&quot;:&quot;2025-04-30T09:41:02.053Z&quot;,&quot;reviewerName&quot;:&quot;Christian Perez&quot;,&quot;reviewerEmail&quot;:&quot;christian.perez@x.dummyjson.com&quot;},{&quot;rating&quot;:5,&quot;comment&quot;:&quot;Fast shipping!&quot;,&quot;date&quot;:&quot;2025-04-30T09:41:02.053Z&quot;,&quot;reviewerName&quot;:&quot;Lillian Bishop&quot;,&quot;reviewerEmail&quot;:&quot;lillian.bishop@x.dummyjson.com&quot;},{&quot;rating&quot;:1,&quot;comment&quot;:&quot;Poor quality!&quot;,&quot;date&quot;:&quot;2025-04-30T09:41:02.053Z&quot;,&quot;reviewerName&quot;:&quot;Lillian Simmons&quot;,&quot;reviewerEmail&quot;:&quot;lillian.simmons@x.dummyjson.com&quot;}],&quot;returnPolicy&quot;:&quot;7 days return policy&quot;,&quot;minimumOrderQuantity&quot;:1,&quot;meta&quot;:{&quot;createdAt&quot;:&quot;2025-04-30T09:41:02.053Z&quot;,&quot;updatedAt&quot;:&quot;2025-04-30T09:41:02.053Z&quot;,&quot;barcode&quot;:&quot;1777662847736&quot;,&quot;qrCode&quot;:&quot;https://cdn.dummyjson.com/public/qr-code.png&quot;},&quot;images&quot;:[&quot;https://cdn.dummyjson.com/product-images/furniture/annibale-colombo-sofa/1.webp&quot;,&quot;https://cdn.dummyjson.com/product-images/furniture/annibale-colombo-sofa/2.webp&quot;,&quot;https://cdn.dummyjson.com/product-images/furniture/annibale-colombo-sofa/3.webp&quot;],&quot;thumbnail&quot;:&quot;https://cdn.dummyjson.com/product-images/furniture/annibale-colombo-sofa/thumbnail.webp&quot;},{&quot;id&quot;:13,&quot;title&quot;:&quot;Bedside Table African Cherry&quot;,&quot;description&quot;:&quot;The Bedside Table in African Cherry is a stylish and functional addition to your bedroom, providing convenient storage space and a touch of elegance.&quot;,&quot;category&quot;:&quot;furniture&quot;,&quot;price&quot;:299.99,&quot;discountPercentage&quot;:19.09,&quot;rating&quot;:2.87,&quot;stock&quot;:64,&quot;tags&quot;:[&quot;furniture&quot;,&quot;bedside tables&quot;],&quot;brand&quot;:&quot;Furniture Co.&quot;,&quot;sku&quot;:&quot;FUR-FUR-BED-013&quot;,&quot;weight&quot;:2,&quot;dimensions&quot;:{&quot;width&quot;:13.47,&quot;height&quot;:24.99,&quot;depth&quot;:27.35},&quot;warrantyInformation&quot;:&quot;5 year warranty&quot;,&quot;shippingInformation&quot;:&quot;Ships overnight&quot;,&quot;availabilityStatus&quot;:&quot;In Stock&quot;,&quot;reviews&quot;:[{&quot;rating&quot;:4,&quot;comment&quot;:&quot;Excellent quality!&quot;,&quot;date&quot;:&quot;2025-04-30T09:41:02.053Z&quot;,&quot;reviewerName&quot;:&quot;Aaliyah Hanson&quot;,&quot;reviewerEmail&quot;:&quot;aaliyah.hanson@x.dummyjson.com&quot;},{&quot;rating&quot;:4,&quot;comment&quot;:&quot;Excellent quality!&quot;,&quot;date&quot;:&quot;2025-04-30T09:41:02.053Z&quot;,&quot;reviewerName&quot;:&quot;Liam Smith&quot;,&quot;reviewerEmail&quot;:&quot;liam.smith@x.dummyjson.com&quot;},{&quot;rating&quot;:4,&quot;comment&quot;:&quot;Highly recommended!&quot;,&quot;date&quot;:&quot;2025-04-30T09:41:02.053Z&quot;,&quot;reviewerName&quot;:&quot;Avery Barnes&quot;,&quot;reviewerEmail&quot;:&quot;avery.barnes@x.dummyjson.com&quot;}],&quot;returnPolicy&quot;:&quot;7 days return policy&quot;,&quot;minimumOrderQuantity&quot;:3,&quot;meta&quot;:{&quot;createdAt&quot;:&quot;2025-04-30T09:41:02.053Z&quot;,&quot;updatedAt&quot;:&quot;2025-04-30T09:41:02.053Z&quot;,&quot;barcode&quot;:&quot;6441287925979&quot;,&quot;qrCode&quot;:&quot;https://cdn.dummyjson.com/public/qr-code.png&quot;},&quot;images&quot;:[&quot;https://cdn.dummyjson.com/product-images/furniture/bedside-table-african-cherry/1.webp&quot;,&quot;https://cdn.dummyjson.com/product-images/furniture/bedside-table-african-cherry/2.webp&quot;,&quot;https://cdn.dummyjson.com/product-images/furniture/bedside-table-african-cherry/3.webp&quot;],&quot;thumbnail&quot;:&quot;https://cdn.dummyjson.com/product-images/furniture/bedside-table-african-cherry/thumbnail.webp&quot;},{&quot;id&quot;:14,&quot;title&quot;:&quot;Knoll Saarinen Executive Conference Chair&quot;,&quot;description&quot;:&quot;The Knoll Saarinen Executive Conference Chair is a modern and ergonomic chair, perfect for your office or conference room with its timeless design.&quot;,&quot;category&quot;:&quot;furniture&quot;,&quot;price&quot;:499.99,&quot;discountPercentage&quot;:2.01,&quot;rating&quot;:4.88,&quot;stock&quot;:26,&quot;tags&quot;:[&quot;furniture&quot;,&quot;office chairs&quot;],&quot;brand&quot;:&quot;Knoll&quot;,&quot;sku&quot;:&quot;FUR-KNO-KNO-014&quot;,&quot;weight&quot;:10,&quot;dimensions&quot;:{&quot;width&quot;:13.81,&quot;height&quot;:7.5,&quot;depth&quot;:5.62},&quot;warrantyInformation&quot;:&quot;2 year warranty&quot;,&quot;shippingInformation&quot;:&quot;Ships overnight&quot;,&quot;availabilityStatus&quot;:&quot;In Stock&quot;,&quot;reviews&quot;:[{&quot;rating&quot;:2,&quot;comment&quot;:&quot;Waste of money!&quot;,&quot;date&quot;:&quot;2025-04-30T09:41:02.053Z&quot;,&quot;reviewerName&quot;:&quot;Ella Cook&quot;,&quot;reviewerEmail&quot;:&quot;ella.cook@x.dummyjson.com&quot;},{&quot;rating&quot;:2,&quot;comment&quot;:&quot;Very dissatisfied!&quot;,&quot;date&quot;:&quot;2025-04-30T09:41:02.053Z&quot;,&quot;reviewerName&quot;:&quot;Clara Berry&quot;,&quot;reviewerEmail&quot;:&quot;clara.berry@x.dummyjson.com&quot;},{&quot;rating&quot;:5,&quot;comment&quot;:&quot;Would buy again!&quot;,&quot;date&quot;:&quot;2025-04-30T09:41:02.053Z&quot;,&quot;reviewerName&quot;:&quot;Elena Long&quot;,&quot;reviewerEmail&quot;:&quot;elena.long@x.dummyjson.com&quot;}],&quot;returnPolicy&quot;:&quot;60 days return policy&quot;,&quot;minimumOrderQuantity&quot;:5,&quot;meta&quot;:{&quot;createdAt&quot;:&quot;2025-04-30T09:41:02.053Z&quot;,&quot;updatedAt&quot;:&quot;2025-04-30T09:41:02.053Z&quot;,&quot;barcode&quot;:&quot;8919386859966&quot;,&quot;qrCode&quot;:&quot;https://cdn.dummyjson.com/public/qr-code.png&quot;},&quot;images&quot;:[&quot;https://cdn.dummyjson.com/product-images/furniture/knoll-saarinen-executive-conference-chair/1.webp&quot;,&quot;https://cdn.dummyjson.com/product-images/furniture/knoll-saarinen-executive-conference-chair/2.webp&quot;,&quot;https://cdn.dummyjson.com/product-images/furniture/knoll-saarinen-executive-conference-chair/3.webp&quot;],&quot;thumbnail&quot;:&quot;https://cdn.dummyjson.com/product-images/furniture/knoll-saarinen-executive-conference-chair/thumbnail.webp&quot;},{&quot;id&quot;:15,&quot;title&quot;:&quot;Wooden Bathroom Sink With Mirror&quot;,&quot;description&quot;:&quot;The Wooden Bathroom Sink with Mirror is a unique and stylish addition to your bathroom, featuring a wooden sink countertop and a matching mirror.&quot;,&quot;category&quot;:&quot;furniture&quot;,&quot;price&quot;:799.99,&quot;discountPercentage&quot;:8.8,&quot;rating&quot;:3.59,&quot;stock&quot;:7,&quot;tags&quot;:[&quot;furniture&quot;,&quot;bathroom&quot;],&quot;brand&quot;:&quot;Bath Trends&quot;,&quot;sku&quot;:&quot;FUR-BAT-WOO-015&quot;,&quot;weight&quot;:10,&quot;dimensions&quot;:{&quot;width&quot;:7.98,&quot;height&quot;:8.88,&quot;depth&quot;:28.46},&quot;warrantyInformation&quot;:&quot;3 year warranty&quot;,&quot;shippingInformation&quot;:&quot;Ships in 3-5 business days&quot;,&quot;availabilityStatus&quot;:&quot;Low Stock&quot;,&quot;reviews&quot;:[{&quot;rating&quot;:4,&quot;comment&quot;:&quot;Fast shipping!&quot;,&quot;date&quot;:&quot;2025-04-30T09:41:02.053Z&quot;,&quot;reviewerName&quot;:&quot;Logan Torres&quot;,&quot;reviewerEmail&quot;:&quot;logan.torres@x.dummyjson.com&quot;},{&quot;rating&quot;:5,&quot;comment&quot;:&quot;Very pleased!&quot;,&quot;date&quot;:&quot;2025-04-30T09:41:02.053Z&quot;,&quot;reviewerName&quot;:&quot;Aria Parker&quot;,&quot;reviewerEmail&quot;:&quot;aria.parker@x.dummyjson.com&quot;},{&quot;rating&quot;:3,&quot;comment&quot;:&quot;Poor quality!&quot;,&quot;date&quot;:&quot;2025-04-30T09:41:02.053Z&quot;,&quot;reviewerName&quot;:&quot;Dylan Wells&quot;,&quot;reviewerEmail&quot;:&quot;dylan.wells@x.dummyjson.com&quot;}],&quot;returnPolicy&quot;:&quot;60 days return policy&quot;,&quot;minimumOrderQuantity&quot;:2,&quot;meta&quot;:{&quot;createdAt&quot;:&quot;2025-04-30T09:41:02.053Z&quot;,&quot;updatedAt&quot;:&quot;2025-04-30T09:41:02.053Z&quot;,&quot;barcode&quot;:&quot;1958104402873&quot;,&quot;qrCode&quot;:&quot;https://cdn.dummyjson.com/public/qr-code.png&quot;},&quot;images&quot;:[&quot;https://cdn.dummyjson.com/product-images/furniture/wooden-bathroom-sink-with-mirror/1.webp&quot;,&quot;https://cdn.dummyjson.com/product-images/furniture/wooden-bathroom-sink-with-mirror/2.webp&quot;,&quot;https://cdn.dummyjson.com/product-images/furniture/wooden-bathroom-sink-with-mirror/3.webp&quot;],&quot;thumbnail&quot;:&quot;https://cdn.dummyjson.com/product-images/furniture/wooden-bathroom-sink-with-mirror/thumbnail.webp&quot;},{&quot;id&quot;:16,&quot;title&quot;:&quot;Apple&quot;,&quot;description&quot;:&quot;Fresh and crisp apples, perfect for snacking or incorporating into various recipes.&quot;,&quot;category&quot;:&quot;groceries&quot;,&quot;price&quot;:1.99,&quot;discountPercentage&quot;:12.62,&quot;rating&quot;:4.19,&quot;stock&quot;:8,&quot;tags&quot;:[&quot;fruits&quot;],&quot;sku&quot;:&quot;GRO-BRD-APP-016&quot;,&quot;weight&quot;:9,&quot;dimensions&quot;:{&quot;width&quot;:13.66,&quot;height&quot;:11.01,&quot;depth&quot;:9.73},&quot;warrantyInformation&quot;:&quot;3 year warranty&quot;,&quot;shippingInformation&quot;:&quot;Ships in 2 weeks&quot;,&quot;availabilityStatus&quot;:&quot;In Stock&quot;,&quot;reviews&quot;:[{&quot;rating&quot;:5,&quot;comment&quot;:&quot;Very satisfied!&quot;,&quot;date&quot;:&quot;2025-04-30T09:41:02.053Z&quot;,&quot;reviewerName&quot;:&quot;Sophia Brown&quot;,&quot;reviewerEmail&quot;:&quot;sophia.brown@x.dummyjson.com&quot;},{&quot;rating&quot;:1,&quot;comment&quot;:&quot;Very dissatisfied!&quot;,&quot;date&quot;:&quot;2025-04-30T09:41:02.053Z&quot;,&quot;reviewerName&quot;:&quot;Scarlett Bowman&quot;,&quot;reviewerEmail&quot;:&quot;scarlett.bowman@x.dummyjson.com&quot;},{&quot;rating&quot;:3,&quot;comment&quot;:&quot;Very unhappy with my purchase!&quot;,&quot;date&quot;:&quot;2025-04-30T09:41:02.053Z&quot;,&quot;reviewerName&quot;:&quot;William Gonzalez&quot;,&quot;reviewerEmail&quot;:&quot;william.gonzalez@x.dummyjson.com&quot;}],&quot;returnPolicy&quot;:&quot;90 days return policy&quot;,&quot;minimumOrderQuantity&quot;:7,&quot;meta&quot;:{&quot;createdAt&quot;:&quot;2025-04-30T09:41:02.053Z&quot;,&quot;updatedAt&quot;:&quot;2025-04-30T09:41:02.053Z&quot;,&quot;barcode&quot;:&quot;7962803553314&quot;,&quot;qrCode&quot;:&quot;https://cdn.dummyjson.com/public/qr-code.png&quot;},&quot;images&quot;:[&quot;https://cdn.dummyjson.com/product-images/groceries/apple/1.webp&quot;],&quot;thumbnail&quot;:&quot;https://cdn.dummyjson.com/product-images/groceries/apple/thumbnail.webp&quot;},{&quot;id&quot;:17,&quot;title&quot;:&quot;Beef Steak&quot;,&quot;description&quot;:&quot;High-quality beef steak, great for grilling or cooking to your preferred level of doneness.&quot;,&quot;category&quot;:&quot;groceries&quot;,&quot;price&quot;:12.99,&quot;discountPercentage&quot;:9.61,&quot;rating&quot;:4.47,&quot;stock&quot;:86,&quot;tags&quot;:[&quot;meat&quot;],&quot;sku&quot;:&quot;GRO-BRD-BEE-017&quot;,&quot;weight&quot;:10,&quot;dimensions&quot;:{&quot;width&quot;:18.9,&quot;height&quot;:5.77,&quot;depth&quot;:18.57},&quot;warrantyInformation&quot;:&quot;3 year warranty&quot;,&quot;shippingInformation&quot;:&quot;Ships overnight&quot;,&quot;availabilityStatus&quot;:&quot;In Stock&quot;,&quot;reviews&quot;:[{&quot;rating&quot;:3,&quot;comment&quot;:&quot;Would not recommend!&quot;,&quot;date&quot;:&quot;2025-04-30T09:41:02.053Z&quot;,&quot;reviewerName&quot;:&quot;Eleanor Tyler&quot;,&quot;reviewerEmail&quot;:&quot;eleanor.tyler@x.dummyjson.com&quot;},{&quot;rating&quot;:4,&quot;comment&quot;:&quot;Fast shipping!&quot;,&quot;date&quot;:&quot;2025-04-30T09:41:02.053Z&quot;,&quot;reviewerName&quot;:&quot;Alexander Jones&quot;,&quot;reviewerEmail&quot;:&quot;alexander.jones@x.dummyjson.com&quot;},{&quot;rating&quot;:5,&quot;comment&quot;:&quot;Great value for money!&quot;,&quot;date&quot;:&quot;2025-04-30T09:41:02.053Z&quot;,&quot;reviewerName&quot;:&quot;Natalie Harris&quot;,&quot;reviewerEmail&quot;:&quot;natalie.harris@x.dummyjson.com&quot;}],&quot;returnPolicy&quot;:&quot;60 days return policy&quot;,&quot;minimumOrderQuantity&quot;:43,&quot;meta&quot;:{&quot;createdAt&quot;:&quot;2025-04-30T09:41:02.053Z&quot;,&quot;updatedAt&quot;:&quot;2025-04-30T09:41:02.053Z&quot;,&quot;barcode&quot;:&quot;5640063409695&quot;,&quot;qrCode&quot;:&quot;https://cdn.dummyjson.com/public/qr-code.png&quot;},&quot;images&quot;:[&quot;https://cdn.dummyjson.com/product-images/groceries/beef-steak/1.webp&quot;],&quot;thumbnail&quot;:&quot;https://cdn.dummyjson.com/product-images/groceries/beef-steak/thumbnail.webp&quot;},{&quot;id&quot;:18,&quot;title&quot;:&quot;Cat Food&quot;,&quot;description&quot;:&quot;Nutritious cat food formulated to meet the dietary needs of your feline friend.&quot;,&quot;category&quot;:&quot;groceries&quot;,&quot;price&quot;:8.99,&quot;discountPercentage&quot;:9.58,&quot;rating&quot;:3.13,&quot;stock&quot;:46,&quot;tags&quot;:[&quot;pet supplies&quot;,&quot;cat food&quot;],&quot;sku&quot;:&quot;GRO-BRD-FOO-018&quot;,&quot;weight&quot;:10,&quot;dimensions&quot;:{&quot;width&quot;:18.08,&quot;height&quot;:9.26,&quot;depth&quot;:21.86},&quot;warrantyInformation&quot;:&quot;1 year warranty&quot;,&quot;shippingInformation&quot;:&quot;Ships overnight&quot;,&quot;availabilityStatus&quot;:&quot;In Stock&quot;,&quot;reviews&quot;:[{&quot;rating&quot;:3,&quot;comment&quot;:&quot;Would not recommend!&quot;,&quot;date&quot;:&quot;2025-04-30T09:41:02.053Z&quot;,&quot;reviewerName&quot;:&quot;Noah Lewis&quot;,&quot;reviewerEmail&quot;:&quot;noah.lewis@x.dummyjson.com&quot;},{&quot;rating&quot;:3,&quot;comment&quot;:&quot;Very unhappy with my purchase!&quot;,&quot;date&quot;:&quot;2025-04-30T09:41:02.053Z&quot;,&quot;reviewerName&quot;:&quot;Ruby Andrews&quot;,&quot;reviewerEmail&quot;:&quot;ruby.andrews@x.dummyjson.com&quot;},{&quot;rating&quot;:2,&quot;comment&quot;:&quot;Very disappointed!&quot;,&quot;date&quot;:&quot;2025-04-30T09:41:02.053Z&quot;,&quot;reviewerName&quot;:&quot;Ethan Thompson&quot;,&quot;reviewerEmail&quot;:&quot;ethan.thompson@x.dummyjson.com&quot;}],&quot;returnPolicy&quot;:&quot;No return policy&quot;,&quot;minimumOrderQuantity&quot;:18,&quot;meta&quot;:{&quot;createdAt&quot;:&quot;2025-04-30T09:41:02.053Z&quot;,&quot;updatedAt&quot;:&quot;2025-04-30T09:41:02.053Z&quot;,&quot;barcode&quot;:&quot;1483991328610&quot;,&quot;qrCode&quot;:&quot;https://cdn.dummyjson.com/public/qr-code.png&quot;},&quot;images&quot;:[&quot;https://cdn.dummyjson.com/product-images/groceries/cat-food/1.webp&quot;],&quot;thumbnail&quot;:&quot;https://cdn.dummyjson.com/product-images/groceries/cat-food/thumbnail.webp&quot;},{&quot;id&quot;:19,&quot;title&quot;:&quot;Chicken Meat&quot;,&quot;description&quot;:&quot;Fresh and tender chicken meat, suitable for various culinary preparations.&quot;,&quot;category&quot;:&quot;groceries&quot;,&quot;price&quot;:9.99,&quot;discountPercentage&quot;:13.7,&quot;rating&quot;:3.19,&quot;stock&quot;:97,&quot;tags&quot;:[&quot;meat&quot;],&quot;sku&quot;:&quot;GRO-BRD-CHI-019&quot;,&quot;weight&quot;:1,&quot;dimensions&quot;:{&quot;width&quot;:11.03,&quot;height&quot;:22.11,&quot;depth&quot;:16.01},&quot;warrantyInformation&quot;:&quot;1 year warranty&quot;,&quot;shippingInformation&quot;:&quot;Ships in 1 month&quot;,&quot;availabilityStatus&quot;:&quot;In Stock&quot;,&quot;reviews&quot;:[{&quot;rating&quot;:5,&quot;comment&quot;:&quot;Great product!&quot;,&quot;date&quot;:&quot;2025-04-30T09:41:02.053Z&quot;,&quot;reviewerName&quot;:&quot;Mateo Bennett&quot;,&quot;reviewerEmail&quot;:&quot;mateo.bennett@x.dummyjson.com&quot;},{&quot;rating&quot;:4,&quot;comment&quot;:&quot;Highly recommended!&quot;,&quot;date&quot;:&quot;2025-04-30T09:41:02.053Z&quot;,&quot;reviewerName&quot;:&quot;Jackson Evans&quot;,&quot;reviewerEmail&quot;:&quot;jackson.evans@x.dummyjson.com&quot;},{&quot;rating&quot;:3,&quot;comment&quot;:&quot;Not worth the price!&quot;,&quot;date&quot;:&quot;2025-04-30T09:41:02.053Z&quot;,&quot;reviewerName&quot;:&quot;Sadie Morales&quot;,&quot;reviewerEmail&quot;:&quot;sadie.morales@x.dummyjson.com&quot;}],&quot;returnPolicy&quot;:&quot;7 days return policy&quot;,&quot;minimumOrderQuantity&quot;:22,&quot;meta&quot;:{&quot;createdAt&quot;:&quot;2025-04-30T09:41:02.053Z&quot;,&quot;updatedAt&quot;:&quot;2025-04-30T09:41:02.053Z&quot;,&quot;barcode&quot;:&quot;8829514594521&quot;,&quot;qrCode&quot;:&quot;https://cdn.dummyjson.com/public/qr-code.png&quot;},&quot;images&quot;:[&quot;https://cdn.dummyjson.com/product-images/groceries/chicken-meat/1.webp&quot;,&quot;https://cdn.dummyjson.com/product-images/groceries/chicken-meat/2.webp&quot;],&quot;thumbnail&quot;:&quot;https://cdn.dummyjson.com/product-images/groceries/chicken-meat/thumbnail.webp&quot;},{&quot;id&quot;:20,&quot;title&quot;:&quot;Cooking Oil&quot;,&quot;description&quot;:&quot;Versatile cooking oil suitable for frying, sautéing, and various culinary applications.&quot;,&quot;category&quot;:&quot;groceries&quot;,&quot;price&quot;:4.99,&quot;discountPercentage&quot;:9.33,&quot;rating&quot;:4.8,&quot;stock&quot;:10,&quot;tags&quot;:[&quot;cooking essentials&quot;],&quot;sku&quot;:&quot;GRO-BRD-COO-020&quot;,&quot;weight&quot;:5,&quot;dimensions&quot;:{&quot;width&quot;:19.95,&quot;height&quot;:27.54,&quot;depth&quot;:24.86},&quot;warrantyInformation&quot;:&quot;Lifetime warranty&quot;,&quot;shippingInformation&quot;:&quot;Ships in 1-2 business days&quot;,&quot;availabilityStatus&quot;:&quot;In Stock&quot;,&quot;reviews&quot;:[{&quot;rating&quot;:5,&quot;comment&quot;:&quot;Very happy with my purchase!&quot;,&quot;date&quot;:&quot;2025-04-30T09:41:02.053Z&quot;,&quot;reviewerName&quot;:&quot;Victoria McDonald&quot;,&quot;reviewerEmail&quot;:&quot;victoria.mcdonald@x.dummyjson.com&quot;},{&quot;rating&quot;:2,&quot;comment&quot;:&quot;Would not recommend!&quot;,&quot;date&quot;:&quot;2025-04-30T09:41:02.053Z&quot;,&quot;reviewerName&quot;:&quot;Hazel Evans&quot;,&quot;reviewerEmail&quot;:&quot;hazel.evans@x.dummyjson.com&quot;},{&quot;rating&quot;:5,&quot;comment&quot;:&quot;Would buy again!&quot;,&quot;date&quot;:&quot;2025-04-30T09:41:02.053Z&quot;,&quot;reviewerName&quot;:&quot;Zoe Bennett&quot;,&quot;reviewerEmail&quot;:&quot;zoe.bennett@x.dummyjson.com&quot;}],&quot;returnPolicy&quot;:&quot;30 days return policy&quot;,&quot;minimumOrderQuantity&quot;:46,&quot;meta&quot;:{&quot;createdAt&quot;:&quot;2025-04-30T09:41:02.053Z&quot;,&quot;updatedAt&quot;:&quot;2025-04-30T09:41:02.053Z&quot;,&quot;barcode&quot;:&quot;4874727824518&quot;,&quot;qrCode&quot;:&quot;https://cdn.dummyjson.com/public/qr-code.png&quot;},&quot;images&quot;:[&quot;https://cdn.dummyjson.com/product-images/groceries/cooking-oil/1.webp&quot;],&quot;thumbnail&quot;:&quot;https://cdn.dummyjson.com/product-images/groceries/cooking-oil/thumbnail.webp&quot;},{&quot;id&quot;:21,&quot;title&quot;:&quot;Cucumber&quot;,&quot;description&quot;:&quot;Crisp and hydrating cucumbers, ideal for salads, snacks, or as a refreshing side.&quot;,&quot;category&quot;:&quot;groceries&quot;,&quot;price&quot;:1.49,&quot;discountPercentage&quot;:0.16,&quot;rating&quot;:4.07,&quot;stock&quot;:84,&quot;tags&quot;:[&quot;vegetables&quot;],&quot;sku&quot;:&quot;GRO-BRD-CUC-021&quot;,&quot;weight&quot;:4,&quot;dimensions&quot;:{&quot;width&quot;:12.8,&quot;height&quot;:28.38,&quot;depth&quot;:21.34},&quot;warrantyInformation&quot;:&quot;2 year warranty&quot;,&quot;shippingInformation&quot;:&quot;Ships in 1-2 business days&quot;,&quot;availabilityStatus&quot;:&quot;In Stock&quot;,&quot;reviews&quot;:[{&quot;rating&quot;:4,&quot;comment&quot;:&quot;Great product!&quot;,&quot;date&quot;:&quot;2025-04-30T09:41:02.053Z&quot;,&quot;reviewerName&quot;:&quot;Lincoln Kelly&quot;,&quot;reviewerEmail&quot;:&quot;lincoln.kelly@x.dummyjson.com&quot;},{&quot;rating&quot;:4,&quot;comment&quot;:&quot;Great value for money!&quot;,&quot;date&quot;:&quot;2025-04-30T09:41:02.053Z&quot;,&quot;reviewerName&quot;:&quot;Savannah Gomez&quot;,&quot;reviewerEmail&quot;:&quot;savannah.gomez@x.dummyjson.com&quot;},{&quot;rating&quot;:2,&quot;comment&quot;:&quot;Poor quality!&quot;,&quot;date&quot;:&quot;2025-04-30T09:41:02.053Z&quot;,&quot;reviewerName&quot;:&quot;James Davis&quot;,&quot;reviewerEmail&quot;:&quot;james.davis@x.dummyjson.com&quot;}],&quot;returnPolicy&quot;:&quot;7 days return policy&quot;,&quot;minimumOrderQuantity&quot;:2,&quot;meta&quot;:{&quot;createdAt&quot;:&quot;2025-04-30T09:41:02.053Z&quot;,&quot;updatedAt&quot;:&quot;2025-04-30T09:41:02.053Z&quot;,&quot;barcode&quot;:&quot;5300066378225&quot;,&quot;qrCode&quot;:&quot;https://cdn.dummyjson.com/public/qr-code.png&quot;},&quot;images&quot;:[&quot;https://cdn.dummyjson.com/product-images/groceries/cucumber/1.webp&quot;],&quot;thumbnail&quot;:&quot;https://cdn.dummyjson.com/product-images/groceries/cucumber/thumbnail.webp&quot;},{&quot;id&quot;:22,&quot;title&quot;:&quot;Dog Food&quot;,&quot;description&quot;:&quot;Specially formulated dog food designed to provide essential nutrients for your canine companion.&quot;,&quot;category&quot;:&quot;groceries&quot;,&quot;price&quot;:10.99,&quot;discountPercentage&quot;:10.27,&quot;rating&quot;:4.55,&quot;stock&quot;:71,&quot;tags&quot;:[&quot;pet supplies&quot;,&quot;dog food&quot;],&quot;sku&quot;:&quot;GRO-BRD-FOO-022&quot;,&quot;weight&quot;:10,&quot;dimensions&quot;:{&quot;width&quot;:16.93,&quot;height&quot;:27.15,&quot;depth&quot;:9.29},&quot;warrantyInformation&quot;:&quot;No warranty&quot;,&quot;shippingInformation&quot;:&quot;Ships in 1-2 business days&quot;,&quot;availabilityStatus&quot;:&quot;In Stock&quot;,&quot;reviews&quot;:[{&quot;rating&quot;:5,&quot;comment&quot;:&quot;Excellent quality!&quot;,&quot;date&quot;:&quot;2025-04-30T09:41:02.053Z&quot;,&quot;reviewerName&quot;:&quot;Nicholas Edwards&quot;,&quot;reviewerEmail&quot;:&quot;nicholas.edwards@x.dummyjson.com&quot;},{&quot;rating&quot;:5,&quot;comment&quot;:&quot;Awesome product!&quot;,&quot;date&quot;:&quot;2025-04-30T09:41:02.053Z&quot;,&quot;reviewerName&quot;:&quot;Zachary Lee&quot;,&quot;reviewerEmail&quot;:&quot;zachary.lee@x.dummyjson.com&quot;},{&quot;rating&quot;:4,&quot;comment&quot;:&quot;Great product!&quot;,&quot;date&quot;:&quot;2025-04-30T09:41:02.053Z&quot;,&quot;reviewerName&quot;:&quot;Nova Cooper&quot;,&quot;reviewerEmail&quot;:&quot;nova.cooper@x.dummyjson.com&quot;}],&quot;returnPolicy&quot;:&quot;60 days return policy&quot;,&quot;minimumOrderQuantity&quot;:43,&quot;meta&quot;:{&quot;createdAt&quot;:&quot;2025-04-30T09:41:02.053Z&quot;,&quot;updatedAt&quot;:&quot;2025-04-30T09:41:02.053Z&quot;,&quot;barcode&quot;:&quot;5906686116469&quot;,&quot;qrCode&quot;:&quot;https://cdn.dummyjson.com/public/qr-code.png&quot;},&quot;images&quot;:[&quot;https://cdn.dummyjson.com/product-images/groceries/dog-food/1.webp&quot;],&quot;thumbnail&quot;:&quot;https://cdn.dummyjson.com/product-images/groceries/dog-food/thumbnail.webp&quot;},{&quot;id&quot;:23,&quot;title&quot;:&quot;Eggs&quot;,&quot;description&quot;:&quot;Fresh eggs, a versatile ingredient for baking, cooking, or breakfast.&quot;,&quot;category&quot;:&quot;groceries&quot;,&quot;price&quot;:2.99,&quot;discountPercentage&quot;:11.05,&quot;rating&quot;:2.53,&quot;stock&quot;:9,&quot;tags&quot;:[&quot;dairy&quot;],&quot;sku&quot;:&quot;GRO-BRD-EGG-023&quot;,&quot;weight&quot;:2,&quot;dimensions&quot;:{&quot;width&quot;:11.42,&quot;height&quot;:7.44,&quot;depth&quot;:16.95},&quot;warrantyInformation&quot;:&quot;1 week warranty&quot;,&quot;shippingInformation&quot;:&quot;Ships in 1 week&quot;,&quot;availabilityStatus&quot;:&quot;In Stock&quot;,&quot;reviews&quot;:[{&quot;rating&quot;:3,&quot;comment&quot;:&quot;Disappointing product!&quot;,&quot;date&quot;:&quot;2025-04-30T09:41:02.053Z&quot;,&quot;reviewerName&quot;:&quot;Penelope King&quot;,&quot;reviewerEmail&quot;:&quot;penelope.king@x.dummyjson.com&quot;},{&quot;rating&quot;:3,&quot;comment&quot;:&quot;Poor quality!&quot;,&quot;date&quot;:&quot;2025-04-30T09:41:02.053Z&quot;,&quot;reviewerName&quot;:&quot;Eleanor Tyler&quot;,&quot;reviewerEmail&quot;:&quot;eleanor.tyler@x.dummyjson.com&quot;},{&quot;rating&quot;:4,&quot;comment&quot;:&quot;Very pleased!&quot;,&quot;date&quot;:&quot;2025-04-30T09:41:02.053Z&quot;,&quot;reviewerName&quot;:&quot;Benjamin Foster&quot;,&quot;reviewerEmail&quot;:&quot;benjamin.foster@x.dummyjson.com&quot;}],&quot;returnPolicy&quot;:&quot;No return policy&quot;,&quot;minimumOrderQuantity&quot;:32,&quot;meta&quot;:{&quot;createdAt&quot;:&quot;2025-04-30T09:41:02.053Z&quot;,&quot;updatedAt&quot;:&quot;2025-04-30T09:41:02.053Z&quot;,&quot;barcode&quot;:&quot;3478638588469&quot;,&quot;qrCode&quot;:&quot;https://cdn.dummyjson.com/public/qr-code.png&quot;},&quot;images&quot;:[&quot;https://cdn.dummyjson.com/product-images/groceries/eggs/1.webp&quot;],&quot;thumbnail&quot;:&quot;https://cdn.dummyjson.com/product-images/groceries/eggs/thumbnail.webp&quot;},{&quot;id&quot;:24,&quot;title&quot;:&quot;Fish Steak&quot;,&quot;description&quot;:&quot;Quality fish steak, suitable for grilling, baking, or pan-searing.&quot;,&quot;category&quot;:&quot;groceries&quot;,&quot;price&quot;:14.99,&quot;discountPercentage&quot;:4.23,&quot;rating&quot;:3.78,&quot;stock&quot;:74,&quot;tags&quot;:[&quot;seafood&quot;],&quot;sku&quot;:&quot;GRO-BRD-FIS-024&quot;,&quot;weight&quot;:6,&quot;dimensions&quot;:{&quot;width&quot;:14.95,&quot;height&quot;:26.31,&quot;depth&quot;:11.27},&quot;warrantyInformation&quot;:&quot;1 month warranty&quot;,&quot;shippingInformation&quot;:&quot;Ships in 3-5 business days&quot;,&quot;availabilityStatus&quot;:&quot;In Stock&quot;,&quot;reviews&quot;:[{&quot;rating&quot;:2,&quot;comment&quot;:&quot;Would not buy again!&quot;,&quot;date&quot;:&quot;2025-04-30T09:41:02.053Z&quot;,&quot;reviewerName&quot;:&quot;Caleb Perkins&quot;,&quot;reviewerEmail&quot;:&quot;caleb.perkins@x.dummyjson.com&quot;},{&quot;rating&quot;:5,&quot;comment&quot;:&quot;Excellent quality!&quot;,&quot;date&quot;:&quot;2025-04-30T09:41:02.053Z&quot;,&quot;reviewerName&quot;:&quot;Isabella Jackson&quot;,&quot;reviewerEmail&quot;:&quot;isabella.jackson@x.dummyjson.com&quot;},{&quot;rating&quot;:4,&quot;comment&quot;:&quot;Great value for money!&quot;,&quot;date&quot;:&quot;2025-04-30T09:41:02.053Z&quot;,&quot;reviewerName&quot;:&quot;Nathan Dixon&quot;,&quot;reviewerEmail&quot;:&quot;nathan.dixon@x.dummyjson.com&quot;}],&quot;returnPolicy&quot;:&quot;60 days return policy&quot;,&quot;minimumOrderQuantity&quot;:50,&quot;meta&quot;:{&quot;createdAt&quot;:&quot;2025-04-30T09:41:02.053Z&quot;,&quot;updatedAt&quot;:&quot;2025-04-30T09:41:02.053Z&quot;,&quot;barcode&quot;:&quot;9595036192098&quot;,&quot;qrCode&quot;:&quot;https://cdn.dummyjson.com/public/qr-code.png&quot;},&quot;images&quot;:[&quot;https://cdn.dummyjson.com/product-images/groceries/fish-steak/1.webp&quot;],&quot;thumbnail&quot;:&quot;https://cdn.dummyjson.com/product-images/groceries/fish-steak/thumbnail.webp&quot;},{&quot;id&quot;:25,&quot;title&quot;:&quot;Green Bell Pepper&quot;,&quot;description&quot;:&quot;Fresh and vibrant green bell pepper, perfect for adding color and flavor to your dishes.&quot;,&quot;category&quot;:&quot;groceries&quot;,&quot;price&quot;:1.29,&quot;discountPercentage&quot;:0.16,&quot;rating&quot;:3.25,&quot;stock&quot;:33,&quot;tags&quot;:[&quot;vegetables&quot;],&quot;sku&quot;:&quot;GRO-BRD-GRE-025&quot;,&quot;weight&quot;:2,&quot;dimensions&quot;:{&quot;width&quot;:15.33,&quot;height&quot;:26.65,&quot;depth&quot;:14.44},&quot;warrantyInformation&quot;:&quot;1 month warranty&quot;,&quot;shippingInformation&quot;:&quot;Ships in 1 week&quot;,&quot;availabilityStatus&quot;:&quot;In Stock&quot;,&quot;reviews&quot;:[{&quot;rating&quot;:4,&quot;comment&quot;:&quot;Highly recommended!&quot;,&quot;date&quot;:&quot;2025-04-30T09:41:02.053Z&quot;,&quot;reviewerName&quot;:&quot;Avery Carter&quot;,&quot;reviewerEmail&quot;:&quot;avery.carter@x.dummyjson.com&quot;},{&quot;rating&quot;:3,&quot;comment&quot;:&quot;Would not recommend!&quot;,&quot;date&quot;:&quot;2025-04-30T09:41:02.053Z&quot;,&quot;reviewerName&quot;:&quot;Henry Hill&quot;,&quot;reviewerEmail&quot;:&quot;henry.hill@x.dummyjson.com&quot;},{&quot;rating&quot;:5,&quot;comment&quot;:&quot;Excellent quality!&quot;,&quot;date&quot;:&quot;2025-04-30T09:41:02.053Z&quot;,&quot;reviewerName&quot;:&quot;Addison Wright&quot;,&quot;reviewerEmail&quot;:&quot;addison.wright@x.dummyjson.com&quot;}],&quot;returnPolicy&quot;:&quot;30 days return policy&quot;,&quot;minimumOrderQuantity&quot;:12,&quot;meta&quot;:{&quot;createdAt&quot;:&quot;2025-04-30T09:41:02.053Z&quot;,&quot;updatedAt&quot;:&quot;2025-04-30T09:41:02.053Z&quot;,&quot;barcode&quot;:&quot;2365227493323&quot;,&quot;qrCode&quot;:&quot;https://cdn.dummyjson.com/public/qr-code.png&quot;},&quot;images&quot;:[&quot;https://cdn.dummyjson.com/product-images/groceries/green-bell-pepper/1.webp&quot;],&quot;thumbnail&quot;:&quot;https://cdn.dummyjson.com/product-images/groceries/green-bell-pepper/thumbnail.webp&quot;},{&quot;id&quot;:26,&quot;title&quot;:&quot;Green Chili Pepper&quot;,&quot;description&quot;:&quot;Spicy green chili pepper, ideal for adding heat to your favorite recipes.&quot;,&quot;category&quot;:&quot;groceries&quot;,&quot;price&quot;:0.99,&quot;discountPercentage&quot;:1,&quot;rating&quot;:3.66,&quot;stock&quot;:3,&quot;tags&quot;:[&quot;vegetables&quot;],&quot;sku&quot;:&quot;GRO-BRD-GRE-026&quot;,&quot;weight&quot;:7,&quot;dimensions&quot;:{&quot;width&quot;:15.38,&quot;height&quot;:18.12,&quot;depth&quot;:19.92},&quot;warrantyInformation&quot;:&quot;2 year warranty&quot;,&quot;shippingInformation&quot;:&quot;Ships in 1 week&quot;,&quot;availabilityStatus&quot;:&quot;Low Stock&quot;,&quot;reviews&quot;:[{&quot;rating&quot;:4,&quot;comment&quot;:&quot;Great product!&quot;,&quot;date&quot;:&quot;2025-04-30T09:41:02.053Z&quot;,&quot;reviewerName&quot;:&quot;Luna Russell&quot;,&quot;reviewerEmail&quot;:&quot;luna.russell@x.dummyjson.com&quot;},{&quot;rating&quot;:1,&quot;comment&quot;:&quot;Waste of money!&quot;,&quot;date&quot;:&quot;2025-04-30T09:41:02.053Z&quot;,&quot;reviewerName&quot;:&quot;Noah Lewis&quot;,&quot;reviewerEmail&quot;:&quot;noah.lewis@x.dummyjson.com&quot;},{&quot;rating&quot;:3,&quot;comment&quot;:&quot;Very disappointed!&quot;,&quot;date&quot;:&quot;2025-04-30T09:41:02.053Z&quot;,&quot;reviewerName&quot;:&quot;Clara Berry&quot;,&quot;reviewerEmail&quot;:&quot;clara.berry@x.dummyjson.com&quot;}],&quot;returnPolicy&quot;:&quot;30 days return policy&quot;,&quot;minimumOrderQuantity&quot;:39,&quot;meta&quot;:{&quot;createdAt&quot;:&quot;2025-04-30T09:41:02.053Z&quot;,&quot;updatedAt&quot;:&quot;2025-04-30T09:41:02.053Z&quot;,&quot;barcode&quot;:&quot;9335000538563&quot;,&quot;qrCode&quot;:&quot;https://cdn.dummyjson.com/public/qr-code.png&quot;},&quot;images&quot;:[&quot;https://cdn.dummyjson.com/product-images/groceries/green-chili-pepper/1.webp&quot;],&quot;thumbnail&quot;:&quot;https://cdn.dummyjson.com/product-images/groceries/green-chili-pepper/thumbnail.webp&quot;},{&quot;id&quot;:27,&quot;title&quot;:&quot;Honey Jar&quot;,&quot;description&quot;:&quot;Pure and natural honey in a convenient jar, perfect for sweetening beverages or drizzling over food.&quot;,&quot;category&quot;:&quot;groceries&quot;,&quot;price&quot;:6.99,&quot;discountPercentage&quot;:14.4,&quot;rating&quot;:3.97,&quot;stock&quot;:34,&quot;tags&quot;:[&quot;condiments&quot;],&quot;sku&quot;:&quot;GRO-BRD-HON-027&quot;,&quot;weight&quot;:2,&quot;dimensions&quot;:{&quot;width&quot;:9.28,&quot;height&quot;:21.72,&quot;depth&quot;:17.74},&quot;warrantyInformation&quot;:&quot;1 month warranty&quot;,&quot;shippingInformation&quot;:&quot;Ships in 1-2 business days&quot;,&quot;availabilityStatus&quot;:&quot;In Stock&quot;,&quot;reviews&quot;:[{&quot;rating&quot;:1,&quot;comment&quot;:&quot;Very disappointed!&quot;,&quot;date&quot;:&quot;2025-04-30T09:41:02.053Z&quot;,&quot;reviewerName&quot;:&quot;Autumn Gomez&quot;,&quot;reviewerEmail&quot;:&quot;autumn.gomez@x.dummyjson.com&quot;},{&quot;rating&quot;:4,&quot;comment&quot;:&quot;Highly impressed!&quot;,&quot;date&quot;:&quot;2025-04-30T09:41:02.053Z&quot;,&quot;reviewerName&quot;:&quot;Benjamin Wilson&quot;,&quot;reviewerEmail&quot;:&quot;benjamin.wilson@x.dummyjson.com&quot;},{&quot;rating&quot;:2,&quot;comment&quot;:&quot;Very disappointed!&quot;,&quot;date&quot;:&quot;2025-04-30T09:41:02.053Z&quot;,&quot;reviewerName&quot;:&quot;Nicholas Edwards&quot;,&quot;reviewerEmail&quot;:&quot;nicholas.edwards@x.dummyjson.com&quot;}],&quot;returnPolicy&quot;:&quot;90 days return policy&quot;,&quot;minimumOrderQuantity&quot;:47,&quot;meta&quot;:{&quot;createdAt&quot;:&quot;2025-04-30T09:41:02.053Z&quot;,&quot;updatedAt&quot;:&quot;2025-04-30T09:41:02.053Z&quot;,&quot;barcode&quot;:&quot;6354306346329&quot;,&quot;qrCode&quot;:&quot;https://cdn.dummyjson.com/public/qr-code.png&quot;},&quot;images&quot;:[&quot;https://cdn.dummyjson.com/product-images/groceries/honey-jar/1.webp&quot;],&quot;thumbnail&quot;:&quot;https://cdn.dummyjson.com/product-images/groceries/honey-jar/thumbnail.webp&quot;},{&quot;id&quot;:28,&quot;title&quot;:&quot;Ice Cream&quot;,&quot;description&quot;:&quot;Creamy and delicious ice cream, available in various flavors for a delightful treat.&quot;,&quot;category&quot;:&quot;groceries&quot;,&quot;price&quot;:5.49,&quot;discountPercentage&quot;:8.69,&quot;rating&quot;:3.39,&quot;stock&quot;:27,&quot;tags&quot;:[&quot;desserts&quot;],&quot;sku&quot;:&quot;GRO-BRD-CRE-028&quot;,&quot;weight&quot;:1,&quot;dimensions&quot;:{&quot;width&quot;:14.83,&quot;height&quot;:15.07,&quot;depth&quot;:24.2},&quot;warrantyInformation&quot;:&quot;1 month warranty&quot;,&quot;shippingInformation&quot;:&quot;Ships in 2 weeks&quot;,&quot;availabilityStatus&quot;:&quot;In Stock&quot;,&quot;reviews&quot;:[{&quot;rating&quot;:5,&quot;comment&quot;:&quot;Very pleased!&quot;,&quot;date&quot;:&quot;2025-04-30T09:41:02.053Z&quot;,&quot;reviewerName&quot;:&quot;Elijah Cruz&quot;,&quot;reviewerEmail&quot;:&quot;elijah.cruz@x.dummyjson.com&quot;},{&quot;rating&quot;:4,&quot;comment&quot;:&quot;Excellent quality!&quot;,&quot;date&quot;:&quot;2025-04-30T09:41:02.053Z&quot;,&quot;reviewerName&quot;:&quot;Jace Smith&quot;,&quot;reviewerEmail&quot;:&quot;jace.smith@x.dummyjson.com&quot;},{&quot;rating&quot;:5,&quot;comment&quot;:&quot;Highly impressed!&quot;,&quot;date&quot;:&quot;2025-04-30T09:41:02.053Z&quot;,&quot;reviewerName&quot;:&quot;Sadie Morales&quot;,&quot;reviewerEmail&quot;:&quot;sadie.morales@x.dummyjson.com&quot;}],&quot;returnPolicy&quot;:&quot;No return policy&quot;,&quot;minimumOrderQuantity&quot;:42,&quot;meta&quot;:{&quot;createdAt&quot;:&quot;2025-04-30T09:41:02.053Z&quot;,&quot;updatedAt&quot;:&quot;2025-04-30T09:41:02.053Z&quot;,&quot;barcode&quot;:&quot;0788954559076&quot;,&quot;qrCode&quot;:&quot;https://cdn.dummyjson.com/public/qr-code.png&quot;},&quot;images&quot;:[&quot;https://cdn.dummyjson.com/product-images/groceries/ice-cream/1.webp&quot;,&quot;https://cdn.dummyjson.com/product-images/groceries/ice-cream/2.webp&quot;,&quot;https://cdn.dummyjson.com/product-images/groceries/ice-cream/3.webp&quot;,&quot;https://cdn.dummyjson.com/product-images/groceries/ice-cream/4.webp&quot;],&quot;thumbnail&quot;:&quot;https://cdn.dummyjson.com/product-images/groceries/ice-cream/thumbnail.webp&quot;},{&quot;id&quot;:29,&quot;title&quot;:&quot;Juice&quot;,&quot;description&quot;:&quot;Refreshing fruit juice, packed with vitamins and great for staying hydrated.&quot;,&quot;category&quot;:&quot;groceries&quot;,&quot;price&quot;:3.99,&quot;discountPercentage&quot;:12.06,&quot;rating&quot;:3.94,&quot;stock&quot;:50,&quot;tags&quot;:[&quot;beverages&quot;],&quot;sku&quot;:&quot;GRO-BRD-JUI-029&quot;,&quot;weight&quot;:1,&quot;dimensions&quot;:{&quot;width&quot;:18.56,&quot;height&quot;:21.46,&quot;depth&quot;:28.02},&quot;warrantyInformation&quot;:&quot;6 months warranty&quot;,&quot;shippingInformation&quot;:&quot;Ships in 1 week&quot;,&quot;availabilityStatus&quot;:&quot;In Stock&quot;,&quot;reviews&quot;:[{&quot;rating&quot;:5,&quot;comment&quot;:&quot;Excellent quality!&quot;,&quot;date&quot;:&quot;2025-04-30T09:41:02.053Z&quot;,&quot;reviewerName&quot;:&quot;Nolan Gonzalez&quot;,&quot;reviewerEmail&quot;:&quot;nolan.gonzalez@x.dummyjson.com&quot;},{&quot;rating&quot;:4,&quot;comment&quot;:&quot;Would buy again!&quot;,&quot;date&quot;:&quot;2025-04-30T09:41:02.053Z&quot;,&quot;reviewerName&quot;:&quot;Bella Grant&quot;,&quot;reviewerEmail&quot;:&quot;bella.grant@x.dummyjson.com&quot;},{&quot;rating&quot;:5,&quot;comment&quot;:&quot;Awesome product!&quot;,&quot;date&quot;:&quot;2025-04-30T09:41:02.053Z&quot;,&quot;reviewerName&quot;:&quot;Aria Flores&quot;,&quot;reviewerEmail&quot;:&quot;aria.flores@x.dummyjson.com&quot;}],&quot;returnPolicy&quot;:&quot;No return policy&quot;,&quot;minimumOrderQuantity&quot;:25,&quot;meta&quot;:{&quot;createdAt&quot;:&quot;2025-04-30T09:41:02.053Z&quot;,&quot;updatedAt&quot;:&quot;2025-04-30T09:41:02.053Z&quot;,&quot;barcode&quot;:&quot;6936112580956&quot;,&quot;qrCode&quot;:&quot;https://cdn.dummyjson.com/public/qr-code.png&quot;},&quot;images&quot;:[&quot;https://cdn.dummyjson.com/product-images/groceries/juice/1.webp&quot;],&quot;thumbnail&quot;:&quot;https://cdn.dummyjson.com/product-images/groceries/juice/thumbnail.webp&quot;},{&quot;id&quot;:30,&quot;title&quot;:&quot;Kiwi&quot;,&quot;description&quot;:&quot;Nutrient-rich kiwi, perfect for snacking or adding a tropical twist to your dishes.&quot;,&quot;category&quot;:&quot;groceries&quot;,&quot;price&quot;:2.49,&quot;discountPercentage&quot;:15.22,&quot;rating&quot;:4.93,&quot;stock&quot;:99,&quot;tags&quot;:[&quot;fruits&quot;],&quot;sku&quot;:&quot;GRO-BRD-KIW-030&quot;,&quot;weight&quot;:5,&quot;dimensions&quot;:{&quot;width&quot;:19.4,&quot;height&quot;:18.67,&quot;depth&quot;:17.13},&quot;warrantyInformation&quot;:&quot;6 months warranty&quot;,&quot;shippingInformation&quot;:&quot;Ships overnight&quot;,&quot;availabilityStatus&quot;:&quot;In Stock&quot;,&quot;reviews&quot;:[{&quot;rating&quot;:4,&quot;comment&quot;:&quot;Highly recommended!&quot;,&quot;date&quot;:&quot;2025-04-30T09:41:02.053Z&quot;,&quot;reviewerName&quot;:&quot;Emily Brown&quot;,&quot;reviewerEmail&quot;:&quot;emily.brown@x.dummyjson.com&quot;},{&quot;rating&quot;:2,&quot;comment&quot;:&quot;Would not buy again!&quot;,&quot;date&quot;:&quot;2025-04-30T09:41:02.053Z&quot;,&quot;reviewerName&quot;:&quot;Jackson Morales&quot;,&quot;reviewerEmail&quot;:&quot;jackson.morales@x.dummyjson.com&quot;},{&quot;rating&quot;:4,&quot;comment&quot;:&quot;Fast shipping!&quot;,&quot;date&quot;:&quot;2025-04-30T09:41:02.053Z&quot;,&quot;reviewerName&quot;:&quot;Nora Russell&quot;,&quot;reviewerEmail&quot;:&quot;nora.russell@x.dummyjson.com&quot;}],&quot;returnPolicy&quot;:&quot;7 days return policy&quot;,&quot;minimumOrderQuantity&quot;:30,&quot;meta&quot;:{&quot;createdAt&quot;:&quot;2025-04-30T09:41:02.053Z&quot;,&quot;updatedAt&quot;:&quot;2025-04-30T09:41:02.053Z&quot;,&quot;barcode&quot;:&quot;2530169917252&quot;,&quot;qrCode&quot;:&quot;https://cdn.dummyjson.com/public/qr-code.png&quot;},&quot;images&quot;:[&quot;https://cdn.dummyjson.com/product-images/groceries/kiwi/1.webp&quot;],&quot;thumbnail&quot;:&quot;https://cdn.dummyjson.com/product-images/groceries/kiwi/thumbnail.webp&quot;}],&quot;total&quot;:194,&quot;skip&quot;:0,&quot;limit&quot;:30}&#10;" type="java.lang.AssertionError"><![CDATA[java.lang.AssertionError: 
1 expectation failed.
Response body doesn't match expectation.
Expected: The content to match the given JSON schema.
error: object has missing required properties (["brand"])
    level: "error"
    schema: {"loadingURI":"file:/C:/Users/ander/workspace/outsera-test-qa/automation-backend/target/test-classes/schemas/products-schema.json#","pointer":"/properties/products/items"}
    instance: {"pointer":"/products/15"}
    domain: "validation"
    keyword: "required"
    required: ["brand","id","price","stock","title"]
    missing: ["brand"]
error: object has missing required properties (["brand"])
    level: "error"
    schema: {"loadingURI":"file:/C:/Users/ander/workspace/outsera-test-qa/automation-backend/target/test-classes/schemas/products-schema.json#","pointer":"/properties/products/items"}
    instance: {"pointer":"/products/16"}
    domain: "validation"
    keyword: "required"
    required: ["brand","id","price","stock","title"]
    missing: ["brand"]
error: object has missing required properties (["brand"])
    level: "error"
    schema: {"loadingURI":"file:/C:/Users/ander/workspace/outsera-test-qa/automation-backend/target/test-classes/schemas/products-schema.json#","pointer":"/properties/products/items"}
    instance: {"pointer":"/products/17"}
    domain: "validation"
    keyword: "required"
    required: ["brand","id","price","stock","title"]
    missing: ["brand"]
error: object has missing required properties (["brand"])
    level: "error"
    schema: {"loadingURI":"file:/C:/Users/ander/workspace/outsera-test-qa/automation-backend/target/test-classes/schemas/products-schema.json#","pointer":"/properties/products/items"}
    instance: {"pointer":"/products/18"}
    domain: "validation"
    keyword: "required"
    required: ["brand","id","price","stock","title"]
    missing: ["brand"]
error: object has missing required properties (["brand"])
    level: "error"
    schema: {"loadingURI":"file:/C:/Users/ander/workspace/outsera-test-qa/automation-backend/target/test-classes/schemas/products-schema.json#","pointer":"/properties/products/items"}
    instance: {"pointer":"/products/19"}
    domain: "validation"
    keyword: "required"
    required: ["brand","id","price","stock","title"]
    missing: ["brand"]
error: object has missing required properties (["brand"])
    level: "error"
    schema: {"loadingURI":"file:/C:/Users/ander/workspace/outsera-test-qa/automation-backend/target/test-classes/schemas/products-schema.json#","pointer":"/properties/products/items"}
    instance: {"pointer":"/products/20"}
    domain: "validation"
    keyword: "required"
    required: ["brand","id","price","stock","title"]
    missing: ["brand"]
error: object has missing required properties (["brand"])
    level: "error"
    schema: {"loadingURI":"file:/C:/Users/ander/workspace/outsera-test-qa/automation-backend/target/test-classes/schemas/products-schema.json#","pointer":"/properties/products/items"}
    instance: {"pointer":"/products/21"}
    domain: "validation"
    keyword: "required"
    required: ["brand","id","price","stock","title"]
    missing: ["brand"]
error: object has missing required properties (["brand"])
    level: "error"
    schema: {"loadingURI":"file:/C:/Users/ander/workspace/outsera-test-qa/automation-backend/target/test-classes/schemas/products-schema.json#","pointer":"/properties/products/items"}
    instance: {"pointer":"/products/22"}
    domain: "validation"
    keyword: "required"
    required: ["brand","id","price","stock","title"]
    missing: ["brand"]
error: object has missing required properties (["brand"])
    level: "error"
    schema: {"loadingURI":"file:/C:/Users/ander/workspace/outsera-test-qa/automation-backend/target/test-classes/schemas/products-schema.json#","pointer":"/properties/products/items"}
    instance: {"pointer":"/products/23"}
    domain: "validation"
    keyword: "required"
    required: ["brand","id","price","stock","title"]
    missing: ["brand"]
error: object has missing required properties (["brand"])
    level: "error"
    schema: {"loadingURI":"file:/C:/Users/ander/workspace/outsera-test-qa/automation-backend/target/test-classes/schemas/products-schema.json#","pointer":"/properties/products/items"}
    instance: {"pointer":"/products/24"}
    domain: "validation"
    keyword: "required"
    required: ["brand","id","price","stock","title"]
    missing: ["brand"]
error: object has missing required properties (["brand"])
    level: "error"
    schema: {"loadingURI":"file:/C:/Users/ander/workspace/outsera-test-qa/automation-backend/target/test-classes/schemas/products-schema.json#","pointer":"/properties/products/items"}
    instance: {"pointer":"/products/25"}
    domain: "validation"
    keyword: "required"
    required: ["brand","id","price","stock","title"]
    missing: ["brand"]
error: object has missing required properties (["brand"])
    level: "error"
    schema: {"loadingURI":"file:/C:/Users/ander/workspace/outsera-test-qa/automation-backend/target/test-classes/schemas/products-schema.json#","pointer":"/properties/products/items"}
    instance: {"pointer":"/products/26"}
    domain: "validation"
    keyword: "required"
    required: ["brand","id","price","stock","title"]
    missing: ["brand"]
error: object has missing required properties (["brand"])
    level: "error"
    schema: {"loadingURI":"file:/C:/Users/ander/workspace/outsera-test-qa/automation-backend/target/test-classes/schemas/products-schema.json#","pointer":"/properties/products/items"}
    instance: {"pointer":"/products/27"}
    domain: "validation"
    keyword: "required"
    required: ["brand","id","price","stock","title"]
    missing: ["brand"]
error: object has missing required properties (["brand"])
    level: "error"
    schema: {"loadingURI":"file:/C:/Users/ander/workspace/outsera-test-qa/automation-backend/target/test-classes/schemas/products-schema.json#","pointer":"/properties/products/items"}
    instance: {"pointer":"/products/28"}
    domain: "validation"
    keyword: "required"
    required: ["brand","id","price","stock","title"]
    missing: ["brand"]
error: object has missing required properties (["brand"])
    level: "error"
    schema: {"loadingURI":"file:/C:/Users/ander/workspace/outsera-test-qa/automation-backend/target/test-classes/schemas/products-schema.json#","pointer":"/properties/products/items"}
    instance: {"pointer":"/products/29"}
    domain: "validation"
    keyword: "required"
    required: ["brand","id","price","stock","title"]
    missing: ["brand"]

  Actual: {"products":[{"id":1,"title":"Essence Mascara Lash Princess","description":"The Essence Mascara Lash Princess is a popular mascara known for its volumizing and lengthening effects. Achieve dramatic lashes with this long-lasting and cruelty-free formula.","category":"beauty","price":9.99,"discountPercentage":10.48,"rating":2.56,"stock":99,"tags":["beauty","mascara"],"brand":"Essence","sku":"BEA-ESS-ESS-001","weight":4,"dimensions":{"width":15.14,"height":13.08,"depth":22.99},"warrantyInformation":"1 week warranty","shippingInformation":"Ships in 3-5 business days","availabilityStatus":"In Stock","reviews":[{"rating":3,"comment":"Would not recommend!","date":"2025-04-30T09:41:02.053Z","reviewerName":"Eleanor Collins","reviewerEmail":"eleanor.collins@x.dummyjson.com"},{"rating":4,"comment":"Very satisfied!","date":"2025-04-30T09:41:02.053Z","reviewerName":"Lucas Gordon","reviewerEmail":"lucas.gordon@x.dummyjson.com"},{"rating":5,"comment":"Highly impressed!","date":"2025-04-30T09:41:02.053Z","reviewerName":"Eleanor Collins","reviewerEmail":"eleanor.collins@x.dummyjson.com"}],"returnPolicy":"No return policy","minimumOrderQuantity":48,"meta":{"createdAt":"2025-04-30T09:41:02.053Z","updatedAt":"2025-04-30T09:41:02.053Z","barcode":"5784719087687","qrCode":"https://cdn.dummyjson.com/public/qr-code.png"},"images":["https://cdn.dummyjson.com/product-images/beauty/essence-mascara-lash-princess/1.webp"],"thumbnail":"https://cdn.dummyjson.com/product-images/beauty/essence-mascara-lash-princess/thumbnail.webp"},{"id":2,"title":"Eyeshadow Palette with Mirror","description":"The Eyeshadow Palette with Mirror offers a versatile range of eyeshadow shades for creating stunning eye looks. With a built-in mirror, it's convenient for on-the-go makeup application.","category":"beauty","price":19.99,"discountPercentage":18.19,"rating":2.86,"stock":34,"tags":["beauty","eyeshadow"],"brand":"Glamour Beauty","sku":"BEA-GLA-EYE-002","weight":9,"dimensions":{"width":9.26,"height":22.47,"depth":27.67},"warrantyInformation":"1 year warranty","shippingInformation":"Ships in 2 weeks","availabilityStatus":"In Stock","reviews":[{"rating":5,"comment":"Great product!","date":"2025-04-30T09:41:02.053Z","reviewerName":"Savannah Gomez","reviewerEmail":"savannah.gomez@x.dummyjson.com"},{"rating":4,"comment":"Awesome product!","date":"2025-04-30T09:41:02.053Z","reviewerName":"Christian Perez","reviewerEmail":"christian.perez@x.dummyjson.com"},{"rating":1,"comment":"Poor quality!","date":"2025-04-30T09:41:02.053Z","reviewerName":"Nicholas Bailey","reviewerEmail":"nicholas.bailey@x.dummyjson.com"}],"returnPolicy":"7 days return policy","minimumOrderQuantity":20,"meta":{"createdAt":"2025-04-30T09:41:02.053Z","updatedAt":"2025-04-30T09:41:02.053Z","barcode":"9170275171413","qrCode":"https://cdn.dummyjson.com/public/qr-code.png"},"images":["https://cdn.dummyjson.com/product-images/beauty/eyeshadow-palette-with-mirror/1.webp"],"thumbnail":"https://cdn.dummyjson.com/product-images/beauty/eyeshadow-palette-with-mirror/thumbnail.webp"},{"id":3,"title":"Powder Canister","description":"The Powder Canister is a finely milled setting powder designed to set makeup and control shine. With a lightweight and translucent formula, it provides a smooth and matte finish.","category":"beauty","price":14.99,"discountPercentage":9.84,"rating":4.64,"stock":89,"tags":["beauty","face powder"],"brand":"Velvet Touch","sku":"BEA-VEL-POW-003","weight":8,"dimensions":{"width":29.27,"height":27.93,"depth":20.59},"warrantyInformation":"3 months warranty","shippingInformation":"Ships in 1-2 business days","availabilityStatus":"In Stock","reviews":[{"rating":4,"comment":"Would buy again!","date":"2025-04-30T09:41:02.053Z","reviewerName":"Alexander Jones","reviewerEmail":"alexander.jones@x.dummyjson.com"},{"rating":5,"comment":"Highly impressed!","date":"2025-04-30T09:41:02.053Z","reviewerName":"Elijah Cruz","reviewerEmail":"elijah.cruz@x.dummyjson.com"},{"rating":1,"comment":"Very dissatisfied!","date":"2025-04-30T09:41:02.053Z","reviewerName":"Avery Perez","reviewerEmail":"avery.perez@x.dummyjson.com"}],"returnPolicy":"No return policy","minimumOrderQuantity":22,"meta":{"createdAt":"2025-04-30T09:41:02.053Z","updatedAt":"2025-04-30T09:41:02.053Z","barcode":"8418883906837","qrCode":"https://cdn.dummyjson.com/public/qr-code.png"},"images":["https://cdn.dummyjson.com/product-images/beauty/powder-canister/1.webp"],"thumbnail":"https://cdn.dummyjson.com/product-images/beauty/powder-canister/thumbnail.webp"},{"id":4,"title":"Red Lipstick","description":"The Red Lipstick is a classic and bold choice for adding a pop of color to your lips. With a creamy and pigmented formula, it provides a vibrant and long-lasting finish.","category":"beauty","price":12.99,"discountPercentage":12.16,"rating":4.36,"stock":91,"tags":["beauty","lipstick"],"brand":"Chic Cosmetics","sku":"BEA-CHI-LIP-004","weight":1,"dimensions":{"width":18.11,"height":28.38,"depth":22.17},"warrantyInformation":"3 year warranty","shippingInformation":"Ships in 1 week","availabilityStatus":"In Stock","reviews":[{"rating":4,"comment":"Great product!","date":"2025-04-30T09:41:02.053Z","reviewerName":"Liam Garcia","reviewerEmail":"liam.garcia@x.dummyjson.com"},{"rating":5,"comment":"Great product!","date":"2025-04-30T09:41:02.053Z","reviewerName":"Ruby Andrews","reviewerEmail":"ruby.andrews@x.dummyjson.com"},{"rating":5,"comment":"Would buy again!","date":"2025-04-30T09:41:02.053Z","reviewerName":"Clara Berry","reviewerEmail":"clara.berry@x.dummyjson.com"}],"returnPolicy":"7 days return policy","minimumOrderQuantity":40,"meta":{"createdAt":"2025-04-30T09:41:02.053Z","updatedAt":"2025-04-30T09:41:02.053Z","barcode":"9467746727219","qrCode":"https://cdn.dummyjson.com/public/qr-code.png"},"images":["https://cdn.dummyjson.com/product-images/beauty/red-lipstick/1.webp"],"thumbnail":"https://cdn.dummyjson.com/product-images/beauty/red-lipstick/thumbnail.webp"},{"id":5,"title":"Red Nail Polish","description":"The Red Nail Polish offers a rich and glossy red hue for vibrant and polished nails. With a quick-drying formula, it provides a salon-quality finish at home.","category":"beauty","price":8.99,"discountPercentage":11.44,"rating":4.32,"stock":79,"tags":["beauty","nail polish"],"brand":"Nail Couture","sku":"BEA-NAI-NAI-005","weight":8,"dimensions":{"width":21.63,"height":16.48,"depth":29.84},"warrantyInformation":"1 month warranty","shippingInformation":"Ships overnight","availabilityStatus":"In Stock","reviews":[{"rating":2,"comment":"Poor quality!","date":"2025-04-30T09:41:02.053Z","reviewerName":"Benjamin Wilson","reviewerEmail":"benjamin.wilson@x.dummyjson.com"},{"rating":5,"comment":"Great product!","date":"2025-04-30T09:41:02.053Z","reviewerName":"Liam Smith","reviewerEmail":"liam.smith@x.dummyjson.com"},{"rating":1,"comment":"Very unhappy with my purchase!","date":"2025-04-30T09:41:02.053Z","reviewerName":"Clara Berry","reviewerEmail":"clara.berry@x.dummyjson.com"}],"returnPolicy":"No return policy","minimumOrderQuantity":22,"meta":{"createdAt":"2025-04-30T09:41:02.053Z","updatedAt":"2025-04-30T09:41:02.053Z","barcode":"4063010628104","qrCode":"https://cdn.dummyjson.com/public/qr-code.png"},"images":["https://cdn.dummyjson.com/product-images/beauty/red-nail-polish/1.webp"],"thumbnail":"https://cdn.dummyjson.com/product-images/beauty/red-nail-polish/thumbnail.webp"},{"id":6,"title":"Calvin Klein CK One","description":"CK One by Calvin Klein is a classic unisex fragrance, known for its fresh and clean scent. It's a versatile fragrance suitable for everyday wear.","category":"fragrances","price":49.99,"discountPercentage":1.89,"rating":4.37,"stock":29,"tags":["fragrances","perfumes"],"brand":"Calvin Klein","sku":"FRA-CAL-CAL-006","weight":7,"dimensions":{"width":29.36,"height":27.76,"depth":20.72},"warrantyInformation":"1 week warranty","shippingInformation":"Ships overnight","availabilityStatus":"In Stock","reviews":[{"rating":2,"comment":"Very disappointed!","date":"2025-04-30T09:41:02.053Z","reviewerName":"Layla Young","reviewerEmail":"layla.young@x.dummyjson.com"},{"rating":4,"comment":"Fast shipping!","date":"2025-04-30T09:41:02.053Z","reviewerName":"Daniel Cook","reviewerEmail":"daniel.cook@x.dummyjson.com"},{"rating":3,"comment":"Not as described!","date":"2025-04-30T09:41:02.053Z","reviewerName":"Jacob Cooper","reviewerEmail":"jacob.cooper@x.dummyjson.com"}],"returnPolicy":"90 days return policy","minimumOrderQuantity":9,"meta":{"createdAt":"2025-04-30T09:41:02.053Z","updatedAt":"2025-04-30T09:41:02.053Z","barcode":"2451534060749","qrCode":"https://cdn.dummyjson.com/public/qr-code.png"},"images":["https://cdn.dummyjson.com/product-images/fragrances/calvin-klein-ck-one/1.webp","https://cdn.dummyjson.com/product-images/fragrances/calvin-klein-ck-one/2.webp","https://cdn.dummyjson.com/product-images/fragrances/calvin-klein-ck-one/3.webp"],"thumbnail":"https://cdn.dummyjson.com/product-images/fragrances/calvin-klein-ck-one/thumbnail.webp"},{"id":7,"title":"Chanel Coco Noir Eau De","description":"Coco Noir by Chanel is an elegant and mysterious fragrance, featuring notes of grapefruit, rose, and sandalwood. Perfect for evening occasions.","category":"fragrances","price":129.99,"discountPercentage":16.51,"rating":4.26,"stock":58,"tags":["fragrances","perfumes"],"brand":"Chanel","sku":"FRA-CHA-CHA-007","weight":7,"dimensions":{"width":24.5,"height":25.7,"depth":25.98},"warrantyInformation":"3 year warranty","shippingInformation":"Ships overnight","availabilityStatus":"In Stock","reviews":[{"rating":4,"comment":"Highly impressed!","date":"2025-04-30T09:41:02.053Z","reviewerName":"Ruby Andrews","reviewerEmail":"ruby.andrews@x.dummyjson.com"},{"rating":5,"comment":"Awesome product!","date":"2025-04-30T09:41:02.053Z","reviewerName":"Leah Henderson","reviewerEmail":"leah.henderson@x.dummyjson.com"},{"rating":5,"comment":"Very happy with my purchase!","date":"2025-04-30T09:41:02.053Z","reviewerName":"Xavier Wright","reviewerEmail":"xavier.wright@x.dummyjson.com"}],"returnPolicy":"No return policy","minimumOrderQuantity":1,"meta":{"createdAt":"2025-04-30T09:41:02.053Z","updatedAt":"2025-04-30T09:41:02.053Z","barcode":"4091737746820","qrCode":"https://cdn.dummyjson.com/public/qr-code.png"},"images":["https://cdn.dummyjson.com/product-images/fragrances/chanel-coco-noir-eau-de/1.webp","https://cdn.dummyjson.com/product-images/fragrances/chanel-coco-noir-eau-de/2.webp","https://cdn.dummyjson.com/product-images/fragrances/chanel-coco-noir-eau-de/3.webp"],"thumbnail":"https://cdn.dummyjson.com/product-images/fragrances/chanel-coco-noir-eau-de/thumbnail.webp"},{"id":8,"title":"Dior J'adore","description":"J'adore by Dior is a luxurious and floral fragrance, known for its blend of ylang-ylang, rose, and jasmine. It embodies femininity and sophistication.","category":"fragrances","price":89.99,"discountPercentage":14.72,"rating":3.8,"stock":98,"tags":["fragrances","perfumes"],"brand":"Dior","sku":"FRA-DIO-DIO-008","weight":4,"dimensions":{"width":27.67,"height":28.28,"depth":11.83},"warrantyInformation":"1 week warranty","shippingInformation":"Ships in 2 weeks","availabilityStatus":"In Stock","reviews":[{"rating":5,"comment":"Great value for money!","date":"2025-04-30T09:41:02.053Z","reviewerName":"Nicholas Bailey","reviewerEmail":"nicholas.bailey@x.dummyjson.com"},{"rating":4,"comment":"Great value for money!","date":"2025-04-30T09:41:02.053Z","reviewerName":"Penelope Harper","reviewerEmail":"penelope.harper@x.dummyjson.com"},{"rating":4,"comment":"Great product!","date":"2025-04-30T09:41:02.053Z","reviewerName":"Emma Miller","reviewerEmail":"emma.miller@x.dummyjson.com"}],"returnPolicy":"7 days return policy","minimumOrderQuantity":10,"meta":{"createdAt":"2025-04-30T09:41:02.053Z","updatedAt":"2025-04-30T09:41:02.053Z","barcode":"1445086097250","qrCode":"https://cdn.dummyjson.com/public/qr-code.png"},"images":["https://cdn.dummyjson.com/product-images/fragrances/dior-j'adore/1.webp","https://cdn.dummyjson.com/product-images/fragrances/dior-j'adore/2.webp","https://cdn.dummyjson.com/product-images/fragrances/dior-j'adore/3.webp"],"thumbnail":"https://cdn.dummyjson.com/product-images/fragrances/dior-j'adore/thumbnail.webp"},{"id":9,"title":"Dolce Shine Eau de","description":"Dolce Shine by Dolce & Gabbana is a vibrant and fruity fragrance, featuring notes of mango, jasmine, and blonde woods. It's a joyful and youthful scent.","category":"fragrances","price":69.99,"discountPercentage":0.62,"rating":3.96,"stock":4,"tags":["fragrances","perfumes"],"brand":"Dolce & Gabbana","sku":"FRA-DOL-DOL-009","weight":6,"dimensions":{"width":27.28,"height":29.88,"depth":18.3},"warrantyInformation":"3 year warranty","shippingInformation":"Ships in 1 month","availabilityStatus":"Low Stock","reviews":[{"rating":4,"comment":"Would buy again!","date":"2025-04-30T09:41:02.053Z","reviewerName":"Mateo Bennett","reviewerEmail":"mateo.bennett@x.dummyjson.com"},{"rating":4,"comment":"Highly recommended!","date":"2025-04-30T09:41:02.053Z","reviewerName":"Nolan Gonzalez","reviewerEmail":"nolan.gonzalez@x.dummyjson.com"},{"rating":5,"comment":"Very happy with my purchase!","date":"2025-04-30T09:41:02.053Z","reviewerName":"Aurora Lawson","reviewerEmail":"aurora.lawson@x.dummyjson.com"}],"returnPolicy":"7 days return policy","minimumOrderQuantity":2,"meta":{"createdAt":"2025-04-30T09:41:02.053Z","updatedAt":"2025-04-30T09:41:02.053Z","barcode":"3023868210708","qrCode":"https://cdn.dummyjson.com/public/qr-code.png"},"images":["https://cdn.dummyjson.com/product-images/fragrances/dolce-shine-eau-de/1.webp","https://cdn.dummyjson.com/product-images/fragrances/dolce-shine-eau-de/2.webp","https://cdn.dummyjson.com/product-images/fragrances/dolce-shine-eau-de/3.webp"],"thumbnail":"https://cdn.dummyjson.com/product-images/fragrances/dolce-shine-eau-de/thumbnail.webp"},{"id":10,"title":"Gucci Bloom Eau de","description":"Gucci Bloom by Gucci is a floral and captivating fragrance, with notes of tuberose, jasmine, and Rangoon creeper. It's a modern and romantic scent.","category":"fragrances","price":79.99,"discountPercentage":14.39,"rating":2.74,"stock":91,"tags":["fragrances","perfumes"],"brand":"Gucci","sku":"FRA-GUC-GUC-010","weight":7,"dimensions":{"width":20.92,"height":21.68,"depth":11.2},"warrantyInformation":"6 months warranty","shippingInformation":"Ships overnight","availabilityStatus":"In Stock","reviews":[{"rating":1,"comment":"Very dissatisfied!","date":"2025-04-30T09:41:02.053Z","reviewerName":"Cameron Perez","reviewerEmail":"cameron.perez@x.dummyjson.com"},{"rating":5,"comment":"Very happy with my purchase!","date":"2025-04-30T09:41:02.053Z","reviewerName":"Daniel Cook","reviewerEmail":"daniel.cook@x.dummyjson.com"},{"rating":4,"comment":"Highly impressed!","date":"2025-04-30T09:41:02.053Z","reviewerName":"Addison Wright","reviewerEmail":"addison.wright@x.dummyjson.com"}],"returnPolicy":"No return policy","minimumOrderQuantity":2,"meta":{"createdAt":"2025-04-30T09:41:02.053Z","updatedAt":"2025-04-30T09:41:02.053Z","barcode":"3170832177880","qrCode":"https://cdn.dummyjson.com/public/qr-code.png"},"images":["https://cdn.dummyjson.com/product-images/fragrances/gucci-bloom-eau-de/1.webp","https://cdn.dummyjson.com/product-images/fragrances/gucci-bloom-eau-de/2.webp","https://cdn.dummyjson.com/product-images/fragrances/gucci-bloom-eau-de/3.webp"],"thumbnail":"https://cdn.dummyjson.com/product-images/fragrances/gucci-bloom-eau-de/thumbnail.webp"},{"id":11,"title":"Annibale Colombo Bed","description":"The Annibale Colombo Bed is a luxurious and elegant bed frame, crafted with high-quality materials for a comfortable and stylish bedroom.","category":"furniture","price":1899.99,"discountPercentage":8.57,"rating":4.77,"stock":88,"tags":["furniture","beds"],"brand":"Annibale Colombo","sku":"FUR-ANN-ANN-011","weight":10,"dimensions":{"width":28.16,"height":25.36,"depth":17.28},"warrantyInformation":"1 year warranty","shippingInformation":"Ships in 1 month","availabilityStatus":"In Stock","reviews":[{"rating":2,"comment":"Would not recommend!","date":"2025-04-30T09:41:02.053Z","reviewerName":"Christopher West","reviewerEmail":"christopher.west@x.dummyjson.com"},{"rating":4,"comment":"Highly impressed!","date":"2025-04-30T09:41:02.053Z","reviewerName":"Vivian Carter","reviewerEmail":"vivian.carter@x.dummyjson.com"},{"rating":1,"comment":"Poor quality!","date":"2025-04-30T09:41:02.053Z","reviewerName":"Mason Wright","reviewerEmail":"mason.wright@x.dummyjson.com"}],"returnPolicy":"No return policy","minimumOrderQuantity":1,"meta":{"createdAt":"2025-04-30T09:41:02.053Z","updatedAt":"2025-04-30T09:41:02.053Z","barcode":"3610757456581","qrCode":"https://cdn.dummyjson.com/public/qr-code.png"},"images":["https://cdn.dummyjson.com/product-images/furniture/annibale-colombo-bed/1.webp","https://cdn.dummyjson.com/product-images/furniture/annibale-colombo-bed/2.webp","https://cdn.dummyjson.com/product-images/furniture/annibale-colombo-bed/3.webp"],"thumbnail":"https://cdn.dummyjson.com/product-images/furniture/annibale-colombo-bed/thumbnail.webp"},{"id":12,"title":"Annibale Colombo Sofa","description":"The Annibale Colombo Sofa is a sophisticated and comfortable seating option, featuring exquisite design and premium upholstery for your living room.","category":"furniture","price":2499.99,"discountPercentage":14.4,"rating":3.92,"stock":60,"tags":["furniture","sofas"],"brand":"Annibale Colombo","sku":"FUR-ANN-ANN-012","weight":6,"dimensions":{"width":12.75,"height":20.55,"depth":19.06},"warrantyInformation":"Lifetime warranty","shippingInformation":"Ships in 1 week","availabilityStatus":"In Stock","reviews":[{"rating":3,"comment":"Very unhappy with my purchase!","date":"2025-04-30T09:41:02.053Z","reviewerName":"Christian Perez","reviewerEmail":"christian.perez@x.dummyjson.com"},{"rating":5,"comment":"Fast shipping!","date":"2025-04-30T09:41:02.053Z","reviewerName":"Lillian Bishop","reviewerEmail":"lillian.bishop@x.dummyjson.com"},{"rating":1,"comment":"Poor quality!","date":"2025-04-30T09:41:02.053Z","reviewerName":"Lillian Simmons","reviewerEmail":"lillian.simmons@x.dummyjson.com"}],"returnPolicy":"7 days return policy","minimumOrderQuantity":1,"meta":{"createdAt":"2025-04-30T09:41:02.053Z","updatedAt":"2025-04-30T09:41:02.053Z","barcode":"1777662847736","qrCode":"https://cdn.dummyjson.com/public/qr-code.png"},"images":["https://cdn.dummyjson.com/product-images/furniture/annibale-colombo-sofa/1.webp","https://cdn.dummyjson.com/product-images/furniture/annibale-colombo-sofa/2.webp","https://cdn.dummyjson.com/product-images/furniture/annibale-colombo-sofa/3.webp"],"thumbnail":"https://cdn.dummyjson.com/product-images/furniture/annibale-colombo-sofa/thumbnail.webp"},{"id":13,"title":"Bedside Table African Cherry","description":"The Bedside Table in African Cherry is a stylish and functional addition to your bedroom, providing convenient storage space and a touch of elegance.","category":"furniture","price":299.99,"discountPercentage":19.09,"rating":2.87,"stock":64,"tags":["furniture","bedside tables"],"brand":"Furniture Co.","sku":"FUR-FUR-BED-013","weight":2,"dimensions":{"width":13.47,"height":24.99,"depth":27.35},"warrantyInformation":"5 year warranty","shippingInformation":"Ships overnight","availabilityStatus":"In Stock","reviews":[{"rating":4,"comment":"Excellent quality!","date":"2025-04-30T09:41:02.053Z","reviewerName":"Aaliyah Hanson","reviewerEmail":"aaliyah.hanson@x.dummyjson.com"},{"rating":4,"comment":"Excellent quality!","date":"2025-04-30T09:41:02.053Z","reviewerName":"Liam Smith","reviewerEmail":"liam.smith@x.dummyjson.com"},{"rating":4,"comment":"Highly recommended!","date":"2025-04-30T09:41:02.053Z","reviewerName":"Avery Barnes","reviewerEmail":"avery.barnes@x.dummyjson.com"}],"returnPolicy":"7 days return policy","minimumOrderQuantity":3,"meta":{"createdAt":"2025-04-30T09:41:02.053Z","updatedAt":"2025-04-30T09:41:02.053Z","barcode":"6441287925979","qrCode":"https://cdn.dummyjson.com/public/qr-code.png"},"images":["https://cdn.dummyjson.com/product-images/furniture/bedside-table-african-cherry/1.webp","https://cdn.dummyjson.com/product-images/furniture/bedside-table-african-cherry/2.webp","https://cdn.dummyjson.com/product-images/furniture/bedside-table-african-cherry/3.webp"],"thumbnail":"https://cdn.dummyjson.com/product-images/furniture/bedside-table-african-cherry/thumbnail.webp"},{"id":14,"title":"Knoll Saarinen Executive Conference Chair","description":"The Knoll Saarinen Executive Conference Chair is a modern and ergonomic chair, perfect for your office or conference room with its timeless design.","category":"furniture","price":499.99,"discountPercentage":2.01,"rating":4.88,"stock":26,"tags":["furniture","office chairs"],"brand":"Knoll","sku":"FUR-KNO-KNO-014","weight":10,"dimensions":{"width":13.81,"height":7.5,"depth":5.62},"warrantyInformation":"2 year warranty","shippingInformation":"Ships overnight","availabilityStatus":"In Stock","reviews":[{"rating":2,"comment":"Waste of money!","date":"2025-04-30T09:41:02.053Z","reviewerName":"Ella Cook","reviewerEmail":"ella.cook@x.dummyjson.com"},{"rating":2,"comment":"Very dissatisfied!","date":"2025-04-30T09:41:02.053Z","reviewerName":"Clara Berry","reviewerEmail":"clara.berry@x.dummyjson.com"},{"rating":5,"comment":"Would buy again!","date":"2025-04-30T09:41:02.053Z","reviewerName":"Elena Long","reviewerEmail":"elena.long@x.dummyjson.com"}],"returnPolicy":"60 days return policy","minimumOrderQuantity":5,"meta":{"createdAt":"2025-04-30T09:41:02.053Z","updatedAt":"2025-04-30T09:41:02.053Z","barcode":"8919386859966","qrCode":"https://cdn.dummyjson.com/public/qr-code.png"},"images":["https://cdn.dummyjson.com/product-images/furniture/knoll-saarinen-executive-conference-chair/1.webp","https://cdn.dummyjson.com/product-images/furniture/knoll-saarinen-executive-conference-chair/2.webp","https://cdn.dummyjson.com/product-images/furniture/knoll-saarinen-executive-conference-chair/3.webp"],"thumbnail":"https://cdn.dummyjson.com/product-images/furniture/knoll-saarinen-executive-conference-chair/thumbnail.webp"},{"id":15,"title":"Wooden Bathroom Sink With Mirror","description":"The Wooden Bathroom Sink with Mirror is a unique and stylish addition to your bathroom, featuring a wooden sink countertop and a matching mirror.","category":"furniture","price":799.99,"discountPercentage":8.8,"rating":3.59,"stock":7,"tags":["furniture","bathroom"],"brand":"Bath Trends","sku":"FUR-BAT-WOO-015","weight":10,"dimensions":{"width":7.98,"height":8.88,"depth":28.46},"warrantyInformation":"3 year warranty","shippingInformation":"Ships in 3-5 business days","availabilityStatus":"Low Stock","reviews":[{"rating":4,"comment":"Fast shipping!","date":"2025-04-30T09:41:02.053Z","reviewerName":"Logan Torres","reviewerEmail":"logan.torres@x.dummyjson.com"},{"rating":5,"comment":"Very pleased!","date":"2025-04-30T09:41:02.053Z","reviewerName":"Aria Parker","reviewerEmail":"aria.parker@x.dummyjson.com"},{"rating":3,"comment":"Poor quality!","date":"2025-04-30T09:41:02.053Z","reviewerName":"Dylan Wells","reviewerEmail":"dylan.wells@x.dummyjson.com"}],"returnPolicy":"60 days return policy","minimumOrderQuantity":2,"meta":{"createdAt":"2025-04-30T09:41:02.053Z","updatedAt":"2025-04-30T09:41:02.053Z","barcode":"1958104402873","qrCode":"https://cdn.dummyjson.com/public/qr-code.png"},"images":["https://cdn.dummyjson.com/product-images/furniture/wooden-bathroom-sink-with-mirror/1.webp","https://cdn.dummyjson.com/product-images/furniture/wooden-bathroom-sink-with-mirror/2.webp","https://cdn.dummyjson.com/product-images/furniture/wooden-bathroom-sink-with-mirror/3.webp"],"thumbnail":"https://cdn.dummyjson.com/product-images/furniture/wooden-bathroom-sink-with-mirror/thumbnail.webp"},{"id":16,"title":"Apple","description":"Fresh and crisp apples, perfect for snacking or incorporating into various recipes.","category":"groceries","price":1.99,"discountPercentage":12.62,"rating":4.19,"stock":8,"tags":["fruits"],"sku":"GRO-BRD-APP-016","weight":9,"dimensions":{"width":13.66,"height":11.01,"depth":9.73},"warrantyInformation":"3 year warranty","shippingInformation":"Ships in 2 weeks","availabilityStatus":"In Stock","reviews":[{"rating":5,"comment":"Very satisfied!","date":"2025-04-30T09:41:02.053Z","reviewerName":"Sophia Brown","reviewerEmail":"sophia.brown@x.dummyjson.com"},{"rating":1,"comment":"Very dissatisfied!","date":"2025-04-30T09:41:02.053Z","reviewerName":"Scarlett Bowman","reviewerEmail":"scarlett.bowman@x.dummyjson.com"},{"rating":3,"comment":"Very unhappy with my purchase!","date":"2025-04-30T09:41:02.053Z","reviewerName":"William Gonzalez","reviewerEmail":"william.gonzalez@x.dummyjson.com"}],"returnPolicy":"90 days return policy","minimumOrderQuantity":7,"meta":{"createdAt":"2025-04-30T09:41:02.053Z","updatedAt":"2025-04-30T09:41:02.053Z","barcode":"7962803553314","qrCode":"https://cdn.dummyjson.com/public/qr-code.png"},"images":["https://cdn.dummyjson.com/product-images/groceries/apple/1.webp"],"thumbnail":"https://cdn.dummyjson.com/product-images/groceries/apple/thumbnail.webp"},{"id":17,"title":"Beef Steak","description":"High-quality beef steak, great for grilling or cooking to your preferred level of doneness.","category":"groceries","price":12.99,"discountPercentage":9.61,"rating":4.47,"stock":86,"tags":["meat"],"sku":"GRO-BRD-BEE-017","weight":10,"dimensions":{"width":18.9,"height":5.77,"depth":18.57},"warrantyInformation":"3 year warranty","shippingInformation":"Ships overnight","availabilityStatus":"In Stock","reviews":[{"rating":3,"comment":"Would not recommend!","date":"2025-04-30T09:41:02.053Z","reviewerName":"Eleanor Tyler","reviewerEmail":"eleanor.tyler@x.dummyjson.com"},{"rating":4,"comment":"Fast shipping!","date":"2025-04-30T09:41:02.053Z","reviewerName":"Alexander Jones","reviewerEmail":"alexander.jones@x.dummyjson.com"},{"rating":5,"comment":"Great value for money!","date":"2025-04-30T09:41:02.053Z","reviewerName":"Natalie Harris","reviewerEmail":"natalie.harris@x.dummyjson.com"}],"returnPolicy":"60 days return policy","minimumOrderQuantity":43,"meta":{"createdAt":"2025-04-30T09:41:02.053Z","updatedAt":"2025-04-30T09:41:02.053Z","barcode":"5640063409695","qrCode":"https://cdn.dummyjson.com/public/qr-code.png"},"images":["https://cdn.dummyjson.com/product-images/groceries/beef-steak/1.webp"],"thumbnail":"https://cdn.dummyjson.com/product-images/groceries/beef-steak/thumbnail.webp"},{"id":18,"title":"Cat Food","description":"Nutritious cat food formulated to meet the dietary needs of your feline friend.","category":"groceries","price":8.99,"discountPercentage":9.58,"rating":3.13,"stock":46,"tags":["pet supplies","cat food"],"sku":"GRO-BRD-FOO-018","weight":10,"dimensions":{"width":18.08,"height":9.26,"depth":21.86},"warrantyInformation":"1 year warranty","shippingInformation":"Ships overnight","availabilityStatus":"In Stock","reviews":[{"rating":3,"comment":"Would not recommend!","date":"2025-04-30T09:41:02.053Z","reviewerName":"Noah Lewis","reviewerEmail":"noah.lewis@x.dummyjson.com"},{"rating":3,"comment":"Very unhappy with my purchase!","date":"2025-04-30T09:41:02.053Z","reviewerName":"Ruby Andrews","reviewerEmail":"ruby.andrews@x.dummyjson.com"},{"rating":2,"comment":"Very disappointed!","date":"2025-04-30T09:41:02.053Z","reviewerName":"Ethan Thompson","reviewerEmail":"ethan.thompson@x.dummyjson.com"}],"returnPolicy":"No return policy","minimumOrderQuantity":18,"meta":{"createdAt":"2025-04-30T09:41:02.053Z","updatedAt":"2025-04-30T09:41:02.053Z","barcode":"1483991328610","qrCode":"https://cdn.dummyjson.com/public/qr-code.png"},"images":["https://cdn.dummyjson.com/product-images/groceries/cat-food/1.webp"],"thumbnail":"https://cdn.dummyjson.com/product-images/groceries/cat-food/thumbnail.webp"},{"id":19,"title":"Chicken Meat","description":"Fresh and tender chicken meat, suitable for various culinary preparations.","category":"groceries","price":9.99,"discountPercentage":13.7,"rating":3.19,"stock":97,"tags":["meat"],"sku":"GRO-BRD-CHI-019","weight":1,"dimensions":{"width":11.03,"height":22.11,"depth":16.01},"warrantyInformation":"1 year warranty","shippingInformation":"Ships in 1 month","availabilityStatus":"In Stock","reviews":[{"rating":5,"comment":"Great product!","date":"2025-04-30T09:41:02.053Z","reviewerName":"Mateo Bennett","reviewerEmail":"mateo.bennett@x.dummyjson.com"},{"rating":4,"comment":"Highly recommended!","date":"2025-04-30T09:41:02.053Z","reviewerName":"Jackson Evans","reviewerEmail":"jackson.evans@x.dummyjson.com"},{"rating":3,"comment":"Not worth the price!","date":"2025-04-30T09:41:02.053Z","reviewerName":"Sadie Morales","reviewerEmail":"sadie.morales@x.dummyjson.com"}],"returnPolicy":"7 days return policy","minimumOrderQuantity":22,"meta":{"createdAt":"2025-04-30T09:41:02.053Z","updatedAt":"2025-04-30T09:41:02.053Z","barcode":"8829514594521","qrCode":"https://cdn.dummyjson.com/public/qr-code.png"},"images":["https://cdn.dummyjson.com/product-images/groceries/chicken-meat/1.webp","https://cdn.dummyjson.com/product-images/groceries/chicken-meat/2.webp"],"thumbnail":"https://cdn.dummyjson.com/product-images/groceries/chicken-meat/thumbnail.webp"},{"id":20,"title":"Cooking Oil","description":"Versatile cooking oil suitable for frying, sautéing, and various culinary applications.","category":"groceries","price":4.99,"discountPercentage":9.33,"rating":4.8,"stock":10,"tags":["cooking essentials"],"sku":"GRO-BRD-COO-020","weight":5,"dimensions":{"width":19.95,"height":27.54,"depth":24.86},"warrantyInformation":"Lifetime warranty","shippingInformation":"Ships in 1-2 business days","availabilityStatus":"In Stock","reviews":[{"rating":5,"comment":"Very happy with my purchase!","date":"2025-04-30T09:41:02.053Z","reviewerName":"Victoria McDonald","reviewerEmail":"victoria.mcdonald@x.dummyjson.com"},{"rating":2,"comment":"Would not recommend!","date":"2025-04-30T09:41:02.053Z","reviewerName":"Hazel Evans","reviewerEmail":"hazel.evans@x.dummyjson.com"},{"rating":5,"comment":"Would buy again!","date":"2025-04-30T09:41:02.053Z","reviewerName":"Zoe Bennett","reviewerEmail":"zoe.bennett@x.dummyjson.com"}],"returnPolicy":"30 days return policy","minimumOrderQuantity":46,"meta":{"createdAt":"2025-04-30T09:41:02.053Z","updatedAt":"2025-04-30T09:41:02.053Z","barcode":"4874727824518","qrCode":"https://cdn.dummyjson.com/public/qr-code.png"},"images":["https://cdn.dummyjson.com/product-images/groceries/cooking-oil/1.webp"],"thumbnail":"https://cdn.dummyjson.com/product-images/groceries/cooking-oil/thumbnail.webp"},{"id":21,"title":"Cucumber","description":"Crisp and hydrating cucumbers, ideal for salads, snacks, or as a refreshing side.","category":"groceries","price":1.49,"discountPercentage":0.16,"rating":4.07,"stock":84,"tags":["vegetables"],"sku":"GRO-BRD-CUC-021","weight":4,"dimensions":{"width":12.8,"height":28.38,"depth":21.34},"warrantyInformation":"2 year warranty","shippingInformation":"Ships in 1-2 business days","availabilityStatus":"In Stock","reviews":[{"rating":4,"comment":"Great product!","date":"2025-04-30T09:41:02.053Z","reviewerName":"Lincoln Kelly","reviewerEmail":"lincoln.kelly@x.dummyjson.com"},{"rating":4,"comment":"Great value for money!","date":"2025-04-30T09:41:02.053Z","reviewerName":"Savannah Gomez","reviewerEmail":"savannah.gomez@x.dummyjson.com"},{"rating":2,"comment":"Poor quality!","date":"2025-04-30T09:41:02.053Z","reviewerName":"James Davis","reviewerEmail":"james.davis@x.dummyjson.com"}],"returnPolicy":"7 days return policy","minimumOrderQuantity":2,"meta":{"createdAt":"2025-04-30T09:41:02.053Z","updatedAt":"2025-04-30T09:41:02.053Z","barcode":"5300066378225","qrCode":"https://cdn.dummyjson.com/public/qr-code.png"},"images":["https://cdn.dummyjson.com/product-images/groceries/cucumber/1.webp"],"thumbnail":"https://cdn.dummyjson.com/product-images/groceries/cucumber/thumbnail.webp"},{"id":22,"title":"Dog Food","description":"Specially formulated dog food designed to provide essential nutrients for your canine companion.","category":"groceries","price":10.99,"discountPercentage":10.27,"rating":4.55,"stock":71,"tags":["pet supplies","dog food"],"sku":"GRO-BRD-FOO-022","weight":10,"dimensions":{"width":16.93,"height":27.15,"depth":9.29},"warrantyInformation":"No warranty","shippingInformation":"Ships in 1-2 business days","availabilityStatus":"In Stock","reviews":[{"rating":5,"comment":"Excellent quality!","date":"2025-04-30T09:41:02.053Z","reviewerName":"Nicholas Edwards","reviewerEmail":"nicholas.edwards@x.dummyjson.com"},{"rating":5,"comment":"Awesome product!","date":"2025-04-30T09:41:02.053Z","reviewerName":"Zachary Lee","reviewerEmail":"zachary.lee@x.dummyjson.com"},{"rating":4,"comment":"Great product!","date":"2025-04-30T09:41:02.053Z","reviewerName":"Nova Cooper","reviewerEmail":"nova.cooper@x.dummyjson.com"}],"returnPolicy":"60 days return policy","minimumOrderQuantity":43,"meta":{"createdAt":"2025-04-30T09:41:02.053Z","updatedAt":"2025-04-30T09:41:02.053Z","barcode":"5906686116469","qrCode":"https://cdn.dummyjson.com/public/qr-code.png"},"images":["https://cdn.dummyjson.com/product-images/groceries/dog-food/1.webp"],"thumbnail":"https://cdn.dummyjson.com/product-images/groceries/dog-food/thumbnail.webp"},{"id":23,"title":"Eggs","description":"Fresh eggs, a versatile ingredient for baking, cooking, or breakfast.","category":"groceries","price":2.99,"discountPercentage":11.05,"rating":2.53,"stock":9,"tags":["dairy"],"sku":"GRO-BRD-EGG-023","weight":2,"dimensions":{"width":11.42,"height":7.44,"depth":16.95},"warrantyInformation":"1 week warranty","shippingInformation":"Ships in 1 week","availabilityStatus":"In Stock","reviews":[{"rating":3,"comment":"Disappointing product!","date":"2025-04-30T09:41:02.053Z","reviewerName":"Penelope King","reviewerEmail":"penelope.king@x.dummyjson.com"},{"rating":3,"comment":"Poor quality!","date":"2025-04-30T09:41:02.053Z","reviewerName":"Eleanor Tyler","reviewerEmail":"eleanor.tyler@x.dummyjson.com"},{"rating":4,"comment":"Very pleased!","date":"2025-04-30T09:41:02.053Z","reviewerName":"Benjamin Foster","reviewerEmail":"benjamin.foster@x.dummyjson.com"}],"returnPolicy":"No return policy","minimumOrderQuantity":32,"meta":{"createdAt":"2025-04-30T09:41:02.053Z","updatedAt":"2025-04-30T09:41:02.053Z","barcode":"3478638588469","qrCode":"https://cdn.dummyjson.com/public/qr-code.png"},"images":["https://cdn.dummyjson.com/product-images/groceries/eggs/1.webp"],"thumbnail":"https://cdn.dummyjson.com/product-images/groceries/eggs/thumbnail.webp"},{"id":24,"title":"Fish Steak","description":"Quality fish steak, suitable for grilling, baking, or pan-searing.","category":"groceries","price":14.99,"discountPercentage":4.23,"rating":3.78,"stock":74,"tags":["seafood"],"sku":"GRO-BRD-FIS-024","weight":6,"dimensions":{"width":14.95,"height":26.31,"depth":11.27},"warrantyInformation":"1 month warranty","shippingInformation":"Ships in 3-5 business days","availabilityStatus":"In Stock","reviews":[{"rating":2,"comment":"Would not buy again!","date":"2025-04-30T09:41:02.053Z","reviewerName":"Caleb Perkins","reviewerEmail":"caleb.perkins@x.dummyjson.com"},{"rating":5,"comment":"Excellent quality!","date":"2025-04-30T09:41:02.053Z","reviewerName":"Isabella Jackson","reviewerEmail":"isabella.jackson@x.dummyjson.com"},{"rating":4,"comment":"Great value for money!","date":"2025-04-30T09:41:02.053Z","reviewerName":"Nathan Dixon","reviewerEmail":"nathan.dixon@x.dummyjson.com"}],"returnPolicy":"60 days return policy","minimumOrderQuantity":50,"meta":{"createdAt":"2025-04-30T09:41:02.053Z","updatedAt":"2025-04-30T09:41:02.053Z","barcode":"9595036192098","qrCode":"https://cdn.dummyjson.com/public/qr-code.png"},"images":["https://cdn.dummyjson.com/product-images/groceries/fish-steak/1.webp"],"thumbnail":"https://cdn.dummyjson.com/product-images/groceries/fish-steak/thumbnail.webp"},{"id":25,"title":"Green Bell Pepper","description":"Fresh and vibrant green bell pepper, perfect for adding color and flavor to your dishes.","category":"groceries","price":1.29,"discountPercentage":0.16,"rating":3.25,"stock":33,"tags":["vegetables"],"sku":"GRO-BRD-GRE-025","weight":2,"dimensions":{"width":15.33,"height":26.65,"depth":14.44},"warrantyInformation":"1 month warranty","shippingInformation":"Ships in 1 week","availabilityStatus":"In Stock","reviews":[{"rating":4,"comment":"Highly recommended!","date":"2025-04-30T09:41:02.053Z","reviewerName":"Avery Carter","reviewerEmail":"avery.carter@x.dummyjson.com"},{"rating":3,"comment":"Would not recommend!","date":"2025-04-30T09:41:02.053Z","reviewerName":"Henry Hill","reviewerEmail":"henry.hill@x.dummyjson.com"},{"rating":5,"comment":"Excellent quality!","date":"2025-04-30T09:41:02.053Z","reviewerName":"Addison Wright","reviewerEmail":"addison.wright@x.dummyjson.com"}],"returnPolicy":"30 days return policy","minimumOrderQuantity":12,"meta":{"createdAt":"2025-04-30T09:41:02.053Z","updatedAt":"2025-04-30T09:41:02.053Z","barcode":"2365227493323","qrCode":"https://cdn.dummyjson.com/public/qr-code.png"},"images":["https://cdn.dummyjson.com/product-images/groceries/green-bell-pepper/1.webp"],"thumbnail":"https://cdn.dummyjson.com/product-images/groceries/green-bell-pepper/thumbnail.webp"},{"id":26,"title":"Green Chili Pepper","description":"Spicy green chili pepper, ideal for adding heat to your favorite recipes.","category":"groceries","price":0.99,"discountPercentage":1,"rating":3.66,"stock":3,"tags":["vegetables"],"sku":"GRO-BRD-GRE-026","weight":7,"dimensions":{"width":15.38,"height":18.12,"depth":19.92},"warrantyInformation":"2 year warranty","shippingInformation":"Ships in 1 week","availabilityStatus":"Low Stock","reviews":[{"rating":4,"comment":"Great product!","date":"2025-04-30T09:41:02.053Z","reviewerName":"Luna Russell","reviewerEmail":"luna.russell@x.dummyjson.com"},{"rating":1,"comment":"Waste of money!","date":"2025-04-30T09:41:02.053Z","reviewerName":"Noah Lewis","reviewerEmail":"noah.lewis@x.dummyjson.com"},{"rating":3,"comment":"Very disappointed!","date":"2025-04-30T09:41:02.053Z","reviewerName":"Clara Berry","reviewerEmail":"clara.berry@x.dummyjson.com"}],"returnPolicy":"30 days return policy","minimumOrderQuantity":39,"meta":{"createdAt":"2025-04-30T09:41:02.053Z","updatedAt":"2025-04-30T09:41:02.053Z","barcode":"9335000538563","qrCode":"https://cdn.dummyjson.com/public/qr-code.png"},"images":["https://cdn.dummyjson.com/product-images/groceries/green-chili-pepper/1.webp"],"thumbnail":"https://cdn.dummyjson.com/product-images/groceries/green-chili-pepper/thumbnail.webp"},{"id":27,"title":"Honey Jar","description":"Pure and natural honey in a convenient jar, perfect for sweetening beverages or drizzling over food.","category":"groceries","price":6.99,"discountPercentage":14.4,"rating":3.97,"stock":34,"tags":["condiments"],"sku":"GRO-BRD-HON-027","weight":2,"dimensions":{"width":9.28,"height":21.72,"depth":17.74},"warrantyInformation":"1 month warranty","shippingInformation":"Ships in 1-2 business days","availabilityStatus":"In Stock","reviews":[{"rating":1,"comment":"Very disappointed!","date":"2025-04-30T09:41:02.053Z","reviewerName":"Autumn Gomez","reviewerEmail":"autumn.gomez@x.dummyjson.com"},{"rating":4,"comment":"Highly impressed!","date":"2025-04-30T09:41:02.053Z","reviewerName":"Benjamin Wilson","reviewerEmail":"benjamin.wilson@x.dummyjson.com"},{"rating":2,"comment":"Very disappointed!","date":"2025-04-30T09:41:02.053Z","reviewerName":"Nicholas Edwards","reviewerEmail":"nicholas.edwards@x.dummyjson.com"}],"returnPolicy":"90 days return policy","minimumOrderQuantity":47,"meta":{"createdAt":"2025-04-30T09:41:02.053Z","updatedAt":"2025-04-30T09:41:02.053Z","barcode":"6354306346329","qrCode":"https://cdn.dummyjson.com/public/qr-code.png"},"images":["https://cdn.dummyjson.com/product-images/groceries/honey-jar/1.webp"],"thumbnail":"https://cdn.dummyjson.com/product-images/groceries/honey-jar/thumbnail.webp"},{"id":28,"title":"Ice Cream","description":"Creamy and delicious ice cream, available in various flavors for a delightful treat.","category":"groceries","price":5.49,"discountPercentage":8.69,"rating":3.39,"stock":27,"tags":["desserts"],"sku":"GRO-BRD-CRE-028","weight":1,"dimensions":{"width":14.83,"height":15.07,"depth":24.2},"warrantyInformation":"1 month warranty","shippingInformation":"Ships in 2 weeks","availabilityStatus":"In Stock","reviews":[{"rating":5,"comment":"Very pleased!","date":"2025-04-30T09:41:02.053Z","reviewerName":"Elijah Cruz","reviewerEmail":"elijah.cruz@x.dummyjson.com"},{"rating":4,"comment":"Excellent quality!","date":"2025-04-30T09:41:02.053Z","reviewerName":"Jace Smith","reviewerEmail":"jace.smith@x.dummyjson.com"},{"rating":5,"comment":"Highly impressed!","date":"2025-04-30T09:41:02.053Z","reviewerName":"Sadie Morales","reviewerEmail":"sadie.morales@x.dummyjson.com"}],"returnPolicy":"No return policy","minimumOrderQuantity":42,"meta":{"createdAt":"2025-04-30T09:41:02.053Z","updatedAt":"2025-04-30T09:41:02.053Z","barcode":"0788954559076","qrCode":"https://cdn.dummyjson.com/public/qr-code.png"},"images":["https://cdn.dummyjson.com/product-images/groceries/ice-cream/1.webp","https://cdn.dummyjson.com/product-images/groceries/ice-cream/2.webp","https://cdn.dummyjson.com/product-images/groceries/ice-cream/3.webp","https://cdn.dummyjson.com/product-images/groceries/ice-cream/4.webp"],"thumbnail":"https://cdn.dummyjson.com/product-images/groceries/ice-cream/thumbnail.webp"},{"id":29,"title":"Juice","description":"Refreshing fruit juice, packed with vitamins and great for staying hydrated.","category":"groceries","price":3.99,"discountPercentage":12.06,"rating":3.94,"stock":50,"tags":["beverages"],"sku":"GRO-BRD-JUI-029","weight":1,"dimensions":{"width":18.56,"height":21.46,"depth":28.02},"warrantyInformation":"6 months warranty","shippingInformation":"Ships in 1 week","availabilityStatus":"In Stock","reviews":[{"rating":5,"comment":"Excellent quality!","date":"2025-04-30T09:41:02.053Z","reviewerName":"Nolan Gonzalez","reviewerEmail":"nolan.gonzalez@x.dummyjson.com"},{"rating":4,"comment":"Would buy again!","date":"2025-04-30T09:41:02.053Z","reviewerName":"Bella Grant","reviewerEmail":"bella.grant@x.dummyjson.com"},{"rating":5,"comment":"Awesome product!","date":"2025-04-30T09:41:02.053Z","reviewerName":"Aria Flores","reviewerEmail":"aria.flores@x.dummyjson.com"}],"returnPolicy":"No return policy","minimumOrderQuantity":25,"meta":{"createdAt":"2025-04-30T09:41:02.053Z","updatedAt":"2025-04-30T09:41:02.053Z","barcode":"6936112580956","qrCode":"https://cdn.dummyjson.com/public/qr-code.png"},"images":["https://cdn.dummyjson.com/product-images/groceries/juice/1.webp"],"thumbnail":"https://cdn.dummyjson.com/product-images/groceries/juice/thumbnail.webp"},{"id":30,"title":"Kiwi","description":"Nutrient-rich kiwi, perfect for snacking or adding a tropical twist to your dishes.","category":"groceries","price":2.49,"discountPercentage":15.22,"rating":4.93,"stock":99,"tags":["fruits"],"sku":"GRO-BRD-KIW-030","weight":5,"dimensions":{"width":19.4,"height":18.67,"depth":17.13},"warrantyInformation":"6 months warranty","shippingInformation":"Ships overnight","availabilityStatus":"In Stock","reviews":[{"rating":4,"comment":"Highly recommended!","date":"2025-04-30T09:41:02.053Z","reviewerName":"Emily Brown","reviewerEmail":"emily.brown@x.dummyjson.com"},{"rating":2,"comment":"Would not buy again!","date":"2025-04-30T09:41:02.053Z","reviewerName":"Jackson Morales","reviewerEmail":"jackson.morales@x.dummyjson.com"},{"rating":4,"comment":"Fast shipping!","date":"2025-04-30T09:41:02.053Z","reviewerName":"Nora Russell","reviewerEmail":"nora.russell@x.dummyjson.com"}],"returnPolicy":"7 days return policy","minimumOrderQuantity":30,"meta":{"createdAt":"2025-04-30T09:41:02.053Z","updatedAt":"2025-04-30T09:41:02.053Z","barcode":"2530169917252","qrCode":"https://cdn.dummyjson.com/public/qr-code.png"},"images":["https://cdn.dummyjson.com/product-images/groceries/kiwi/1.webp"],"thumbnail":"https://cdn.dummyjson.com/product-images/groceries/kiwi/thumbnail.webp"}],"total":194,"skip":0,"limit":30}

	at java.base/jdk.internal.reflect.DirectConstructorHandleAccessor.newInstance(DirectConstructorHandleAccessor.java:62)
	at java.base/java.lang.reflect.Constructor.newInstanceWithCaller(Constructor.java:501)
	at java.base/java.lang.reflect.Constructor.newInstance(Constructor.java:485)
	at org.codehaus.groovy.reflection.CachedConstructor.invoke(CachedConstructor.java:73)
	at org.codehaus.groovy.runtime.callsite.ConstructorSite$ConstructorSiteNoUnwrapNoCoerce.callConstructor(ConstructorSite.java:108)
	at org.codehaus.groovy.runtime.callsite.AbstractCallSite.callConstructor(AbstractCallSite.java:277)
	at io.restassured.internal.ResponseSpecificationImpl$HamcrestAssertionClosure.validate(ResponseSpecificationImpl.groovy:512)
	at io.restassured.internal.ResponseSpecificationImpl$HamcrestAssertionClosure$validate$1.call(Unknown Source)
	at io.restassured.internal.ResponseSpecificationImpl.validateResponseIfRequired(ResponseSpecificationImpl.groovy:696)
	at io.restassured.internal.ResponseSpecificationImpl.this$2$validateResponseIfRequired(ResponseSpecificationImpl.groovy)
	at java.base/jdk.internal.reflect.DirectMethodHandleAccessor.invoke(DirectMethodHandleAccessor.java:103)
	at java.base/java.lang.reflect.Method.invoke(Method.java:580)
	at org.codehaus.groovy.runtime.callsite.PlainObjectMetaMethodSite.doInvoke(PlainObjectMetaMethodSite.java:43)
	at org.codehaus.groovy.runtime.callsite.PogoMetaMethodSite$PogoCachedMethodSiteNoUnwrapNoCoerce.invoke(PogoMetaMethodSite.java:198)
	at org.codehaus.groovy.runtime.callsite.PogoMetaMethodSite.callCurrent(PogoMetaMethodSite.java:62)
	at org.codehaus.groovy.runtime.callsite.AbstractCallSite.callCurrent(AbstractCallSite.java:185)
	at io.restassured.internal.ResponseSpecificationImpl.body(ResponseSpecificationImpl.groovy:107)
	at io.restassured.internal.ValidatableResponseOptionsImpl.body(ValidatableResponseOptionsImpl.java:238)
	at br.com.aval.testes.product.ProductTest.getProductListNoToken(ProductTest.java:116)
	at java.base/jdk.internal.reflect.DirectMethodHandleAccessor.invoke(DirectMethodHandleAccessor.java:103)
	at java.base/java.lang.reflect.Method.invoke(Method.java:580)
	at org.junit.platform.commons.util.ReflectionUtils.invokeMethod(ReflectionUtils.java:728)
	at org.junit.jupiter.engine.execution.MethodInvocation.proceed(MethodInvocation.java:60)
	at org.junit.jupiter.engine.execution.InvocationInterceptorChain$ValidatingInvocation.proceed(InvocationInterceptorChain.java:131)
	at org.junit.jupiter.engine.extension.TimeoutExtension.intercept(TimeoutExtension.java:156)
	at org.junit.jupiter.engine.extension.TimeoutExtension.interceptTestableMethod(TimeoutExtension.java:147)
	at org.junit.jupiter.engine.extension.TimeoutExtension.interceptTestMethod(TimeoutExtension.java:86)
	at org.junit.jupiter.engine.execution.InterceptingExecutableInvoker$ReflectiveInterceptorCall.lambda$ofVoidMethod$0(InterceptingExecutableInvoker.java:103)
	at org.junit.jupiter.engine.execution.InterceptingExecutableInvoker.lambda$invoke$0(InterceptingExecutableInvoker.java:93)
	at org.junit.jupiter.engine.execution.InvocationInterceptorChain$InterceptedInvocation.proceed(InvocationInterceptorChain.java:106)
	at org.junit.jupiter.engine.execution.InvocationInterceptorChain.proceed(InvocationInterceptorChain.java:64)
	at org.junit.jupiter.engine.execution.InvocationInterceptorChain.chainAndInvoke(InvocationInterceptorChain.java:45)
	at org.junit.jupiter.engine.execution.InvocationInterceptorChain.invoke(InvocationInterceptorChain.java:37)
	at org.junit.jupiter.engine.execution.InterceptingExecutableInvoker.invoke(InterceptingExecutableInvoker.java:92)
	at org.junit.jupiter.engine.execution.InterceptingExecutableInvoker.invoke(InterceptingExecutableInvoker.java:86)
	at org.junit.jupiter.engine.descriptor.TestMethodTestDescriptor.lambda$invokeTestMethod$7(TestMethodTestDescriptor.java:218)
	at org.junit.platform.engine.support.hierarchical.ThrowableCollector.execute(ThrowableCollector.java:73)
	at org.junit.jupiter.engine.descriptor.TestMethodTestDescriptor.invokeTestMethod(TestMethodTestDescriptor.java:214)
	at org.junit.jupiter.engine.descriptor.TestMethodTestDescriptor.execute(TestMethodTestDescriptor.java:139)
	at org.junit.jupiter.engine.descriptor.TestMethodTestDescriptor.execute(TestMethodTestDescriptor.java:69)
	at org.junit.platform.engine.support.hierarchical.NodeTestTask.lambda$executeRecursively$6(NodeTestTask.java:151)
	at org.junit.platform.engine.support.hierarchical.ThrowableCollector.execute(ThrowableCollector.java:73)
	at org.junit.platform.engine.support.hierarchical.NodeTestTask.lambda$executeRecursively$8(NodeTestTask.java:141)
	at org.junit.platform.engine.support.hierarchical.Node.around(Node.java:137)
	at org.junit.platform.engine.support.hierarchical.NodeTestTask.lambda$executeRecursively$9(NodeTestTask.java:139)
	at org.junit.platform.engine.support.hierarchical.ThrowableCollector.execute(ThrowableCollector.java:73)
	at org.junit.platform.engine.support.hierarchical.NodeTestTask.executeRecursively(NodeTestTask.java:138)
	at org.junit.platform.engine.support.hierarchical.NodeTestTask.execute(NodeTestTask.java:95)
	at java.base/java.util.ArrayList.forEach(ArrayList.java:1597)
	at org.junit.platform.engine.support.hierarchical.SameThreadHierarchicalTestExecutorService.invokeAll(SameThreadHierarchicalTestExecutorService.java:41)
	at org.junit.platform.engine.support.hierarchical.NodeTestTask.lambda$executeRecursively$6(NodeTestTask.java:155)
	at org.junit.platform.engine.support.hierarchical.ThrowableCollector.execute(ThrowableCollector.java:73)
	at org.junit.platform.engine.support.hierarchical.NodeTestTask.lambda$executeRecursively$8(NodeTestTask.java:141)
	at org.junit.platform.engine.support.hierarchical.Node.around(Node.java:137)
	at org.junit.platform.engine.support.hierarchical.NodeTestTask.lambda$executeRecursively$9(NodeTestTask.java:139)
	at org.junit.platform.engine.support.hierarchical.ThrowableCollector.execute(ThrowableCollector.java:73)
	at org.junit.platform.engine.support.hierarchical.NodeTestTask.executeRecursively(NodeTestTask.java:138)
	at org.junit.platform.engine.support.hierarchical.NodeTestTask.execute(NodeTestTask.java:95)
	at java.base/java.util.ArrayList.forEach(ArrayList.java:1597)
	at org.junit.platform.engine.support.hierarchical.SameThreadHierarchicalTestExecutorService.invokeAll(SameThreadHierarchicalTestExecutorService.java:41)
	at org.junit.platform.engine.support.hierarchical.NodeTestTask.lambda$executeRecursively$6(NodeTestTask.java:155)
	at org.junit.platform.engine.support.hierarchical.ThrowableCollector.execute(ThrowableCollector.java:73)
	at org.junit.platform.engine.support.hierarchical.NodeTestTask.lambda$executeRecursively$8(NodeTestTask.java:141)
	at org.junit.platform.engine.support.hierarchical.Node.around(Node.java:137)
	at org.junit.platform.engine.support.hierarchical.NodeTestTask.lambda$executeRecursively$9(NodeTestTask.java:139)
	at org.junit.platform.engine.support.hierarchical.ThrowableCollector.execute(ThrowableCollector.java:73)
	at org.junit.platform.engine.support.hierarchical.NodeTestTask.executeRecursively(NodeTestTask.java:138)
	at org.junit.platform.engine.support.hierarchical.NodeTestTask.execute(NodeTestTask.java:95)
	at org.junit.platform.engine.support.hierarchical.SameThreadHierarchicalTestExecutorService.submit(SameThreadHierarchicalTestExecutorService.java:35)
	at org.junit.platform.engine.support.hierarchical.HierarchicalTestExecutor.execute(HierarchicalTestExecutor.java:57)
	at org.junit.platform.engine.support.hierarchical.HierarchicalTestEngine.execute(HierarchicalTestEngine.java:54)
	at org.junit.platform.launcher.core.EngineExecutionOrchestrator.execute(EngineExecutionOrchestrator.java:147)
	at org.junit.platform.launcher.core.EngineExecutionOrchestrator.execute(EngineExecutionOrchestrator.java:127)
	at org.junit.platform.launcher.core.EngineExecutionOrchestrator.execute(EngineExecutionOrchestrator.java:90)
	at org.junit.platform.launcher.core.EngineExecutionOrchestrator.lambda$execute$0(EngineExecutionOrchestrator.java:55)
	at org.junit.platform.launcher.core.EngineExecutionOrchestrator.withInterceptedStreams(EngineExecutionOrchestrator.java:102)
	at org.junit.platform.launcher.core.EngineExecutionOrchestrator.execute(EngineExecutionOrchestrator.java:54)
	at org.junit.platform.launcher.core.DefaultLauncher.execute(DefaultLauncher.java:114)
	at org.junit.platform.launcher.core.DefaultLauncher.execute(DefaultLauncher.java:86)
	at org.junit.platform.launcher.core.DefaultLauncherSession$DelegatingLauncher.execute(DefaultLauncherSession.java:86)
	at org.apache.maven.surefire.junitplatform.LazyLauncher.execute(LazyLauncher.java:56)
	at org.apache.maven.surefire.junitplatform.JUnitPlatformProvider.execute(JUnitPlatformProvider.java:184)
	at org.apache.maven.surefire.junitplatform.JUnitPlatformProvider.invokeAllTests(JUnitPlatformProvider.java:148)
	at org.apache.maven.surefire.junitplatform.JUnitPlatformProvider.invoke(JUnitPlatformProvider.java:122)
	at org.apache.maven.surefire.booter.ForkedBooter.runSuitesInProcess(ForkedBooter.java:385)
	at org.apache.maven.surefire.booter.ForkedBooter.execute(ForkedBooter.java:162)
	at org.apache.maven.surefire.booter.ForkedBooter.run(ForkedBooter.java:507)
	at org.apache.maven.surefire.booter.ForkedBooter.main(ForkedBooter.java:495)
]]></failure>
    <system-out><![CDATA[Request method:	GET
Request URI:	https://dummyjson.com/products
Proxy:			<none>
Request params:	<none>
Query params:	<none>
Form params:	<none>
Path params:	<none>
Headers:		Accept=*/*
				Content-Type=application/json
Cookies:		<none>
Multiparts:		<none>
Body:			<none>
]]></system-out>
  </testcase>
  <testcase name="addProductInvalidTitle" classname="br.com.aval.testes.product.ProductTest" time="0.464">
    <failure message="1 expectation failed.&#10;Expected status code &lt;400&gt; but was &lt;201&gt;.&#10;" type="java.lang.AssertionError"><![CDATA[java.lang.AssertionError: 
1 expectation failed.
Expected status code <400> but was <201>.

	at java.base/jdk.internal.reflect.DirectConstructorHandleAccessor.newInstance(DirectConstructorHandleAccessor.java:62)
	at java.base/java.lang.reflect.Constructor.newInstanceWithCaller(Constructor.java:501)
	at java.base/java.lang.reflect.Constructor.newInstance(Constructor.java:485)
	at org.codehaus.groovy.reflection.CachedConstructor.invoke(CachedConstructor.java:73)
	at org.codehaus.groovy.runtime.callsite.ConstructorSite$ConstructorSiteNoUnwrapNoCoerce.callConstructor(ConstructorSite.java:108)
	at org.codehaus.groovy.runtime.callsite.AbstractCallSite.callConstructor(AbstractCallSite.java:277)
	at io.restassured.internal.ResponseSpecificationImpl$HamcrestAssertionClosure.validate(ResponseSpecificationImpl.groovy:512)
	at io.restassured.internal.ResponseSpecificationImpl$HamcrestAssertionClosure$validate$1.call(Unknown Source)
	at io.restassured.internal.ResponseSpecificationImpl.validateResponseIfRequired(ResponseSpecificationImpl.groovy:696)
	at io.restassured.internal.ResponseSpecificationImpl.this$2$validateResponseIfRequired(ResponseSpecificationImpl.groovy)
	at java.base/jdk.internal.reflect.DirectMethodHandleAccessor.invoke(DirectMethodHandleAccessor.java:103)
	at java.base/java.lang.reflect.Method.invoke(Method.java:580)
	at org.codehaus.groovy.runtime.callsite.PlainObjectMetaMethodSite.doInvoke(PlainObjectMetaMethodSite.java:43)
	at org.codehaus.groovy.runtime.callsite.PogoMetaMethodSite$PogoCachedMethodSiteNoUnwrapNoCoerce.invoke(PogoMetaMethodSite.java:198)
	at org.codehaus.groovy.runtime.callsite.PogoMetaMethodSite.callCurrent(PogoMetaMethodSite.java:62)
	at org.codehaus.groovy.runtime.callsite.AbstractCallSite.callCurrent(AbstractCallSite.java:185)
	at io.restassured.internal.ResponseSpecificationImpl.statusCode(ResponseSpecificationImpl.groovy:135)
	at io.restassured.specification.ResponseSpecification$statusCode$0.callCurrent(Unknown Source)
	at io.restassured.internal.ResponseSpecificationImpl.statusCode(ResponseSpecificationImpl.groovy:143)
	at io.restassured.internal.ValidatableResponseOptionsImpl.statusCode(ValidatableResponseOptionsImpl.java:89)
	at br.com.aval.testes.product.ProductTest.addProductInvalidTitle(ProductTest.java:102)
	at java.base/jdk.internal.reflect.DirectMethodHandleAccessor.invoke(DirectMethodHandleAccessor.java:103)
	at java.base/java.lang.reflect.Method.invoke(Method.java:580)
	at org.junit.platform.commons.util.ReflectionUtils.invokeMethod(ReflectionUtils.java:728)
	at org.junit.jupiter.engine.execution.MethodInvocation.proceed(MethodInvocation.java:60)
	at org.junit.jupiter.engine.execution.InvocationInterceptorChain$ValidatingInvocation.proceed(InvocationInterceptorChain.java:131)
	at org.junit.jupiter.engine.extension.TimeoutExtension.intercept(TimeoutExtension.java:156)
	at org.junit.jupiter.engine.extension.TimeoutExtension.interceptTestableMethod(TimeoutExtension.java:147)
	at org.junit.jupiter.engine.extension.TimeoutExtension.interceptTestMethod(TimeoutExtension.java:86)
	at org.junit.jupiter.engine.execution.InterceptingExecutableInvoker$ReflectiveInterceptorCall.lambda$ofVoidMethod$0(InterceptingExecutableInvoker.java:103)
	at org.junit.jupiter.engine.execution.InterceptingExecutableInvoker.lambda$invoke$0(InterceptingExecutableInvoker.java:93)
	at org.junit.jupiter.engine.execution.InvocationInterceptorChain$InterceptedInvocation.proceed(InvocationInterceptorChain.java:106)
	at org.junit.jupiter.engine.execution.InvocationInterceptorChain.proceed(InvocationInterceptorChain.java:64)
	at org.junit.jupiter.engine.execution.InvocationInterceptorChain.chainAndInvoke(InvocationInterceptorChain.java:45)
	at org.junit.jupiter.engine.execution.InvocationInterceptorChain.invoke(InvocationInterceptorChain.java:37)
	at org.junit.jupiter.engine.execution.InterceptingExecutableInvoker.invoke(InterceptingExecutableInvoker.java:92)
	at org.junit.jupiter.engine.execution.InterceptingExecutableInvoker.invoke(InterceptingExecutableInvoker.java:86)
	at org.junit.jupiter.engine.descriptor.TestMethodTestDescriptor.lambda$invokeTestMethod$7(TestMethodTestDescriptor.java:218)
	at org.junit.platform.engine.support.hierarchical.ThrowableCollector.execute(ThrowableCollector.java:73)
	at org.junit.jupiter.engine.descriptor.TestMethodTestDescriptor.invokeTestMethod(TestMethodTestDescriptor.java:214)
	at org.junit.jupiter.engine.descriptor.TestMethodTestDescriptor.execute(TestMethodTestDescriptor.java:139)
	at org.junit.jupiter.engine.descriptor.TestMethodTestDescriptor.execute(TestMethodTestDescriptor.java:69)
	at org.junit.platform.engine.support.hierarchical.NodeTestTask.lambda$executeRecursively$6(NodeTestTask.java:151)
	at org.junit.platform.engine.support.hierarchical.ThrowableCollector.execute(ThrowableCollector.java:73)
	at org.junit.platform.engine.support.hierarchical.NodeTestTask.lambda$executeRecursively$8(NodeTestTask.java:141)
	at org.junit.platform.engine.support.hierarchical.Node.around(Node.java:137)
	at org.junit.platform.engine.support.hierarchical.NodeTestTask.lambda$executeRecursively$9(NodeTestTask.java:139)
	at org.junit.platform.engine.support.hierarchical.ThrowableCollector.execute(ThrowableCollector.java:73)
	at org.junit.platform.engine.support.hierarchical.NodeTestTask.executeRecursively(NodeTestTask.java:138)
	at org.junit.platform.engine.support.hierarchical.NodeTestTask.execute(NodeTestTask.java:95)
	at java.base/java.util.ArrayList.forEach(ArrayList.java:1597)
	at org.junit.platform.engine.support.hierarchical.SameThreadHierarchicalTestExecutorService.invokeAll(SameThreadHierarchicalTestExecutorService.java:41)
	at org.junit.platform.engine.support.hierarchical.NodeTestTask.lambda$executeRecursively$6(NodeTestTask.java:155)
	at org.junit.platform.engine.support.hierarchical.ThrowableCollector.execute(ThrowableCollector.java:73)
	at org.junit.platform.engine.support.hierarchical.NodeTestTask.lambda$executeRecursively$8(NodeTestTask.java:141)
	at org.junit.platform.engine.support.hierarchical.Node.around(Node.java:137)
	at org.junit.platform.engine.support.hierarchical.NodeTestTask.lambda$executeRecursively$9(NodeTestTask.java:139)
	at org.junit.platform.engine.support.hierarchical.ThrowableCollector.execute(ThrowableCollector.java:73)
	at org.junit.platform.engine.support.hierarchical.NodeTestTask.executeRecursively(NodeTestTask.java:138)
	at org.junit.platform.engine.support.hierarchical.NodeTestTask.execute(NodeTestTask.java:95)
	at java.base/java.util.ArrayList.forEach(ArrayList.java:1597)
	at org.junit.platform.engine.support.hierarchical.SameThreadHierarchicalTestExecutorService.invokeAll(SameThreadHierarchicalTestExecutorService.java:41)
	at org.junit.platform.engine.support.hierarchical.NodeTestTask.lambda$executeRecursively$6(NodeTestTask.java:155)
	at org.junit.platform.engine.support.hierarchical.ThrowableCollector.execute(ThrowableCollector.java:73)
	at org.junit.platform.engine.support.hierarchical.NodeTestTask.lambda$executeRecursively$8(NodeTestTask.java:141)
	at org.junit.platform.engine.support.hierarchical.Node.around(Node.java:137)
	at org.junit.platform.engine.support.hierarchical.NodeTestTask.lambda$executeRecursively$9(NodeTestTask.java:139)
	at org.junit.platform.engine.support.hierarchical.ThrowableCollector.execute(ThrowableCollector.java:73)
	at org.junit.platform.engine.support.hierarchical.NodeTestTask.executeRecursively(NodeTestTask.java:138)
	at org.junit.platform.engine.support.hierarchical.NodeTestTask.execute(NodeTestTask.java:95)
	at org.junit.platform.engine.support.hierarchical.SameThreadHierarchicalTestExecutorService.submit(SameThreadHierarchicalTestExecutorService.java:35)
	at org.junit.platform.engine.support.hierarchical.HierarchicalTestExecutor.execute(HierarchicalTestExecutor.java:57)
	at org.junit.platform.engine.support.hierarchical.HierarchicalTestEngine.execute(HierarchicalTestEngine.java:54)
	at org.junit.platform.launcher.core.EngineExecutionOrchestrator.execute(EngineExecutionOrchestrator.java:147)
	at org.junit.platform.launcher.core.EngineExecutionOrchestrator.execute(EngineExecutionOrchestrator.java:127)
	at org.junit.platform.launcher.core.EngineExecutionOrchestrator.execute(EngineExecutionOrchestrator.java:90)
	at org.junit.platform.launcher.core.EngineExecutionOrchestrator.lambda$execute$0(EngineExecutionOrchestrator.java:55)
	at org.junit.platform.launcher.core.EngineExecutionOrchestrator.withInterceptedStreams(EngineExecutionOrchestrator.java:102)
	at org.junit.platform.launcher.core.EngineExecutionOrchestrator.execute(EngineExecutionOrchestrator.java:54)
	at org.junit.platform.launcher.core.DefaultLauncher.execute(DefaultLauncher.java:114)
	at org.junit.platform.launcher.core.DefaultLauncher.execute(DefaultLauncher.java:86)
	at org.junit.platform.launcher.core.DefaultLauncherSession$DelegatingLauncher.execute(DefaultLauncherSession.java:86)
	at org.apache.maven.surefire.junitplatform.LazyLauncher.execute(LazyLauncher.java:56)
	at org.apache.maven.surefire.junitplatform.JUnitPlatformProvider.execute(JUnitPlatformProvider.java:184)
	at org.apache.maven.surefire.junitplatform.JUnitPlatformProvider.invokeAllTests(JUnitPlatformProvider.java:148)
	at org.apache.maven.surefire.junitplatform.JUnitPlatformProvider.invoke(JUnitPlatformProvider.java:122)
	at org.apache.maven.surefire.booter.ForkedBooter.runSuitesInProcess(ForkedBooter.java:385)
	at org.apache.maven.surefire.booter.ForkedBooter.execute(ForkedBooter.java:162)
	at org.apache.maven.surefire.booter.ForkedBooter.run(ForkedBooter.java:507)
	at org.apache.maven.surefire.booter.ForkedBooter.main(ForkedBooter.java:495)
]]></failure>
    <system-out><![CDATA[Request method:	POST
Request URI:	https://dummyjson.com/products/add
Proxy:			<none>
Request params:	<none>
Query params:	<none>
Form params:	<none>
Path params:	<none>
Headers:		Accept=*/*
				Content-Type=application/json
Cookies:		<none>
Multiparts:		<none>
Body:
{
    "title": "",
    "description": "Laborum odio mollitia quo et possimus aliquid quod.",
    "price": 99.16,
    "discountPercentage": 25.6,
    "rating": 1.75,
    "stock": 368,
    "brand": "Roberts-Hegmann",
    "category": "Tools",
    "thumbnail": "https://i.dummyjson.com/data/products/48/thumbnail.jpg"
}
HTTP/1.1 201 Created
Access-Control-Allow-Origin: *
Content-Length: 269
Content-Type: application/json; charset=utf-8
Date: Fri, 16 May 2025 13:30:15 GMT
Etag: W/"10d-tUMAzXnHfcwh/l5ygReH+EvL5d0"
Server: railway-edge
Strict-Transport-Security: max-age=15552000; includeSubDomains
Vary: Accept-Encoding
X-Content-Type-Options: nosniff
X-Dns-Prefetch-Control: off
X-Download-Options: noopen
X-Frame-Options: SAMEORIGIN
X-Powered-By: Cats on Keyboards
X-Railway-Edge: railway/us-east4-eqdc4a
X-Railway-Request-Id: sAdT4jEXSImob-QJAax-fw
X-Ratelimit-Limit: 100
X-Ratelimit-Remaining: 98
X-Ratelimit-Reset: 1747402225
X-Xss-Protection: 1; mode=block

{
    "id": 195,
    "title": "",
    "price": 99.16,
    "discountPercentage": 25.6,
    "stock": 368,
    "rating": 1.75,
    "thumbnail": "https://i.dummyjson.com/data/products/48/thumbnail.jpg",
    "description": "Laborum odio mollitia quo et possimus aliquid quod.",
    "brand": "Roberts-Hegmann",
    "category": "Tools"
}
]]></system-out>
  </testcase>
  <testcase name="addProductSuccess" classname="br.com.aval.testes.product.ProductTest" time="0.383">
    <system-out><![CDATA[Request method:	POST
Request URI:	https://dummyjson.com/products/add
Proxy:			<none>
Request params:	<none>
Query params:	<none>
Form params:	<none>
Path params:	<none>
Headers:		Accept=*/*
				Content-Type=application/json
Cookies:		<none>
Multiparts:		<none>
Body:
{
    "title": "Lightweight Bronze Shoes",
    "description": "Ullam provident fugiat.",
    "price": 486.8,
    "discountPercentage": 16.0,
    "rating": 3.61,
    "stock": 858,
    "brand": "Becker Inc",
    "category": "Grocery",
    "thumbnail": "https://i.dummyjson.com/data/products/78/thumbnail.jpg"
}
HTTP/1.1 201 Created
Access-Control-Allow-Origin: *
Content-Length: 260
Content-Type: application/json; charset=utf-8
Date: Fri, 16 May 2025 13:30:15 GMT
Etag: W/"104-Al0tLQcFg2CIs3SGJ4x107b5HTI"
Server: railway-edge
Strict-Transport-Security: max-age=15552000; includeSubDomains
Vary: Accept-Encoding
X-Content-Type-Options: nosniff
X-Dns-Prefetch-Control: off
X-Download-Options: noopen
X-Frame-Options: SAMEORIGIN
X-Powered-By: Cats on Keyboards
X-Railway-Edge: railway/us-east4-eqdc4a
X-Railway-Request-Id: UprOtudLS62M0zmXg4a9AQ
X-Ratelimit-Limit: 100
X-Ratelimit-Remaining: 93
X-Ratelimit-Reset: 1747402220
X-Xss-Protection: 1; mode=block

{
    "id": 195,
    "title": "Lightweight Bronze Shoes",
    "price": 486.8,
    "discountPercentage": 16,
    "stock": 858,
    "rating": 3.61,
    "thumbnail": "https://i.dummyjson.com/data/products/78/thumbnail.jpg",
    "description": "Ullam provident fugiat.",
    "brand": "Becker Inc",
    "category": "Grocery"
}
]]></system-out>
  </testcase>
  <testcase name="getListProductsInvalidToken" classname="br.com.aval.testes.product.ProductTest" time="0.371">
    <system-out><![CDATA[Request method:	GET
Request URI:	https://dummyjson.com/auth/products
Proxy:			<none>
Request params:	<none>
Query params:	<none>
Form params:	<none>
Path params:	<none>
Headers:		Authorization=Bearer invalid-token
				Accept=*/*
				Content-Type=application/json
Cookies:		<none>
Multiparts:		<none>
Body:			<none>
]]></system-out>
  </testcase>
  <testcase name="updateProductData" classname="br.com.aval.testes.product.ProductTest" time="1.894">
    <failure message="1 expectation failed.&#10;JSON path title doesn&apos;t match.&#10;Expected: Título Atualizado&#10;  Actual: Essence Mascara Lash Princess&#10;" type="java.lang.AssertionError"><![CDATA[java.lang.AssertionError: 
1 expectation failed.
JSON path title doesn't match.
Expected: Título Atualizado
  Actual: Essence Mascara Lash Princess

	at java.base/jdk.internal.reflect.DirectConstructorHandleAccessor.newInstance(DirectConstructorHandleAccessor.java:62)
	at java.base/java.lang.reflect.Constructor.newInstanceWithCaller(Constructor.java:501)
	at java.base/java.lang.reflect.Constructor.newInstance(Constructor.java:485)
	at org.codehaus.groovy.reflection.CachedConstructor.invoke(CachedConstructor.java:73)
	at org.codehaus.groovy.runtime.callsite.ConstructorSite$ConstructorSiteNoUnwrapNoCoerce.callConstructor(ConstructorSite.java:108)
	at org.codehaus.groovy.runtime.callsite.AbstractCallSite.callConstructor(AbstractCallSite.java:277)
	at io.restassured.internal.ResponseSpecificationImpl$HamcrestAssertionClosure.validate(ResponseSpecificationImpl.groovy:512)
	at io.restassured.internal.ResponseSpecificationImpl$HamcrestAssertionClosure$validate$1.call(Unknown Source)
	at io.restassured.internal.ResponseSpecificationImpl.validateResponseIfRequired(ResponseSpecificationImpl.groovy:696)
	at io.restassured.internal.ResponseSpecificationImpl.this$2$validateResponseIfRequired(ResponseSpecificationImpl.groovy)
	at java.base/jdk.internal.reflect.DirectMethodHandleAccessor.invoke(DirectMethodHandleAccessor.java:103)
	at java.base/java.lang.reflect.Method.invoke(Method.java:580)
	at org.codehaus.groovy.runtime.callsite.PlainObjectMetaMethodSite.doInvoke(PlainObjectMetaMethodSite.java:43)
	at org.codehaus.groovy.runtime.callsite.PogoMetaMethodSite$PogoCachedMethodSiteNoUnwrapNoCoerce.invoke(PogoMetaMethodSite.java:198)
	at org.codehaus.groovy.runtime.callsite.PogoMetaMethodSite.callCurrent(PogoMetaMethodSite.java:62)
	at org.codehaus.groovy.runtime.callsite.AbstractCallSite.callCurrent(AbstractCallSite.java:185)
	at io.restassured.internal.ResponseSpecificationImpl.body(ResponseSpecificationImpl.groovy:270)
	at io.restassured.specification.ResponseSpecification$body$1.callCurrent(Unknown Source)
	at io.restassured.internal.ResponseSpecificationImpl.body(ResponseSpecificationImpl.groovy:117)
	at io.restassured.internal.ValidatableResponseOptionsImpl.body(ValidatableResponseOptionsImpl.java:244)
	at br.com.aval.testes.product.ProductTest.updateProductData(ProductTest.java:202)
	at java.base/jdk.internal.reflect.DirectMethodHandleAccessor.invoke(DirectMethodHandleAccessor.java:103)
	at java.base/java.lang.reflect.Method.invoke(Method.java:580)
	at org.junit.platform.commons.util.ReflectionUtils.invokeMethod(ReflectionUtils.java:728)
	at org.junit.jupiter.engine.execution.MethodInvocation.proceed(MethodInvocation.java:60)
	at org.junit.jupiter.engine.execution.InvocationInterceptorChain$ValidatingInvocation.proceed(InvocationInterceptorChain.java:131)
	at org.junit.jupiter.engine.extension.TimeoutExtension.intercept(TimeoutExtension.java:156)
	at org.junit.jupiter.engine.extension.TimeoutExtension.interceptTestableMethod(TimeoutExtension.java:147)
	at org.junit.jupiter.engine.extension.TimeoutExtension.interceptTestMethod(TimeoutExtension.java:86)
	at org.junit.jupiter.engine.execution.InterceptingExecutableInvoker$ReflectiveInterceptorCall.lambda$ofVoidMethod$0(InterceptingExecutableInvoker.java:103)
	at org.junit.jupiter.engine.execution.InterceptingExecutableInvoker.lambda$invoke$0(InterceptingExecutableInvoker.java:93)
	at org.junit.jupiter.engine.execution.InvocationInterceptorChain$InterceptedInvocation.proceed(InvocationInterceptorChain.java:106)
	at org.junit.jupiter.engine.execution.InvocationInterceptorChain.proceed(InvocationInterceptorChain.java:64)
	at org.junit.jupiter.engine.execution.InvocationInterceptorChain.chainAndInvoke(InvocationInterceptorChain.java:45)
	at org.junit.jupiter.engine.execution.InvocationInterceptorChain.invoke(InvocationInterceptorChain.java:37)
	at org.junit.jupiter.engine.execution.InterceptingExecutableInvoker.invoke(InterceptingExecutableInvoker.java:92)
	at org.junit.jupiter.engine.execution.InterceptingExecutableInvoker.invoke(InterceptingExecutableInvoker.java:86)
	at org.junit.jupiter.engine.descriptor.TestMethodTestDescriptor.lambda$invokeTestMethod$7(TestMethodTestDescriptor.java:218)
	at org.junit.platform.engine.support.hierarchical.ThrowableCollector.execute(ThrowableCollector.java:73)
	at org.junit.jupiter.engine.descriptor.TestMethodTestDescriptor.invokeTestMethod(TestMethodTestDescriptor.java:214)
	at org.junit.jupiter.engine.descriptor.TestMethodTestDescriptor.execute(TestMethodTestDescriptor.java:139)
	at org.junit.jupiter.engine.descriptor.TestMethodTestDescriptor.execute(TestMethodTestDescriptor.java:69)
	at org.junit.platform.engine.support.hierarchical.NodeTestTask.lambda$executeRecursively$6(NodeTestTask.java:151)
	at org.junit.platform.engine.support.hierarchical.ThrowableCollector.execute(ThrowableCollector.java:73)
	at org.junit.platform.engine.support.hierarchical.NodeTestTask.lambda$executeRecursively$8(NodeTestTask.java:141)
	at org.junit.platform.engine.support.hierarchical.Node.around(Node.java:137)
	at org.junit.platform.engine.support.hierarchical.NodeTestTask.lambda$executeRecursively$9(NodeTestTask.java:139)
	at org.junit.platform.engine.support.hierarchical.ThrowableCollector.execute(ThrowableCollector.java:73)
	at org.junit.platform.engine.support.hierarchical.NodeTestTask.executeRecursively(NodeTestTask.java:138)
	at org.junit.platform.engine.support.hierarchical.NodeTestTask.execute(NodeTestTask.java:95)
	at java.base/java.util.ArrayList.forEach(ArrayList.java:1597)
	at org.junit.platform.engine.support.hierarchical.SameThreadHierarchicalTestExecutorService.invokeAll(SameThreadHierarchicalTestExecutorService.java:41)
	at org.junit.platform.engine.support.hierarchical.NodeTestTask.lambda$executeRecursively$6(NodeTestTask.java:155)
	at org.junit.platform.engine.support.hierarchical.ThrowableCollector.execute(ThrowableCollector.java:73)
	at org.junit.platform.engine.support.hierarchical.NodeTestTask.lambda$executeRecursively$8(NodeTestTask.java:141)
	at org.junit.platform.engine.support.hierarchical.Node.around(Node.java:137)
	at org.junit.platform.engine.support.hierarchical.NodeTestTask.lambda$executeRecursively$9(NodeTestTask.java:139)
	at org.junit.platform.engine.support.hierarchical.ThrowableCollector.execute(ThrowableCollector.java:73)
	at org.junit.platform.engine.support.hierarchical.NodeTestTask.executeRecursively(NodeTestTask.java:138)
	at org.junit.platform.engine.support.hierarchical.NodeTestTask.execute(NodeTestTask.java:95)
	at java.base/java.util.ArrayList.forEach(ArrayList.java:1597)
	at org.junit.platform.engine.support.hierarchical.SameThreadHierarchicalTestExecutorService.invokeAll(SameThreadHierarchicalTestExecutorService.java:41)
	at org.junit.platform.engine.support.hierarchical.NodeTestTask.lambda$executeRecursively$6(NodeTestTask.java:155)
	at org.junit.platform.engine.support.hierarchical.ThrowableCollector.execute(ThrowableCollector.java:73)
	at org.junit.platform.engine.support.hierarchical.NodeTestTask.lambda$executeRecursively$8(NodeTestTask.java:141)
	at org.junit.platform.engine.support.hierarchical.Node.around(Node.java:137)
	at org.junit.platform.engine.support.hierarchical.NodeTestTask.lambda$executeRecursively$9(NodeTestTask.java:139)
	at org.junit.platform.engine.support.hierarchical.ThrowableCollector.execute(ThrowableCollector.java:73)
	at org.junit.platform.engine.support.hierarchical.NodeTestTask.executeRecursively(NodeTestTask.java:138)
	at org.junit.platform.engine.support.hierarchical.NodeTestTask.execute(NodeTestTask.java:95)
	at org.junit.platform.engine.support.hierarchical.SameThreadHierarchicalTestExecutorService.submit(SameThreadHierarchicalTestExecutorService.java:35)
	at org.junit.platform.engine.support.hierarchical.HierarchicalTestExecutor.execute(HierarchicalTestExecutor.java:57)
	at org.junit.platform.engine.support.hierarchical.HierarchicalTestEngine.execute(HierarchicalTestEngine.java:54)
	at org.junit.platform.launcher.core.EngineExecutionOrchestrator.execute(EngineExecutionOrchestrator.java:147)
	at org.junit.platform.launcher.core.EngineExecutionOrchestrator.execute(EngineExecutionOrchestrator.java:127)
	at org.junit.platform.launcher.core.EngineExecutionOrchestrator.execute(EngineExecutionOrchestrator.java:90)
	at org.junit.platform.launcher.core.EngineExecutionOrchestrator.lambda$execute$0(EngineExecutionOrchestrator.java:55)
	at org.junit.platform.launcher.core.EngineExecutionOrchestrator.withInterceptedStreams(EngineExecutionOrchestrator.java:102)
	at org.junit.platform.launcher.core.EngineExecutionOrchestrator.execute(EngineExecutionOrchestrator.java:54)
	at org.junit.platform.launcher.core.DefaultLauncher.execute(DefaultLauncher.java:114)
	at org.junit.platform.launcher.core.DefaultLauncher.execute(DefaultLauncher.java:86)
	at org.junit.platform.launcher.core.DefaultLauncherSession$DelegatingLauncher.execute(DefaultLauncherSession.java:86)
	at org.apache.maven.surefire.junitplatform.LazyLauncher.execute(LazyLauncher.java:56)
	at org.apache.maven.surefire.junitplatform.JUnitPlatformProvider.execute(JUnitPlatformProvider.java:184)
	at org.apache.maven.surefire.junitplatform.JUnitPlatformProvider.invokeAllTests(JUnitPlatformProvider.java:148)
	at org.apache.maven.surefire.junitplatform.JUnitPlatformProvider.invoke(JUnitPlatformProvider.java:122)
	at org.apache.maven.surefire.booter.ForkedBooter.runSuitesInProcess(ForkedBooter.java:385)
	at org.apache.maven.surefire.booter.ForkedBooter.execute(ForkedBooter.java:162)
	at org.apache.maven.surefire.booter.ForkedBooter.run(ForkedBooter.java:507)
	at org.apache.maven.surefire.booter.ForkedBooter.main(ForkedBooter.java:495)
]]></failure>
    <system-out><![CDATA[Request method:	GET
Request URI:	https://dummyjson.com/products
Proxy:			<none>
Request params:	<none>
Query params:	<none>
Form params:	<none>
Path params:	<none>
Headers:		Accept=*/*
				Content-Type=application/json
Cookies:		<none>
Multiparts:		<none>
Body:			<none>
Request method:	GET
Request URI:	https://dummyjson.com/products/1
Proxy:			<none>
Request params:	<none>
Query params:	<none>
Form params:	<none>
Path params:	<none>
Headers:		Accept=*/*
				Content-Type=application/json
Cookies:		<none>
Multiparts:		<none>
Body:			<none>
Request method:	GET
Request URI:	https://dummyjson.com/products/1
Proxy:			<none>
Request params:	<none>
Query params:	<none>
Form params:	<none>
Path params:	<none>
Headers:		Accept=*/*
				Content-Type=application/json
Cookies:		<none>
Multiparts:		<none>
Body:			<none>
Request method:	PUT
Request URI:	https://dummyjson.com/products/1
Proxy:			<none>
Request params:	<none>
Query params:	<none>
Form params:	<none>
Path params:	<none>
Headers:		Accept=*/*
				Content-Type=application/json
Cookies:		<none>
Multiparts:		<none>
Body:
{
    "title": "Título Atualizado",
    "description": "Voluptas aut enim sit quisquam.",
    "price": 99.99,
    "discountPercentage": 24.6,
    "rating": 1.19,
    "stock": 640,
    "brand": "Marks-Lemke",
    "category": "Industrial",
    "thumbnail": "https://i.dummyjson.com/data/products/22/thumbnail.jpg"
}
Request method:	GET
Request URI:	https://dummyjson.com/products/1
Proxy:			<none>
Request params:	<none>
Query params:	<none>
Form params:	<none>
Path params:	<none>
Headers:		Accept=*/*
				Content-Type=application/json
Cookies:		<none>
Multiparts:		<none>
Body:			<none>
]]></system-out>
  </testcase>
  <testcase name="getListProducts" classname="br.com.aval.testes.product.ProductTest" time="0.382">
    <system-out><![CDATA[Request method:	GET
Request URI:	https://dummyjson.com/auth/products
Proxy:			<none>
Request params:	<none>
Query params:	<none>
Form params:	<none>
Path params:	<none>
Headers:		Authorization=Bearer eyJhbGciOiJIUzI1NiIsInR5cCI6IkpXVCJ9.eyJpZCI6MSwidXNlcm5hbWUiOiJlbWlseXMiLCJlbWFpbCI6ImVtaWx5LmpvaG5zb25AeC5kdW1teWpzb24uY29tIiwiZmlyc3ROYW1lIjoiRW1pbHkiLCJsYXN0TmFtZSI6IkpvaG5zb24iLCJnZW5kZXIiOiJmZW1hbGUiLCJpbWFnZSI6Imh0dHBzOi8vZHVtbXlqc29uLmNvbS9pY29uL2VtaWx5cy8xMjgiLCJpYXQiOjE3NDc0MDIyMTIsImV4cCI6MTc0NzQwNTgxMn0.RXiCXmfgsmQcYHhv58owIboV7Uj1ueCYED4SJy-Nsgg
				Accept=*/*
				Content-Type=application/json
Cookies:		<none>
Multiparts:		<none>
Body:			<none>
]]></system-out>
  </testcase>
</testsuite>